0C938D
0C938E
0C938F
0C9390
0C9392
0C9395
0C9398
0C9399
0C939A
0C939B
0C939C
0C939D
0C93A0
0C93A3
0C93A4
0C93A5
0C93A6
0C93A7
0C93A8
0C93AB
0C93AC
0C93AD
0C93AE
0C93AF
0C93B0
0C93B3
0C93B5
0C93B7
0C93BA
0C93BC
0C93BF
0C93C0
0C93DD
0C93DF
0C93E2
0C93E5
0C93E8
0C93E9
0C93EA
0C93EE
0C93F0
0C93F4
0C93F6
0C93F8
0C93FB
0C93FD
0C9400
0C9402
0C9405
0C9408
0C9409
0C940D
0C9411
0C9412
0C9415
0C9417
0C9419
0C941B
0C941E
0C9420
0C9422
0C9425
0C9428
0C942B
0C942E
0C9431
0C9433
0C9436
0C9438
0C943A
0C943C
0C943F
0C9443
0C9446
0C9448
0C944B
0C944C
0C944E
0C9451
0C9453
0C9455
0C9457
0C9459
0C945B
0C945D
0C945F
0C9461
0C9462
0C9464
0C9466
0C9468
0C946A
0C946C
0C946E
0C9470
0C9471
0C9473
0C9475
0C9477
0C9478
0C947A
0C947C
0C947E
0C9480
0C9482
0C9484
0C9485
0C9487
0C9489
0C948B
0C948C
0C948E
0C9490
0C9492
0C9494
0C9496
0C9498
0C949A
0C949B
0C949D
0C949F
0C94A1
0C94A3
0C94A6
0C94A8
0C94AB
0C94AD
0C94B0
0C94B2
0C94B3
0C94B6
0C94B8
0C94B9
0C94BA
0C94BD
0C94BF
0C94C0
0C94C2
0C94C4
0C94C7
0C94C9
0C94CB
0C94CD
0C94CF
0C94D2
0C94D4
0C94D6
0C94D8
0C94DB
0C94DD
0C94E0
0C94E1
0C94E3
0C94E4
0C94E6
0C94E9
0C94EB
0C94ED
0C94EF
0C94F1
0C94F3
0C94F5
0C94F7
0C94F9
0C94FB
0C94FC
0C94FD
0C9500
0C9502
0C9505
0C9507
0C9508
0C9509
0C950A
0C950D
0C950F
0C9510
0C9513
0C9514
0C9516
0C9517
0C9519
0C951B
0C951F
0C9520
0C9521
0C9523
0C9525
0C9529
0C952A
0C952B
0C952D
0C952F
0C9533
0C9534
0C9535
0C9537
0C9539
0C953D
0C953F
0C9541
0C9543
0C9545
0C9548
0C954A
0C954C
0C954F
0C9551
0C9554
0C9556
0C9558
0C9567
0C9569
0C956A
0C956B
0C956C
0C956E
0C9571
0C9573
0C9576
0C9578
0C957B
0C957D
0C9580
0C9583
0C9584
0C9586
0C9589
0C958A
0C958B
0C958C
0C958F
0C9592
0C9594
0C9597
0C9599
0C959C
0C959E
0C95A1
0C95A3
0C95A6
0C95A8
0C95AB
0C95AE
0C95AF
0C95B1
0C95B4
0C95B5
0C95B6
0C95B7
0C95BA
0C95BD
0C95BF
0C95C2
0C95C5
0C95C6
0C9EB1
0C9EB3
0C9EB7
0C9EB8
0C9EBB
0C9EBD
0C9EBF
0C9EC3
0C9EC5
0C9EC9
0C9ECA
0C9ECB
0C9ECE
0C9ED2
0C9ED3
0C9ED4
0C9ED7
0C9ED9
0C9EDB
0C9EDC
0C9EDD
0C9EE1
0C9EE3
0C9EE6
0C9EE7
0C9EE8
0C9EEB
0C9EEC
0C9EEE
0C9EF0
0C9EF3
0C9EF5
0C9EF7
0C9EFA
0C9EFC
0C9EFF
0C9F01
0C9F03
0C9F04
0C9F05
0C9F07
0C9F0B
0C9F0D
0C9F0E
0C9F10
0C9F14
0C9F15
0C9F16
0C9F18
0C9F1C
0C9F1E
0C9F22
0C9F23
0C9F24
0C9F26
0C9F29
0C9F2D
0C9F2E
0C9F2F
0C9F30
0C9F31
0C9F33
0C9F35
0C9F37
0C9F3A
0C9F3E
0C9F3F
0C9F43
0C9F45
0C9F47
0C9F49
0C9F4A
0C9F4D
0C9F4F
0C9F52
0C9F54
0C9F56
0C9F59
0C9F5B
0C9F6A
0C9F6C
0C9F6E
0C9F71
0C9F74
0C9F76
0C9F78
0C9F7B
0C9F7D
0C9F7F
0C9F81
0C9F84
0C9F86
0C9F88
0C9F8B
0C9F8E
0C9F90
0C9F92
0C9F94
0C9F97
0C9F99
0C9F9B
0C9F9D
0C9F9F
0C9FA1
0C9FA4
0C9FA7
0C9FA9
0C9FAC
0C9FAE
0C9FB0
0C9FB3
0C9FB5
0C9FB6
0C9FB7
0C9FB9
0C9FBB
0C9FBE
0C9FC1
0C9FC3
0C9FC6
0C9FC8
0C9FCB
0C9FCE
0C9FD1
0C9FD2
0C9FD5
0C9FD8
0C9FDB
0C9FDD
0C9FE0
0C9FE1
0C9FE2
0C9FE4
0C9FE6
0C9FEA
0C9FEC
0C9FEF
0C9FF1
0C9FF4
0C9FF6
0C9FF8
0C9FFA
0C9FFC
0C9FFE
0CA001
0CA004
0CA006
0CA008
0CA00B
0CA00D
0CA00F
0CA012
0CA014
0CA017
0CA01A
0CA01D
0CA01F
0CA021
0CA023
0CA026
0CA027
0CA029
0CA02B
0CA02C
0CA02D
0CA02E
0CA02F
0CA031
0CA034
0CA036
0CA038
0CA03B
0CA03D
0CA03F
0CA042
0CA051
0CA052
0CA053
0CA054
0CA056
0CA059
0CA05C
0CA05D
0CA05F
0CA061
0CA063
0CA066
0CA069
0CA06C
0CA06F
0CA072
0CA075
0CA078
0CA07B
0CA07D
0CA080
0CA081
0CA082
0CA084
0CA086
0CA088
0CA08A
0CA08D
0CA08E
0CA0E3
0CA0E5
0CA0E7
0CA0E9
0CA0EB
0CA0ED
0CA0EF
0CA0F1
0CA0F4
0CA0F6
0CA0F8
0CA0FB
0CA0FE
0CA101
0CA103
0CA106
0CA108
0CA10B
0CA10C
0CA10D
0CA10E
0CA10F
0CA110
0CA112
0CA115
0CA116
0CA117
0CA118
0CA119
0CA11A
0CA11C
0CA11D
0CA11F
0CA121
0CA123
0CA125
0CA127
0CA129
0CA12B
0CA12C
0CA12E
0CA130
0CA131
0CA133
0CA135
0CA146
0CA148
0CA14B
0CA14D
0CA14F
0CA151
0CA153
0CA155
0CA157
0CA159
0CA15B
0CA15D
0CA15E
0CA161
0CA163
0CA165
0CA167
0CA16A
0CA16C
0CA16F
0CA170
0CA172
0CA173
0CA176
0CA178
0CA17A
0CA17D
0CA17F
0CA181
0CA183
0CA185
0CA187
0CA18A
0CA18D
0CA18F
0CA192
0CA194
0CA197
0CA199
0CA19C
0CA19D
0CA19E
0CA19F
0CA1A0
0CA1A1
0CA1A3
0CA1A6
0CA1A7
0CA1A8
0CA1A9
0CA1AA
0CA1AB
0CA1AD
0CA1AF
0CA1B0
0CA1B3
0CA1B5
0CA1B7
0CA1B8
0CA1BA
0CA1BC
0CA1BE
0CA1C0
0CA1C2
0CA1C4
0CA1C6
0CA1C8
0CA1C9
0CA1CB
0CA1CD
0CA1CE
0CA1CF
0CA1D1
0CA1D3
0CA1D4
0CA1D7
0CA1DA
0CA1ED
0CA1F0
0CA1F3
0CA1F5
0CA1F6
0CA1F8
0CA1FA
0CA1FC
0CA1FE
0CA200
0CA203
0CA205
0CA207
0CA20A
0CA20C
0CA20F
0CA212
0CA215
0CA218
0CA21A
0CA21C
0CA21E
0CA220
0CA222
0CA224
0CA226
0CA228
0CA22A
0CA22D
0CA22F
0CA232
0CA233
0CA235
0CA237
0CA23A
0CA23C
0CA23E
0CA240
0CA242
0CA244
0CA245
0CA246
0CA247
0CA249
0CA24C
0CA24F
0CA251
0CA254
0CA257
0CA25A
0CA25C
0CA25F
0CA261
0CA263
0CA265
0CA267
0CA26A
0CA26D
0CA270
0CA271
0CA273
0CA275
0CA278
0CA27A
0CA27D
0CA27F
0CA281
0CA283
0CA286
0CA288
0CA28B
0CA28E
0CA290
0CA293
0CA294
0CA296
0CA298
0CA29B
0CA29D
0CA29F
0CA2A1
0CA2A3
0CA2A6
0CA2A8
0CA2AA
0CA2AD
0CA2B0
0CA2B2
0CA2B5
0CA2B8
0CA2B9
0CA2BB
0CA2BC
0CA2BD
0CA2BE
0CA2C0
0CA2C3
0CA2C6
0CA2C8
0CA2CB
0CA2CD
0CA2CF
0CA2D1
0CA2D4
0CA2D6
0CA2D9
0CA2DB
0CA2DE
0CA2E0
0CA2E2
0CA2E4
0CA2E6
0CA2E8
0CA2EB
0CA2ED
0CA2EF
0CA2F1
0CA2F4
0CA2F7
0CA2F8
0CA2FA
0CA2FC
0CA2FE
0CA300
0CA302
0CA305
0CA307
0CA309
0CA30C
0CA315
0CA317
0CA31A
0CA31B
0CA31D
0CA320
0CA323
0CA326
0CA328
0CA32A
0CA32C
0CA32F
0CA331
0CA334
0CA336
0CA339
0CA33B
0CA33D
0CA33F
0CA341
0CA343
0CA345
0CA347
0CA349
0CA34B
0CA34D
0CA34F
0CA351
0CA353
0CA355
0CA358
0CA35B
0CA35D
0CA35F
0CA361
0CA363
0CA365
0CA367
0CA36A
0CA36C
0CA36F
0CA372
0CA373
0CA375
0CA376
0CA377
0CA378
0CA37A
0CA37D
0CA37F
0CA381
0CA383
0CA386
0CA388
0CA38B
0CA38E
0CA38F
0CA391
0CA392
0CA393
0CA394
0CA396
0CA399
0CA39C
0CA39F
0CA3A0
0CA3A1
0CA3A3
0CA3A5
0CA3A8
0CA3AA
0CA3AC
0CA3AE
0CA3B0
0CA3B3
0CA3C9
0CA3CA
0CA3CB
0CA3CC
0CA3CE
0CA3D1
0CA3D3
0CA3D6
0CA3D8
0CA3DB
0CA3DD
0CA3E0
0CA3E3
0CA3E6
0CA3E9
0CA3EB
0CA3EE
0CA3F1
0CA3F4
0CA3F6
0CA3F9
0CA3FB
0CA3FE
0CA400
0CA403
0CA405
0CA408
0CA40B
0CA40D
0CA410
0CA412
0CA414
0CA417
0CA41A
0CA41D
0CA420
0CA423
0CA426
0CA429
0CA42B
0CA42E
0CA431
0CA432
0CA433
0CA435
0CA437
0CA438
0CA43C
0CA43F
0CA441
0CA443
0CA446
0CA449
0CA44B
0CA44E
0CA450
0CA452
0CA454
0CA457
0CA459
0CA45C
0CA45F
0CA461
0CA463
0CA466
0CA469
0CA46C
0CA46E
0CA470
0CA472
0CA475
0CA478
0CA47B
0CA47D
0CA47F
0CA481
0CA483
0CA485
0CA487
0CA489
0CA48C
0CA48E
0CA48F
0CA491
0CA492
0CA493
0CA494
0CA496
0CA499
0CA49B
0CA49D
0CA49F
0CA4A1
0CA4A3
0CA4A6
0CA4A8
0CA4A9
0CA4AB
0CA4AC
0CA4AD
0CA4AE
0CA4B0
0CA4B3
0CA4B6
0CA4B8
0CA4BA
0CA4BC
0CA4BE
0CA4C0
0CA4C3
0CA4C5
0CA4C6
0CA4C7
0CA4C8
0CA4C9
0CA4CB
0CA4CE
0CA4D0
0CA4D2
0CA4D4
0CA4D6
0CA4D8
0CA4DB
0CA4DD
0CA4DE
0CA4DF
0CA4E1
0CA4E2
0CA4E3
0CA4E4
0CA4E6
0CA4E9
0CA4EC
0CA4EE
0CA4EF
0CA4F2
0CA4F3
0CA4F4
0CA4F6
0CA4F8
0CA4FA
0CA4FC
0CA4FE
0CA500
0CA502
0CA505
0CA508
0CA50A
0CA50B
0CA50E
0CA50F
0CA510
0CA512
0CA514
0CA516
0CA518
0CA51A
0CA51C
0CA51E
0CA521
0CA532
0CA535
0CA537
0CA53A
0CA53C
0CA53F
0CA542
0CA544
0CA547
0CA54A
0CA54D
0CA550
0CA551
0CA552
0CA553
0CA554
0CA555
0CA556
0CA559
0CA55B
0CA55E
0CA560
0CA563
0CA566
0CA569
0CA56C
0CA56D
0CA56F
0CA572
0CA575
0CA578
0CA57B
0CA57E
0CA581
0CA584
0CA587
0CA58A
0CA58B
0CA58D
0CA590
0CA593
0CA596
0CA599
0CA59C
0CA59F
0CA5A2
0CA5A5
0CA5A8
0CA5AB
0CA5AD
0CA5AF
0CA5B1
0CA5B4
0CA5B6
0CA5B9
0CA5BB
0CA5BE
0CA5C1
0CA5C3
0CA5C6
0CA5C9
0CA5CB
0CA5CE
0CA5D1
0CA5DE
0CA5E1
0CA5E3
0CA5E5
0CA5E8
0CA5E9
0CA5EB
0CA5ED
0CA5EF
0CA5F2
0CA5F3
0CA5F4
0CA5F6
0CA5F7
0CA5FA
0CA5FD
0CA600
0CA603
0CA604
0CA606
0CA608
0CA60B
0CA60D
0CA60F
0CA611
0CA614
0CA616
0CA618
0CA61B
0CA61D
0CA620
0CA622
0CA625
0CA627
0CA629
0CA62C
0CA62F
0CA632
0CA635
0CA636
0CA637
0CA638
0CA63A
0CA63B
0CA63E
0CA641
0CA644
0CA647
0CA648
0CA649
0CA64A
0CA64B
0CA64C
0CA64D
0CA650
0CA651
0CA652
0CA653
0CA654
0CA655
0CA656
0CA658
0CA65A
0CA65B
0CA65D
0CA660
0CA661
0CA663
0CA666
0CA669
0CA66C
0CA66E
0CA670
0CA673
0CA675
0CA678
0CA67A
0CA67C
0CA67E
0CA680
0CA682
0CA684
0CA686
0CA688
0CA68A
0CA68C
0CA68E
0CA690
0CA693
0CA696
0CA698
0CA69A
0CA69D
0CA6A0
0CA6A3
0CA6A5
0CA6A7
0CA6A9
0CA6AC
0CA6AF
0CA6B0
0CA6B3
0CA6B6
0CA6B9
0CA6BB
0CA6BD
0CA6BF
0CA6C1
0CA6C4
0CA6C6
0CA6C9
0CA6CC
0CA6CF
0CA6D2
0CA6D5
0CA6D6
0CA6D7
0CA6D9
0CA6DB
0CA6DE
0CA6E0
0CA6E2
0CA6E4
0CA6E6
0CA6E9
0CA6EB
0CA6EE
0CA6EF
0CA6F1
0CA6F3
0CA6F6
0CA6F8
0CA6FA
0CA6FC
0CA6FE
0CA700
0CA702
0CA703
0CA704
0CA705
0CA706
0CA708
0CA709
0CA70A
0CA70B
0CA70D
0CA710
0CA713
0CA716
0CA718
0CA71B
0CA71D
0CA720
0CA721
0CA724
0CA725
0CA726
0CA727
0CA728
0CA729
0CA72C
0CA72F
0CA730
0CA733
0CA734
0CA735
0CA736
0CA737
0CA739
0CA73B
0CA73D
0CA73F
0CA740
0CA741
0CA744
0CA747
0CA748
0CA74B
0CA74E
0CA74F
0CA750
0CA751
0CA752
0CA754
0CA755
0CA758
0CA759
0CA75A
0CA75B
0CA75D
0CA75E
0CA75F
0CA763
0CA764
0CA767
0CA76A
0CA76C
0CA76F
0CA772
0CA774
0CA777
0CA778
0CA77A
0CA77D
0CA77F
0CA781
0CA784
0CA785
0CA789
0CA78A
0CA78D
0CA78F
0CA791
0CA793
0CA796
0CA799
0CA79A
0CA79C
0CA79F
0CA7A1
0CA7A4
0CA7A5
0CA7A8
0CA7AA
0CA7AC
0CA7AF
0CA7B1
0CA7B4
0CA7B8
0CA821
0CA823
0CA824
0CA827
0CA828
0CA829
0CA82C
0CA82F
0CA831
0CA832
0CA835
0CA836
0CA838
0CA83A
0CA83C
0CA83E
0CA840
0CA842
0CA844
0CA846
0CA849
0CA84A
0CA84C
0CA84F
0CA851
0CA853
0CA855
0CA857
0CA85A
0CA85D
0CA860
0CA863
0CA866
0CA869
0CA86C
0CA86F
0CA872
0CA875
0CA877
0CA878
0CA87A
0CA87C
0CA87D
0CA87F
0CA880
0CA881
0CA882
0CA883
0CA885
0CA887
0CA88A
0CA88C
0CA88F
0CA890
0CA892
0CA893
0CA894
0CA897
0CA898
0CA89A
0CA89B
0CA89C
0CA89E
0CA8A0
0CA8A2
0CA8A3
0CA8A5
0CA8A8
0CA8A9
0CA8AC
0CA8AF
0CA8B2
0CA8B5
0CA8B7
0CA8B9
0CA8BC
0CA8BE
0CA8C1
0CA8C3
0CA8C6
0CA8C8
0CA8CB
0CA8CC
0CA8CE
0CA8D0
0CA8DF
0CA8E2
0CA8E4
0CA8E6
0CA8E9
0CA8EB
0CA8EE
0CA8F0
0CA8F3
0CA8F5
0CA8F7
0CA8F9
0CA8FC
0CA8FE
0CA901
0CA903
0CA905
0CA907
0CA90A
0CA90C
0CA90F
0CA911
0CA912
0CA913
0CA914
0CA916
0CA917
0CA919
0CA91C
0CA91F
0CA922
0CA923
0CA924
0CA925
0CA926
0CA927
0CA929
0CA92C
0CA92E
0CA930
0CA932
0CA934
0CA935
0CA937
0CA939
0CA99E
0CA99F
0CA9A0
0CA9A1
0CA9A2
0CA9A5
0CA9A6
0CA9A8
0CA9AA
0CA9AD
0CA9AE
0CA9B0
0CA9B3
0CA9B6
0CA9B7
0CA9B9
0CA9BC
0CA9BF
0CA9C0
0CA9C2
0CA9C5
0CA9C8
0CA9C9
0CA9CB
0CA9CE
0CA9D1
0CA9D4
0CA9D7
0CA9DA
0CA9DD
0CA9E0
0CA9E3
0CA9E6
0CA9E7
0CA9E8
0CA9E9
0CA9EA
0CA9EB
0CA9EC
0CA9EE
0CA9F0
0CA9F2
0CA9F4
0CA9F6
0CA9F7
0CA9FA
0CA9FD
0CA9FE
0CA9FF
0CAA00
0CAA01
0CAA03
0CAA04
0CAA05
0CAA06
0CAA08
0CAA0A
0CAA15
0CAA16
0CAA18
0CAA19
0CAA1A
0CAA1D
0CAA20
0CAA23
0CAA26
0CAA27
0CAA29
0CAA2C
0CAA2F
0CAA31
0CAA34
0CAA35
0CAA37
0CAA3A
0CAA3D
0CAA40
0CAA43
0CAA46
0CAA47
0CAA48
0CAA49
0CAA4A
0CAA4C
0CAA4F
0CAA52
0CAADF
0CAAE0
0CAAE1
0CAAE2
0CAAE4
0CAAE5
0CAAE8
0CAAEB
0CAAEE
0CAAF1
0CAAF4
0CAAF7
0CAAFA
0CAAFD
0CAAFE
0CAAFF
0CAB00
0CAB01
0CAB02
0CAB04
0CAB07
0CAB08
0CAB09
0CAB0A
0CAB0B
0CAB0C
0CAB0D
0CAB0F
0CAB11
0CAB12
0CAB13
0CAB14
0CAB15
0CAB16
0CAB19
0CAB1A
0CAB1F
0CAB22
0CAB24
0CAB26
0CAB29
0CAB2B
0CAB2D
0CAB2F
0CAB31
0CAB33
0CAB35
0CAB37
0CAB39
0CAB3B
0CAB3D
0CAB40
0CAB43
0CAB45
0CAB47
0CAB49
0CAB4B
0CAB4E
0CAB50
0CAB52
0CAB55
0CAB57
0CAB58
0CAB59
0CAB5C
0CAB5F
0CAB62
0CAB63
0CAB64
0CAB65
0CAB68
0CAB6B
0CAB6D
0CAB6F
0CAB71
0CAB74
0CAB77
0CAB79
0CAB7C
0CAB7F
0CAB82
0CAB83
0CAB84
0CAB85
0CAB86
0CAB88
0CAB8A
0CAB8C
0CAB8F
0CAB92
0CAB94
0CAB96
0CAB98
0CAB9B
0CABB2
0CABB4
0CABB6
0CABB9
0CABBC
0CABBE
0CABC1
0CABC3
0CABC6
0CABC8
0CABCB
0CABCE
0CABCF
0CABD2
0CABD5
0CABD6
0CABD7
0CABDB
0CABDE
0CABE1
0CABE3
0CABE6
0CABE9
0CABEA
0CABED
0CABF0
0CABF1
0CABF3
0CABF5
0CABF7
0CABFA
0CABFC
0CABFF
0CAC01
0CAC03
0CAC06
0CAC08
0CAC0B
0CAC0D
0CAC0F
0CAC10
0CAC11
0CAC12
0CAC14
0CAC16
0CAC17
0CAC1A
0CAC1C
0CAC1E
0CAC20
0CAC23
0CAC26
0CAC28
0CAD8C
0CAD8D
0CAD8E
0CAD8F
0CAD92
0CAD94
0CAD97
0CAD99
0CAD9B
0CAD9D
0CAD9E
0CAD9F
0CADA1
0CADA3
0CADA5
0CADA7
0CADAA
0CADAC
0CADAF
0CADB1
0CADB3
0CADB4
0CADF6
0CADF7
0CADF8
0CADF9
0CADFC
0CADFD
0CADFE
0CADFF
0CAE00
0CAE03
0CAE04
0CAE06
0CAE08
0CAE09
0CAE0A
0CAE0E
0CAE11
0CAE13
0CAE16
0CAE17
0CAE18
0CAE1B
0CAE1E
0CAE21
0CAE24
0CAE26
0CAE29
0CAE2B
0CAE2F
0CAE30
0CAE32
0CAE34
0CAE38
0CAE39
0CAE3A
0CAE3B
0CAE3C
0CAE3F
0CAE41
0CAE42
0CAE46
0CAE48
0CAE49
0CAE4A
0CAE4D
0CAE50
0CAE53
0CAE56
0CAE58
0CAE59
0CAE5C
0CAE5F
0CAE62
0CAE65
0CAE67
0CAE6A
0CAE6C
0CAE6F
0CAE72
0CAE75
0CAE77
0CAE79
0CAE7B
0CAE7D
0CAE80
0CAE83
0CAE86
0CAE88
0CAE8B
0CAE8D
0CAE8F
0CAE92
0CAE95
0CAE98
0CAE9B
0CAE9D
0CAEA0
0CAEA3
0CAEA6
0CAEA9
0CAEAB
0CAEAC
0CAEAD
0CAEAF
0CAEB2
0CAEB4
0CAEB6
0CAEB9
0CAEBC
0CAEBE
0CAEC0
0CAEC3
0CAEC5
0CAEC8
0CAECA
0CAECD
0CAED0
0CAED2
0CAED3
0CAED6
0CAED8
0CAEDA
0CAEDD
0CAEDE
0CAEE1
0CAEE4
0CAEE7
0CAEE9
0CAEEC
0CAEEE
0CAEF1
0CAEF4
0CAEF6
0CAEF8
0CAEFB
0CAEFD
0CAF00
0CAF03
0CAF05
0CAF07
0CAF09
0CAF0C
0CAF0E
0CB5BC
0CB5BE
0CB5BF
0CB5C1
0CB5C4
0CB5C6
0CB5C8
0CB5CA
0CB5CC
0CB5CD
0CB5CF
0CB5D0
0CB5D3
0CB5D6
0CB5D8
0CB5DB
0CB5DC
0CB5DE
0CB5E1
0CB5E3
0CB5E5
0CB5E8
0CB5EA
0CB5EB
0CB5EE
0CB5F0
0CB5F2
0CB5F3
0CB5F5
0CB5F8
0CB5FA
0CB5FC
0CB5FE
0CB600
0CB603
0CB605
0CB606
0CB607
0CB608
0CB60A
0CB60B
0CB60D
0CB610
0CB611
0CB614
0CB617
0CB61A
0CB61D
0CB620
0CB622
0CB624
0CB627
0CB628
0CB629
0CB62A
0CB62B
0CB62C
0CB62D
0CB62E
0CB62F
0CB631
0CB633
0CB635
0CC94E
0CC951
0CC953
0CC956
0CC959
0CC95B
0CC95D
0CC960
0CC961
0CC962
0CC963
0CC964
0CC966
0CC969
0CC96B
0CC96C
0CC96D
0CC96E
0CC96F
0CC970
0CC972
0CC974
0CC975
0CC976
0CC978
0CC979
0CC97B
0CC97D
0CC97E
0CC97F
0CC980
0CC981
0CC984
0CC987
0CC98A
0CC98B
0CC98C
0CC98E
0CC990
0CC992
0CC995
0CC997
0CC99A
0CC99D
0CC9A0
0CC9A1
0CC9B3
0CC9B6
0CC9B9
0CC9BC
0CC9CC
0CC9CF
0CC9D2
0CC9E0
0CC9E3
0CC9E6
0CC9E9
0CC9EC
0CCA04
0CCA07
0CCA0A
0CCA0C
0CCA0E
0CCA11
0CCA13
0CCA15
0CCA18
0CCA1B
0CCA2F
0CCA32
0CCA35
0CCA38
0CCA3A
0CCA3C
0CCA3F
0CCA42
0CCA45
0CCA51
0CCA54
0CCA57
0CCA59
0CCA5B
0CCA5D
0CCA5F
0CCA61
0CCA64
0CCA67
0CCA6A
0CCA72
0CCA75
0CCA8F
0CCA92
0CCA94
0CCA96
0CCA97
0CCA9A
0CCA9D
0CCAA0
0CCAA3
0CCAA6
0CCAA9
0CCAAC
0CCAAE
0CCAB0
0CCAB3
0CCAB4
0CCAB5
0CCAB6
0CCAB7
0CCAB8
0CCABB
0CCABD
0CCABE
0CCABF
0CCAC0
0CCAC3
0CCAC4
0CCAC5
0CCAC6
0CCAC7
0CCAC8
0CCAC9
0CCACB
0CCACD
0CCACE
0CCAD1
0CCAD3
0CCAD6
0CCAD8
0CCADB
0CCADD
0CCAE0
0CCAE2
0CCAE5
0CCAE7
0CCAE9
0CCAEB
0CCAED
0CCAF0
0CCAF3
0CCAF5
0CCAF7
0CCAF9
0CCAFC
0CCAFD
0CCAFF
0CCB02
0CCB05
0CCB08
0CCB0A
0CCB0D
0CCB0F
0CCB12
0CCB13
0CCB14
0CCB15
0CCB16
0CCB18
0CCB1B
0CCB1C
0CCB1F
0CCB21
0CCB23
0CCB26
0CCB28
0CCB2B
0CCB2E
0CCB30
0CCB32
0CCB34
0CCB37
0CCB38
0CCB3A
0CCB3C
0CCB3D
0CCB40
0CCB43
0CCB46
0CCB48
0CCB4A
0CCB4D
0CCB50
0CCB52
0CCB55
0CCB58
0CCB5B
0CCB5D
0CCB60
0CCB62
0CCB64
0CCB67
0CCB69
0CCB6C
0CCB6E
0CCB71
0CCB73
0CCB76
0CCB78
0CCB7B
0CCB80
0CCB82
0CCB85
0CCB87
0CCB8A
0CCB8C
0CCB8E
0CCB90
0CCB92
0CCB94
0CCB96
0CCB98
0CCB9B
0CCB9D
0CCBA0
0CCBA2
0CCBA5
0CCBA7
0CCBAA
0CCBAB
0CCBAC
0CCBAD
0CCBAE
0CCBAF
0CCBB1
0CCBB4
0CCBB5
0CCBB7
0CCBB8
0CCBBA
0CCBBC
0CCBBD
0CCBBE
0CCBBF
0CCBC0
0CCBC2
0CCBC4
0CCBC7
0CCBC9
0CCBCC
0CCBCD
0CCBCF
0CCBD1
0CCBD3
0CCBD6
0CCBD8
0CCBDB
0CCBDD
0CCBE0
0CCBE2
0CCBE5
0CCBE7
0CCBE9
0CCBEA
0CCBED
0CCBEF
0CCBF2
0CCBF3
0CCBF4
0CCBF5
0CCBF6
0CCBF9
0CCBFA
0CCBFC
0CCBFE
0CCC00
0CCC02
0CCC04
0CCC06
0CCC08
0CCC0A
0CCC0D
0CCC0F
0CCC12
0CCC15
0CCC18
0CCC1A
0CCC1D
0CCC1E
0CCC1F
0CCC20
0CCC21
0CCC22
0CCC24
0CCC27
0CCC28
0CCC29
0CCC2B
0CCC2C
0CCC2E
0CCC30
0CCC31
0CCC33
0CCC35
0CCC37
0CCC39
0CCC3B
0CCC3C
0CCC3E
0CCC40
0CCC41
0CCC42
0CCC43
0CCC44
0CCC46
0CCC48
0CCC51
0CCC53
0CCC55
0CCC56
0CCC58
0CCC5B
0CCC5E
0CCC60
0CCC63
0CCC65
0CCC68
0CCC6B
0CCC6F
0CCC70
0CCC71
0CCC73
0CCC77
0CCC7A
0CCC7C
0CCC7F
0CCC82
0CCC85
0CCC87
0CCC8A
0CCC8B
0CCC8D
0CCC90
0CCC91
0CCC94
0CCC97
0CCC9A
0CCC9C
0CCCB6
0CCCB9
0CCCBA
0CCCBB
0CCCBE
0CCCC0
0CCCC2
0CCCC4
0CCCC6
0CCCC8
0CCCCA
0CCCCC
0CCCCE
0CCCD0
0CCCD2
0CCCD4
0CCCD7
0CCCD9
0CCCDC
0CCCDE
0CCCE1
0CCCE3
0CCCE5
0CCCE7
0CCCE9
0CCCEA
0CCCED
0CCCEF
0CCCF2
0CCCF4
0CCCF7
0CCCF8
0CCCF9
0CCCFA
0CCCFB
0CCCFC
0CCCFE
0CCD01
0CCD02
0CCD04
0CCD06
0CCD07
0CCD09
0CCD0B
0CCD0C
0CCD0D
0CCD0E
0CCD0F
0CCD11
0CCD13
0CCD15
0CCD17
0CCD19
0CCD1A
0CCD1C
0CCD1E
0CCD20
0CCD22
0CCD23
0CCD25
0CCD27
0CCD29
0CCD2B
0CCD2D
0CCD2F
0CCD31
0CCD34
0CCD36
0CCD39
0CCD3B
0CCD3E
0CCD41
0CCD44
0CCD46
0CCD49
0CCD4B
0CCD4E
0CCD50
0CCD52
0CCD54
0CCD56
0CCD59
0CCD5B
0CCD5D
0CCD5F
0CCD62
0CCD64
0CCD66
0CCD68
0CCD6A
0CCD6D
0CCD70
0CCD72
0CCD75
0CCD77
0CCD7A
0CCD7C
0CCD7F
0CCD81
0CCD83
0CCD85
0CCD88
0CCD8A
0CCD8C
0CCD8F
0CCD91
0CCD94
0CCD96
0CCD98
0CCD9B
0CCD9E
0CCDA1
0CCDA3
0CCDA5
0CCDA7
0CCDAA
0CCDAB
0CCDAD
0CCDB0
0CCDB2
0CCDB9
0CCDBB
0CCDBD
0CCDC0
0CCDC2
0CCDC5
0CCDC8
0CCDCB
0CCDCE
0CCDD1
0CCDD3
0CCDD5
0CCDD7
0CCDDA
0CCDDD
0CCDDF
0CCDE2
0CCDE4
0CCDE6
0CCDE8
0CCDEA
0CCDEC
0CCDEF
0CCDF2
0CCDF4
0CCDF6
0CCDF8
0CCDFA
0CCDFD
0CCE00
0CCE02
0CCE04
0CCE06
0CCE09
0CCE0B
0CCE0E
0CCE10
0CCE12
0CCE14
0CCE17
0CCE19
0CCE1B
0CCE1E
0CCE20
0CCE21
0CCE24
0CCE27
0CCE2A
0CCE2D
0CCE2F
0CCE31
0CCE33
0CCE35
0CCE37
0CCE38
0CCE3B
0CCE3D
0CCE48
0CCE4B
0CCE4D
0CCE4F
0CCE52
0CCE55
0CCE57
0CCE5A
0CCE5C
0CCE5E
0CCE60
0CCE63
0CCE65
0CCE67
0CCE69
0CCE6C
0CCE6D
0CCE6E
0CCE6F
0CCE71
0CCE73
0CCE76
0CCE79
0CCE7C
0CCE7F
0CCE82
0CCE84
0CCE87
0CCE88
0CCE89
0CCE8A
0CCE8B
0CCE8C
0CCE8E
0CCE91
0CCE92
0CCE94
0CCE95
0CCE97
0CCE99
0CCE9A
0CCE9B
0CCE9C
0CCE9D
0CCE9E
0CCEA0
0CCEA2
0CCEAB
0CCEAD
0CCEAF
0CCEB2
0CCEB5
0CCEB8
0CCEBA
0CCEBC
0CCEBD
0CCEBE
0CCEC1
0CCEC4
0CCEC7
0CCECA
0CCECB
0CCECC
0CCECD
0CCECE
0CCED0
0CCED3
0CCEE2
0CCEE5
0CCEE7
0CCEE9
0CCEEB
0CCEED
0CCEEF
0CCEF2
0CCEF4
0CCEF7
0CCEF9
0CCEFC
0CCEFF
0CCF02
0CCF04
0CCF06
0CCF08
0CCF0B
0CCF0D
0CCF0F
0CCF12
0CCF14
0CCF17
0CCF18
0CCF1B
0CCF1C
0CCF1F
0CCF22
0CCF25
0CCF28
0CCF2A
0CCF2C
0CCF2E
0CCF31
0CCF33
0CCF35
0CCF38
0CCF49
0CCF4C
0CCF4E
0CCF50
0CCF52
0CCF55
0CCF58
0CCF5B
0CCF5E
0CCF61
0CCF64
0CCF67
0CCF6A
0CCF6B
0CCF6C
0CCF6D
0CCF6E
0CCF71
0CCF72
0CCF75
0CCF77
0CCF79
0CCF7C
0CCF7F
0CCF82
0CCF84
0CCF86
0CCF89
0CCF8B
0CCF8D
0CCF90
0CCF92
0CCF94
0CCF96
0CCF98
0CCF9A
0CCF9C
0CCFA3
0CCFA6
0CCFA9
0CCFAC
0CCFAE
0CCFB1
0CCFB3
0CCFB6
0CCFB8
0CCFBB
0CCFBC
0CCFBD
0CCFBE
0CCFBF
0CCFC1
0CCFC4
0CCFC5
0CCFC8
0CCFCA
0CCFCC
0CCFCE
0CCFD1
0CCFD3
0CCFD6
0CCFD8
0CCFDB
0CCFDE
0CCFE1
0CCFE4
0CCFE6
0CCFE8
0CCFEA
0CCFEC
0CCFEE
0CCFF1
0CCFF3
0CCFF6
0CCFF7
0CCFFA
0CCFFC
0CCFFF
0CD003
0CD006
0CD008
0CD00A
0CD00C
0CD00E
0CD010
0CD012
0CD014
0CD017
0CD019
0CD01C
0CD01E
0CD020
0CD023
0CD026
0CD029
0CD02B
0CD02E
0CD030
0CD032
0CD034
0CD036
0CD039
0CD03B
0CD03E
0CD041
0CD043
0CD046
0CD048
0CD04A
0CD04C
0CD052
0CD054
0CD056
0CD058
0CD05A
0CD05C
0CD05E
0CD069
0CD06B
0CD06D
0CD06F
0CD070
0CD072
0CD074
0CD076
0CD078
0CD079
0CD07B
0CD07D
0CD07F
0CD082
0CD084
0CD087
0CD08A
0CD08D
0CD090
0CD093
0CD094
0CD095
0CD096
0CD097
0CD098
0CD09B
0CD09C
0CD09E
0CD09F
0CD0A1
0CD0A3
0CD0A4
0CD0A6
0CD0A8
0CD0AA
0CD0AC
0CD0AE
0CD0AF
0CD0B1
0CD0B3
0CD0B4
0CD0B5
0CD0B6
0CD0B7
0CD0B9
0CD0BB
0CD0BC
0CD0BF
0CD0C1
0CD0C3
0CD0C6
0CD0C9
0CD0CC
0CD0CE
0CD0D1
0CD0D2
0CD0D5
0CD0D7
0CD0D9
0CD0DB
0CD0DD
0CD0E0
0CD0E2
0CD0E5
0CD0E7
0CD0EA
0CD0ED
0CD0F0
0CD0F2
0CD0F4
0CD0F6
0CD0F9
0CD0FB
0CD0FE
0CD100
0CD102
0CD105
0CD107
0CD108
0CD10B
0CD10D
0CD10F
0CD112
0CD115
0CD117
0CD119
0CD11B
0CD11E
0CD121
0CD123
0CD125
0CD127
0CD12A
0CD12C
0CD12F
0CD132
0CD133
0CD135
0CD137
0CD13A
0CD13C
0CD13F
0CD141
0CD144
0CD146
0CD149
0CD14C
0CD14F
0CD151
0CD154
0CD157
0CD15A
0CD15D
0CD15F
0CD162
0CD164
0CD167
0CD169
0CD16C
0CD16E
0CD16F
0CD171
0CD173
0CD175
0CD177
0CD179
0CD17A
0CD17D
0CD17F
0CD181
0CD183
0CD185
0CD187
0CD188
0CD18B
0CD18D
0CD18F
0CD192
0CD194
0CD196
0CD198
0CD19B
0CD19C
0CD19F
0CD1A1
0CD1A3
0CD1A6
0CD1D0
0CD1D2
0CD1D3
0CD1D4
0CD1D8
0CD1D9
0CD1DC
0CD1E0
0CD1E1
0CD1E2
0CD1E4
0CD1E6
0CD1E7
0CD1EB
0CD1EF
0CD22D
0CD231
0CD233
0CD235
0CD236
0CD237
0CD23B
0CD23C
0CD23F
0CD243
0CD244
0CD245
0CD247
0CD249
0CD24A
0CD24E
0CD252
0CD254
0CD255
0CD257
0CD259
0CD25C
0CD25D
0CD25F
0CD260
0CD261
0CD262
0CD264
0CD265
0CD267
0CD269
0CD26C
0CD270
0CD273
0CD277
0CD279
0CD27B
0CD27D
0CD27F
0CD282
0CD283
0CD285
0CD287
0CD28A
0CD28C
0CD28E
0CD290
0CD292
0CD294
0CD295
0CD297
0CD29A
0CD29C
0CD29F
0CD2A1
0CD2A4
0CD2A6
0CD2A9
0CD2AC
0CD2AF
0CD2B2
0CD2B4
0CD2B7
0CD2BA
0CD2BD
0CD2BF
0CD2C2
0CD2C4
0CD2C7
0CD2CA
0CD2CD
0CD2D0
0CD2D2
0CD2D5
0CD2D8
0CD2DA
0CD2DD
0CD2E0
0CD2E3
0CD2E6
0CD2E9
0CD2EB
0CD2EC
0CD2EF
0CD2F1
0CD2F4
0CD2F7
0CD2F9
0CD2FC
0CD2FF
0CD301
0CD304
0CD306
0CD309
0CD30B
0CD30E
0CD311
0CD314
0CD317
0CD31A
0CD31C
0CD31F
0CD321
0CD324
0CD326
0CD329
0CD32C
0CD32E
0CD331
0CD334
0CD337
0CD33A
0CD33D
0CD33E
0CD33F
0CD340
0CD341
0CD342
0CD345
0CD348
0CD349
0CD34C
0CD34D
0CD34E
0CD34F
0CD350
0CD352
0CD354
0CD356
0CD358
0CD359
0CD35A
0CD35D
0CD360
0CD361
0CD364
0CD367
0CD368
0CD369
0CD36A
0CD36B
0CD36D
0CD36E
0CD371
0CD372
0CD373
0CD376
0CD379
0CD37C
0CD37F
0CD382
0CD385
0CD3A6
0CD3A9
0CD3AA
0CD3AC
0CD3AE
0CD3B0
0CD3B2
0CD3B4
0CD3B6
0CD3B9
0CD3BB
0CD3BD
0CD3C0
0CD3C2
0CD3C5
0CD3C8
0CD3CB
0CD3CE
0CD3D1
0CD3D3
0CD3D4
0CD3D6
0CD3D9
0CD3DB
0CD3DC
0CD3DE
0CD3E1
0CD3E3
0CD3E5
0CD3E7
0CD3E9
0CD3EC
0CD3EE
0CD3EF
0CD3F1
0CD3F3
0CD3F4
0CD3F6
0CD3F9
0CD3FB
0CD3FE
0CD400
0CD402
0CD404
0CD405
0CD408
0CD40B
0CD40E
0CD411
0CD414
0CD416
0CD418
0CD41B
0CD41C
0CD41E
0CD420
0CD425
0CD427
0CD429
0CD42C
0CD42E
0CD431
0CD433
0CD435
0CD438
0CD43B
0CD43E
0CD43F
0CD441
0CD443
0CD444
0CD445
0CD448
0CD44B
0CD44C
0CD44E
0CD451
0CD452
0CD453
0CD454
0CD455
0CD456
0CD459
0CD45A
0CD45B
0CD45C
0CD45D
0CD45E
0CD45F
0CD461
0CD463
0CD4A4
0CD4A5
0CD4A6
0CD4A7
0CD4A9
0CD4AB
0CD4AD
0CD4AF
0CD4B1
0CD4B3
0CD4B5
0CD4B7
0CD4BA
0CD4BB
0CD4BC
0CD4BD
0CD4C0
0CD4C2
0CD4C4
0CD4C5
0CD4C7
0CD4CA
0CD4CD
0CD4CE
0CD4D0
0CD4D1
0CD4D3
0CD4D6
0CD4D8
0CD4DB
0CD4DD
0CD4E0
0CD4E1
0CD4E2
0CD4E3
0CD4E4
0CD4E5
0CD4E8
0CD4E9
0CD4EA
0CD4EB
0CD4EC
0CD4ED
0CD4EE
0CD4F0
0CD4F2
0CD4F3
0CD4F8
0CD4FB
0CD4FD
0CD500
0CD502
0CD504
0CD506
0CD509
0CD50C
0CD50F
0CD511
0CD512
0CD514
0CD516
0CD519
0CD51B
0CD51D
0CD51F
0CD521
0CD523
0CD525
0CD527
0CD529
0CD52A
0CD52C
0CD52F
0CD532
0CD533
0CD535
0CD536
0CD538
0CD53B
0CD53E
0CD540
0CD541
0CD542
0CD543
0CD544
0CD547
0CD54A
0CD54C
0CD54F
0CD550
0CD551
0CD552
0CD553
0CD556
0CD557
0CD55A
0CD55C
0CD55F
0CD562
0CD564
0CD566
0CD568
0CD56B
0CD56D
0CD570
0CD573
0CD576
0CD579
0CD57B
0CD57D
0CD580
0CD583
0CD585
0CD587
0CD589
0CD58B
0CD58F
0CD591
0CD593
0CD595
0CD598
0CD599
0CD59B
0CD59C
0CD59E
0CD5A1
0CD5A4
0CD5A5
0CD5A7
0CD5A8
0CD5AA
0CD5AD
0CD5B0
0CD5B1
0CD5B2
0CD5B3
0CD5B6
0CD5B9
0CD5BB
0CD5BE
0CD5BF
0CD5C0
0CD5C1
0CD5C2
0CD5C5
0CD5C6
0CD5C9
0CD5CB
0CD5CE
0CD5D0
0CD5D3
0CD5D5
0CD5D8
0CD65B
0CD65E
0CD65F
0CD661
0CD664
0CD666
0CD669
0CD66B
0CD66E
0CD670
0CD674
0CD676
0CD677
0CD679
0CD67A
0CD67D
0CD680
0CD682
0CD685
0CD686
0CD688
0CD68A
0CD68B
0CD68E
0CD690
0CD691
0CD692
0CD693
0CD696
0CD699
0CD69A
0CD69B
0CD69C
0CD69E
0CD6A0
0CD6A1
0CD6A3
0CD6A4
0CD6A7
0CD6AA
0CD6AD
0CD6AF
0CD6B1
0CD6B3
0CD6B4
0CD6B5
0CD6B7
0CD6BA
0CD6BB
0CD6BC
0CD6BD
0CD6BE
0CD6C0
0CD6C3
0CD6EC
0CD6EF
0CD6F0
0CD6F2
0CD6F4
0CD6F6
0CD6F9
0CD6FA
0CD6FC
0CD6FF
0CD701
0CD704
0CD705
0CD707
0CD70A
0CD70B
0CD70E
0CD710
0CD713
0CD715
0CD717
0CD718
0CD719
0CD71A
0CD71C
0CD71E
0CD720
0CD721
0CD722
0CD723
0CD724
0CD726
0CD727
0CD72A
0CD72C
0CD72E
0CD730
0CD731
0CD732
0CD734
0CD737
0CD739
0CD73A
0CD73D
0CD73E
0CD740
0CD743
0CD746
0CD749
0CD74B
0CD74E
0CD74F
0CD751
0CD752
0CD754
0CD756
0CD759
0CD75B
0CD75E
0CD760
0CD762
0CD764
0CD767
0CD769
0CD76A
0CD76C
0CD76E
0CD771
0CD773
0CD776
0CD778
0CD77B
0CD77D
0CD780
0CD781
0CD783
0CD785
0CD787
0CD789
0CD78B
0CD78C
0CD78D
0CD78E
0CD78F
0CD791
0CD793
0CD795
0CD798
0CD79B
0CD79E
0CD7A0
0CD7A3
0CD7A5
0CD7A8
0CD7A9
0CD7AA
0CD7AC
0CD7AD
0CD7AF
0CD7B1
0CD7B3
0CD7B5
0CD7B7
0CD7BA
0CD7BC
0CD7BF
0CD7C1
0CD7C2
0CD7C4
0CD7C6
0CD7C8
0CD7C9
0CD7CC
0CD7CE
0CD7D0
0CD7D3
0CD7D4
0CD7D5
0CD7D6
0CD7D8
0CD7DA
0CD7DD
0CD7DE
0CD7DF
0CD7E2
0CD7E5
0CD7E7
0CD7EA
0CD803
0CD806
0CD808
0CD80B
0CD80D
0CD80E
0CD810
0CD812
0CD814
0CD816
0CD818
0CD81A
0CD81B
0CD81E
0CD821
0CD822
0CD823
0CD826
0CD827
0CD828
0CD82B
0CD82D
0CD82F
0CD831
0CD833
0CD835
0CD837
0CD83A
0CD83D
0CD83F
0CD841
0CD843
0CD845
0CD847
0CD849
0CD84C
0CD84F
0CD852
0CD854
0CD855
0CD858
0CD85B
0CD85E
0CD861
0CD864
0CD866
0CD869
0CD86B
0CD86E
