05801E
05801F
058021
058023
058026
058028
05802C
058030
058031
058034
058036
058039
05803B
05803D
05803F
058041
058044
058046
058049
05804B
05804E
058051
058052
058056
05805A
05805B
05805E
058060
058062
058064
058067
05806A
05806D
05806F
058071
058074
058076
058079
05807B
05807E
05807F
058081
058084
058087
058089
05808C
05808F
058091
058094
058096
058098
05809C
05809D
05809E
05809F
0580A1
0580A4
0580A6
0580A9
0580AB
0580AD
0580B0
0580B2
0580B4
0580B6
0580B8
0580BB
0580BD
0580BF
0580C3
0580C7
0580CB
0580CD
0580CF
0580D1
0580D3
0580D5
0580D6
0580D7
0580D8
0580DA
0580DD
0580DE
0580E1
0580E2
0580E3
0580E6
0580E8
0580EC
0580EF
0580F0
0580F1
0580F2
0580F5
0580F7
0580F9
0580FB
0580FE
058101
058103
058105
058108
05810B
05810E
058111
058114
058117
058119
05811C
05811E
058120
058122
058124
058125
058126
058127
058129
05812C
05812E
058130
058132
058134
058136
058138
05813A
05813C
05813E
058140
058141
058143
058145
058147
058149
05814B
05814D
05814F
058151
058153
058154
058156
058158
05815A
05815C
05815E
05815F
058161
058163
058165
058167
05816A
05816C
05816E
058170
058172
058173
058175
058177
058179
05817B
05817D
05817F
058180
058182
058184
058186
058188
05818A
05818C
05818E
058190
058192
058194
058195
058197
058199
05819B
05819D
0581A0
0581A2
0581A5
0581A7
0581AA
0581AC
0581AD
0581B0
0581B2
0581B3
0581B4
0581B7
0581B9
0581BA
0581FB
0581FD
058200
058201
058202
058204
058206
058208
05820A
05820C
05820F
058211
058214
058216
058219
05821B
05821F
058221
058224
058226
058229
05822B
05822D
05822F
058231
058233
058236
058237
058239
05823B
05823D
05823F
058241
058243
058245
058248
05824A
05824B
05824E
058250
058253
058255
058257
05825A
05825C
05825D
058260
058262
058264
058265
058266
058268
05826A
05826C
05826E
058270
058272
058273
058276
058278
05827B
05827D
05827F
058281
058283
058286
058289
05828B
05828E
058290
058293
058294
058295
058298
05829A
05829D
05829F
0582A2
0582A3
0582A6
0582A8
0582A9
0582AA
0582AB
0582AD
0582B0
0582B1
0582B2
0582B5
0582B7
0582BA
0582BB
0582BE
0582C0
0582C1
0582C2
0582C3
0582C5
0582C7
0582C8
0582CC
0582D0
0582D4
0582D8
0582DC
0582E0
0582E4
0582E8
0582EC
0582F0
0582F4
0582F8
0582FC
058300
058304
058308
05830C
058310
058314
058318
05831C
058320
058324
058328
05832C
058330
058334
058338
058339
05833A
05833E
058342
058346
05834A
05834E
058352
058356
05835A
05835E
058362
058366
05836A
05836E
058372
058376
05837A
05837E
058382
058386
05838A
05838E
058392
058396
05839A
05839E
0583A2
0583A6
0583AA
0583AB
0583AC
0583AD
0583AF
0583B2
0583B5
0583B8
0583BB
0583BD
0583BF
0583C1
0583C3
0583C5
0583C7
0583C9
0583CB
0583CD
0583CF
0583D2
0583D4
0583D7
0583D9
0583DB
0583DD
0583DF
0583E1
0583E3
0583E5
0583E7
0583E9
0583EB
0583ED
0583EF
0583F1
0583F4
0583F7
0583F9
0583FB
0583FD
0583FE
058400
058402
058404
058406
058408
05840A
05840C
05840F
058412
058415
058416
0584E3
0584E5
0584E7
0584E8
0584EA
0584EB
0584ED
0584EE
0584EF
0584F0
0584F1
0584F2
0584F3
0584F6
0584F7
0584F9
0584FB
0584FE
0584FF
058503
058505
058509
05850C
058510
058513
058517
058519
05851D
058520
058524
058526
058527
058529
05852B
05852D
05852E
058530
058532
058534
058536
058537
058538
058539
05853A
05853B
05853E
05853F
058541
058543
058544
058546
058549
05854A
05854B
05854C
05854D
05854E
058550
058551
058555
058558
05855C
05855F
058561
058563
058566
058568
05856A
05856B
05856C
05856D
05856E
058570
058572
058573
058575
058577
058578
058579
05857A
05857B
05857C
05857D
05857E
058581
058583
058587
05858A
05858D
058590
058592
058594
058597
058599
05859B
05859C
05859D
05859E
0585A1
0585A2
0585A4
0585A6
0585A9
0585AC
0585AE
0585B0
0585B1
0585B2
0585B3
0585B6
0585B8
0585BA
0585BB
0585BC
0585BD
0585BE
0585C0
0585C2
0585C5
0585C7
0585CA
0585CC
0585CD
0585CF
0585D1
0585D3
0585D5
0585D7
0585D8
0585DA
0585DC
0585DE
0585E0
0585E2
0585E4
0585E6
0585E8
0585EA
0585EC
0585EE
0585F0
0585F2
0585F4
0585F6
0585F8
0585FA
0585FC
0585FE
0585FF
058601
058603
058605
058607
058608
05860A
05860C
05860D
05860F
058611
058612
058613
058614
058616
058618
05861A
05861C
05861E
058620
058621
058622
058623
058624
058626
058628
05862A
05862B
05862D
05862F
058631
058634
058636
058637
058639
05863B
05863E
058640
058642
058643
058644
058645
058646
058648
05864A
05864C
05864E
058650
058652
058655
058658
058659
05865A
05865E
058660
058664
058666
058669
05866C
05866D
05866E
058670
058672
058674
058676
058678
05867A
05867C
05867E
05867F
058681
058683
058685
058687
058689
05868B
05868D
05868F
058691
058692
058695
058698
05869B
05869C
05869D
0586A0
0586A1
0586A3
0586A5
0586A7
0586A9
0586AA
0586AC
0586AE
0586B0
0586B2
0586B3
0586B5
0586B7
0586B9
0586BB
0586BD
0586BF
0586C1
0586C3
0586C5
0586C7
0586C9
0586CC
0586CF
0586D2
0586D4
0586D6
0586D9
0586DB
0586DD
0586DF
0586E2
0586E3
0586E5
0586E9
0586EA
0586EC
0586F0
0586F1
0586F2
0586F4
0586F7
0586F9
0586FB
0586FD
0586FF
058701
058703
058706
058707
058709
05870C
05870E
058710
058713
058715
058717
05871A
05871B
05871D
058720
058722
058724
058726
058727
05872A
05872B
05872E
058730
058734
058737
058739
05873B
05873D
05873F
058741
058743
058746
058747
058749
05874C
05874E
058750
058753
058755
058757
05875A
05875B
05875D
058760
058762
058764
058766
058767
05876A
05876B
05876E
058770
058774
058775
05877E
05877F
058781
058783
058785
058787
058789
05878B
05878C
05878D
05878E
05878F
058790
058791
058794
058796
058797
058798
05879B
05879D
05879F
0587A1
0587A2
0587A4
0587A5
0587A6
0587A7
0587A9
0587AC
0587AD
0587B0
0587B1
0587B2
0587B5
0587B7
0587BB
0587BE
0587BF
0587C0
0587C1
0587C4
0587C6
0587C8
0587CB
0587CD
0587CF
0587D0
0587D1
0587D2
0587D3
0587D4
0587D5
0587D8
0587DA
0587DB
0587DC
0587DF
0587E1
0587E3
0587E5
0587E7
0587E9
0587EB
0587ED
0587EE
0587EF
0587F0
0587F1
0587F2
0587F3
0587F6
0587F8
0587F9
0587FA
0587FD
0587FF
058802
058804
058806
058807
058808
058809
05880A
05880B
05880C
05880F
058811
058812
058813
058816
058818
058819
05881A
05881C
05881F
058883
058885
058888
0588EC
0588EE
0588F1
058955
058957
05895A
0589CE
0589CF
0589D1
0589D4
0589D7
0589D8
0589D9
0589DB
0589DF
0589E1
0589E5
0589E7
0589EB
0589ED
0589F1
0589F3
0589F5
0589F7
0589F9
0589FB
0589FC
0589FE
058A00
058A01
058A04
058A07
058A09
058A0B
058A0D
058A10
058A11
058A14
058A16
058A18
058A1B
058A1C
058A1D
058A1E
058A1F
058A21
058A22
058A23
058A25
058A26
058A28
058A2A
058A2C
058A2E
058A30
058A31
058A32
058A34
058A36
058A38
058A3A
058A3C
058A3E
058A41
058A43
058A47
058A49
058A4B
058A4D
058A50
058A52
058A55
058A57
058A59
058A5C
058A5E
058A60
058A62
058A64
058A65
058A66
058A69
058A6B
058A6E
058A70
058A73
058A74
058A75
058A77
058A7A
058A7B
058A7C
058A7E
058A81
058A82
058A83
058A85
058A88
058A89
058A8A
058A8B
058A8C
058A8E
058A8F
058A92
058A94
058A97
058A99
058A9A
058A9B
058A9C
058A9E
058AA1
058AA4
058AA5
058AA6
058AA8
058AAC
058AAE
058AB2
058AB4
058AB8
058ABA
058ABE
058AC0
058AC2
058AC4
058AC6
058AC8
058AC9
058ACC
058ACE
058AD0
058AD2
058AD5
058AD6
058AD8
058ADA
058ADB
058ADC
058ADE
058AE0
058AE3
058AE5
058AE7
058AE8
058AE9
058AEA
058AEB
058AEC
058AED
058AF0
058AF2
058AF4
058AF7
058AF8
058AF9
058AFA
058AFB
058AFD
058AFE
058AFF
058B01
058B02
058B04
058B06
058B08
058B0A
058B0C
058B0D
058B0E
058B10
058B12
058B14
058B16
058B18
058B1A
058B1D
058B1F
058B21
058B23
058B25
058B27
058B29
058B2C
058B2D
058B2E
058B2F
058B30
058B32
058B35
058B37
058B39
058B3C
058B3E
058B40
058B42
058B44
058B45
058B46
058B49
058B4B
058B4E
058B50
058B53
058B54
058B55
058B57
058B5A
058B5B
058B5C
058B5D
058B5E
058B60
058B63
058B64
058B65
058B67
058B6A
058B6B
058B6C
058B6E
058B6F
058B70
058B73
058B75
058B78
058B7A
058B7B
058B7E
058B7F
058B82
058B84
058B86
058B89
058B8B
058B8C
058B8D
058B8E
058B90
058B93
058B96
058B97
058B98
058B9A
058B9D
058BA0
058BA2
058BA4
058BA7
058BA9
058BAD
058BAF
058BB3
058BB5
058BB9
058BBB
058BBF
058BC1
058BC3
058BC5
058BC7
058BC9
058BCA
058BCC
058BCE
058BCF
058BD2
058BD5
058BD7
058BD9
058BDB
058BDE
058BDF
058BE2
058BE4
058BE6
058BE9
058BEA
058BEB
058BEC
058BED
058BEF
058BF0
058BF1
058BF3
058BF4
058BF6
058BF8
058BFA
058BFC
058BFE
058BFF
058C00
058C02
058C04
058C06
058C08
058C0A
058C0C
058C0F
058C11
058C15
058C17
058C19
058C1B
058C1E
058C20
058C23
058C25
058C27
058C2A
058C2C
058C2E
058C30
058C32
058C33
058C34
058C37
058C39
058C3C
058C3E
058C40
058C43
058C44
058C45
058C47
058C49
058C4C
058C4D
058C4E
058C50
058C52
058C55
058C56
058C57
058C59
058C5B
058C5E
058C5F
058C60
058C61
058C62
058C64
058C65
058C68
058C6A
058C6D
058C6F
058C70
058C71
058C72
058C74
058C77
058C7A
058C7B
058C7C
058C7E
058C81
058C84
058C86
058C8B
058C8D
058C91
058C93
058C97
058C99
058C9D
058C9F
058CA3
058CA5
058CA7
058CA9
058CAB
058CAD
058CAE
058CB1
058CB3
058CB5
058CB7
058CBA
058CBB
058CBD
058CBF
058CC0
058CC1
058CC3
058CC5
058CC8
058CCA
058CCC
058CCD
058CCE
058CCF
058CD0
058CD1
058CD2
058CD5
058CD7
058CD9
058CDC
058CDD
058CDE
058CDF
058CE0
058CE2
058CE3
058CE4
058CE6
058CE7
058CE9
058CEB
058CED
058CEF
058CF1
058CF2
058CF3
058CF5
058CF7
058CF9
058CFB
058CFD
058CFF
058D02
058D04
058D08
058D0A
058D0C
058D0E
058D11
058D12
058D13
058D14
058D15
058D17
058D1A
058D1C
058D1E
058D21
058D23
058D25
058D27
058D29
058D2A
058D2B
058D2E
058D30
058D33
058D35
058D37
058D3A
058D3B
058D3C
058D3E
058D40
058D43
058D44
058D45
058D46
058D47
058D49
058D4B
058D4E
058D4F
058D50
058D52
058D54
058D57
058D58
058D59
058D5B
058D5C
058D5D
058D60
058D62
058D65
058D67
058D68
058D6B
058D6C
058D6F
058D71
058D73
058D76
058D78
058D79
058D7A
058D7B
058D7D
058D80
058D82
058D83
058D86
058D88
058D8B
058D8D
058D8F
058D91
058D92
058D95
058D97
058D9A
058D9C
058D9F
058DA1
058DA4
058DA6
058DA9
058DAC
058DAE
058DB0
058DB1
058DB4
058DB6
058DB8
058DB9
058DBC
058DBE
058DC0
058DC2
058DC4
058DC6
058DC8
058DCA
058DCC
058DCE
058DD1
058DD4
058DD6
058DD9
058DDB
058DDD
058DE0
058DE2
058DE4
058DE6
058DE8
058DE9
058DEA
058DEB
058DEC
058DEE
058DF1
058DF2
058DF3
058DF5
058DF8
058DF9
058DFA
058DFC
058DFF
058E00
058E01
058E03
058E06
058E07
058E08
058E09
058E0A
058E0C
058E0D
058E10
058E12
058E15
058E17
058E18
05B10C
05B10D
05B10E
05B10F
05B112
05B115
05B118
05B11A
05B11B
05B11D
05B120
05B123
05B125
05B127
05B129
05B12C
05B12E
05B130
05B132
05B135
05B138
05B13A
05B13D
05B13F
05B141
05B143
05B145
05B148
05B14A
05B14D
05B14F
05B150
05B153
05B155
05B158
05B15A
05B15B
05B15D
05B160
05B163
05B165
05B168
05B16A
05B16D
05B16E
05B170
05B172
05B174
05B176
05B178
05B17A
05B17C
05B17E
05B180
05B182
05B184
05B186
05B189
05B18B
05B18E
05B191
05B194
05B196
05B197
05B199
05B19C
05B19E
05B1A0
05B1A3
05B1A5
05B1A7
05B1AA
05B1AC
05B1AD
05B1AF
05B1B2
05B1B4
05B1B7
05B1B9
05B1BA
05B1BC
05B1BF
05B1C1
05B1C3
05B1C5
05B1C7
05B1C9
05B1CA
05B1CD
05B1CE
05B1D1
05B1D3
05B1D5
05B1D8
05B1DB
05B1DC
05B1DD
05B1DE
05B1E0
05B1E3
05B1E5
05B1E7
05B1EB
05B1EC
05B1EF
05B1F2
05B1F6
05B1F9
05B1FD
05B1FE
05B200
05B202
05B204
05B206
05B208
05B20A
05B20D
05B20F
05B212
05B215
05B217
05B218
05B21C
05B21E
05B222
05B223
05B224
05B226
05B228
05B22A
05B22C
05B22D
05B22E
05B22F
05B230
05B231
05B232
05B233
05B235
05B238
05B23C
05B23D
05B241
05B243
05B245
05B248
05B24A
05B24C
05B24E
05B250
05B253
05B256
05B257
05B25A
05B25D
05B25E
05B260
05B261
05B263
05B264
05B267
05B269
05B26B
05B26D
05B270
05B272
05B275
05B278
05B27B
05B27C
05B27D
05B27E
05B27F
05B281
05B283
05B285
05B287
05B28A
05B28C
05B28E
05B290
05B292
05B294
05B296
05B299
05B29A
05B2EB
05B2EC
05B2ED
05B2EE
05B2EF
05B2F0
05B2F1
05B2F2
05B2F4
05B2F6
05B2F8
05B2FB
05B2FE
05B2FF
05B301
05B304
05B307
05B308
05B309
05B30A
05B30C
05B30E
05B30F
05B310
05B311
05B312
05B314
05B317
05B319
05B31A
05B31B
05B31D
05B31F
05B322
05B323
05B324
05B325
05B326
05B328
05B330
05B332
05B333
05B336
05B339
05B33C
05B33E
05B33F
05B341
05B345
05B348
05B34A
05B34D
05B34F
05B352
05B355
05B357
05B35A
05BB39
05BB3A
05BB3B
05BB3C
05BB3E
05BB40
05BB42
05BB43
05BB45
05BB46
05BB47
05BB48
05BB4A
05BB4C
05BB4F
05BB50
05BB51
05BB53
05BB56
05BB59
05BB5C
05BB5F
05BB62
05BB65
05BB67
05BB68
05BB69
05BB6B
05BB6C
05BB6F
05BB71
05BB72
05BB74
05BB77
05BB7A
05BB7C
05BB7D
05BB7F
05BB81
05BB84
05BB85
05BB88
05BB8A
05BB8D
05BB8E
05BB8F
05BB90
05BB92
05BB93
05BB96
05BB98
05BB99
05BB9C
05BB9D
05BB9E
05BB9F
05BBA0
05BBA2
05BBA4
05BBA5
05BC00
05BC01
05BC02
05BC03
05BC06
05BC09
05BC0C
05BC0F
05BC10
05BC12
05BC13
05BC16
05BC19
05BC1C
05BC1D
05BC1F
05BC20
05BC23
05BC26
05BC29
05BC2A
05BC2C
05BC2F
05BC30
05BC32
05BC33
05BC36
05BC39
05BC3A
05BC3C
05BC3F
05BC42
05BC44
05BC47
05BC48
05BC49
05BC4A
05BC4C
05BC4F
05BC51
05BC54
05BC55
05BC58
05BC5A
05BC5D
05BC5F
05BC61
05BC62
05BC65
05BC67
05BC69
05BC6A
05BC6D
05BC6F
05BC71
05BC72
05BC75
05BC76
05BC79
05BC7C
05BC7E
05BC81
05BC83
05BCA5
05BCA7
05BCAA
05BCAD
05BCAF
05BCB2
05BCB4
05BCD6
05BCD7
05BCD8
05BCD9
05BCDC
05BCDF
05BCE1
05BCE4
05BCE7
05BCE8
05BCE9
05BCEC
05BD0E
05BD11
05BD13
05BD35
05BD36
05BD39
05BD3C
05BD3D
05BD3E
05BD40
05BD43
05BD46
05BD49
05BD4C
05BD4F
05BD51
05BD54
05BD57
05BD5A
05BD5D
05BD5F
05BD60
05BD61
05BD62
05BD63
05BD66
05BD69
05BD6B
05BD6E
05BD71
05BD74
05BD77
05BD7A
05BDC9
05BDCC
05BDCF
05BDD1
05BDD2
05BDD3
05BDD4
05BDD6
05BDD7
05BDD9
05BDDC
05BE8A
05BE8B
05BE8C
05BE8D
05BE8F
05BE92
05BE95
05BE98
05BE9B
05BE9E
05BEA0
05BEA2
05BEA4
05BEA5
05BEA6
05BEA9
05BEAC
05BEAD
05BEAE
05BEB0
05BEB3
05BEB6
05BEB9
05BEBC
05BEBE
05BEC1
05BEC3
05BEC6
05BEC8
05BECB
05BECE
05BED1
05BED3
05BED6
05BED9
05BEDC
05BEDD
05BEDE
05BEDF
05BEE2
05BEE5
05BEE6
05BEE7
05BEE8
05BEE9
05BEEC
05BEEF
05BEF1
05BEF7
05BEFA
05BEFB
05BEFE
05BF01
05BF04
05BF07
05BF0A
05BF0D
05BF10
05BF11
05BF12
05BF14
05BF17
05BF1A
05BF1D
05BF20
05BF22
05BF25
05BF28
05BF2B
05BF2D
05BF30
05BF33
05BF36
05BF37
05BF38
05BF39
05BF3C
05BF3F
05BF40
05BF41
05BF42
05BF43
05BF46
05BF49
05BF4B
05BF4D
05BF50
05BF51
05BF54
05BF55
05BF58
05BF5B
05BF5E
05BF61
05BF64
05BF67
05BF6A
05BF6D
05BF70
05BF73
05BF76
05BF79
05BF7B
05BF7E
05BF81
05BF84
05BF85
05BF87
05BF88
05BF8A
05BF8D
05BF8F
05BF92
05BF94
05BFD2
05BFD5
05BFD8
05BFDB
05BFDE
05BFE1
05BFE4
05BFE7
05BFEA
05BFED
05BFF0
05BFF3
05BFF5
05BFF6
05BFF8
05BFFB
05C005
05C008
05C00B
05C00C
05C00D
05C00F
05C012
05C015
05C018
05C01A
05C01C
05C01F
05C022
05C025
05C027
05C02A
05C02D
05C030
05C033
05C035
05C036
05C039
05C03C
05C03F
05C042
05C045
05C047
05C04A
05C04D
05C050
05C051
05C052
05C053
05C056
05C058
05C05B
05C05E
05C05F
05C061
05C064
05C065
05C068
05C06B
05C06D
05C070
05C073
05C075
05C078
05C07B
05C07C
05C07F
05C081
05C084
05C086
05C088
05C08B
05C08E
05C090
05C092
05C094
05C096
05C098
05C099
05C09A
05C09B
05C09C
05C09D
05C09F
05C0A1
05C0A3
05C0A5
05C0A8
05C0A9
05C0AB
05C0AD
05C0AF
05C0B2
05C0B5
05C0B7
05C0B9
05C0BB
05C0BD
05C0BE
05C0BF
05C0C0
05C0C1
05C0C2
05C0C4
05C0C6
05C0C8
05C0CA
05C0CD
05C0CE
05C0D0
05C0D2
05C0D3
05C0D5
05C0D7
05C0D9
05C0DC
05C0DE
05C0E0
05C0E2
05C0E4
05C0E6
05C0E8
05C0EA
05C0EC
05C0EE
05C0F0
05C0F3
05C0F5
05C0F7
05C0FA
05C0FC
05C0FF
05C102
05C103
05C104
05C105
05C106
05C107
05C108
05C10A
05C10D
05C10F
05C112
05C115
05C116
05C117
05C118
05C11B
05C11D
05C120
05C123
05C125
05C127
05C128
05C129
05C12A
05C12B
05C12D
05C12F
05C132
05C134
05C136
05C137
05C139
05C13B
05C13D
05C13F
05C140
05C142
05C145
05C148
05C149
05C14A
05C14B
05C14E
05C14F
05C152
05C155
05C156
05C157
05C158
05C159
05C15B
05C15D
05C15F
05C161
05C163
05C165
05C167
05C169
05C16B
05C16E
05C16F
05C170
05C171
05C172
05C173
05C176
05C177
05C178
05C17A
05C17D
05C17F
05C181
05C183
05C186
05C187
05C18A
05C18D
05C190
05C191
05C192
05C193
05C195
05C197
05C198
05C19B
05C19D
05C1A0
05C1A3
05C1A5
05C1A6
05C1A9
05C1AB
05C1AD
05C328
05C32B
05C32D
05C40C
05C40F
05C411
05C414
05C416
05C419
05C41B
05C41D
05C41F
05C421
05C423
05C424
05C426
05C428
05C42B
05C42D
05C430
05C433
05C434
05C437
05C43A
05C43B
05C43C
05C43D
05C43E
05C440
05C446
05C448
05C44B
05C44D
05C451
05C454
05C455
05C458
05C45B
05C45E
05C461
05C462
05C465
05C468
05C46B
05C470
05C471
05C472
05C474
05C476
05C479
05C47C
05C47F
05C481
05C484
05C486
05C488
05C489
05C48B
05C48D
05C48F
05C491
05C493
05C494
05C495
05C497
05C49A
05C49C
05C49F
05C4A1
05C4A3
05C4A5
05C4A8
05C4AA
05C4AD
05C4AF
05C4B2
05C4B4
05C4B5
05C4B8
05C4BB
05C4BD
05C4C0
05C4C2
05C4C5
05C4C7
05C4C8
05C4CA
05C4CD
05C4D0
05C4D1
05C4D2
05C4D3
05C4D4
05C4D5
05C4D8
05C4DB
05C4DE
05C4DF
05C4E0
05C4E1
05C4E2
05C4E3
05C4E4
05C4E6
05C4E8
05C4EA
05C4EC
05C4EE
05C4EF
05C4F2
05C4F4
05C4F6
05C4F8
05C4F9
05C4FC
05C4FF
05C500
05C503
05C506
05C509
05C50B
05C50E
05C50F
05C510
05C513
05C516
05C518
05C51B
05C51C
05C51E
05C51F
05C521
05C524
05C526
05C529
05C52A
05C52D
05C530
05C532
05C534
05C536
05C538
05C53A
05C53C
05C53E
05C540
05C542
05C544
05C547
05C54A
05C54C
05C54F
05C550
05C551
05C552
05C555
05C558
05C55A
05C55D
05C560
05C561
05C562
05C563
05C566
05C569
05C56C
05C56F
05C571
05C573
05C576
05C577
05C579
05C57C
05C57E
05C57F
05C582
05C585
05C588
05C58B
05C58C
05C58D
05C58E
05C591
05C592
05C595
05C598
05C59A
05C59C
05C59F
05C5A0
05C5A3
05C5A5
05C5A8
05C5AA
05C5AC
05C5AE
05C5B1
05C5B2
05C5B5
05C5B8
05C5BB
05C5BD
05C5C0
05C5C2
05C5C5
05C5C6
05C5C9
05C5CC
05C5CE
05C5D0
05C5D2
05C5D4
05C5D6
05C5D8
05C5DA
05C5DC
05C5DE
05C5E0
05C5E3
05C5E6
05C5E8
05C5EB
05C5EC
05C5ED
05C5EE
05C5F1
05C5F4
05C5F6
05C5F9
05C5FC
05C5FD
05C5FE
05C5FF
05C602
05C605
05C608
05C60B
05C60D
05C60F
05C612
05C613
05C615
05C618
05C61A
05C61B
05C61E
05C621
05C624
05C627
05C628
05C629
05C62A
05C62D
05C62E
05C631
05C634
05C636
05C638
05C63B
05C63C
05C63F
05C641
05C644
05C646
05C648
05C64A
05C64D
05C64E
05C651
05C654
05C655
05C656
05C727
05C72A
05C72C
05C72E
05C731
05C733
05C736
05C738
05C73B
05C73E
05C740
05C743
05C746
05C749
05C74A
05C74C
05C74F
05C751
05C754
05C757
05C759
05C75B
05C769
05C76B
05C76E
05C770
05C773
05C776
05C778
05C779
05C77C
05C77F
05C781
05C784
05C787
05C789
05C78B
05C78D
05C790
05C791
05C792
05C793
05C796
05C799
05C79B
05C79E
05C7A1
05C7A3
05C7A4
05C7A7
05C7A9
05C7AA
05C7AB
05C7AE
05C7B1
05C7B3
05C7B6
05C7B9
05C7BC
05C7BF
05C7C1
05C7C3
05C7C5
05C7C7
05C7CA
05C7CD
05C7CF
05C7D0
05C7D3
05C7D5
05C7D8
05C7DB
05C7DE
05C7E1
05C7E3
05C7E6
05C7E7
05C7EA
05C7ED
05C81C
05C81E
05C820
05C823
05C825
05C827
05C82A
05C82C
05C82E
05C830
05C833
05C836
05C838
05C83B
05C83D
05C840
05C843
05C846
05C849
05C84C
05C84D
05C84E
05C850
05C852
05C854
05C857
05C85A
05C85D
05C85F
05C861
05C864
05C867
05C869
05C86C
05C86F
05C871
05C872
05C875
05C878
05C87A
05C87D
05C87F
05C955
05C958
05C95B
05C95D
05C960
05C963
05C965
05C968
05C96A
05C96B
05C96C
05C96F
05C972
05C975
05C978
05C97B
05C97C
05C97D
05C97E
05C980
05C982
05C985
05C987
05C98A
05C98B
05C98E
05C98F
05C992
05C993
05C994
05C995
05C997
05C99A
05C99B
05C99E
05C9A1
05C9A3
05C9A6
05C9A9
05C9AC
05C9AF
05C9B1
05C9B4
05C9B7
05C9BA
05C9BB
05C9BD
05C9BF
05C9C1
05C9C3
05C9C6
05C9C8
05C9CB
05C9CD
05C9D0
05CBFF
05CC00
05CC01
05CC02
05CC05
05CC06
05CC07
05CC0A
05CC66
05CC68
05CC6B
05CC6E
05CC70
05CC72
05CC74
05CC75
05CC77
05CC7A
05CC7C
05CC7F
05CC84
05CC86
05CC89
05CC8B
05CC8D
05CC8F
05CC91
05CC93
05CC96
05CC97
05CC98
05CC9C
05CC9D
05CCA0
05CCA4
05CCA5
05CCA6
05CCA7
05CCA8
05CCAA
05CCAE
05CCAF
05CCB1
05CCB4
05CCB6
05CCB9
05CCBC
05CCC0
05CCC1
05CCC2
05CCC3
05CCC6
05CCC8
05CCCB
05CCCD
05CCCE
05CCD2
05CCD3
05CCD6
05CCDA
05CCDB
05CCDC
05CCDD
05CCDF
05CCE3
05CCE4
05CCE8
05CCEA
05CCEC
05CCEE
05CCF2
05CCF3
05CCF4
05CCF7
05CCF9
05CCFB
05CCFE
05CD00
05CD02
05CD04
05CD07
05CD09
05CD0B
05CD0E
05CD10
05CD14
05CD17
05CD19
05CD1C
05CD20
05CD21
05CD22
05CD24
05CD26
05CD28
05CD2B
05CD2D
05CD30
05CD32
05CD33
05CD37
05CD38
05CD3C
05CD3E
05CD76
05CD79
05CD7B
05CD7E
05CD80
05CD82
05CD83
05CD84
05CD88
05CD89
05CD8C
05CD90
05CD91
05CD92
05CD94
05CD98
05CD99
05CD9C
05CD9E
05CD9F
05CDA0
05CDA3
05CDA7
05CDAA
05CDAE
05CDB1
05CDB3
05CDB4
05CDB5
05CDB6
05CDB7
05CDB9
05CDBA
05CDBB
05CDBE
05CDC2
05CDC5
05CDC9
05CDCB
05CDCC
05CDD0
05CDD1
05CDD5
05CDD8
05CDDA
05CDDD
05CDE0
05CDE3
05CDE5
05CDE8
05CDFD
05CE01
05CE04
05CE08
05CE09
05CE0A
05CE0C
05CE0D
05CE10
05CE12
05CE14
05CE17
05CE19
05CE1A
05CE1C
05CE1E
05CE20
05CE22
05CE24
05CE28
05CE29
05CE2D
05CE2F
05CE30
05CE31
05CE32
05CE33
05CE34
05CE35
05CE37
05CE39
05CE4C
05CE4E
05CE51
05CE52
05CE53
05CE56
05CE58
05CE5B
05CE5C
05CE5F
05CE62
05CE63
05CE65
05CE67
05CE6A
05CE6D
05CE6E
05CE70
05CE72
05CE74
05CE76
05CE79
05CE7B
05CE7E
05CE7F
05CE80
05CE81
05CE82
05CE85
05CE87
05CE8A
05CE8C
05CE8E
05CE91
05CE93
05CE96
05CE97
05CE98
05CE99
05CE9A
05CE9D
05CE9E
05CEA0
05CEA2
05CECA
05CECB
05CECC
05CECD
05CECF
05CED1
05CED4
05CED7
05CED9
05CEDB
05CEDD
05CEE0
05CEE2
05CEE5
05CEE7
05CEE9
05CEEA
05CEED
05CEF0
05CEF2
05CEF5
05CEF6
05CEF9
05CEFC
05CEFF
05CF02
05CF05
05CF08
05CF0A
05CF0C
05CF0E
05CF10
05CF12
05CF15
05CF18
05CF19
05CF1B
05CF1E
05CF21
05CF22
05CF25
05CF27
05CF29
05CF2B
05CF2E
05CF2F
05CF31
05CF34
05CF36
05CF39
05CF3B
05CF3E
05CF40
05CF42
05CF45
05CF48
05CF4A
05CF4D
05CF4F
05CF50
05CF51
05CF55
05CF56
05CF57
05CF59
05CF5C
05CF60
05CF61
05CF62
05CF63
05CF64
05CF66
05CF69
05CF6B
05CF6D
05CF71
05CF72
05CF75
05CF76
05CF78
05CF7B
05CF7F
05CF80
05CF83
05CF85
05CF89
05CF8A
05CF8E
05CF91
05CF93
05CF96
05CF9A
05CF9B
05CF9C
05CF9E
05CFA0
05CFA2
05CFA4
05CFA7
05CFA9
05CFAD
05CFAE
05CFB1
05CFB3
05CFB4
05CFB5
05CFB8
05CFBC
05CFBF
05CFC3
05CFC6
05CFC8
05CFC9
05CFCA
05CFCB
05CFCD
05CFCE
05CFD1
05CFD5
05CFD8
05CFDC
05CFDE
05CFE0
05CFE2
05CFE6
05CFE8
05CFE9
05D796
05D797
05D798
05D799
05D79B
05D79E
05D7A1
05D7A3
05D7A6
05D7A8
05D7AB
05D7AE
05D7B0
05D7B3
05D7B5
05D7B7
05D7B9
05D7BB
05D7BD
05D7C0
05D7C3
05D7C5
05D7C8
05D7C9
05D7CA
05D7CB
05D7CE
05D7D0
05D7D2
05D7D4
05D7D7
05D7D9
05D7DB
05D7DE
05D7E0
05D7E2
05D7E5
05D7E7
05D7EA
05D7ED
05D7EF
05D7F1
05D7F2
05D7F6
05D7F8
05D7FC
05D7FE
05D800
05D802
05D803
05D804
05D805
05D806
05D807
05D80B
05D80D
05D80F
05D810
05D811
05D812
05D813
05D814
05D815
05D816
05D81A
05D81C
05D81F
05D821
05D822
05D823
05D824
05D825
05D826
05D827
05D82B
05D82D
05D831
05D833
05D836
05D838
05D83B
05D83E
05D840
05D842
05D845
05D847
05D849
05D84B
05D84D
05D850
05D853
05D856
05D858
05D85B
05D85E
05D85F
05D860
05D861
05D862
05D864
05D867
05D86A
05D86B
05D86C
05D86D
05D86E
05D870
05D872
05D875
05D878
05D879
05D87A
05D87B
05D87C
05D87D
05D87F
05D881
05D882
05D885
05D888
05D889
05D88A
05D88B
05D88E
05D891
05D893
05D894
05D895
05D898
05D899
05D89B
05D89F
05D8A2
05D8A4
05D8A6
05D8A7
05D8A9
05D8AC
05D8AE
05D8B1
05D8B3
05D8B5
05D8B7
05D8B9
05D8BB
05D8BC
05D8BD
05D8BF
05D8C0
05D8C2
05D8C5
05D8C7
05D8CA
05D8CC
05D8CF
05D8D1
05D8D4
05D8D6
05D8D9
05D8DB
05D8DE
05D8E0
05D8E2
05D8E4
05D8E5
05D8E6
05D8E9
05D8EB
05D8EE
05D8F0
05D8F3
05D8F5
05D8F7
05D8F9
05D8FB
05D8FD
05D900
05D902
05D904
05D907
05D909
05D90B
05D90D
05D910
05D911
05D912
05D913
05D914
05D915
05D919
05D91C
05D920
05D923
05D925
05D928
05D92B
05D92D
05D92E
05D92F
05D930
05D931
05D934
05D936
05D938
05D93B
05D93D
05D940
05D943
05D945
05D946
05D947
05D948
05D949
05D94A
05D94C
05D94F
05D951
05D954
05D956
05D957
05D95B
05D95D
05D961
05D963
05D966
05D968
05D96A
05D96B
05D96F
05D971
05D975
05D977
05D979
05D97B
05D97C
05D97D
05D97E
05D981
05D984
05D986
05D988
05D989
05D98D
05D98F
05D991
05D993
05D994
05D995
05D996
05D99A
05D99C
05D99F
05D9A1
05D9A3
05D9A5
05D9A7
05D9AA
05D9AC
05D9AE
05D9B0
05D9B1
05D9B3
05D9B5
05D9B8
05D9BB
05D9BD
05D9BF
05D9C0
05D9C1
05D9C2
05D9C3
05D9C6
05D9C9
05D9CC
05D9CF
05D9D2
05D9D4
05D9D7
05D9DA
05D9DC
05D9DE
05D9E1
05D9E3
05D9E4
05D9E5
05D9E6
05D9E7
05D9E9
05D9EC
05D9EE
05D9F0
05D9F2
05D9F4
05D9F6
05D9F8
05D9FA
05D9FC
05D9FE
05DA01
05DA03
05DA05
05DA07
05DA09
05DA0C
05DA0E
05DA10
05DA12
05DA14
05DA17
05DA19
05DA1C
05DA1E
05DA20
05DA22
05DA24
05DA26
05DA28
05DA2A
05DA2C
05DA30
05DA32
05DA33
05DA35
05DA38
05DA3B
05DA3D
05DA40
05DA42
05DA45
05DA47
05DA4A
05DA4C
05DA4E
05DA50
05DA52
05DA54
05DA56
05DA58
05DA5A
05DA5C
05DA5E
05DA60
05DA63
05DA65
05DA69
05DA6B
05DA6D
05DA6F
05DA71
05DA73
05DA75
05DA77
05DA79
05DA7B
05DA7E
05DA80
05DA82
05DA84
05DA86
05DA88
05DA8A
05DA8C
05DA8E
05DA91
05DA93
05DA95
05DA98
05DA9B
05DA9E
05DAA1
05DAA3
05DAA7
05DAAA
05DAAC
05DAAD
05DAAE
05DAAF
05DAB1
05DAB2
05DAB5
05DAB7
05DABA
05DABC
05DABF
05DAC1
05DAC4
05DAC6
05DAC9
05DACB
05DACE
05DAD0
05DAD4
05DAD7
05DADA
05DADC
05DADF
05DAE1
05DAE4
05DAE6
05DAE8
05DAEB
05DAEC
05DAEE
05DAEF
05DAF1
05DAF3
05DAF5
05DAF7
05DAF8
05DAF9
05DAFA
05DAFB
05DB3E
05DB40
05DB43
05DB45
05DB47
05DB49
05DB4B
05DB4F
05DB51
05DB55
05DB57
05DB5B
05DB5D
05DB5F
05DB61
05DB63
05DB66
05DB68
05DB6A
05DB6D
05DB6E
05DB70
05DB73
05DB75
05DB77
05DB79
05DB7B
05DB7F
05DB82
05DB84
05DB87
05DB89
05DB8B
05DB8E
05DB90
05DB92
05DB94
05DB97
05DB99
05DB9B
05DB9D
05DBA0
05DBA2
05DBA4
05DBA6
05DBAC
05DBAE
05DBB1
05DBB3
05DBB5
05DBB7
05DBB9
05DBBB
05DBBF
05DBC2
05DBC5
05DBC8
05DBF2
05DBF3
05DBF4
05DBF5
05DBF7
05DBFA
05DBFE
05DBFF
05DC01
05DC03
05DC06
05DC08
05DC0A
05DC0D
05DC0E
05DC11
05DC13
05DC15
05DC16
05DC18
05DC1C
05DC1E
05DC22
05DC23
05DC24
05DC26
05DC2A
05DC2C
05DC30
05DC32
05DC36
05DC38
05DC39
05DC3A
05DC3C
05DC3E
05DC40
05DC42
05DC43
05DC45
