038012
038016
038018
03801A
03801D
038021
038024
038026
038027
038029
03802D
038031
038034
038036
038038
03803A
03803C
03803D
03803F
038042
038044
038046
038048
03804B
03804D
03804F
038052
038054
038057
038059
03805C
038060
038062
038063
038066
038068
03806B
03806C
03806D
03806E
038071
038072
038074
038076
038078
03807A
03807C
03807E
038080
038084
038086
038087
03808B
03808F
038092
038094
038097
038099
03809C
03809E
0380A1
0380A2
0380A4
0380A6
0380A8
0380AA
0380AC
0380BE
0380C0
0380C3
0380C6
0380C9
0380CB
0380CD
0380CF
0380D2
0380D4
0380D5
0380D8
0380DA
0380DC
0380DF
0380E2
0380E5
0380E7
0380E9
0380EB
0380EE
0380F0
0380F2
0380F4
0380F6
0380F9
038106
038109
03810B
03810D
03810F
038112
038114
038117
038119
03811C
03811F
038122
038124
038127
038128
03812B
03812D
03812F
038132
038134
038136
038137
03813A
03813C
03813F
038140
038141
038142
038143
038144
038147
03814A
03814C
03814E
038150
038153
038155
038156
038158
038159
03815C
03815E
038161
038163
038166
038168
03816A
03816C
03816F
038171
038172
038174
038175
038178
03817A
03817D
03817F
038182
038186
03818A
03818B
03818E
038190
038192
038194
038197
03819B
03819E
0381A1
0381A3
0381A5
0381A7
0381A9
0381AD
0381AE
0381B0
0381B3
0381B6
0381B8
0381BB
0381BC
0381BF
0381C1
0381C3
0381C6
0381C9
0381CB
0381CD
0381CF
0381D2
0381D3
0381D5
0381D8
0381DA
0381DC
0381DE
0381E0
0381E3
0381E4
0381E6
0381E9
0381EB
0381ED
0381EF
0381F1
0381F2
0381F4
0381F5
0381F6
0381F7
0381FB
0381FC
038200
038204
038206
038208
03820A
03820C
03820F
038210
038211
038214
038216
038218
03821B
03821D
03821F
038221
038224
038226
038227
038229
03822A
03822B
03822D
038231
038232
038233
038235
038238
038239
03823B
03823D
038240
038242
038243
038245
038247
038249
03824A
03824B
03824C
03824D
03824E
03824F
038251
038254
038258
03825B
03825C
03825D
03825F
038261
038263
038265
038268
03826A
03826D
03826F
038272
038275
038276
038277
038279
03827C
03827F
038398
038399
03839A
03839B
03839E
03839F
0383A0
0383A2
0383A4
0383A6
0383A8
0383AA
0383AC
0383AE
0383B1
0383B3
0383B4
0383B6
0383B7
0383B8
0383BA
0383BD
0383C1
0383C2
0383C5
0383C8
0383CA
0383CB
0383CC
0383CE
0383CF
0383D0
0383D2
0383D4
0383D7
0383D9
0383DC
0383DE
0383E0
0383E1
0383E3
0383E6
0383E9
0383EB
0383EC
0383EF
0383F1
0383F3
0383F5
0383F7
0383FA
0383FD
0383FF
038401
038402
038403
038405
038406
038408
03840B
03840C
03840D
03840F
038411
038413
038414
038415
038417
038418
03841A
03841B
03841E
038421
038422
038423
038424
038425
038426
038428
038429
03842B
03842D
038430
038433
038435
038437
03843A
03844B
03844D
03844F
038453
038454
038457
038459
03845B
03845E
038460
038462
038465
038467
038469
03846B
03846D
03846E
038470
038472
038476
03847A
03847C
03847E
038480
038482
038484
038486
038489
038492
038495
038496
038498
03849A
03849B
03849E
0384A1
0384A3
0384A6
0384A9
0384AC
0384AE
0384B0
0384B3
0384B4
0384B5
0384B6
0384B7
0384B8
0384BA
0384BB
0384BD
0384BF
0384C3
0384CA
0384CE
0384D1
0384D4
0384D5
0384D6
0384D7
0384D8
0384DB
0384DC
0384DE
0384E0
0384E2
0384E5
0384E8
0384EA
0384EC
0384EF
0384F1
0384F4
0384F5
0384F7
0384F9
0384FC
0384FE
038500
038502
038504
038506
038507
038509
03850A
03850D
03850F
038512
038514
038516
038519
03851C
03851E
038522
038526
03852A
03852F
038532
038534
038536
038539
03853B
03853D
038540
038544
038547
038548
03854B
03854D
03854F
038551
038553
038556
038558
038559
03855C
03855E
038560
038561
038564
038565
038566
038567
038568
03856A
03856C
038570
038571
038573
038577
038579
03857C
03857E
038580
038582
038586
0385A3
0385A6
0385A8
0385AA
0385AC
0385AF
0385B1
0385B2
0385B4
0385B6
0385B7
0385BA
0385BD
0385BE
0385C0
0385C2
0385C3
0385C5
0385C6
0385C8
0385C9
0385CC
0385CF
0385D2
0385D4
0385D7
0385D8
0385D9
0385DB
0385DC
0385DF
0385E2
0385E3
0385E4
0385E5
0385E6
0385E7
0385E8
0385EA
0385EB
0385ED
0385EF
0385F3
0385F6
0385F9
0385FB
0385FD
038600
038602
038605
038608
03860A
03860C
03860F
038612
038614
038616
038618
03861B
03861E
038621
038623
038624
038627
038629
03862B
03862C
03862F
038631
038633
038634
038636
03863A
03863B
03863D
038640
038642
038646
038649
03864D
03864F
038652
038654
038656
038659
03865B
03865E
038660
038663
038665
038668
03866A
03866C
03866D
038670
038672
038675
0386A8
0386AB
0386AE
0386B0
0386B1
0386B3
0386B5
0386B6
0386B8
0386B9
0386BB
0386BD
0386BE
0386BF
0386C1
0386C2
0386C4
0386C5
0386C8
0386CB
0386CD
0386CE
0386D1
0386D4
0386D7
0386DA
0386DD
0386E0
0386E1
0386E2
0386E3
0386E4
0386E5
0386E8
0386EB
0386EC
0386ED
0386EE
0386EF
0386F0
0386F2
0386F3
0386F5
0386F6
0386F8
0386FA
0386FE
0386FF
038702
038704
038706
038709
03870C
03870D
03870F
038712
038714
038717
03871A
03871B
03871F
038723
038725
038728
03872A
03872C
03872E
038730
038733
03873A
03873D
03873E
038740
038742
038745
038746
038748
03874A
03874C
03874F
038752
038755
038758
03875A
03875D
03875E
03875F
038760
038761
038762
038764
038765
038767
038769
03876D
038770
038773
038776
038778
03877A
03877D
038780
038783
038785
038787
038789
03878C
03878E
03878F
038793
038797
03879A
03879C
03879E
0387A0
0387A1
0387A3
0387A4
0387A6
0387A8
0387AB
0387AE
0387B0
0387B2
0387B5
0387B8
0387BA
0387BC
0387BE
0387C0
0387C2
0387C5
0387C8
0387CA
0387CD
0387CF
0387D1
0387D4
0387D7
0387DB
0387DD
0387E0
0387E2
0387E4
0387E6
0387E8
0387EA
0387EC
0387EF
0387F1
0387F4
0387F6
0387F8
0387FB
0387FD
0387FF
038800
038802
038804
038807
038809
03880B
03880D
038810
038812
038813
038814
038816
038818
038819
03881B
03881D
03881E
038821
038824
038826
03882A
03883F
038842
038845
038847
038849
03884A
03884B
03884C
03884D
038850
038852
038853
038854
038856
038857
038859
03885A
03885C
03885E
03885F
038860
038861
038862
038864
038865
038868
03886B
03886C
03886E
03886F
038872
038875
038876
038877
038878
03887A
03887B
03887E
038881
038883
038885
038887
038889
03888B
03888E
03888F
038890
038891
038892
038893
038894
038896
038897
038899
03889B
03889F
0388A3
0388A7
0388AA
0388AB
0388AE
0388AF
0388B2
0388B5
0388B6
0388B9
0388BB
0388BD
0388C0
0388C2
0388C4
0388C7
0388CB
0388CF
0388D3
0388D5
0388DF
0388E4
0388E7
0388E9
0388EC
0388EE
0388EF
0388F1
0388F3
0388F5
0388F7
0388F8
0388FB
0388FD
0388FF
038901
038904
038905
038907
038909
03890B
03890D
03890F
038911
038913
038915
038917
038919
03891B
03891E
038920
038923
038925
038926
038929
03892B
03892D
03892F
038930
038931
038932
038935
038936
038938
03893A
03893C
03893F
038941
038942
038944
038945
038948
03894A
03894D
03894F
038952
038958
03895A
03895C
03895E
038960
038961
038964
038968
03896B
03896E
038970
038972
038975
038976
038978
03897A
03897E
03897F
038982
038983
038985
038987
038989
03898C
03898F
038991
038993
038996
03899A
03899C
03899F
0389A2
0389A4
0389A8
0389AB
0389AD
0389AF
0389B2
0389B4
0389B6
0389B8
0389BA
0389BC
0389BD
0389BF
0389C2
0389C4
0389C6
0389C8
0389CA
0389CC
0389CE
0389D0
0389D2
0389D4
0389D7
0389D9
0389DB
0389DD
0389DF
0389E2
0389E3
0389E5
0389E7
0389E9
0389EB
0389EC
0389ED
0389EE
0389F0
0389F1
0389F3
0389F6
0389F8
0389F9
0389FC
0389FE
0389FF
038A01
038A03
038A05
038A07
038A09
038A0B
038A0D
038A0F
038A11
038A14
038A16
038A18
038A1B
038A1D
038A1E
038A20
038A21
038A23
038A26
038A28
038A29
038A2B
038A2E
038A30
038A31
038A33
038A36
038A38
038A3B
038A3C
038A3F
038A41
038A43
038A46
038A48
038A54
038A57
038A5B
038A5F
038A62
038A64
038A66
038A68
038A69
038A6C
038A6F
038A73
038A76
038A78
038A7A
038A7C
038A7F
038A83
038A86
038A88
038A99
038A9C
038A9E
038AA0
038AA2
038AA4
038AA6
038AA9
038AAB
038AAC
038AAE
038AB0
038AB2
038AB5
038AB6
038AB9
038ABC
038ABE
038AC1
038AC3
038AC6
038ACB
038ACC
038ACD
038ACE
038AD0
038AD2
038AD4
038AD8
038ADA
038ADC
038ADF
038AE1
038AE4
038AE6
038AE9
038AEB
038AED
038AF0
038AF2
038AF3
038AF6
038AF7
038AF9
038AFA
038AFD
038B00
038B02
038B05
038B08
038B09
038B0D
038B0E
038B10
038B11
038B13
038B16
038B19
038B1B
038B1E
038B21
038B24
038B3D
038B40
038B43
038B45
038B47
038B48
038B4A
038B4D
038B4F
038B52
038B54
038B55
038B57
038B58
038B5A
038B5C
038B5D
038B5E
038B5F
038B61
038B62
038B65
038B68
038B6B
038B6D
038B6F
038B72
038B73
038B75
038B76
038B79
038B7C
038B7D
038B7F
038B81
038B82
038B83
038B84
038B87
038B8A
038B8B
038B8C
038B8D
038B8E
038B8F
038B90
038B93
038B96
038B97
038B98
038B99
038B9A
038B9B
038B9C
038B9E
038BA0
038BA1
038BA3
038BA5
038BA9
038C2E
038C2F
038C32
038C34
038C36
038C39
038C3C
038C3E
038C40
038C42
038C45
038C47
038C49
038C4A
038C4D
038C4F
038C51
038C53
038C55
038C57
038C59
038C5A
038C5C
038C60
038C62
038C65
038C69
038C6C
038C70
038C74
038C76
038C78
038C7A
038C7C
038C7D
038C80
038C81
038C83
038C85
038C87
038C89
038C8A
038C8C
038C8D
038C90
038C92
038C94
038C98
038C99
038C9B
038C9D
038C9F
038CA0
038CA3
038CA5
038CA7
038CAA
038CAC
038CAE
038CB2
038CB4
038CB6
038CB7
038CBA
038CBB
038CBC
038CBE
038CC0
038CC3
038CC5
038CC6
038CC8
038CCA
038CCC
038CCE
038CD1
038CD3
038CD6
038CD8
038CD9
038CDA
038CDC
038CDE
038CDF
038CE1
038CE3
038CE4
038CE6
038CE7
038CE9
038CEB
038CED
038CEF
038CF1
038CF3
038CF5
038CF7
038CF9
038CFC
038D00
038D01
038D03
038D05
038D07
038D09
038D0B
038D24
038D27
038D28
038D2A
038D2C
038D2E
038D30
038D32
038D34
038D36
038D37
038D3A
038D3D
038D3F
038D40
038D43
038D46
038D49
038D4C
038D4F
038D51
038D54
038D55
038D56
038D57
038D58
038D59
038D5B
038D5D
038D5E
038D60
038D61
038D65
038D6F
038D73
038D76
038D79
038D7B
038D7D
038D7F
038D82
038D85
038D87
038D89
038D8A
038D8B
038D8C
038D8D
038D8F
038D90
038D93
038D96
038D97
038D98
038D9A
038D9B
038D9C
038D9F
038DA1
038DA3
038DA4
038DA6
038DA8
038DAC
038DAF
038DB1
038DB4
038DB5
038DB7
038DB8
038DBA
038DBB
038DBE
038DC0
038DC2
038DC5
038DC7
038DC9
038DCB
038DCD
038DCF
038DD2
038DD4
038DD7
038DDA
038DDC
038DE0
038DE3
038DE7
038DE9
038DEB
038DED
038DEF
038DF0
038DF4
038DF7
038DFA
038DFE
038E12
038E15
038E18
038E19
038E1A
038E1B
038E1C
038E1D
038E1E
038E1F
038E20
038E21
038E24
038E26
038E28
038E29
038E2B
038E2D
038E2E
038E30
038E31
038E34
038E37
038E39
038E3A
038E3D
038E40
038E43
038E45
038E47
038E49
038E4C
038E4F
038E51
038E54
038E55
038E56
038E57
038E58
038E59
038E5C
038E5F
038E60
038E61
038E62
038E63
038E64
038E65
038E67
038E68
038E6A
038E6C
038E70
038E79
038E7C
038E7E
038E80
038E83
038E85
038E87
038E89
038E8B
038E8C
038E8F
038E92
038E94
038E96
038E97
038E9A
038E9C
038EA0
038EA3
038EA7
038EB4
038EB7
038EB8
038EBA
038EBC
038EBD
038EC0
038EC3
038EC5
038EC6
038EC9
038ECC
038ECF
038ED2
038ED4
038ED6
038ED9
038EDA
038EDB
038EDC
038EDD
038EDE
038EE0
038EE1
038EE3
038EE5
038EE9
038EEC
038EEF
038EF1
038EF3
038EF6
038EFA
038EFD
038F00
038F02
038F06
038F1B
038F1E
038F21
038F22
038F24
038F26
038F27
038F29
038F2A
038F2C
038F2D
038F2F
038F31
038F34
038F35
038F36
038F38
038F39
038F3B
038F3C
038F3F
038F42
038F43
038F44
038F46
038F47
038F4A
038F4D
038F50
038F52
038F56
038F58
038F5B
038F5C
038F5D
038F5E
038F5F
038F60
038F61
038F63
038F64
038F66
038F68
038F6C
038F75
038F78
038F7A
038F7C
038F7E
038F80
038F81
038F84
038F88
038F8B
038F8D
038F8E
038F8F
038F90
038F91
038F93
038F95
038F96
038F98
038F99
038F9B
038F9C
038F9D
038FA0
038FA3
038FA4
038FA7
038FA9
038FAB
038FAD
038FAF
038FB0
038FB2
038FB4
038FB7
038FB9
038FBB
038FBD
038FBF
038FC2
038FC6
038FCA
038FCE
038FD1
038FD3
038FD5
038FD7
038FD9
038FDA
038FDC
038FDF
038FE1
038FE3
038FE5
038FE7
038FE8
038FEA
038FEE
038FF1
038FF2
038FF6
038FF8
038FF9
038FFA
038FFC
038FFE
038FFF
039001
039003
039005
039007
039009
03900B
03900D
039010
039012
039015
039018
03901A
03901C
03901F
039020
039022
039025
039027
039028
039037
039039
03903C
03903E
039041
039044
039047
039049
03904C
03904F
039052
039054
039057
039059
03905C
039065
039068
03906A
03906C
039070
039073
039076
039079
03907B
03907E
039080
039082
039083
039086
039087
039088
039089
03908A
03908B
03908D
03908F
039092
039094
039096
039099
03909C
0390A2
0390A4
0390A7
0390A9
0390AA
0390AD
0390AF
0390B1
0390B3
0390B5
0390B7
0390B9
0390BA
0390BC
0390BD
0390C0
0390C2
0390C5
0390C7
0390C9
0390CB
0390CC
0390CF
0390D1
0390D4
0390D5
0390D6
0390D7
0390D8
0390DA
0390DC
0390E0
0390E1
0390E3
0390E7
0390EA
0390F3
0390F6
0390F7
0390FA
0390FB
0390FD
0390FE
039101
039103
039106
039109
03910B
03910D
03910F
039111
039113
039114
039116
039118
03911B
03911D
03911F
039123
039127
03912D
039180
039183
039186
039188
03918B
03918D
03918E
03918F
039191
039193
039194
039197
03919A
03919C
03919F
0391A1
0391A3
0391A5
0391A6
0391A7
0391A8
0391AA
0391AB
0391AE
0391B0
0391B3
0391B4
0391B7
0391B9
0391BB
0391BE
0391C0
0391C2
0391C4
0391C6
0391C9
0391CA
0391CC
0391CE
0391CF
0391D0
0391D2
0391D3
0391D5
0391D7
0391D8
0391D9
0391DB
0391DC
0391DE
0391DF
0391E2
0391E5
0391E6
0391E7
0391E8
0391E9
0391EA
0391EB
0391ED
0391EF
0391F0
0391F1
0391F2
0391F4
0391F5
0391F6
0391F9
0391FC
0391FF
039202
039204
039207
03920A
03920B
03920D
03920F
039213
039214
039218
03921B
03921D
039220
039223
039224
039227
03922A
03922C
03922D
03922E
039230
039231
039234
039237
039239
03923B
03923E
039242
039244
03924C
03924E
039251
039253
039254
039256
039258
03925A
03925C
03925E
039261
039262
039265
039267
03926B
03926C
03926E
039284
039288
03928B
03928E
03928F
039292
039294
039297
03929A
03929C
03929F
0392A1
0392A3
0392A7
0392A9
0392AC
0392AE
0392B0
0392B2
0392B4
0392B6
0392B8
0392BA
0392BD
0392C0
0392C2
0392C4
0392C7
0392C9
0392CC
0392CE
0392D2
0392D6
0392D9
0392DD
0392E0
0392E2
0392E4
0392E6
0392E8
0392EA
0392EC
0392EF
0392F1
0392F4
0392F6
0392F8
0392FB
0392FE
039300
039303
039306
039309
03930B
03930E
039311
039312
039313
039314
039315
039316
039319
03931A
03931C
03931F
039321
039324
039327
039329
03932B
03932C
03932E
039331
039333
039335
039337
03933B
03933E
03933F
039341
039343
039345
039347
039348
039349
03934B
03934D
039350
039351
039353
039356
039358
039359
03935A
03935C
03935E
039361
039362
039364
039367
03936B
03936C
03936F
039370
039372
039373
039376
039377
039379
03937A
03937D
03937F
039380
039383
039386
039387
03938A
03938B
03938D
03938F
039391
039394
039396
039398
03939A
03939D
03939F
0393A3
039423
039426
039428
03942A
03942D
039430
039432
039434
039440
039441
039444
039446
039448
03944A
03944C
03944E
039451
039453
039455
039457
039458
03945B
03945D
03945F
039462
039463
039465
039468
03946A
03946B
03946E
039470
039472
039474
039475
039478
03947A
03947C
03947D
03947F
039483
039488
03948C
03948E
039491
039493
039494
039496
039498
03949A
03949E
03949F
0394A1
0394A2
0394A5
0394A7
0394A9
0394AC
0394AE
0394B0
0394CF
0394D2
0394D4
0394D6
0394D8
0394DA
0394DC
0394DE
0394DF
0394E1
0394E2
0394E3
0394E4
0394E6
0394E7
0394E9
0394EC
0394EE
0394EF
0394F2
0394F5
0394F8
0394FB
0394FE
039501
039502
039503
039504
039505
039506
039507
039509
03950A
03950C
03950E
039512
039517
03951A
03951D
03951F
039521
039523
039525
039528
03952A
03952D
03952E
039530
039533
039534
039537
03953A
03953D
03953E
03953F
039541
039543
039545
039546
039548
03954A
03954B
03954D
039550
039553
039555
039557
039559
03955B
03955E
039560
039562
039563
039564
039567
039569
03956C
03956E
039572
039575
039577
039579
03957C
03957E
039581
039585
039589
03958B
03958E
039590
039593
039595
039597
03959A
03959C
03959E
0395A0
0395A3
0395A7
0395AB
0395AE
0395B1
0395B3
0395B5
0395B7
0395B9
0395BB
0395BD
0395C0
0395C1
0395C3
0395C6
0395C9
0395CA
0395CD
0395D0
0395D2
0395D5
0395D6
0395D9
0395DD
0395DE
0395E0
0395E3
0395E5
0395E8
0395EC
0395EE
0395F1
039628
039629
03962C
03962D
039630
039633
039634
039635
039637
039639
03963C
03963F
039640
039642
039646
03964A
03964B
03967E
039681
039683
039685
039688
03968B
03968D
03968F
039692
039695
039698
039699
03969B
03969E
0396A0
0396A1
0396A3
0396A4
0396A5
0396A7
0396A8
0396AA
0396AC
0396AD
0396AF
0396B0
0396B2
0396B3
0396B6
0396B9
0396BA
0396BC
0396BD
0396C0
0396C3
0396C6
0396C9
0396CB
0396CE
0396D0
0396D3
0396D4
0396D5
0396D6
0396D8
0396DA
0396DB
0396DD
0396DF
0396E1
0396E4
0396E5
0396E6
0396E7
0396E8
0396E9
0396EA
0396EC
0396ED
0396EF
0396F1
0396F5
0396F6
0396F9
0396FB
0396FD
039700
039704
039708
039709
03970A
03970B
03970C
03970D
03970F
039711
039713
039717
039719
03971B
03971D
039720
039722
03972A
03972F
039732
039735
039736
039737
039739
03973C
03973F
039741
039743
039745
039748
03974A
03974D
03974F
039750
039753
039755
039756
039758
03975A
03975D
03975E
039761
039764
039766
039768
03976A
03976C
03976E
039770
039772
039773
039775
039776
039778
03977A
03977D
03978C
039790
039793
039796
039798
03979A
03979C
03979E
0397A1
0397A4
0397A7
0397A8
0397AA
0397AD
0397AE
0397B0
0397B3
0397B4
0397B6
0397B9
0397BA
0397BB
0397BD
0397BF
0397C0
0397C3
0397C6
0397C7
0397C8
0397CA
0397CB
0397CD
0397CE
0397D1
0397D4
0397D7
0397D9
0397DC
0397DD
0397DE
0397E0
0397E1
0397E4
0397E7
0397E8
0397E9
0397EA
0397EB
0397EC
0397ED
0397EF
0397F0
0397F2
0397F4
0397F8
0397F9
0397FB
0397FC
0397FD
039800
039802
039804
039806
039808
039809
03980B
03980D
039810
039812
039814
039816
039818
039819
03981B
03981D
03981F
039821
039823
039825
039826
039827
039829
03982B
03982C
03982E
039830
039832
039834
039836
039838
039839
03983B
03983D
03983F
039841
039843
039845
039846
039848
039849
03984B
03984D
03984E
039850
039852
039853
039855
039857
039859
03985B
03985D
03985E
039860
039862
039864
039866
039868
03986A
03986B
03986D
03986F
039870
039871
039872
039874
039876
039878
03987A
03987E
039882
039885
039890
039893
039895
039897
03989A
03989C
03989E
03989F
0398A3
0398A5
0398A7
0398A9
0398AB
0398AD
0398AF
0398B2
0398B4
0398B6
0398B9
0398BB
0398BE
0398C2
0398C3
0398C5
0398C7
0398C8
0398CB
0398CE
0398D0
0398D2
0398D4
0398D6
0398D9
0398DB
0398DC
0398DE
0398E1
0398E3
0398E6
0398E8
0398EB
0398EC
0398EF
0398F0
0398F3
0398F6
0398F9
0398FB
0398FD
0398FF
039902
039906
039908
03990A
03990D
03990E
039910
039913
039915
039917
03991A
03991B
03991D
03991E
039920
039921
039924
039926
039928
03992B
03992D
03992F
039931
039933
039936
039937
039939
03993A
03993D
039940
039942
039944
039947
039948
039949
03994D
03994F
039951
039954
039955
039956
03995A
03995C
03995E
039960
039963
039965
039967
039969
03996C
03996D
03996E
03996F
039970
039973
039976
039978
03997A
03997C
03997E
03997F
039981
039983
039986
039988
03998A
03998C
03998F
039990
039991
039992
039993
039996
039999
03999B
03999D
03999F
0399A1
0399A2
0399A4
0399A7
0399A9
0399AA
0399AC
0399AE
0399B0
0399B2
0399B3
0399B5
0399B6
0399B7
0399B9
0399BB
0399BD
0399BF
0399C0
0399C2
0399C5
0399C6
0399C7
0399C9
0399CB
0399CC
0399CF
0399D1
0399D3
0399D5
0399D7
0399D8
0399DA
0399DB
0399DD
0399DF
0399E1
0399E3
0399E4
0399E6
0399E9
0399EC
0399EE
0399F2
0399F5
0399F7
0399F9
0399FC
0399FE
039A01
039A04
039A06
039A08
039A0B
039A0D
039A10
039A11
039A12
039A13
039A14
039A15
039A17
039A19
039A1C
039A1F
039A21
039A24
039A25
039A28
039A29
039A2C
039A2D
039A30
039A32
039A34
039A37
039A3A
039A3C
039A40
039A42
039A44
039A47
039A49
039A4A
039A4C
039A4E
039A50
039A52
039A54
039A56
039A58
039A5A
039A5D
039A5F
039A62
039A64
039A66
039A68
039A6B
039A6D
039A70
039A73
039A75
039A77
039A7B
039A7E
039A81
039A82
039A85
039A87
039A89
039A8B
039A8D
039A90
039A92
039A95
039A98
039A9A
039A9C
039A9E
039AA1
039AA3
039AA6
039AA9
039AAA
039AAD
039AAF
039AB2
039AB4
039AB7
039AB9
039ABB
039ABD
039AC0
039AC3
039AC6
039ACA
039ACC
039ACE
039AD1
039AD3
039AD6
039AD8
039ADB
039ADE
039AE1
039AE3
039AE6
039AE9
039AEC
039AED
039AEE
039AF2
039AF4
039AF6
039AF7
039AF8
039AFA
039AFD
039AFF
039B00
039B03
039B05
039B08
039B0A
039B0D
039B0F
039B10
039B11
039B13
039B16
039B18
039B1B
039B1D
039B20
039B22
039B23
039B24
039B26
039B28
039B2B
039B2E
039B2F
039B31
039B34
039B37
039B39
039B3C
039B3D
039B40
039B41
039B43
039B44
039B46
039B48
039B4B
039B4D
039B50
039B75
039B78
039B7A
039B7D
039B80
039B81
039B82
039B84
039B87
039B88
039B89
039B8B
039B8C
039B8E
039B8F
039B91
039B93
039B95
039B96
039B98
039B99
039B9B
039B9C
039B9F
039BA2
039BA3
039BA5
039BA6
039BA9
039BAC
039BAD
039BAE
039BB0
039BB1
039BB4
039BB7
039BBA
039BBC
039BBE
039BC0
039BC2
039BC4
039BC7
039BC8
039BC9
039BCA
039BCB
039BCC
039BCD
039BCF
039BD0
039BD2
039BD4
039BD8
039BDB
039BDD
039BDF
039BE2
039BEB
039BEE
039BEF
039BF1
039BF4
039BF7
039BFA
039BFB
039BFC
039BFD
039C00
039C02
039C03
039C05
039C08
039C09
039C0B
039C0E
039C10
039C11
039C13
039C16
039C19
039C1B
039C1E
039C21
039C23
039C26
039C28
039C2B
039C2D
039C2F
039C33
039C34
039C36
039C38
039C3A
039C3E
039C3F
039C40
039C41
039C42
039C45
039C46
039C47
039C4A
039C4C
039C4E
039C51
039C53
039C55
039C58
039C5C
039C60
039C62
039C74
039C76
039C78
039C7A
039C7D
039C7F
039C81
039C84
039C86
039C89
039C8C
039C8F
039C91
039C92
039C94
039C95
039C98
039C9A
039C9D
039CA0
039CA3
039CA8
039CAB
039CAD
039CAF
039CB2
039CB4
039CB6
039CB8
039CBA
039CBC
039CBF
039CC3
039CC5
039CC6
039CC8
039CC9
039CCA
039CCB
039CCC
039CCD
039CCF
039CD1
039CD3
039CD6
039CD7
039CDA
039CDC
039CDE
039CE1
039CE3
039CE5
039CE7
039CE8
039CE9
039CEC
039CEE
039CF1
039CF4
039CF6
039CF8
039CFA
039CFC
039CFE
039D00
039D41
039D43
039D46
039D48
039D4A
039D4C
039D4F
039D51
039D53
039D55
039D57
039D5A
039D5B
039D5C
039D5D
039D5F
039D61
039D63
039D64
039D66
039D67
039D6A
039D6B
039D6D
039D70
039D71
039D72
039D73
039D74
039D75
039D78
039D7A
039D7C
039D7E
039D80
039D81
039D83
039D85
039D87
039D8A
039D8E
039D92
039D9D
039DB6
039DB9
039DBA
039DBC
039DBD
039DC0
039DC2
039DC3
039DC4
039DC6
039DC7
039DCA
039DCC
039DCF
039DD2
039DD4
039DD7
039DD9
039DDB
039DDC
039DDF
039DE1
039DE4
039DE7
039DE9
039DEC
039DEE
039DEF
039DF2
039DF5
039DF7
039DF8
039DF9
039DFA
039DFD
039E49
039E4C
039E4F
039E51
039E54
039E56
039E58
039E5A
039E5C
039E5D
039E5F
039E61
039E63
039E65
039E67
039E68
039E69
039E6B
039E6C
039E6F
039E72
039E75
039E76
039E78
039E7B
039E7D
039E7F
039E81
039E84
039E86
039E89
039E8B
039E8C
039E8D
039E8F
039E90
039E93
039E96
039E97
039E98
039E99
039E9A
039E9C
039E9D
039E9F
039EA0
039EA2
039EA4
039EA8
039EA9
039EAC
039EAE
039EB1
039EB3
039EB4
039EB6
039EB8
039EB9
039EBA
039EBB
039EBC
039EBD
039EBF
039EC1
039EC3
039EC4
039EC6
039EC8
039ECA
039ECC
039ECE
039ED0
039ED1
039ED2
039ED4
039ED5
039ED6
039ED9
039EDB
039EDD
039EDF
039EE0
039EE1
039EE2
039EE4
039EE7
039EEA
039EEB
039EED
039EF0
039EF2
039EF4
039EF6
039EF8
039EFB
039EFD
039F00
039F03
039F05
039F07
039F09
039F0B
039F0D
039F0F
039F11
039F13
039F16
039F18
039F1B
039F1C
039F1D
039F1E
039F1F
039F20
039F22
039F24
039F25
039F28
039F2B
039F2D
039F31
039F38
039F3B
039F3D
039F3F
039F43
039F46
039F48
039F56
039F57
039F5A
039F5D
039F5F
039F62
039F64
039F65
039F67
039F69
039F6B
039F6D
039F6F
039F72
039F75
039F77
039F7A
039F7D
039F80
039F82
039F85
039F88
039F8A
039F8B
039F8D
039F8F
039F91
039F93
039F96
039F98
039F9A
039F9B
039F9F
039FA1
039FA3
039FA4
039FA7
039FA9
039FAB
039FAD
039FB0
039FB1
039FB3
039FB5
039FB7
039FB9
039FBC
039FBE
039FC0
039FC3
039FC4
039FC7
039FC8
039FCB
039FCD
039FCF
039FD1
039FD5
039FD6
039FD8
039FDB
039FDE
039FE1
039FE3
039FE5
039FE7
039FEA
039FEC
039FEF
039FF2
039FF5
039FF7
039FF8
039FFA
039FFC
039FFF
03A002
03A006
03A00A
03A00C
03A00E
03A010
03A012
03A014
03A016
03A018
03A01B
03A01D
03A020
03A023
03A026
03A028
03A02B
03A02E
03A031
03A033
03A035
03A038
03A03A
03A03B
03A03D
03A03F
03A041
03A044
03A045
03A047
03A048
03A049
03A04B
03A04D
03A050
03A051
03A053
03A056
03A05A
03A05B
03A05E
03A05F
03A061
03A062
03A065
03A067
03A069
03A06B
03A06D
03A071
03A074
03A076
03A079
03A07C
03A07E
03A081
03A09D
03A0A0
03A0A1
03A0A2
03A0A5
03A0A7
03A0AA
03A0AC
03A0AD
03A0AF
03A0B0
03A0B1
03A0B3
03A0B4
03A0B7
03A0BA
03A0BC
03A0BE
03A0BF
03A0C0
03A0C2
03A0C3
03A0C5
03A0C6
03A0C9
03A0CC
03A0CD
03A0CE
03A0D0
03A0D1
03A0D4
03A0D7
03A0D9
03A0DC
03A0DF
03A0E0
03A0E1
03A0E2
03A0E3
03A0E4
03A0E5
03A0E7
03A0E8
03A0EA
03A0EC
03A0F0
03A0F1
03A0F5
03A0F8
03A0FA
03A0FC
03A0FE
03A101
03A103
03A105
03A107
03A10A
03A10C
03A10F
03A111
03A113
03A117
03A118
03A119
03A11A
03A11B
03A11D
03A11F
03A121
03A124
03A125
03A126
03A128
03A12A
03A12D
03A12E
03A12F
03A131
03A133
03A136
03A137
03A138
03A13A
03A13C
03A13F
03A140
03A141
03A143
03A145
03A148
03A149
03A14A
03A14C
03A14E
03A151
03A152
03A153
03A155
03A157
03A15A
03A15B
03A15C
03A15E
03A160
03A163
03A164
03A165
03A167
03A169
03A16C
03A16D
03A16E
03A170
03A172
03A175
03A176
03A177
03A179
03A17B
03A17E
03A17F
03A180
03A182
03A184
03A187
03A188
03A189
03A18B
03A18D
03A190
03A191
03A192
03A194
03A196
03A199
03A19A
03A19B
03A19D
03A19F
03A1A2
03A1A3
03A1A4
03A1A6
03A1A8
03A1AB
03A1AC
03A1AD
03A1AF
03A1B1
03A1B4
03A1B5
03A1B6
03A1B8
03A1BA
03A1BC
03A1BE
03A1C1
03A1C2
03A1C3
03A1C5
03A1C7
03A1CA
03A1CB
03A1CC
03A1CE
03A1D0
03A1D3
03A1D4
03A1D5
03A1D7
03A1D9
03A1DC
03A1DD
03A1DE
03A1E0
03A1E2
03A1E5
03A1E6
03A1E7
03A1E9
03A1EB
03A1ED
03A1F0
03A1F1
03A1F2
03A1F4
03A1F6
03A1F9
03A1FA
03A1FB
03A1FD
03A1FF
03A202
03A203
03A204
03A206
03A208
03A20B
03A20C
03A20D
03A20F
03A211
03A214
03A215
03A216
03A218
03A21A
03A21C
03A21E
03A221
03A222
03A223
03A225
03A227
03A22A
03A22B
03A22C
03A22E
03A230
03A233
03A234
03A235
03A237
03A239
03A23C
03A23D
03A23E
03A240
03A242
03A245
03A246
03A247
03A249
03A24B
03A24E
03A24F
03A250
03A252
03A254
03A257
03A258
03A259
03A25D
03A260
03A263
03A264
03A279
03A27B
03A27C
03A27D
03A27E
03A27F
03A282
03A285
03A288
03A289
03A28B
03A28E
03A291
03A293
03A294
03A296
03A299
03A29B
03A29D
03A29F
03A2A1
03A2A5
03A2A8
03A2AA
03A2AD
03A2B0
03A2B2
03A2B5
03A2B8
03A2BA
03A2BB
03A2BC
03A2BD
03A2BE
03A2BF
03A2C0
03A2C3
03A2C5
03A2C6
03A2C8
03A2CA
03A2CD
03A2CE
03A2D0
03A2D2
03A2D5
03A2D7
03A2D9
03A2DB
03A2DD
03A2DF
03A2E1
03A2E4
03A2E7
03A2E9
03A2EB
03A2ED
03A2EF
03A2F2
03A2F4
03A2F6
03A2F8
03A2FC
03A2FE
03A300
03A302
03A305
03A308
03A30B
03A30D
03A30F
03A312
03A315
03A317
03A31A
03A31D
03A321
03A325
03A328
03A340
03A3E2
03A3E5
03A3E8
03A3E9
03A3EA
03A3EC
03A3ED
03A3EE
03A3EF
03A3F1
03A3F3
03A3F6
03A3F7
03A3F8
03A3FA
03A3FB
03A3FC
03A3FE
03A3FF
03A401
03A402
03A405
03A406
03A408
03A40B
03A40D
03A40E
03A411
03A412
03A414
03A417
03A419
03A41C
03A41F
03A420
03A423
03A426
03A427
03A428
03A429
03A42A
03A42B
03A42D
03A42E
03A430
03A432
03A436
03A441
03A444
03A446
03A449
03A44B
03A44D
03A450
03A452
03A454
03A456
03A458
03A459
03A45B
03A45D
03A45F
03A461
03A464
03A465
03A467
03A469
03A46B
03A46D
03A46F
03A471
03A472
03A473
03A474
03A475
03A478
03A47B
03A47C
03A47E
03A481
03A482
03A483
03A485
03A487
03A48A
03A48C
03A48F
03A49C
03A49F
03A4A2
03A4A5
03A4A8
03A4AA
03A4AB
03A4AD
03A4AE
03A4B1
03A4B3
03A4B6
03A4B8
03A4BB
03A4BE
03A4C0
03A4C1
03A4C3
03A4C4
03A4C7
03A4C9
03A4CC
03A4CE
03A4D1
03A4D2
03A4D4
03A4D6
03A4D8
03A4DA
03A4DC
03A4DE
03A4DF
03A4E0
03A4E1
03A4E2
03A4E5
03A4E6
03A4E7
03A4EA
03A4ED
03A4EF
03A4F1
03A4F3
03A4F6
03A4F9
03A4FC
03A4FD
03A500
03A502
03A505
03A507
03A509
03A50C
03A50F
03A511
03A513
03A515
03A518
03A51A
03A51D
03A520
03A522
03A525
03A527
03A529
03A52C
03A5AD
03A5B0
03A5B2
03A5B5
03A5B7
03A5B9
03A5BC
03A5BD
03A5BE
03A5BF
03A5C0
03A5C3
03A5C6
03A5C9
03A5CB
03A5CD
03A5D0
03A5D2
03A5D5
03A5D6
03A5D7
03A5D8
03A5DB
03A5DD
03A5E0
03A5E2
03A5E3
03A5E4
03A5E5
03A5E8
03A5EB
03A5EE
03A5F0
03A5F2
03A5F4
03A5F6
03A5F8
03A5FA
03A5FC
03A5FF
03A601
03A603
03A605
03A608
03A60B
03A60C
03A60D
03A60E
03A610
03A613
03A615
03A617
03A619
03A61C
03A61D
03A61F
03A622
03A624
03A626
03A628
03A629
03A62B
03A62D
03A630
03A632
03A635
03A637
03A638
03A63A
03A63C
03A63F
03A641
03A644
03A645
03A647
03A64B
03A64C
03A661
03A664
03A666
03A669
03A66C
03A66F
03A671
03A673
03A676
03A679
03A67B
03A67E
03A680
03A682
03A684
03A687
03A689
03A68C
03A68E
03A691
03A692
03A693
03A694
03A697
03A698
03A699
03A69A
03A69D
03A69F
03A6A1
03A6A3
03A6A5
03A6A6
03A6A8
03A6AA
03A6AC
03A6AE
03A6B0
03A6B2
03A6B4
03A6B6
03A6B7
03A6BA
03A6BC
03A6BF
03A6C0
03A6C2
03A6C5
03A6C7
03A6C8
03A6CA
03A6CD
03A6CF
03A6D2
03A6D4
03A6D6
03A6D8
03A6DA
03A6DC
03A6DE
03A6E0
03A6E2
03A6E4
03A6E7
03A6E9
03A6EC
03A6ED
03A6EF
03A6F8
03A6FB
03A6FD
03A6FF
03A701
03A703
03A706
03A707
03A708
03A709
03A70A
03A70B
03A70E
03A711
03A713
03A715
03A718
03A71B
03A71E
03A731
03A734
03A736
03A738
03A73A
03A73D
03A73F
03A741
03A742
03A745
03A747
03A74A
03A74C
03A74F
03A752
03A754
03A756
03A758
03A75B
03A75D
03A75F
03A760
03A763
03A765
03A768
03A76A
03A76D
03A770
03A772
03A774
03A776
03A779
03A77B
03A77D
03A77E
03A781
03A783
03A785
03A788
03A78A
03A78D
03A790
03A792
03A794
03A796
03A799
03A79B
03A79E
03A7A2
03A7A4
03A7A7
03A7A9
03A7AC
03A7AD
03A7AF
03A7B1
03A7B3
03A7B5
03A7B8
03A7BA
03A7BC
03A7BF
03A7C1
03A7C3
03A7C6
03A7C8
03A7CB
03A7CD
03A7CF
03A7D1
03A7D4
03A7D6
03A7D8
03A7DA
03A7DC
03A7DE
03A7DF
03A7E1
03A7E3
03A7E5
03A7E7
03A7E9
03A7EB
03A7EE
03A7F0
03A7F1
03A7F3
03A7F5
03A7F6
03A7F8
03A7FB
03A7FD
03A800
03A802
03A805
03A808
03A809
03A80C
03A80D
03A80F
03A812
03A814
03A817
03A819
03A81C
03A81F
03A820
03A821
03A825
03A827
03A82A
03A82D
03A82F
03A832
03A833
03A834
03A835
03A836
03A837
03A838
03A839
03A83A
03A83D
03A840
03A84B
03A84D
03A850
03A852
03A854
03A856
03A858
03A85A
03A85C
03A85E
03A860
03A862
03A864
03A866
03A868
03A86A
03A86D
03A86E
03A870
03A872
03A873
03A876
03A877
03A879
03A87B
03A87D
03A87F
03A881
03A883
03A885
03A887
03A888
03A88B
03A88E
03A891
03A892
03A893
03A894
03A895
03A896
03A899
03A89C
03A89D
03A8A0
03A8A1
03A8A4
03A8A6
03A8A8
03A8AA
03A8AD
03A8AE
03A8B0
03A8B2
03A8B4
03A8B7
03A8B8
03A8BA
03A8BD
03A8D6
03A8D8
03A8DB
03A8E3
03A8E5
03A8E8
03A8EA
03A8ED
03A8EF
03A8F2
03A8F4
03A8F5
03A8F7
03A8FA
03A8FD
03A8FF
03A902
03A904
03A905
03A907
03A90A
03A90D
03A90F
03A912
03A913
03A914
03A918
03A91A
03A91C
03A91F
03A921
03A923
03A925
03A927
03A92A
03A92C
03A92D
03AA6E
03AA70
03AA71
03AA73
03AA74
03AA76
03AA78
03AA7A
03AA7B
03AA7D
03AA7E
03AA80
03AA81
03AA83
03AA85
03AA87
03AA89
03AA8B
03AA8D
03AA8F
03AA90
03AA92
03AA95
03AA96
03AA98
03AA9B
03AA9D
03AA9E
03AAA0
03AAA3
03AAA6
03AAA8
03AAAB
03AAAD
03AAB0
03AAB2
03AAB3
03AAB5
03AAB6
03AAB7
03AAB8
03AABB
03AABE
03AAC0
03AAC3
03AAC6
03AAC8
03AACA
03AACB
03AACC
03AACE
03AACF
03AAD1
03AAD2
03AAD3
03AAD4
03AAD6
03AAD7
03AAD9
03AADA
03AADD
03AAE0
03AAE2
03AAE3
03AAE6
03AAE9
03AAEC
03AAEF
03AAF2
03AAF3
03AAF6
03AAF8
03AAFA
03AAFC
03AAFF
03AB00
03AB01
03AB02
03AB03
03AB04
03AB05
03AB07
03AB0A
03AB0B
03AB0C
03AB0D
03AB0E
03AB0F
03AB10
03AB11
03AB13
03AB14
03AB21
03AB24
03AB27
03AB2A
03AB2C
03AB2E
03AB30
03AB32
03AB34
03AB36
03AB39
03AB3B
03AB3D
03AB3E
03AB40
03AB43
03AB45
03AB46
03AB49
03AB4B
03AB4D
03AB4F
03AB51
03AB53
03AB54
03AB56
03AB59
03AB5B
03AB5C
03AB5F
03AB61
03AB64
03AB66
03AB69
03AB6C
03AB6F
03AB72
03AB74
03AB75
03AB77
03AB79
03AB7B
03AB7D
03AB7F
03AB82
03AB84
03AB86
03AB88
03AB8A
03AB8C
03AB8E
03AB91
03AB94
03AB97
03AB99
03AB9B
03AB9E
03AB9F
03ABA2
03ABA5
03ABA7
03ABA9
03ABAB
03ABAD
03ABAF
03ABB1
03ABB4
03ABB6
03ABB9
03ABBB
03ABBD
03ABBE
03ABC1
03ABC3
03ABC5
03ABC8
03ABCA
03ABCC
03ABCD
03ABCF
03ABD1
03ABD3
03ABD5
03ABD7
03ABD9
03ABDB
03ABDD
03ABE0
03ABE2
03ABE5
03ABE7
03ABEA
03ABEB
03ABED
03ABEF
03ABF1
03ABF3
03ABF5
03ABF8
03ABFB
03ABFD
03ABFF
03AC02
03AC03
03AC06
03AC09
03AC0B
03AC0D
03AC0F
03AC11
03AC14
03AC17
03AC1A
03AC1C
03AC1F
03AC22
03AC25
03AC27
03AC29
03AC2B
03AC2D
03AC2F
03AC31
03AC32
03AC34
03AC36
03AC38
03AC3A
03AC3C
03AC3E
03AC40
03AC42
03AC44
03AC46
03AC48
03AC4A
03AC4C
03AC4D
03AC50
03AC52
03AC54
03AC57
03AC5A
03AC5C
03AC5F
03AC62
03AC63
03AC65
03AC68
03AC6A
03AC6C
03AC6E
03AC6F
03AC71
03AC73
03AC76
03AC78
03AC7B
03AC7D
03AC7E
03AC80
03AC82
03AC85
03AC87
03AC8A
03AC8B
03AC8D
03AC91
03AC92
03AC97
03AC99
03AC9A
03AC9C
03AC9E
03ACA0
03ACA1
03ACA3
03ACA5
03ACA7
03ACA9
03ACAB
03ACAF
03ACB1
03ACB3
03ACB5
03ACB8
03ACBB
03ACBE
03ACC0
03ACC1
03ACC4
03ACC6
03ACC7
03ACC8
03ACCA
03ACCB
03ACCD
03ACCF
03ACD2
03ACD3
03ACD6
03ACD8
03ACDA
03ACDE
03ACE1
03ACE3
03ACE4
03ACE6
03ACE8
03ACEA
03ACEB
03ACED
03ACEF
03ACF2
03ACF4
03ACF5
03ACF8
03ACFB
03ACFE
03AD01
03AD02
03AD04
03AD06
03AD08
03AD0A
03AD0C
03AD0F
03AD10
03AD11
03AD12
03AD13
03AD15
03AD18
03AD1A
03AD1C
03AD1E
03AD21
03AD23
03AD37
03AD39
03AD3C
03AD40
03AD42
03AD44
03AD46
03AD47
03AD49
03AD4B
03AD4E
03AD50
03AD52
03AD54
03AD56
03AD58
03AD5A
03AD5C
03AD5E
03AD61
03AD63
03AD65
03AD67
03AD69
03AD6B
03AD6E
03AD70
03AD71
03AD73
03AD74
03AD76
03AD79
03AD7D
03AD7F
03AD81
03AD82
03AD84
03AD86
03AD88
03AD89
03AD8B
03AD8E
03AD91
03AD93
03AD96
03AD99
03AD9B
03AD9D
03ADA0
03ADA3
03ADA5
03ADA8
03ADAA
03ADAD
03ADAF
03ADB2
03ADB3
03ADB6
03ADB8
03ADBA
03ADBD
03ADC2
03ADC5
03ADC6
03ADC9
03ADCB
03ADCC
03ADD0
03ADD4
03ADD8
03ADDD
03ADDF
03ADE1
03ADE3
03ADE5
03ADE8
03ADEB
03ADEC
03ADEF
03ADF0
03ADF3
03ADF5
03ADF7
03ADFF
03AE02
03AE04
03AE06
03AE07
03AE09
03AE0A
03AE0D
03AE0F
03AE13
03AE14
03AE17
03AE18
03AE1B
03AE1D
03AE1F
03AE21
03AE24
03AE25
03AE28
03AE2A
03AE2C
03AE2E
03AE31
03AE32
03AE35
03AE37
03AE39
03AE3C
03AE3F
03AE41
03AE43
03AE44
03AE46
03AE48
03AE4B
03AE4D
03AE50
03AE51
03AE53
03AE55
03AE57
03AE5A
03AEAF
03AEB2
03AEB5
03AEB7
03AEBA
03AEBC
03AEBE
03AEC1
03AEC4
03AEC7
03AEC8
03AECA
03AECC
03AECF
03AED0
03AED2
03AED4
03AED7
03AEE8
03AEEB
03AEED
03AEEE
03AEF0
03AEF2
03AEF4
03AEF6
03AEF7
03AEF8
03AEF9
03AEFA
03AEFB
03AEFD
03AEFF
03AF00
03AF01
03AF02
03AF03
03AF04
03AF06
03AF08
03AF0A
03AF0B
03AF0C
03AF0F
03AF11
03AF14
03AF16
03AF19
03AF1B
03AF1E
03AF20
03AF23
03AF25
03AF28
03AF29
03AF2A
03AF2C
03AF2F
03AF30
03AF33
03AF59
03AF5C
03AF5F
03AF61
03AF63
03AF64
03AF65
03AF67
03AF69
03AF6B
03AF6E
03AF6F
03AF70
03AF72
03AF73
03AF74
03AF75
03AF76
03AF78
03AF7A
03AF7B
03AF7D
03AF7E
03AF81
03AF84
03AF86
03AF87
03AF8A
03AF8D
03AF8F
03AF92
03AF95
03AF97
03AF9A
03AF9B
03AF9C
03AF9D
03AF9E
03AF9F
03AFA0
03AFA2
03AFA5
03AFA8
03AFA9
03AFAA
03AFAB
03AFAD
03AFAF
03AFB0
03AFB2
03AFB4
03AFB5
03AFB6
03AFB7
03AFB8
03AFB9
03AFBB
03AFBC
03AFBE
03AFC1
03AFC3
03AFC4
03AFC8
03AFCB
03AFCD
03AFD0
03AFD2
03AFD4
03AFD7
03AFD8
03AFDA
03AFDC
03AFE0
03AFE3
03AFE4
03AFE6
03AFE9
03AFEC
03AFEF
03AFF2
03AFF5
03AFF8
03AFFB
03AFFE
03AFFF
03B000
03B001
03B002
03B003
03B006
03B009
03B00A
03B00B
03B00C
03B00D
03B00E
03B00F
03B011
03B012
03B019
03B01B
03B01E
03B020
03B022
03B025
03B027
03B028
03B02A
03B02B
03B02D
03B030
03B032
03B035
03B037
03B038
03B03A
03B03D
03B040
03B042
03B045
03B047
03B049
03B04C
03B04E
03B04F
03B051
03B053
03B054
03B057
03B05A
03B05C
03B05F
03B062
03B063
03B067
03B069
03B06C
03B06E
03B070
03B072
03B073
03B078
03B07A
03B07C
03B07E
03B081
03B083
03B085
03B087
03B089
03B08B
03B08E
03B091
03B093
03B095
03B098
03B09C
03B09E
03B0A1
03B0A3
03B0A6
03B0A9
03B0AC
03B0B3
03B0B6
03B0B8
03B0BA
03B0BD
03B0C0
03B0C4
03B0C9
03B0CC
03B0D0
03B0D2
03B0D6
03B0D8
03B0DB
03B0DC
03B0DE
03B0DF
03B0E2
03B0E4
03B0E6
03B0E9
03B0EB
03B0EE
03B0EF
03B0F0
03B0F2
03B0F3
03B0F4
03B0F5
03B0F9
03B0FA
03B0FC
03B0FF
03B103
03B107
03B109
03B10C
03B110
03B114
03B116
03B119
03B11B
03B11D
03B120
03B123
03B126
03B129
03B12B
03B12E
03B131
03B133
03B135
03B138
03B13A
03B13C
03B13D
03B141
03B142
03B144
03B147
03B148
03B14A
03B14D
03B14F
03B151
03B152
03B155
03B157
03B15A
03B15B
03B15F
03B160
03B163
03B166
03B168
03B16A
03B16D
03B171
03B175
03B179
03B17B
03B17D
03B17F
03B180
03B182
03B184
03B186
03B188
03B18A
03B18C
03B18E
03B191
03B193
03B195
03B197
03B199
03B19B
03B19D
03B19F
03B1A1
03B1A3
03B1A5
03B1A8
03B1AA
03B1AD
03B1AF
03B1B1
03B1B3
03B1B6
03B1B9
03B1BB
03B1BD
03B1C0
03B1C3
03B1C5
03B1C7
03B1C9
03B1CB
03B1CE
03B1D1
03B1D4
03B221
03B223
03B226
03B229
03B22A
03B22C
03B22E
03B22F
03B232
03B235
03B237
03B238
03B23B
03B23E
03B241
03B244
03B247
03B249
03B24C
03B24D
03B24E
03B24F
03B250
03B251
03B254
03B257
03B258
03B259
03B25A
03B25B
03B25C
03B25D
03B25F
03B260
03B261
03B264
03B267
03B268
03B269
03B26A
03B26C
03B26D
03B26E
03B271
03B272
03B275
03B278
03B27B
03B27C
03B27F
03B282
03B283
03B284
03B286
03B288
03B289
03B28C
03B28D
03B290
03B293
03B296
03B297
03B29A
03B29D
03B29E
03B2A0
03B2A2
03B2A6
03B2A9
03B2AD
03B2B0
03B2B2
03B2B4
03B2B6
03B2B8
03B2BB
03B2BF
03B2C3
03B2C6
03B2C8
03B2CA
03B2CC
03B2CF
03B2D2
03B2D4
03B2D6
03B2D8
03B2DA
03B2DC
03B2DF
03B2E0
03B2E3
03B2E6
03B2E8
03B2F9
03B2FC
03B2FF
03B301
03B302
03B303
03B306
03B307
03B308
03B309
03B30A
03B30D
03B30E
03B355
03B357
03B35A
03B35D
03B35F
03B361
03B363
03B365
03B367
03B369
03B36B
03B36C
03B36F
03B372
03B374
03B376
03B378
03B379
03B37C
03B37F
03B382
03B385
03B387
03B388
03B389
03B38B
03B38C
03B38F
03B390
03B391
03B393
03B396
03B397
03B398
03B39A
03B39C
03B39D
03B39F
03B3A0
03B3A1
03B3A2
03B3A3
03B3A4
03B3A5
03B3A8
03B3AB
03B3AC
03B3AD
03B3AE
03B3AF
03B3B1
03B3B2
03B3B4
03B3B5
03B3B8
03B3BB
03B3BE
03B3C0
03B3C2
03B3C5
03B3C6
03B3C7
03B3C8
03B3CA
03B3CB
03B3CE
03B3D1
03B3D3
03B3D4
03B3D7
03B3DA
03B3DB
03B3DC
03B3DD
03B3DE
03B3DF
03B3E0
03B3E2
03B3E3
03B3E5
03B3E7
03B3EB
03B3EE
03B3F7
03B3FA
03B3FB
03B3FD
03B400
03B403
03B404
03B407
03B408
03B409
03B40B
03B40D
03B410
03B411
03B413
03B414
03B417
03B41A
03B41C
03B41D
03B41F
03B422
03B425
03B427
03B42A
03B42C
03B42F
03B432
03B433
03B435
03B437
03B43B
03B43C
03B43F
03B442
03B44F
03B452
03B454
03B457
03B45A
03B45C
03B45D
03B45F
03B461
03B464
03B467
03B46A
03B46D
03B46F
03B472
03B475
03B478
03B479
03B47A
03B47B
03B47C
03B47D
03B47F
03B482
03B483
03B484
03B485
03B486
03B487
03B488
03B48A
03B48B
03B4AC
03B4AD
03B4AF
03B4B1
03B4B4
03B4B6
03B4B8
03B4BA
03B4BC
03B4BE
03B4BF
03B4C1
03B4C2
03B4C4
03B4C7
03B4C9
03B4CA
03B4CC
03B4CF
03B4D0
03B4D2
03B4D4
03B4D6
03B4D9
03B4DB
03B4DD
03B4E0
03B4E1
03B4E2
03B4E3
03B4E4
03B4E5
03B4E7
03B4EA
03B4EB
03B4EC
03B4ED
03B4EE
03B4EF
03B4F0
03B4F2
03B4F4
03B4F6
03B4F8
03B4FA
03B4FD
03B4FE
03B500
03B503
03B506
03B507
03B509
03B50C
03B50E
03B510
03B512
03B514
03B517
03B519
03B51B
03B51E
03B51F
03B520
03B521
03B522
03B523
03B525
03B528
03B529
03B52A
03B52B
03B52C
03B52D
03B52E
03B530
03B532
03B534
03B537
03B538
03B53A
03B53D
03B540
03B541
03B543
03B546
03B548
03B54A
03B54C
03B54E
03B551
03B553
03B555
03B558
03B559
03B55A
03B55B
03B55C
03B55D
03B55F
03B562
03B563
03B564
03B565
03B566
03B567
03B568
03B56A
03B56B
03B664
03B665
03B667
03B668
03B66A
03B66C
03B66E
03B670
03B672
03B674
03B676
03B678
03B67A
03B67C
03B67E
03B680
03B681
03B684
03B686
03B687
03B688
03B68C
03B68E
03B690
03B691
03B695
03B697
03B699
03B69B
03B69D
03B69E
03B69F
03B6A0
03B6A1
03B6A2
03B6A5
03B6A7
03B6A8
03B6AA
03B6AE
03B6B0
03B6B2
03B6B3
03B6B6
03B6B8
03B6BB
03B6BD
03B6BF
03B6C3
03B6C5
03B6C7
03B6CB
03B6CD
03B6CF
03B6D0
03B6D3
03B6D5
03B6D8
03B6DA
03B6DC
03B6E0
03B6E2
03B6E3
03B6E4
03B6E5
03B6E6
03B6E7
03B6E8
03B6EB
03B6ED
03B6EE
03B6F0
03B6F4
03B6F6
03B6F8
03B6F9
03B6FC
03B6FE
03B701
03B703
03B705
03B709
03B70B
03B70D
03B711
03B713
03B715
03B716
03B719
03B71B
03B71E
03B720
03B722
03B726
03B728
03B729
03B72A
03B72B
03B72C
03B72E
03B730
03B731
03B733
03B734
03B736
03B738
03B73A
03B73B
03B73C
03B73E
03B740
03B742
03B744
03B746
03B747
03B749
03B74A
03B74C
03B74E
03B750
03B751
03B753
03B755
03B757
03B758
03B75A
03B75B
03B760
03B763
03B766
03B768
03B76A
03B76D
03B76F
03B771
03B774
03B777
03B778
03B77A
03B77C
03B77D
03B77F
03B780
03B783
03B786
03B788
03B789
03B78B
03B78E
03B790
03B792
03B795
03B797
03B799
03B79A
03B79C
03B79D
03B7A0
03B7A1
03B7A3
03B7A5
03B7A6
03B7A9
03B7AB
03B7AD
03B7AF
03B7B1
03B7B4
03B7B7
03B7BA
03B7BB
03B7BD
03B7C0
03B7C2
03B7C3
03B7C5
03B7C7
03B7C9
03B7CA
03B7CC
03B7CE
03B7CF
03B7D0
03B7D1
03B7F8
03B7FA
03B7FB
03B7FD
03B7FE
03B7FF
03B800
03B801
03B803
03B805
03B807
03B808
03B809
03B80B
03B80C
03B80F
03B812
03B814
03B816
03B817
03B819
03B81B
03B81C
03B81E
03B820
03B822
03B825
03B827
03B828
03B829
03B82B
03B82D
03B82E
03B830
03B832
03B834
03B837
03B839
03B83A
03B84F
03B851
03B859
03B85B
03B85D
03B85F
03B862
03B864
03B866
03B868
03B86A
03B86C
03B86D
03B86F
03B872
03B874
03B876
03B878
03B87B
03B87D
03B87F
03B881
03B883
03B885
03B887
03B888
03B88A
03B88B
03B88E
03B890
03B892
03B893
03B895
03B897
03B89A
03B89B
03B89E
03B8A0
03B8A2
03B8A4
03B8A6
03B8A8
03B8AA
03B8AC
03B8AF
03B8B1
03B8B3
03B8B6
03B8B8
03B8BA
03B8BC
03B8BF
03B8C2
03B8C3
03B8C6
03B8C8
03B8CA
03B8CC
03B8CD
03B8CF
03B8D1
03B8D3
03B8D4
03B8D6
03B8D7
03B8DA
03B8DC
03B8DE
03B8DF
03B8E2
03B8E4
03B8E7
03B8E8
03B8EB
03B8ED
03B8EF
03B8F1
03B8F3
03B8F5
03B8F7
03B8F9
03B8FB
03B8FE
03B901
03C000
03C002
03C004
03C005
03C007
03C009
03C00C
03C00E
03C010
03C012
03C013
03C015
03C017
03C01A
03C01C
03C01E
03C022
03C023
03C024
03C025
03C026
03C029
03C02A
03C02F
03C032
03C034
03C037
03C039
03C03C
03C03F
03C041
03C044
03C046
03C054
03C056
03C09B
03C09E
03C0A1
03C0A3
03C0A7
03C0AB
03C0AD
03C0B1
03C0C6
03C0C8
03C0CA
03C0CD
03C0CF
03C0D1
03C0D3
03C0D5
03C0D7
03C0DA
03C0DB
03C0DD
03C0DF
03C0E1
03C0E4
03C0E6
03C0E8
03C0EB
03C0EC
03C0EE
03C0EF
03C0F0
03C0F1
03C0F2
03C0F6
03C0F8
03C0F9
03C0FD
03C100
03C101
03C102
03C103
03C104
03C106
03C109
03C10A
03C10B
03C10C
03C10D
03C10E
03C10F
03C111
03C11E
03C120
03C123
03C125
03C128
03C12A
03C12D
03C12F
03C131
03C134
03C136
03C139
03C13B
03C13C
03C13F
03C141
03C143
03C144
03C145
03C147
03C148
03C14C
03C14E
03C14F
03C151
03C155
03C157
03C159
03C15A
03C15E
03C160
03C163
03C165
03C168
03C16B
03C16E
03C170
03C172
03C175
03C1CA
03C1CB
03C1CC
03C1CD
03C1CF
03C1D2
03C1D4
03C1D5
03C1D7
03C1D8
03C1DB
03C1DD
03C1E0
03C1E3
03C1E6
03C1E8
03C1EA
03C1EB
03C1F5
03C1F7
03C1F9
03C1FD
03C200
03C203
03C205
03C207
03C209
03C20B
03C20E
03C20F
03C211
03C214
03C216
03C218
03C21B
03C21D
03C21F
03C222
03C224
03C227
03C228
03C22A
03C22B
03C22E
03C22F
03C230
03C232
03C233
03C234
03C237
03C239
03C23B
03C23C
03C23E
03C240
03C244
03C247
03C249
03C24C
03C24F
03C251
03C254
03C255
03C257
03C258
03C25A
03C263
03C264
03C265
03C266
03C269
03C26A
03C26B
03C26E
03C26F
03C271
03C272
03C274
03C275
03C278
03C27A
03C27D
03C27F
03C280
03C282
03C284
03C286
03C288
03C289
03C28B
03C28E
03C291
03C294
03C296
03C297
03C299
03C29C
03C29D
03C29F
03C2A0
03C2A2
03C2A5
03C2A6
03C2A8
03C2AB
03C2AD
03C2AE
03C2AF
03C2B1
03C2B2
03C2B3
03C2B6
03C2B9
03C2BA
03C2BC
03C2BF
03C2C1
03C2C4
03C2C6
03C2C9
03C2CB
03C2CE
03C2D1
03C2D3
03C2D4
03C2D8
03C2D9
03C2DA
03C2DC
03C2DF
03C2E6
03C2E8
03C2EB
03C2ED
03C2EF
03C2F1
03C2F3
03C2F5
03C2F8
03C2FA
03C2FC
03C2FE
03C301
03C305
03C307
03C30A
03C30D
03C30E
03C30F
03C312
03C316
03C318
03C31A
03C31C
03C320
03C322
03C325
03C327
03C328
03C32A
03C32C
03C32F
03C331
03C334
03C336
03C338
03C33A
03C33B
03C33E
03C340
03C342
03C344
03C347
03C34C
03C350
03C352
03C354
03C357
03C358
03C35B
03C35E
03C362
03C366
03C369
03C36B
03C36D
03C36F
03C372
03C374
03C376
03C379
03C37B
03C37D
03C37F
03C380
03C383
03C385
03C387
03C389
03C38B
03C38C
03C38F
03C390
03C391
03C392
03C393
03C396
03C397
03C39A
03C39C
03C39E
03C3A0
03C3A2
03C3A5
03C3A8
03C3A9
03C3AC
03C3AD
03C3AE
03C3B2
03C3DA
03C3DC
03C3DE
03C3E0
03C3E3
03C3E6
03C3E8
03C3EB
03C3EC
03C3EF
03C3F1
03C3F2
03C3F5
03C3F6
03C3F7
03C3FA
03C3FC
03C3FD
03C400
03C402
03C404
03C405
03C406
03C407
03C409
03C40A
03C40B
03C40D
03C40F
03C410
03C411
03C413
03C414
03C416
03C417
03C41A
03C41D
03C41E
03C421
03C423
03C426
03C427
03C428
03C429
03C42B
03C42C
03C42E
03C42F
03C432
03C435
03C438
03C43B
03C43C
03C43D
03C43E
03C43F
03C440
03C441
03C443
03C445
03C446
03C448
03C449
03C44D
03C44E
03C451
03C454
03C456
03C458
03C45B
03C45D
03C45E
03C460
03C461
03C463
03C466
03C468
03C469
03C46B
03C46E
03C471
03C473
03C476
03C478
03C47B
03C47E
03C481
03C484
03C485
03C487
03C489
03C48B
03C48E
03C4A5
03C4A8
03C4AA
03C4AD
03C4AF
03C4B2
03C4B3
03C4B5
03C4B7
03C4B9
03C4BB
03C4BD
03C4BE
03C4C0
03C4C1
03C4C4
03C4C7
03C4CA
03C4CD
03C4CE
03C4CF
03C4D0
03C4D1
03C4D3
03C4D6
03C4D7
03C4DC
03C4DF
03C4E1
03C4E3
03C4E6
03C4E8
03C4EB
03C4ED
03C4EF
03C4F2
03C4F4
03C4F6
03C4F9
03C4FA
03C4FB
03C4FD
03C500
03C503
03C505
03C507
03C509
03C50B
03C50D
03C50F
03C511
03C514
03C516
03C518
03C519
03C51C
03C51F
03C522
03C525
03C527
03C529
03C52C
03C52E
03C530
03C533
03C535
03C538
03C53A
03C53D
03C53F
03C542
03C544
03C547
03C54A
03C54D
03C550
03C553
03C554
03C557
03C55A
03C55D
03C55E
03C561
03C564
03C567
03C569
03C56C
03C56D
03C56F
03C572
03C574
03C576
03C578
03C57A
03C57D
03C580
03C581
03C584
03C58A
03C58D
03C590
03C593
03C595
03C598
03C59B
03C59C
03C59F
03C5A1
03C5A2
03C5A4
03C5A5
03C5A8
03C5AB
03C5AE
03C5B0
03C5B2
03C5B3
03C5B5
03C5B8
03C5BB
03C5BD
03C5C0
03C5C1
03C5C4
03C5C7
03C5C9
03C5CB
03C5CD
03C5CF
03C5D2
03C5D5
03C5D8
03C5DA
03C5DD
03C5E0
03C5E3
03C5E4
03C5E7
03C5EA
03C5EC
03C5EE
03C5F0
03C5F2
03C5F5
03C5F8
03C5FB
03C603
03C605
03C607
03C609
03C60C
03C60D
03C60F
03C612
03C615
03C618
03C61B
03C61C
03C61D
03C620
03C622
03C624
03C625
03C796
03C799
03C79B
03C79C
03C79E
03C7A1
03C7A3
03C7A6
03C7A7
03C7AA
03C7AC
03C7AD
03C7B0
03C7B3
03C7B6
03C7B9
03C7BC
03C7BE
03C7C1
03C7C3
03C7C5
03C7C7
03C7CA
03C7D0
03C7D2
03C7D5
03C7D7
03C7DA
03C7DC
03C7DF
03C7E1
03C7E2
03C7E4
03C7E7
03C7E9
03C7EB
03C7EE
03C7EF
03C7F0
03C7F4
03C7F5
03C7F6
03C7F9
03C7FB
03C7FE
03C7FF
03C802
03C805
03C808
03C80B
03C80C
03C80F
03C810
03C812
03C815
03C816
03C818
03C828
03C82B
03C82E
03C830
03C832
03C835
03C837
03C83A
03C83C
03C845
03C848
03C84A
03C84C
03C84F
03C852
03C855
03C858
03C85B
03C85F
03C861
03C863
03C865
03C867
03C869
03C86B
03C86D
03C86F
03C871
03C874
03C877
03C87A
03C87D
03C880
03C882
03C885
03C888
03C88D
03C890
03C891
03C893
03C896
03C899
03C89C
03C89F
03C8A2
03C8A5
03C8A7
03C8A9
03C8AB
03C8AE
03C8B1
03C8B4
03C8B7
03C8B8
03C8BB
03C8BE
03C8C0
03C8C3
03C8C5
03C8C8
03C8CA
03C8CC
03C8CD
03C8CF
03C8D2
03C8D4
03C8D6
03C8D9
03C8E0
03C8E2
03C8E4
03C8E7
03C8E9
03C8EA
03C8ED
03C8F0
03C941
03C943
03C945
03C947
03C949
03C94D
03C94F
03C951
03C953
03C955
03C958
03C95A
03C95C
03C95D
03C95F
03C961
03C962
03C965
03C968
03C96D
03C96E
03C970
03C972
03C974
03C977
03C979
03C97B
03C97E
03C981
03C983
03C986
03C987
03C98A
03C98B
03C98D
03C98E
03C98F
03C991
03C992
03C995
03C998
03C999
03C99B
03C99C
03C99E
03C9A0
03C9A2
03C9A3
03C9A4
03C9A5
03C9A6
03C9A8
03C9AA
03C9AC
03C9AF
03C9B0
03C9B1
03C9B2
03C9B3
03C9B5
03C9B8
03C9E9
03C9EA
03C9EC
03C9EE
03C9F1
03C9F3
03C9F6
03C9F8
03C9FA
03C9FC
03C9FE
03C9FF
03CA01
03CA03
03CA06
03CA08
03CA09
03CA0B
03CA0D
03CA0F
03CA11
03CA13
03CA16
03CA18
03CA1B
03CA1C
03CA1E
03CA20
03CA21
03CA23
03CA25
03CA28
03CA2A
03CA2D
03CA2E
03CA30
03CA32
03CA34
03CA36
03CA38
03CA39
03CA3C
03CA3E
03CA41
03CA42
03CA43
03CA44
03CA45
03CA48
03CA4A
03CA4C
03CA4E
03CA4F
03CA51
03CA53
03CA55
03CA57
03CA58
03CA5B
03CA5D
03CA60
03CA61
03CA62
03CA63
03CA64
03CA67
03CA69
03CA6B
03CA6D
03CA6E
03CA70
03CA72
03CA74
03CA76
03CA78
03CA7A
03CA7B
03CA7D
03CA7E
03CA7F
03CA81
03CA82
03CA85
03CA86
03CA87
03CA89
03CA8A
03CA8C
03CA8F
03CA91
03CA92
03CA94
03CA97
03CA98
03CA9A
03CA9C
03CA9E
03CA9F
03CAA0
03CAA1
03CAA3
03CAA5
03CAA7
03CAA8
03CAAB
03CAAE
03CAAF
03CAB1
03CAB2
03CAB3
03CAB4
03CAB5
03CAB7
03CAB9
03CABB
03CABD
03CABF
03CAC1
03CAC4
03CAC5
03CAC6
03CAC7
03CAC8
03CAC9
03CACA
03CACC
03CACF
03CAD0
03CAD1
03CAD2
03CAD3
03CAD4
03CAD5
03CAD7
03CADA
03CADC
03CADE
03CAE0
03CAE2
03CAE5
03CAE7
03CAEA
03CAEB
03CAED
03CAEF
03CAF1
03CAF3
03CAF6
03CAF8
03CAFB
03CAFC
03CAFE
03CB00
03CB01
03CB03
03CB05
03CB07
03CB08
03CB0B
03CB0D
03CB10
03CB11
03CB12
03CB13
03CB14
03CB17
03CB19
03CB1B
03CB1D
03CB1E
03CB20
03CB22
03CB24
03CB26
03CB27
03CB2A
03CB2C
03CB2F
03CB30
03CB31
03CB32
03CB33
03CB36
03CB38
03CB3A
03CB3C
03CB3D
03CB3F
03CB41
03CB43
03CB45
03CB47
03CB49
03CB4A
03CB4C
03CB4D
03CB4E
03CB50
03CB51
03CB54
03CB55
03CB56
03CB58
03CB59
03CB5B
03CB5E
03CB60
03CB61
03CB63
03CB66
03CB67
03CB69
03CB6B
03CB6D
03CB6E
03CB6F
03CB70
03CB72
03CB74
03CB76
03CB77
03CB7A
03CB7D
03CB7E
03CB80
03CB81
03CB82
03CB83
03CB84
03CB86
03CB88
03CB8A
03CB8C
03CB8E
03CB90
03CB93
03CB94
03CB95
03CB96
03CB97
03CB98
03CB99
03CB9B
03CB9E
03CB9F
03CBA0
03CBA1
03CBA2
03CBA3
03CBA4
03CBA6
03CBA8
03CBAB
03CBAC
03CBB3
03CBB7
03CBB9
03CBBB
03CBBE
03CBBF
03CBC0
03CBC4
03CBC5
03CBC7
03CBCA
03CBCC
03CBCF
03CBD2
03CBD5
03CBD7
03CBD9
03CBDC
03CBDE
03CBDF
03CBE2
03CBE3
03CBE5
03CBE6
03CBEA
03CBED
03CBEF
03CBF3
03CBF6
03CBFA
03CBFD
03CBFF
03CC02
03CC04
03CC07
03CC08
03CC09
03CC0A
03CC0B
03CC0C
03CC0F
03CC12
03CC13
03CC14
03CC17
03CC1A
03CC1C
03CC1E
03CC20
03CC22
03CC25
03CC37
03CC8A
03CC8D
03CC8F
03CC92
03CC94
03CC98
03CC9A
03CC9D
03CCA0
03CCA3
03CCA4
03CCA7
03CCA8
03CCAB
03CCAD
03CCAF
03CCB1
03CCB4
03CCB6
03CCB8
03CCBA
03CCBC
03CCBF
03CCC1
03CCC4
03CCC8
03CCC9
03CCCA
03CCCC
03CCCF
03CCD0
03CCD3
03CCD6
03CCD9
03CCDC
03CCDF
03CCE2
03CCE4
03CCE7
03CCE8
03CCEA
03CCED
03CCEF
03CCF2
03CCF3
03CCF4
03CCF8
03CCF9
03CCFC
03CCFF
03CD01
03CD04
03CD07
03CD0A
03CD0C
03CD0F
03CD12
03CD15
03CD17
03CD1A
03CD1D
03CD20
03CD21
03CD24
03CD26
03CD28
03CD2B
03CD2E
03CD30
03CD32
03CD36
03CDC7
03CDCA
03CDCD
03CDCF
03CDD1
03CDD4
03CDD6
03CDD9
03CDDA
03CDDB
03CDDC
03CDDE
03CDE1
03CDE2
03CDE3
03CDE4
03CDE5
03CDE7
03CDE8
03CDEB
03CDEE
03CDEF
03CDF2
03CDF4
03CDF7
03CDF9
03CDFC
03CDFD
03CE00
03CE02
03CE05
03CE07
03CE09
03CE0D
03CE0E
03CE11
03CE13
03CE16
03CE19
03CE1B
03CE1D
03CE1F
03CE22
03CE24
03CE26
03CE29
03CE2A
03CE2D
03CE2F
03CE31
03CE33
03CE35
03CE38
03CE3A
03CE3B
03CE3C
03CE3E
03CE41
03CE42
03CE44
03CE46
03CE48
03CE4B
03CE4C
03CE4D
03CE4E
03CE4F
03CE52
03CE55
03CE5A
03CE5E
03CE60
03CE62
03CE64
03CE65
03CE67
03CE69
03CE6C
03CE6E
03CE70
03CE72
03CE74
03CE76
03CE79
03CE7B
03CE7E
03CE80
03CE83
03CE87
03CE89
03CE8C
03CE8E
03CE91
03CE94
03CE96
03CE99
03CE9B
03CE9E
03CEA0
03CEA2
03CEA6
03CEA7
03CEAB
03CEAD
03CEAF
03CEB1
03CEB3
03CEB7
03CEB9
03CEBD
03CEC1
03CEC3
03CEC6
03CEC9
03CECB
03CECD
03CED0
03CED3
03CED5
03CED7
03CEDB
03CEDD
03CEE0
03CEE2
03CEE5
03CEE7
03CEE9
03CEEC
03CEED
03CEF1
03D484
03D487
03D48A
03D48B
03D48C
03D48F
03D492
03D494
03D496
03D498
03D49A
03D49B
03D49E
03D49F
03D4A2
03D4A3
03D4A4
03D4A5
03D4A6
03D4A8
03D4A9
03D4AB
03D4AC
03D4AF
03D4B2
03D4B4
03D4B5
03D4B8
03D4BB
03D4BE
03D4C1
03D4C4
03D4C6
03D4C9
03D4CA
03D4CB
03D4CC
03D4CD
03D4CE
03D4D1
03D4D4
03D4D5
03D4D6
03D4D7
03D4D8
03D4D9
03D4DA
03D4DB
03D4DD
03D4DE
03D4DF
03D4E0
03D4E3
03D4E4
03D4E7
03D4E8
03D4E9
03D4EA
03D4EB
03D4ED
03D4EE
03D4F0
03D4F1
03D4F4
03D4F7
03D4F9
03D4FA
03D4FD
03D500
03D503
03D506
03D509
03D50B
03D50E
03D50F
03D510
03D511
03D512
03D513
03D516
03D519
03D51A
03D51B
03D51C
03D51D
03D51E
03D51F
03D520
03D522
03D674
03D675
03D677
03D67A
03D67C
03D67D
03D680
03D681
03D682
03D683
03D684
03D685
03D688
03D68B
03D68E
03D691
03D692
03D693
03D694
03D695
03D696
03D698
03D69A
03D69D
03D69F
03D6A0
03D6A1
03D6A2
03D6A3
03D6A4
03D6A5
03D6A6
03D6A8
03D6AA
03D6AB
03D70C
03D70D
03D710
03D711
03D714
03D717
03D71A
03D71C
03D71E
03D721
03D723
03D725
03D729
03D72B
03D72D
03D72F
03D731
03D733
03D736
03D738
03D73A
03D73C
03D73F
03D742
03D745
03D748
03D74A
03D74D
03D74F
03D752
03D754
03D757
03D758
03D759
03D75B
03D75E
03D75F
03D761
03D763
03D765
03D766
03D769
03D76C
03D76E
03D770
03D771
03D773
03D776
03D778
03D77A
03D77E
03D77F
03D781
03D782
03D783
03D784
03D786
03D787
03D789
03D78B
03D78E
03D790
03D792
03D793
03D796
03D798
03D79A
03D79C
03D79D
03D79F
03D7A1
03D7A5
03D7A7
03D7AB
03D7AD
03D7B1
03D7B2
03D7B5
03D7B6
03D7B8
03D7BC
03D7BF
03D7C3
03D7C6
03D7CA
03D7CE
03D7D1
03D7D5
03D7D9
03D7DC
03D7E0
03D7E1
03D7E2
03D7E5
03D7E9
03D7EB
03D958
03D95A
03D95D
03D960
03D963
03D966
03D968
03D96B
03D96C
03D96E
03D970
03D973
03D975
03D976
03D977
03D978
03D97A
03D97C
03D97E
03D980
03D982
03D984
03D986
03D988
03D98A
03D98C
03D98F
03D990
03D991
03D994
03D996
03D998
03D99A
03D99C
03D99E
03D9A1
03D9A3
03D9A6
03D9A8
03D9AA
03D9AC
03D9AE
03D9B1
03D9B2
03D9B3
03D9B5
03D9B6
03D9BA
03D9BD
03D9C1
03D9C4
03D9C5
03D9C7
03D9C9
03D9CB
03D9CC
03D9CE
03D9D0
03D9D2
03D9D4
03D9D6
03D9D8
03D9DA
03D9DB
03D9DD
03DD7D
03DD7E
03DD7F
03DD80
03DD81
03DD83
03DD86
03DD88
03DD8A
03DD8D
03DD8F
03DD91
03DD93
03DD95
03DD97
03DD99
03DD9B
03DD9C
03DD9E
03DDA1
03DDA4
03DDA7
03DDA9
03DDAC
03DDAE
03DDB0
03DDB2
03DDB4
03DDB7
03DDB8
03DDBA
03DDBC
03DDBF
03DDC2
03DDC5
03DDC6
03DDC8
03DDCC
03DDCE
03DDD0
03DDD3
03DDD5
03DDD7
03DDD9
03DDDB
03DDDF
03DDE0
03DDE2
03DDE3
03DDE4
03DDE5
03DDE7
03DDE8
03DDEA
03DDEC
03DDEF
03DDF0
03DDF1
03DDF2
03DDF3
03DDF5
03DDF6
03DDF9
03DDFB
03DDFE
03DDFF
03DE00
03DE01
03DE02
03DE04
03DE07
03DE0A
03DE0B
03DE0C
03DE0E
03DE0F
03DE11
03DE13
03DE15
03DE16
03DE18
03DE1A
03DE1D
03DE20
03DE21
03DE23
03DE25
03DE26
03DE28
03DE2A
03DE2C
03DE2E
03DE30
03DE31
03DE34
03DE36
03DE38
03DE39
03DE3C
03DE3D
03DE3F
03DE40
03DE42
03DE43
03DE46
03DE47
03DE48
03DE4A
03DE4B
03DE4C
03DE4D
03DE8E
03DE91
03DE93
03DE96
03DE98
03DE9A
03DE9C
03DE9E
03DE9F
03DEA2
03DEA4
03DEA7
03DEA9
03DEAB
03DEAF
03DEB2
03DEB3
03DEB4
03DEB6
03DEB8
03DEBA
03DEDF
03DEE0
03DEE1
03DEE2
03DEE5
03DEE6
03DEE8
03DEEA
03DEED
03DEF0
03DEF1
03DEF3
03DEF5
03DEF8
03DEF9
03DEFB
03DEFD
03DF00
03DF03
03DF04
03DF06
03DF09
03DF0C
03DF0D
03DF0E
03DF12
03DF16
03DF1A
03DF1E
03DF22
03DF26
03DF29
03DF2B
03DF2E
03DF31
03DF34
03DF37
03DF39
03DF3C
03DF3D
03DF40
03DF43
03DF44
03DF46
03DF48
03DF4B
03DF4E
03DF4F
03DF50
03DF51
03DF52
03DF55
03DF57
03DF58
03DF5B
03DF5D
03DF5E
03DF60
03DF61
03DF63
03DF65
03DF67
03DF69
03DF6C
03DF6D
03DF70
03DF72
03DF74
03DF75
03DF76
03DF7A
03DF7B
03DF7D
03DF7F
03DF81
03DF83
03DF84
03DF85
03DF87
03DF89
03DF8C
03DF8E
03DF91
03DF93
03DF96
03DF99
03DF9B
03DF9E
03DFA1
03DFA2
03DFA3
03DFA6
03DFA7
03DFA9
03DFAB
03DFAC
03DFAD
03DFAE
03DFAF
03DFB0
03DFB2
03DFB5
03DFB6
03DFB7
03DFBB
03DFBC
03DFBE
03DFC0
03DFC2
03DFC3
03DFCC
03DFCD
03DFD0
03DFD2
03DFD5
03DFD8
03DFDB
03DFDE
03DFDF
03DFE2
03DFE4
03DFE7
03DFE9
03DFEB
03DFEE
03DFF0
03DFF2
03DFF3
03DFF5
03DFF8
03DFFA
03DFFB
03DFFF
03E001
03E002
03E006
03E009
03E00D
03E010
03E011
03E013
03E016
03E018
03E01B
03E01E
03E020
03E023
03E025
03E028
03E029
03E02A
03E02B
03E02D
03E031
03E034
03E036
03E039
03E03D
03E03E
03E040
03E042
03E046
03E049
03E04A
03E04B
03E04D
03E04F
03E050
03E053
03E054
03E055
03E056
03E057
03E05A
03E05B
