7F8000
7F8002
7F8005
7F8008
7F800B
7F800E
7F8011
7F8014
7F8017
7F801A
7F801D
7F8020
7F8023
7F8026
7F8029
7F802C
7F802F
7F8032
7F8035
7F8038
7F803B
7F803E
7F8041
7F8044
7F8047
7F804A
7F804D
7F8050
7F8053
7F8056
7F8059
7F805C
7F805F
7F8062
7F8065
7F8068
7F806B
7F806E
7F8071
7F8074
7F8077
7F807A
7F807D
7F8080
7F8083
7F8086
7F8089
7F808C
7F808F
7F8092
7F8095
7F8098
7F809B
7F809E
7F80A1
7F80A4
7F80A7
7F80AA
7F80AD
7F80B0
7F80B3
7F80B6
7F80B9
7F80BC
7F80BF
7F80C2
7F80C5
7F80C8
7F80CB
7F80CE
7F80D1
7F80D4
7F80D7
7F80DA
7F80DD
7F80E0
7F80E3
7F80E6
7F80E9
7F80EC
7F80EF
7F80F2
7F80F5
7F80F8
7F80FB
7F80FE
7F8101
7F8104
7F8107
7F810A
7F810D
7F8110
7F8113
7F8116
7F8119
7F811C
7F811F
7F8122
7F8125
7F8128
7F812B
7F812E
7F8131
7F8134
7F8137
7F813A
7F813D
7F8140
7F8143
7F8146
7F8149
7F814C
7F814F
7F8152
7F8155
7F8158
7F815B
7F815E
7F8161
7F8164
7F8167
7F816A
7F816D
7F8170
7F8173
7F8176
7F8179
7F817C
7F817F
7F8182
