0DA100
0DA102
0DA105
0DA106
0DA108
0DA10A
0DA10B
0DA40F
0DA411
0DA414
0DA415
0DA417
0DA41A
0DA44B
0DA44D
0DA44F
0DA450
0DA451
0DA512
0DA514
0DA516
0DA518
0DA519
0DA51A
0DA51B
0DA51D
0DA51F
0DA521
0DA523
0DA525
0DA527
0DA529
0DA52A
0DA52C
0DA52F
0DA531
0DA533
0DA536
0DA538
0DA539
0DA53C
0DA53D
0DA53F
0DA541
0DA544
0DA547
0DA57B
0DA57C
0DA57D
0DA57F
0DA581
0DA583
0DA585
0DA587
0DA589
0DA58C
0DA58D
0DA58E
0DA58F
0DA590
0DA593
0DA595
0DA596
0DA598
0DA59A
0DA59C
0DA59F
0DA5A3
0DA5A5
0DA5A7
0DA5AA
0DA5AE
0DA5B0
0DA5B1
0DA5B3
0DA5B6
0DA5B8
0DA5BA
0DA5BC
0DA5BF
0DA5C3
0DA5C5
0DA5C7
0DA5C9
0DA5CB
0DA5CD
0DA5CF
0DA5D1
0DA5D3
0DA5D5
0DA5D7
0DA5D9
0DA5DA
0DA5DC
0DA5DE
0DA5E0
0DA5E2
0DA5E4
0DA5E6
0DA5E8
0DA5EA
0DA5EC
0DA5EE
0DA5F0
0DA5F1
0DA5F2
0DA5F3
0DA5F4
0DA5F7
0DA5F9
0DA5FA
0DA5FE
0DA600
0DA602
0DA606
0DA608
0DA60B
0DA60C
0DA60D
0DA60F
0DA611
0DA613
0DA615
0DA617
0DA619
0DA61B
0DA61C
0DA61E
0DA620
0DA622
0DA624
0DA626
0DA628
0DA62A
0DA62B
0DA62D
0DA62F
0DA633
0DA635
0DA636
0DA637
0DA638
0DA639
0DA63B
0DA63D
0DA63F
0DA641
0DA644
0DA646
0DA648
0DA64A
0DA64C
0DA64D
0DA64F
0DA673
0DA675
0DA676
0DA677
0DA679
0DA67A
0DA67E
0DA680
0DA683
0DA686
0DA688
0DA68A
0DA68D
0DA68E
0DA691
0DA695
0DA697
0DA699
0DA69C
0DA69E
0DA6A0
0DA6A1
0DA6A4
0DA6A6
0DA6A9
0DA6AC
0DA6AE
0DA6B0
0DA6B1
0DA6B3
0DA6B5
0DA6B7
0DA6B9
0DA6BA
0DA6BC
0DA6BE
0DA6C0
0DA6C2
0DA6C4
0DA6C6
0DA6C9
0DA6CC
0DA6D1
0DA6D3
0DA6D4
0DA6D5
0DA6D7
0DA6D8
0DA6DB
0DA6DF
0DA6E1
0DA6E4
0DA6E7
0DA6EB
0DA6ED
0DA71B
0DA71D
0DA71F
0DA721
0DA723
0DA725
0DA727
0DA72A
0DA72C
0DA72E
0DA731
0DA735
0DA738
0DA739
0DA73B
0DA73D
0DA740
0DA743
0DA745
0DA747
0DA760
0DA762
0DA764
0DA766
0DA768
0DA76A
0DA76C
0DA76F
0DA771
0DA773
0DA776
0DA77A
0DA77D
0DA77E
0DA780
0DA782
0DA785
0DA788
0DA78A
0DA78C
0DA78D
0DA78F
0DA791
0DA793
0DA796
0DA798
0DA79A
0DA79C
0DA79E
0DA7A0
0DA7A2
0DA7A4
0DA7A6
0DA7AA
0DA7AC
0DA7AE
0DA7C1
0DA7C3
0DA7C5
0DA7C8
0DA7CA
0DA7CC
0DA7D0
0DA7D3
0DA7D4
0DA7D6
0DA7D8
0DA7DB
0DA7DE
0DA7E0
0DA7E2
0DA7E7
0DA7E9
0DA7EB
0DA7EE
0DA7F1
0DA7F5
0DA7F8
0DA7F9
0DA7FA
0DA7FC
0DA7FE
0DA801
0DA804
0DA806
0DA808
0DA80D
0DA80F
0DA810
0DA811
0DA813
0DA814
0DA817
0DA81B
0DA81D
0DA820
0DA823
0DA827
0DA829
0DA82A
0DA82C
0DA82D
0DA82F
0DA831
0DA832
0DA834
0DA836
0DA837
0DA839
0DA83B
0DA83D
0DA846
0DA848
0DA849
0DA84A
0DA84C
0DA84D
0DA850
0DA854
0DA857
0DA85A
0DA85E
0DA860
0DA863
0DA866
0DA86A
0DA86D
0DA870
0DA874
0DA876
0DA87D
0DA87F
0DA880
0DA881
0DA883
0DA884
0DA887
0DA88B
0DA88D
0DA890
0DA893
0DA897
0DA899
0DA89C
0DA89F
0DA8A3
0DA8A5
0DA8C3
0DA8C5
0DA8C7
0DA8C9
0DA8CB
0DA8CD
0DA8CF
0DA8D0
0DA8D1
0DA8D2
0DA8D3
0DA8D5
0DA8D8
0DA8DA
0DA8DC
0DA8DD
0DA8DE
0DA8DF
0DA8E0
0DA8E3
0DA8E5
0DA8E6
0DA8EA
0DA8EC
0DA8EE
0DA8F2
0DA8F4
0DA8F7
0DA8F8
0DA8F9
0DA8FB
0DA8FD
0DA8FF
0DA901
0DA903
0DA905
0DA907
0DA908
0DA90A
0DA90C
0DA90E
0DA910
0DA912
0DA913
0DA915
0DA916
0DA918
0DA91A
0DA91E
0DA920
0DA921
0DA922
0DA923
0DA924
0DA926
0DA928
0DA92B
0DA92E
0DA932
0DA934
0DA937
0DA939
0DA93B
0DA93E
0DA940
0DA943
0DA945
0DA947
0DA949
0DA94C
0DA94F
0DA951
0DA953
0DA955
0DA957
0DA95A
0DA95B
0DA95D
0DA95E
0DA95F
0DA961
0DA963
0DA965
0DA966
0DA968
0DA96A
0DA96C
0DA96E
0DA970
0DA972
0DA974
0DA977
0DA979
0DA97B
0DA97C
0DA97D
0DA97F
0DA980
0DA982
0DA984
0DA985
0DA987
0DA989
0DA98B
0DA98D
0DA98F
0DA991
0DA992
0DA994
0DA995
0DA997
0DA998
0DA99D
0DA99E
0DA9A0
0DA9A2
0DA9A4
0DA9A5
0DA9A6
0DA9A8
0DA9A9
0DA9AE
0DA9B1
0DA9B3
0DA9B4
0DA9B6
0DA9B7
0DA9B9
0DA9BA
0DA9BF
0DA9C0
0DA9C2
0DA9C4
0DA9C6
0DA9C7
0DA9C8
0DA9CA
0DA9CB
0DA9D0
0DA9D3
0DA9D5
0DA9D6
0DA9D8
0DA9D9
0DA9DB
0DA9DD
0DA9DF
0DA9E1
0DA9E3
0DA9E5
0DA9E7
0DA9E9
0DA9EB
0DA9EE
0DA9EF
0DA9F1
0DA9F2
0DA9F4
0DA9F6
0DA9F8
0DA9FA
0DA9FC
0DA9FE
0DAA00
0DAA02
0DAA04
0DAA07
0DAA08
0DAA0A
0DAA0C
0DAA0D
0DAA0F
0DAA11
0DAA26
0DAA28
0DAA2A
0DAA2B
0DAA2C
0DAA2D
0DAA2E
0DAA30
0DAA32
0DAA34
0DAA35
0DAA38
0DAA3A
0DAA3C
0DAA3F
0DAA43
0DAA46
0DAA49
0DAA4D
0DAA4F
0DAA52
0DAA54
0DAA56
0DAA59
0DAA5B
0DAA5E
0DAA61
0DAA63
0DAA65
0DAA68
0DAA6B
0DAA6D
0DAA70
0DAA73
0DAA75
0DAA77
0DAA7A
0DAA7D
0DAA7F
0DAA81
0DAA83
0DAA85
0DAA87
0DAA89
0DAA8C
0DAA8E
0DAA90
0DAA93
0DAA97
0DAA9A
0DAA9D
0DAAA1
0DAAA3
0DAAB4
0DAAB6
0DAAB8
0DAABA
0DAABC
0DAABE
0DAAC0
0DAAC2
0DAAC3
0DAAC4
0DAAC5
0DAAC6
0DAAC9
0DAACB
0DAACD
0DAAD0
0DAAD4
0DAAD7
0DAADA
0DAADD
0DAAE1
0DAAE4
0DAAE6
0DAAE8
0DAAEA
0DAAEC
0DAAEF
0DAAF1
0DAAF3
0DAAF6
0DAAFA
0DAAFC
0DAAFE
0DAB00
0DAB03
0DAB06
0DAB07
0DAB08
0DAB0A
0DAB0C
0DAB0D
0DAB0F
0DAB11
0DAB12
0DAB13
0DAB14
0DAB15
0DAB16
0DAB19
0DAB1B
0DAB1D
0DAB20
0DAB21
0DAB23
0DAB26
0DAB28
0DAB2A
0DAB2D
0DAB2E
0DAB30
0DAB33
0DAB35
0DAB37
0DAB3A
0DAB3B
0DAB3D
0DAB3E
0DAB40
0DAB42
0DAB44
0DAB4C
0DAB6E
0DAB70
0DAB72
0DAB74
0DAB76
0DAB79
0DAB7B
0DAB7C
0DAB7D
0DAB7E
0DAB7F
0DAB81
0DAB83
0DAB85
0DAB88
0DAB8A
0DAB8D
0DAB90
0DAB92
0DAB95
0DAB96
0DAB97
0DAB99
0DAB9C
0DAB9E
0DABA1
0DABA4
0DABA6
0DABA9
0DABAA
0DABAD
0DABB0
0DABB2
0DABB5
0DABB6
0DABB8
0DABBB
0DABBD
0DABBF
0DABC1
0DABC3
0DABC5
0DABC8
0DABCA
0DABCB
0DABCD
0DABCE
0DABD3
0DABD4
0DABD6
0DABD8
0DABDA
0DABDB
0DABDC
0DABDE
0DABDF
0DABE4
0DABE7
0DABE9
0DABEC
0DABEE
0DABEF
0DABF0
0DABF3
0DABF6
0DABFD
0DABFF
0DAC00
0DAC01
0DAC03
0DAC05
0DAC09
0DAC0B
0DAC0C
0DAC0E
0DAC11
0DAC13
0DAC14
0DAC18
0DAC1A
0DAC1B
0DAC1C
0DAC1E
0DAC21
0DAC23
0DAC25
0DAC26
0DAC27
0DAC28
0DAC29
0DAC2B
0DAC2D
0DAC2F
0DAC31
0DAC34
0DAC36
0DAC39
0DAC3B
0DAC3E
0DAC3F
0DAC41
0DAC44
0DAC46
0DAC49
0DAC4C
0DAC4F
0DAC51
0DAC54
0DAC55
0DAC57
0DAC5A
0DAC5C
0DAC5E
0DAC60
0DAC62
0DAC65
0DAC67
0DAC68
0DAC6A
0DAC6B
0DAC6D
0DAC70
0DAC71
0DAC73
0DAC75
0DAC77
0DAC78
0DAC79
0DAC7B
0DAC7C
0DAC81
0DAC84
0DAC86
0DAC89
0DAC8B
0DAC8E
0DAC91
0DAC92
0DAC94
0DAC96
0DAC98
0DAC9A
0DAC9D
0DAC9F
0DACA0
0DACA1
0DACA2
0DACA3
0DACA5
0DACA7
0DACA9
0DACAC
0DACAE
0DACB1
0DACB4
0DACB6
0DACB9
0DACBC
0DACBE
0DACC1
0DACC4
0DACC6
0DACC9
0DACCA
0DACCB
0DACCC
0DACCD
0DACCF
0DACD2
0DACD4
0DACD7
0DACDA
0DACDC
0DACDF
0DACE2
0DACE4
0DACE7
0DACEA
0DACEC
0DACEF
0DACF0
0DACF1
0DACF2
0DACF5
0DACF8
0DACFA
0DACFD
0DACFE
0DAD00
0DAD03
0DAD05
0DAD06
0DAD08
0DAD0A
0DAD0C
0DAD0E
0DAD10
0DAD13
0DAD15
0DAD16
0DAD18
0DAD19
0DAD1E
0DAD1F
0DAD21
0DAD23
0DAD32
0DAD34
0DAD37
0DAD39
0DAD3A
0DAD3B
0DAD3C
0DAD3D
0DAD40
0DAD43
0DAD44
0DAD46
0DAD48
0DAD4A
0DAD4C
0DAD4F
0DAD51
0DAD52
0DAD53
0DAD54
0DAD55
0DAD57
0DAD59
0DAD5C
0DAD5F
0DAD61
0DAD64
0DAD65
0DAD67
0DAD69
0DAD6C
0DAD6E
0DAD71
0DAD74
0DAD76
0DAD79
0DAD7A
0DAD7B
0DAD7D
0DAD7F
0DAD82
0DAD84
0DAD87
0DAD8A
0DAD8C
0DAD8F
0DAD92
0DAD95
0DAD97
0DAD99
0DAD9B
0DAD9D
0DAD9F
0DADA0
0DADA3
0DADA5
0DADA7
0DADA9
0DADAB
0DADAE
0DADB0
0DADB1
0DADB2
0DADB3
0DADB4
0DADB6
0DADB8
0DADBB
0DADBE
0DADC0
0DADC3
0DADC4
0DADC6
0DADC8
0DADCB
0DADCD
0DADD0
0DADD2
0DADD4
0DADD7
0DADD9
0DADDC
0DADDF
0DADE2
0DADE4
0DADE6
0DADE8
0DADEA
0DADEB
0DADED
0DADEF
0DADF1
0DADF4
0DADF6
0DADF7
0DADF8
0DADF9
0DADFA
0DADFC
0DADFE
0DAE0A
0DAE0C
0DAE0E
0DAE11
0DAE13
0DAE16
0DAE19
0DAE1B
0DAE1E
0DAE21
0DAE23
0DAE26
0DAE29
0DAE2B
0DAE2E
0DAE2F
0DAE30
0DAE31
0DAE32
0DAE34
0DAE36
0DAE39
0DAE3B
0DAE3E
0DAE41
0DAE43
0DAE46
0DAE49
0DAE4B
0DAE4E
0DAE51
0DAE53
0DAE56
0DAE59
0DAE5C
0DAE5E
0DAE5F
0DAE61
0DAE63
0DAE65
0DAE67
0DAE69
0DAE6A
0DAE6D
0DAE6F
0DAE71
0DAE72
0DAE73
0DAE74
0DAE75
0DAE77
0DAE78
0DAE7A
0DAE7C
0DAE7E
0DAE80
0DAE82
0DAE85
0DAE88
0DAE8A
0DAE8D
0DAE8F
0DAE92
0DAE95
0DAE97
0DAE9A
0DAE9B
0DAE9C
0DAE9E
0DAEA1
0DAEA3
0DAEA6
0DAEA9
0DAEAB
0DAEAE
0DAEAF
0DAEB2
0DAEB5
0DAEB7
0DAEBA
0DAEBB
0DAEBD
0DAEC0
0DAEC2
0DAEC4
0DAEC6
0DAEC9
0DAECC
0DAECE
0DAECF
0DAED1
0DAED3
0DAED5
0DAED6
0DAED8
0DAED9
0DAEDB
0DAEDE
0DAEDF
0DAEE1
0DAEE3
0DAEF2
0DAEF4
0DAEF6
0DAEF8
0DAEFB
0DAEFC
0DAEFE
0DAF00
0DAF01
0DAF02
0DAF03
0DAF04
0DAF06
0DAF07
0DAF09
0DAF0B
0DAF0D
0DAF0F
0DAF12
0DAF14
0DAF17
0DAF1A
0DAF1C
0DAF1F
0DAF20
0DAF22
0DAF24
0DAF26
0DAF28
0DAF2B
0DAF2D
0DAF30
0DAF33
0DAF35
0DAF38
0DAF3A
0DAF3C
0DAF3F
0DAF41
0DAF44
0DAF47
0DAF49
0DAF4C
0DAF4F
0DAF51
0DAF52
0DAF54
0DAF56
0DAF57
0DAF59
0DAF5C
0DAF5E
0DAF60
0DAF61
0DAF63
0DAF65
0DAF66
0DAF67
0DAF68
0DAF69
0DAF6B
0DAF6D
0DAF6F
0DAF71
0DAF73
0DAF75
0DAF78
0DAF7B
0DAF7D
0DAF80
0DAF82
0DAF85
0DAF86
0DAF88
0DAF8B
0DAF8D
0DAF90
0DAF93
0DAF96
0DAF98
0DAF9B
0DAF9C
0DAF9E
0DAFA1
0DAFA3
0DAFA5
0DAFA7
0DAFA9
0DAFAC
0DAFAF
0DAFB1
0DAFB2
0DAFB4
0DAFB6
0DAFB8
0DAFB9
0DAFBB
0DAFBC
0DAFBE
0DAFC1
0DAFC2
0DAFC4
0DAFC6
0DAFC8
0DAFC9
0DAFCA
0DAFCC
0DAFCD
0DAFCF
0DAFD2
0DAFD5
0DAFD7
0DAFD9
0DAFDB
0DAFDE
0DAFDF
0DAFE1
0DAFE3
0DAFE5
0DAFE7
0DAFE9
0DAFEA
0DAFEC
0DAFEE
0DAFEF
0DAFF0
0DAFF1
0DAFF2
0DAFF4
0DAFF6
0DAFF8
0DAFFA
0DAFFD
0DAFFF
0DB002
0DB005
0DB007
0DB00A
0DB00B
0DB00D
0DB00F
0DB011
0DB013
0DB016
0DB018
0DB01B
0DB01D
0DB01F
0DB022
0DB024
0DB027
0DB02A
0DB02C
0DB02D
0DB02F
0DB031
0DB034
0DB036
0DB038
0DB075
0DB077
0DB079
0DB07A
0DB07B
0DB07C
0DB07D
0DB07F
0DB081
0DB083
0DB084
0DB087
0DB089
0DB08B
0DB08E
0DB092
0DB095
0DB097
0DB09A
0DB09C
0DB09E
0DB0A1
0DB0A3
0DB0A5
0DB0A7
0DB0A9
0DB0AB
0DB0AD
0DB0B0
0DB0B4
0DB0B7
0DB0B9
0DB0BC
0DB0BE
0DB0C0
0DB0C3
0DB0C5
0DB0C7
0DB0C9
0DB0CB
0DB0CD
0DB0CF
0DB0D2
0DB0D6
0DB0D9
0DB0DB
0DB0DE
0DB0E0
0DB0E2
0DB0E4
0DB0E6
0DB0E9
0DB0ED
0DB0EF
0DB114
0DB116
0DB118
0DB11A
0DB11C
0DB11E
0DB120
0DB122
0DB124
0DB126
0DB128
0DB12A
0DB12C
0DB130
0DB132
0DB133
0DB135
0DB137
0DB139
0DB13B
0DB13D
0DB13F
0DB141
0DB143
0DB145
0DB147
0DB149
0DB14B
0DB14D
0DB14F
0DB152
0DB155
0DB159
0DB15B
0DB198
0DB19A
0DB19C
0DB19E
0DB1A0
0DB1A2
0DB1A4
0DB1A6
0DB1A8
0DB1AA
0DB1AC
0DB1AE
0DB1B0
0DB1B4
0DB1B6
0DB1B7
0DB1B9
0DB1BB
0DB1BE
0DB1C1
0DB1C5
0DB1C7
0DB1C8
0DB1CA
0DB1CC
0DB1CD
0DB1CF
0DB1D1
0DB1D4
0DB1D6
0DB1D8
0DB1DA
0DB1DB
0DB1DD
0DB1DE
0DB1DF
0DB1E0
0DB1E1
0DB1E3
0DB1E6
0DB1E8
0DB1EB
0DB1ED
0DB1F0
0DB1F1
0DB1F3
0DB1F5
0DB1F8
0DB1FB
0DB1FD
0DB200
0DB201
0DB203
0DB205
0DB208
0DB20B
0DB20D
0DB20F
0DB211
0DB224
0DB226
0DB228
0DB22A
0DB22C
0DB22E
0DB22F
0DB230
0DB231
0DB232
0DB234
0DB236
0DB239
0DB23B
0DB23F
0DB241
0DB243
0DB245
0DB249
0DB24B
0DB24E
0DB250
0DB252
0DB253
0DB254
0DB256
0DB257
0DB259
0DB25B
0DB25D
0DB25F
0DB261
0DB263
0DB265
0DB269
0DB26B
0DB26D
0DB26F
0DB273
0DB275
0DB278
0DB27A
0DB27C
0DB27D
0DB27E
0DB280
0DB281
0DB283
0DB285
0DB287
0DB289
0DB28B
0DB28D
0DB28F
0DB293
0DB295
0DB297
0DB299
0DB29D
0DB29F
0DB2A2
0DB2A4
0DB2A6
0DB2A9
0DB2AB
0DB2AC
0DB2AE
0DB2AF
0DB2B1
0DB2B3
0DB2B6
0DB2B8
0DB2BA
0DB2BB
0DB2BD
0DB2BF
0DB2C1
0DB2C2
0DB2C4
0DB2C6
0DB2C9
0DB2CA
0DB2CD
0DB2CE
0DB2CF
0DB2D0
0DB2D1
0DB2D4
0DB2D6
0DB2D7
0DB2DA
0DB2DE
0DB2E0
0DB2E3
0DB2E5
0DB2E6
0DB2EA
0DB2EC
0DB2EE
0DB2F2
0DB2F4
0DB2F7
0DB2F8
0DB2F9
0DB2FB
0DB2FD
0DB2FF
0DB301
0DB303
0DB305
0DB307
0DB309
0DB30A
0DB30C
0DB30E
0DB310
0DB312
0DB314
0DB315
0DB317
0DB318
0DB31A
0DB31C
0DB320
0DB322
0DB324
0DB327
0DB329
0DB32B
0DB32E
0DB331
0DB333
0DB335
0DB3BD
0DB3BF
0DB3C1
0DB3C3
0DB3C5
0DB3C7
0DB3C8
0DB3C9
0DB3CA
0DB3CB
0DB3CC
0DB3CF
0DB3D3
0DB3D6
0DB3D8
0DB3DA
0DB3E3
0DB3E5
0DB3E7
0DB3E9
0DB3EB
0DB3ED
0DB3EF
0DB3F0
0DB3F1
0DB3F2
0DB3F3
0DB3F5
0DB3F6
0DB3F7
0DB3F9
0DB3FA
0DB3FD
0DB400
0DB404
0DB407
0DB409
0DB40B
0DB40E
0DB411
0DB415
0DB418
0DB41A
0DB41C
0DB41F
0DB422
0DB424
0DB426
0DB428
0DB42A
0DB42D
0DB42F
0DB431
0DB433
0DB435
0DB437
0DB43A
0DB43C
0DB43F
0DB441
0DB443
0DB446
0DB44A
0DB44D
0DB44F
0DB451
0DB454
0DB457
0DB459
0DB45B
0DB45C
0DB45E
0DB460
0DB461
0DB463
0DB465
0DB466
0DB467
0DB468
0DB469
0DB46B
0DB46D
0DB46F
0DB471
0DB472
0DB475
0DB477
0DB479
0DB47C
0DB47E
0DB481
0DB482
0DB484
0DB487
0DB48A
0DB48C
0DB48E
0DB490
0DB493
0DB495
0DB498
0DB499
0DB49B
0DB49E
0DB4A0
0DB4A2
0DB4A3
0DB4A4
0DB4A5
0DB4A6
0DB4A8
0DB4AA
0DB4AC
0DB4AD
0DB4B1
0DB4B4
0DB4B7
0DB4BA
0DB4BE
0DB4C0
0DB4C1
0DB4C2
0DB4C4
0DB4C5
0DB4C7
0DB4CA
0DB4CC
0DB4CE
0DB4D2
0DB4D9
0DB4DB
0DB4DD
0DB4DF
0DB4E1
0DB4E5
0DB4E8
0DB4EA
0DB4EC
0DB4F0
0DB4F2
0DB4F5
0DB4F7
0DB4F9
0DB4FE
0DB500
0DB502
0DB504
0DB506
0DB50A
0DB50D
0DB50F
0DB511
0DB515
0DB517
0DB51A
0DB51C
0DB51E
0DB51F
0DB521
0DB523
0DB525
0DB526
0DB527
0DB528
0DB529
0DB52A
0DB52D
0DB52F
0DB532
0DB535
0DB537
0DB539
0DB53C
0DB53D
0DB53F
0DB542
0DB544
0DB546
0DB547
0DB549
0DB54B
0DB54D
0DB54E
0DB551
0DB553
0DB556
0DB559
0DB55B
0DB55E
0DB55F
0DB561
0DB564
0DB566
0DB568
0DB583
0DB585
0DB58B
0DB58D
0DB58F
0DB592
0DB594
0DB597
0DB59B
0DB59D
0DB59E
0DB5A1
0DB5A5
0DB5A7
0DB5B7
0DB5B9
0DB5BB
0DB5BD
0DB5BF
0DB5C1
0DB5C2
0DB5C3
0DB5C4
0DB5C5
0DB5C6
0DB5C9
0DB5CD
0DB5D0
0DB5D3
0DB5D7
0DB5DA
0DB5DC
0DB5DE
0DB5E1
0DB5E5
0DB5E7
0DB604
0DB606
0DB608
0DB60A
0DB60C
0DB60E
0DB610
0DB613
0DB615
0DB617
0DB619
0DB61B
0DB61D
0DB620
0DB624
0DB627
0DB628
0DB62A
0DB62C
0DB62E
0DB630
0DB633
0DB637
0DB63A
0DB63D
0DB641
0DB644
0DB647
0DB64B
0DB64E
0DB650
0DB652
0DB653
0DB654
0DB656
0DB657
0DB65A
0DB65E
0DB661
0DB664
0DB666
0DB668
0DB66A
0DB66C
0DB66E
0DB671
0DB675
0DB678
0DB679
0DB67B
0DB67D
0DB67F
0DB681
0DB684
0DB688
0DB68B
0DB68E
0DB692
0DB695
0DB698
0DB69C
0DB69F
0DB6A1
0DB6A3
0DB6A4
0DB6A5
0DB6A7
0DB6A8
0DB6AB
0DB6AF
0DB6B2
0DB6B3
0DB6B6
0DB6B9
0DB6BB
0DB6BD
0DB6C0
0DB6C3
0DB6C5
0DB6C7
0DB6C9
0DB6CB
0DB6CD
0DB6CE
0DB6CF
0DB6D0
0DB6D1
0DB6D2
0DB6D5
0DB6D9
0DB6DC
0DB6DE
0DB6E0
0DB6E3
0DB6E5
0DB6E7
0DB6E8
0DB6EA
0DB6EB
0DB6EE
0DB6F2
0DB6F4
0DB73F
0DB741
0DB743
0DB744
0DB745
0DB746
0DB747
0DB749
0DB74B
0DB74D
0DB74F
0DB752
0DB754
0DB756
0DB759
0DB75D
0DB760
0DB761
0DB763
0DB765
0DB768
0DB76B
0DB76D
0DB76F
0DB771
0DB773
0DB775
0DB777
0DB779
0DB77B
0DB77D
0DB780
0DB784
0DB787
0DB788
0DB78A
0DB78C
0DB78F
0DB792
0DB794
0DB796
0DB797
0DB798
0DB79A
0DB79B
0DB79D
0DB79F
0DB7A2
0DB7A5
0DB7A7
0DB7A9
0DB7AA
0DB7AC
0DB7AE
0DB7B0
0DB7B2
0DB7B4
0DB7B6
0DB7B7
0DB7B8
0DB7B9
0DB7BA
0DB7BC
0DB7BE
0DB7C0
0DB7C3
0DB7C6
0DB7C8
0DB7CB
0DB7CE
0DB7D0
0DB7D3
0DB7D6
0DB7D9
0DB7DB
0DB7DE
0DB7DF
0DB7E2
0DB7E4
0DB7E7
0DB7EA
0DB7ED
0DB7EF
0DB7F2
0DB7F3
0DB7F5
0DB7F8
0DB7FA
0DB7FD
0DB800
0DB803
0DB805
0DB807
0DB809
0DB80B
0DB80D
0DB810
0DB812
0DB815
0DB816
0DB818
0DB81B
0DB81D
0DB820
0DB823
0DB826
0DB828
0DB82B
0DB82E
0DB831
0DB833
0DB836
0DB837
0DB839
0DB83C
0DB83E
0DB841
0DB844
0DB847
0DB849
0DB84B
0DB84D
0DB84E
0DB850
0DB852
0DB854
0DB856
0DB858
0DB85C
0DB85E
0DB860
0DB863
0DB865
0DB867
0DB869
0DB86B
0DB86D
0DB86F
0DB870
0DB871
0DB872
0DB873
0DB875
0DB877
0DB879
0DB87C
0DB87F
0DB881
0DB884
0DB887
0DB889
0DB88C
0DB88F
0DB892
0DB894
0DB897
0DB89A
0DB89D
0DB89F
0DB8A2
0DB8A3
0DB8A5
0DB8A7
0DB8AA
0DB8AC
0DB8AF
0DB8B2
0DB8B4
0DB8B7
0DB8BA
0DB8BD
0DB8BF
0DB8C1
0DB8C3
0DB8C5
0DB8C7
0DB8C8
0DB8CA
0DB8CD
0DB8CF
0DB8D2
0DB8D5
0DB8D8
0DB8DA
0DB8DD
0DB8DE
0DB8E0
0DB8E3
0DB8E5
0DB8E8
0DB8EB
0DB8EE
0DB8F0
0DB8F3
0DB8F6
0DB8F9
0DB8FB
0DB8FE
0DB8FF
0DB901
0DB904
0DB906
0DB909
0DB90C
0DB90F
0DB911
0DB913
0DB915
0DB916
0DB918
0DB91E
0DB920
0DB922
0DB924
0DB926
0DB928
0DB92A
0DB92B
0DB92C
0DB92D
0DB92E
0DB930
0DB932
0DB934
0DB937
0DB93A
0DB93E
0DB940
0DB943
0DB945
0DB948
0DB94C
0DB94E
0DB950
0DB953
0DB955
0DB957
0DB95A
0DB95D
0DB95F
0DB961
0DB966
0DB968
0DB96A
0DB96C
0DB96D
0DB96F
0DB970
0DB971
0DB972
0DB973
0DB975
0DB978
0DB97C
0DB97F
0DB982
0DB984
0DB986
0DB989
0DB98D
0DB98F
0DB992
0DB994
0DB996
0DB997
0DB999
0DB99B
0DB99D
0DB99F
0DB9A1
0DB9A3
0DB9A5
0DB9A7
0DB9A9
0DB9AB
0DB9AE
0DB9B0
0DB9B2
0DB9B4
0DB9B7
0DB9B9
0DB9BB
0DB9BD
0DB9BF
0DB9C0
0DB9C2
0DB9C4
0DB9C5
0DB9C6
0DB9C7
0DB9C8
0DB9CA
0DB9CD
0DB9CF
0DB9D2
0DB9D5
0DB9D8
0DB9DA
0DB9DC
0DB9DF
0DB9E1
0DB9E4
0DB9E7
0DB9E9
0DB9EB
0DB9EE
0DB9F1
0DB9F3
0DB9F5
0DB9F6
0DB9F8
0DB9FA
0DB9FC
0DB9FF
0DBA01
0DBA02
0DBA05
0DBA06
0DBA07
0DBA09
0DBA0A
0DBA0C
0DBA0E
0DBA10
0DBA12
0DBA13
0DBA15
0DBA16
0DBA17
0DBA18
0DBA19
0DBA1B
0DBA1E
0DBA21
0DBA23
0DBA26
0DBA27
0DBA29
0DBA2C
0DBA2F
0DBA31
0DBA34
0DBA35
0DBA37
0DBA3A
0DBA3D
0DBA3F
0DBA41
0DBA43
0DBA4C
0DBA4E
0DBA50
0DBA52
0DBA53
0DBA55
0DBA56
0DBA57
0DBA58
0DBA59
0DBA5B
0DBA5E
0DBA62
0DBA64
0DBA67
0DBA69
0DBA6B
0DBA6E
0DBA72
0DBA74
0DBA77
0DBA79
0DBA7B
0DBADC
0DBADE
0DBAE0
0DBAE2
0DBAE4
0DBAE5
0DBAE7
0DBAE9
0DBAEB
0DBAED
0DBAEF
0DBAF2
0DBAF4
0DBAF6
0DBAFA
0DBAFD
0DBAFE
0DBB00
0DBB02
0DBB05
0DBB07
0DBB08
0DBB0A
0DBB0C
0DBB0D
0DBB0F
0DBB12
0DBB14
0DBB16
0DBB18
0DBB19
0DBB1B
0DBB1D
0DBB1F
0DBB21
0DBB23
0DBB25
0DBB27
0DBB29
0DBB2B
0DBB2C
0DBB2E
0DBB30
0DBB31
0DBB32
0DBB33
0DBB34
0DBB35
0DBB38
0DBB3B
0DBB3D
0DBB40
0DBB43
0DBB45
0DBB47
0DBB4A
0DBB4D
0DBB4F
0DBB52
0DBB55
0DBB57
0DBB59
0DBB5C
0DBB5F
0DBB60
0DBB62
0DBB63
0DBB65
0DC190
0DC192
0DC194
0DC195
0DC196
0DC259
0DC25B
0DC25D
0DC25E
0DC260
0DC261
0DC264
0DC268
0DC26A
0DC2E9
0DC2EB
0DC2ED
0DC2EF
0DC2F1
0DC2F4
0DC2F8
0DC2FA
0DC2FC
0DC2FE
0DC301
0DC302
0DC304
0DC306
0DC309
0DC30D
0DC30F
0DC310
0DC313
0DC315
0DC317
0DC31E
0DC320
0DC322
0DC324
0DC326
0DC328
0DC32A
0DC32D
0DC331
0DC334
0DC335
0DC337
0DC339
0DC33C
0DC33E
0DC340
0DC341
0DC343
0DC345
0DC346
0DC358
0DC35A
0DC35C
0DC35E
0DC360
0DC362
0DC363
0DC366
0DC368
0DC369
0DC36A
0DC36B
0DC36C
0DC36E
0DC370
0DC372
0DC374
0DC377
0DC37B
0DC37E
0DC380
0DC382
0DC385
0DC389
0DC38C
0DC38F
0DC392
0DC394
0DC397
0DC399
0DC39B
0DC39E
0DC3A0
0DC3A2
0DC3A4
0DC3A6
0DC3A9
0DC3AB
0DC3AC
0DC3AE
0DC3AF
0DC3B4
0DC3B5
0DC3B7
0DC3B9
0DC3BB
0DC3BC
0DC3BD
0DC3BF
0DC3C0
0DC3C2
0DC3C5
0DC3C8
0DC3CA
0DC3CD
0DC3CF
0DC3D1
0DC3D4
0DC3D7
0DC3D8
0DC3DA
0DC3DC
0DC3DE
0DC3E0
0DC3E2
0DC3E3
0DC3E6
0DC3E8
0DC3E9
0DC3EA
0DC3EB
0DC3EC
0DC3EE
0DC3F0
0DC3F3
0DC3F6
0DC3F8
0DC3FB
0DC3FD
0DC3FF
0DC401
0DC403
0DC406
0DC40A
0DC40D
0DC40F
0DC411
0DC414
0DC418
0DC41B
0DC41E
0DC421
0DC423
0DC425
0DC427
0DC429
0DC42B
0DC42E
0DC430
0DC432
0DC434
0DC436
0DC438
0DC439
0DC43A
0DC43B
0DC43C
0DC43D
0DC440
0DC444
0DC447
0DC449
0DC44B
0DC44F
0DC451
0DC453
0DC454
0DC455
0DC456
0DC457
0DC459
0DC45B
0DC45D
0DC45E
0DC461
0DC465
0DC467
0DC46A
0DC46C
0DC46E
0DC478
0DC47A
0DC47C
0DC47E
0DC480
0DC482
0DC483
0DC484
0DC485
0DC486
0DC488
0DC48B
0DC48D
0DC48F
0DC491
0DC494
0DC498
0DC49B
0DC49E
0DC4A1
0DC4A5
0DC4A8
0DC4AA
0DC4AC
0DC4AF
0DC4B3
0DC4B5
0DC4B8
0DC4BB
0DC4BD
0DC4BF
0DC4C1
0DC4C3
0DC4C5
0DC4C8
0DC4C9
0DC4CB
0DC4CD
0DC4CF
0DC4D1
0DC4D3
0DC4D6
0DC4D8
0DC4DB
0DC4DC
0DC4DE
0DC4E1
0DC4E3
0DC4E6
0DC4E8
0DC4EB
0DC4EC
0DC4EE
0DC4EF
0DC4F1
0DC4F3
0DC4F5
0DC4F6
0DC4F8
0DC4F9
0DC4FA
0DC4FB
0DC4FC
0DC4FE
0DC501
0DC503
0DC505
0DC508
0DC50B
0DC50D
0DC510
0DC513
0DC515
0DC518
0DC51B
0DC51E
0DC521
0DC523
0DC526
0DC529
0DC52B
0DC52E
0DC531
0DC533
0DC536
0DC539
0DC53B
0DC53E
0DC541
0DC544
0DC546
0DC548
0DC54B
0DC54D
0DC550
0DC553
0DC555
0DC558
0DC55B
0DC55D
0DC560
0DC563
0DC565
0DC568
0DC56B
0DC56E
0DC570
0DC572
0DC574
0DC576
0DC579
0DC57C
0DC57E
0DC581
0DC584
0DC586
0DC589
0DC58A
0DC58C
0DC58E
0DC590
0DC592
0DC594
0DC595
0DC596
0DC597
0DC598
0DC59A
0DC59D
0DC59F
0DC5A2
0DC5A4
0DC5A7
0DC5AA
0DC5AC
0DC5AF
0DC5B0
0DC5B2
0DC5B5
0DC5B8
0DC5BA
0DC5BD
0DC5BF
0DC5C2
0DC5C5
0DC5C7
0DC5CA
0DC5CB
0DC5CD
0DC5D0
0DC5D3
0DC5D5
0DC5D7
0DC5D8
0DC5DA
0DC5DC
0DC5DD
0DC5DE
0DC5DF
0DC5E0
0DC5E2
0DC5E5
0DC5E8
0DC5EA
0DC5ED
0DC5F0
0DC5F2
0DC5F4
0DC5F7
0DC5FA
0DC5FC
0DC5FF
0DC602
0DC604
0DC606
0DC609
0DC60C
0DC60E
0DC610
0DC613
0DC615
0DC618
0DC61B
0DC61D
0DC61F
0DCD90
0DCD92
0DCD94
0DCD95
0DCD96
0DCE67
0DCE69
0DCE6B
0DCE6C
0DCE6E
0DCE6F
0DCE70
0DCE71
0DCE74
0DCE77
0DCE7B
0DCE7E
0DCE7F
0DCE80
0DCE82
0DCE84
0DCE87
0DCE8A
0DCE8B
0DCE8D
0DCE8F
0DCE94
0DCE96
0DCE98
0DCE99
0DCE9B
0DCE9C
0DCE9F
0DCEA3
0DCEA5
0DCEC0
0DCEC2
0DCEC4
0DCEC6
0DCEC9
0DCECD
0DCECF
0DCED2
0DCED3
0DCED5
0DCED7
0DCEDA
0DCEDC
0DCEDE
0DCEE0
0DCEE3
0DCEE7
0DCEEA
0DCEEB
0DCEED
0DCEEF
0DCF12
0DCF14
0DCF16
0DCF18
0DCF1A
0DCF1C
0DCF1D
0DCF1E
0DCF1F
0DCF20
0DCF21
0DCF24
0DCF28
0DCF2B
0DCF2D
0DCF2F
0DCF33
0DCF35
0DCF37
0DCF39
0DCF3A
0DCF3C
0DCF3D
0DCF3E
0DCF3F
0DCF40
0DCF42
0DCF45
0DCF49
0DCF4B
0DCF4E
0DCF50
0DCF52
0DCF53
0DCF55
0DCF57
0DCF58
0DCF6E
0DCF70
0DCF72
0DCF73
0DCF74
0DCF75
0DCF76
0DCF77
0DCF7A
0DCF7D
0DCF7F
0DCF82
0DCF85
0DCF87
0DCF89
0DCF8C
0DCF8E
0DCF8F
0DCF91
0DCF92
0DCF94
0DCF97
0DCF98
0DCF9A
0DCF9C
0DCFAB
0DCFAD
0DCFAE
0DCFB0
0DCFB1
0DCFB3
0DCFB5
0DCFB7
0DCFB9
0DCFBB
0DCFBD
0DCFBF
0DCFC0
0DCFC1
0DCFC2
0DCFC3
0DCFC4
0DCFC7
0DCFC9
0DCFCB
0DCFCD
0DCFCE
0DCFD0
0DCFD1
0DCFD3
0DCFD6
0DCFD7
0DCFD9
0DCFDB
0DCFDD
0DCFDE
0DCFDF
0DCFE1
0DCFE2
0DCFE7
0DCFEA
0DCFEC
0DCFED
0DCFEF
0DD034
0DD036
0DD038
0DD03A
0DD03C
0DD03E
0DD040
0DD042
0DD043
0DD044
0DD045
0DD046
0DD047
0DD04A
0DD04C
0DD04E
0DD050
0DD051
0DD053
0DD054
0DD056
0DD059
0DD05A
0DD05B
0DD05D
0DD05E
0DD060
0DD062
0DD063
0DD064
0DD066
0DD067
0DD06A
0DD06C
0DD06D
0DD06F
0DD103
0DD105
0DD107
0DD109
0DD10B
0DD10E
0DD110
0DD112
0DD114
0DD116
0DD118
0DD11A
0DD11C
0DD11D
0DD120
0DD123
0DD126
0DD128
0DD12B
0DD12D
0DD12F
0DD132
0DD134
0DD136
0DD138
0DD13A
0DD13C
0DD13E
0DD140
0DD141
0DD144
0DD145
0DD147
0DD149
0DD14B
0DD14D
0DD14F
0DD150
0DD151
0DD152
0DD153
0DD155
0DD158
0DD15A
0DD15D
0DD15F
0DD162
0DD165
0DD167
0DD16A
0DD16B
0DD16D
0DD170
0DD172
0DD175
0DD178
0DD17A
0DD17D
0DD17F
0DD181
0DD1D9
0DD1DB
0DD1DD
0DD1DF
0DD1E0
0DD1E2
0DD1E3
0DD1E4
0DD1E5
0DD1E6
0DD1E8
0DD1EB
0DD1EE
0DD1F2
0DD1F5
0DD1F8
0DD1FC
0DD1FE
0DD200
0DD205
0DD208
0DD20B
0DD20E
0DD210
0DD213
0DD216
0DD218
0DD21A
0DD21C
0DD21E
0DD221
0DD224
0DD226
0DD229
0DD22D
0DD230
0DD231
0DD234
0DD238
0DD23A
0DD23B
0DD23E
0DD241
0DD243
0DD245
0DD247
0DD249
0DD24B
0DD24E
0DD250
0DD252
0DD254
0DD256
0DD258
0DD25B
0DD25D
0DD260
0DD262
0DD264
0DD267
0DD26B
0DD26E
0DD270
0DD272
0DD275
0DD278
0DD27A
0DD27C
0DD27D
0DD27F
0DD281
0DD990
0DD992
0DD994
0DD995
0DD996
0DDA57
0DDA59
0DDA5C
0DDA5E
0DDA60
0DDA68
0DDA6A
0DDA6C
0DDA6D
0DDA6F
0DDA70
0DDA73
0DDA77
0DDA79
0DDA80
0DDA82
0DDA84
0DDA85
0DDA87
0DDA88
0DDA8B
0DDA8F
0DDA91
0DDA94
0DDA97
0DDA9B
0DDA9D
0DDAA2
0DDAA4
0DDAA6
0DDAA9
0DDAAC
0DDAB0
0DDAB3
0DDAB4
0DDAB5
0DDAB7
0DDAB9
0DDABC
0DDABF
0DDAC1
0DDAC3
0DDAC8
0DDACA
0DDACC
0DDACE
0DDACF
0DDAD1
0DDAD2
0DDAD3
0DDAD4
0DDAD5
0DDAD7
0DDADA
0DDADE
0DDAE1
0DDAE4
0DDAE8
0DDAEA
0DDAED
0DDAEF
0DDAF1
0DDAF2
0DDAF4
0DDAF6
0DDB06
0DDB08
0DDB0A
0DDB0C
0DDB0E
0DDB11
0DDB13
0DDB14
0DDB15
0DDB16
0DDB17
0DDB19
0DDB1B
0DDB1D
0DDB20
0DDB22
0DDB25
0DDB28
0DDB2A
0DDB2D
0DDB2E
0DDB2F
0DDB31
0DDB34
0DDB36
0DDB39
0DDB3C
0DDB3E
0DDB41
0DDB42
0DDB45
0DDB48
0DDB4A
0DDB4D
0DDB4E
0DDB50
0DDB53
0DDB55
0DDB57
0DDB59
0DDB5B
0DDB5D
0DDB60
0DDB62
0DDB63
0DDB65
0DDB66
0DDB6B
0DDB6C
0DDB6E
0DDB70
0DDB72
0DDB73
0DDB74
0DDB76
0DDB77
0DDB7C
0DDB7F
0DDB81
0DDB84
0DDB86
0DDB87
0DDB88
0DDB8B
0DDB8E
0DDB8F
0DDB91
0DDB93
0DDB95
0DDB97
0DDB9A
0DDB9C
0DDB9D
0DDB9E
0DDB9F
0DDBA0
0DDBA2
0DDBA4
0DDBA6
0DDBA9
0DDBAB
0DDBAE
0DDBAF
0DDBB1
0DDBB4
0DDBB6
0DDBB9
0DDBBC
0DDBBF
0DDBC1
0DDBC4
0DDBC5
0DDBC7
0DDBCA
0DDBCC
0DDBCE
0DDBD0
0DDBD2
0DDBD5
0DDBD7
0DDBD8
0DDBDA
0DDBDB
0DDBE0
0DDBE1
0DDBE3
0DDBE5
0DDBE7
0DDBE8
0DDBE9
0DDBEB
0DDBEC
0DDBF1
0DDBF4
0DDBF6
0DDBF9
0DDBFB
0DDBFE
0DDC01
0DDC61
0DDC63
0DDC65
0DDC67
0DDC69
0DDC6C
0DDC6E
0DDC6F
0DDC70
0DDC71
0DDC72
0DDC74
0DDC76
0DDC79
0DDC7C
0DDC7E
0DDC81
0DDC82
0DDC84
0DDC86
0DDC89
0DDC8B
0DDC8E
0DDC90
0DDC92
0DDC95
0DDC97
0DDC9A
0DDC9D
0DDCA0
0DDCA2
0DDCA4
0DDCA6
0DDCA8
0DDCA9
0DDCAB
0DDCAD
0DDCAF
0DDCB1
0DDCB3
0DDCB4
0DDCB5
0DDCB6
0DDCB7
0DDCB9
0DDCBC
0DDCBD
0DDCBF
0DDCC0
0DDCC2
0DDCC4
0DDCC7
0DDCC9
0DDCCC
0DDCCD
0DDCCF
0DDCD2
0DDCD5
0DDCD7
0DDCDA
0DDCDB
0DDCDD
0DDCE0
0DDCE3
0DDCE5
0DDCE7
0DDCE9
0DDCEA
0DDCEC
0DDCEE
0DDCEF
0DDCF0
0DDCF1
0DDCF2
0DDCF4
0DDCF6
0DDCF8
0DDCFA
0DDCFD
0DDCFF
0DDD01
0DDD03
0DDD06
0DDD08
0DDD0B
0DDD0C
0DDD0E
0DDD11
0DDD14
0DDD16
0DDD18
0DDD1A
0DDD1D
0DDD1F
0DDD22
0DDD23
0DDD25
0DDD2E
0DDD30
0DDD32
0DDD33
0DDD34
0DDD35
0DDD36
0DDD38
0DDD3A
0DDD3C
0DDD3D
0DDD3F
0DDD41
0DDD44
0DDD48
0DDD4A
0DDD4D
0DDD4F
0DDD51
0DDD54
0DDD58
0DDD5B
0DDD5C
0DDD5E
0DDD60
0DDD61
0DDD62
0DDD63
0DDD64
0DDD66
0DDD68
0DDD6A
0DDD6C
0DDD6F
0DDD71
0DDD74
0DDD76
0DDD79
0DDD7A
0DDD7C
0DDD7F
0DDD82
0DDD84
0DDD86
0DDD87
0DDD89
0DDD8A
0DDD8B
0DDD8C
0DDD8D
0DDD8F
0DDD99
0DDD9B
0DDD9D
0DDD9F
0DDDA1
0DDDA2
0DDDA3
0DDDA5
0DDDA7
0DDDAA
0DDDAC
0DDDAF
0DDDB1
0DDDB3
0DDDB4
0DDDB5
0DDDB7
0DDDB8
0DDDC2
0DDDC5
0DDDC7
0DDDC9
0DDDCA
0DDDCB
0DDDCD
0DDDCE
0DDDD8
0DDDDB
0DDDDD
0DDDDF
0DDDE0
0DDDE1
0DDDE3
0DDDE4
0DDDEE
0DDDEF
0DDDF0
0DDDF3
0DDDF6
0DDDF8
0DDDFA
0DDDFB
0DDDFC
0DDDFE
0DDDFF
0DDE09
0DDE0A
0DDE0C
0DDE0F
0DDE11
0DDE12
0DDE14
0DDE15
0DDE1A
0DDE1B
0DDE1D
0DDE1F
0DDE21
0DDE22
0DDE23
0DDE25
0DDE26
0DDE2B
0DDE2E
0DDE30
0DDE32
0DDE34
0DDE36
0DDE38
0DDE3B
0DDE3C
0DDE3E
0DDE40
0DDE42
0DDE44
0DDE45
0DDE46
0DDE48
0DDE4A
0DDE4D
0DDE4F
0DDE52
0DDE54
0DDE56
0DDE57
0DDE58
0DDE5A
0DDE5B
0DDE65
0DDE68
0DDE6A
0DDE6C
0DDE6D
0DDE6E
0DDE70
0DDE71
0DDE7B
0DDE7E
0DDE80
0DDE82
0DDE83
0DDE84
0DDE86
0DDE87
0DDE91
0DDE92
0DDE93
0DDE96
0DDE99
0DDE9B
0DDE9D
0DDE9E
0DDE9F
0DDEA1
0DDEA2
0DDEAC
0DDEAD
0DDEAF
0DDEB2
0DDEB4
0DDEB5
0DDEB7
0DDEB8
0DDEBD
0DDEBE
0DDEBF
0DDEC1
0DDEC2
0DDEC4
0DDEC6
0DDEC9
0DDECA
0DDECB
0DDECD
0DDECE
0DDED0
0DDED2
0DDED4
0DDED6
0DDED8
0DDEDB
0DDF3A
0DDF3C
0DDF3E
0DDF40
0DDF43
0DDF45
0DDF47
0DDF49
0DDF4B
0DDF4D
0DDF4F
0DDF51
0DDF54
0DDF56
0DDF59
0DDF5A
0DDF5C
0DDF5F
0DDF61
0DDF62
0DDF64
0DDF66
0DDF67
0DDF69
0DDF6C
0DDF6E
0DDF70
0DDF72
0DDF74
0DDF76
0DDF78
0DDF7A
0DDF7C
0DDF7E
0DDF80
0DDF82
0DDF84
0DDF86
0DDF8A
0DDF8C
0DDF8D
0DDF91
0DDF93
0DDF95
0DDF97
0DDF99
0DDF9B
0DDF9D
0DDFA0
0DDFA4
0DDFA7
0DDFA8
0DDFAA
0DDFAC
0DDFAF
0DDFB2
0DDFB5
0DDFB9
0DDFBC
0DDFBF
0DDFC3
0DDFC6
0DDFC9
0DDFCD
0DDFCF
0DDFD2
0DDFD4
0DDFD6
0DDFD7
0DDFD8
0DDFD9
0DDFDB
0DDFDD
0DDFE0
0DDFE4
0DDFE7
0DDFE8
0DDFEA
0DDFEC
0DDFEF
0DDFF1
0DDFF3
0DDFF6
0DDFF9
0DDFFD
0DE000
0DE001
0DE003
0DE005
0DE007
0DE009
0DE00B
0DE00E
0DE010
0DE012
0DE014
0DE016
0DE018
0DE01A
0DE01B
0DE01C
0DE020
0DE022
0DE026
0DE028
0DE02B
0DE02D
0DE030
0DE032
0DE033
0DE035
0DE037
0DE039
0DE03C
0DE03D
0DE040
0DE042
0DE045
0DE047
0DE048
0DE04A
0DE04C
0DE04E
0DE051
0DE052
0DE054
0DE056
0DE058
0DE05A
0DE05D
0DE0AE
0DE0B0
0DE0B2
0DE0B3
0DE0B5
0DE0B6
0DE0BA
0DE0BB
0DE0BE
0DE0C0
0DE0C2
0DE0C4
0DE0C6
0DE0C9
0DE0CD
0DE0D0
0DE0D1
0DE0D3
0DE0D5
0DE0D8
0DE0DB
0DE0DD
0DE0DF
0DE0E2
0DE0E6
0DE0E9
0DE0EA
0DE0EC
0DE0EE
0DE0F1
0DE0F4
0DE0F6
0DE0F8
0DE0FA
0DE0FC
0DE0FF
0DE103
0DE106
0DE107
0DE109
0DE10B
0DE10E
0DE110
0DE112
0DE115
0DE117
0DE119
0DE11C
0DE11F
0DE123
0DE126
0DE127
0DE129
0DE12B
0DE135
0DE137
0DE139
0DE13B
0DE13D
0DE13F
0DE140
0DE141
0DE142
0DE143
0DE145
0DE148
0DE14A
0DE14C
0DE14E
0DE151
0DE155
0DE158
0DE15B
0DE15E
0DE162
0DE165
0DE167
0DE169
0DE16C
0DE170
0DE172
0DE175
0DE178
0DE17A
0DE17C
0DE17E
0DE180
0DE182
0DE185
0DE890
0DE892
0DE894
0DE895
0DE896
0DE95F
0DE961
0DE963
0DE964
0DE966
0DE967
0DE96A
0DE96E
0DE970
0DE9AA
0DE9AC
0DE9AE
0DE9AF
0DE9B1
0DE9B3
0DE9B4
0DE9B5
0DE9B6
0DE9B7
0DE9B9
0DE9BA
0DE9BC
0DE9BE
0DE9C0
0DE9C3
0DE9C6
0DE9CA
0DE9CD
0DE9CE
0DE9D0
0DE9D2
0DE9D5
0DE9D8
0DE9DA
0DE9DC
0DE9DE
0DE9E0
0DE9ED
0DE9EF
0DE9F0
0DE9F2
0DE9F3
0DE9F4
0DE9F5
0DE9F7
0DE9F9
0DE9FB
0DE9FD
0DEA00
0DEA03
0DEA07
0DEA0A
0DEA0B
0DEA0D
0DEA0F
0DEA12
0DEA15
0DEA17
0DEA19
0DEA1B
0DEA1D
0DEABF
0DEAC1
0DEAC3
0DEAC5
0DEAC7
0DEACA
0DEACE
0DEAD1
0DEAD2
0DEAD4
0DEAD6
0DEAD9
0DEADB
0DEADD
0DEB6A
0DEB6C
0DEB6E
0DEB70
0DEB72
0DEB75
0DEB79
0DEB7C
0DEB7D
0DEB7F
0DEB81
0DEB84
0DEB88
0DEB8A
0DEB8B
0DEB8E
0DEB90
0DEB92
0DEC33
0DEC35
0DEC37
0DEC39
0DEC3B
0DEC3E
0DEC42
0DEC45
0DEC46
0DEC48
0DEC4A
0DEC4D
0DEC51
0DEC53
0DEC54
0DEC57
0DEC59
0DEC5B
0DEC5C
0DEC5E
0DEC61
0DEC63
0DEC65
0DEC8E
0DEC90
0DEC92
0DEC93
0DEC95
0DEC96
0DEC9A
0DEC9C
0DEC9D
0DEC9E
0DEC9F
0DECA0
0DECA2
0DECA4
0DECA6
0DECA8
0DECAA
0DECAD
0DECB1
0DECB4
0DECB5
0DECB7
0DECB9
0DECBC
0DECBE
0DECC0
0DECC1
0DECC3
0DECC9
0DECCA
0DECCB
0DECCD
0DECCE
0DECD0
0DECD2
0DECD4
0DECD6
0DECD8
0DECDA
0DECDB
0DECDC
0DECDD
0DECDE
0DECE0
0DECE3
0DECE6
0DECE8
0DECEA
0DECED
0DECF1
0DECF4
0DECF6
0DECF8
0DECFA
0DECFD
0DED00
0DED02
0DED04
0DED06
0DED08
0DED12
0DED14
0DED16
0DED18
0DED1A
0DED1C
0DED1D
0DED1E
0DED1F
0DED20
0DED21
0DED24
0DED28
0DED2B
0DED2E
0DED32
0DED35
0DED37
0DED39
0DED3C
0DED40
0DED42
0DED43
0DED45
0DED47
0DED49
0DED4A
0DED4D
0DED4F
0DED52
0DED55
0DED57
0DED5A
0DED5B
0DED5D
0DED60
0DED62
0DED64
0DED6B
0DED6D
0DED6F
0DED70
0DED71
0DED72
0DED73
0DED75
0DED77
0DED79
0DED7A
0DED7D
0DED81
0DED84
0DED87
0DED8B
0DED8D
0DED90
0DED92
0DED94
0DED99
0DED9B
0DED9D
0DED9E
0DEDA0
0DEDA2
0DEDA3
0DEDA4
0DEDA5
0DEDA6
0DEDA8
0DEDAB
0DEDAF
0DEDB1
0DEDB4
0DEDB6
0DEDB8
0DEDB9
0DEDBB
0DEDBD
0DEDBF
0DEDC0
0DEDC3
0DEDC5
0DEDC8
0DEDCB
0DEDCD
0DEDD0
0DEDD1
0DEDD3
0DEDD6
0DEDD8
0DEDDA
0DEDDB
0DEDDD
0DEDDF
0DEDE1
0DEDE3
0DEDE5
0DEDE6
0DEDE7
0DEDE8
0DEDE9
0DEDEB
0DEDEE
0DEDF0
0DEDF2
0DEDF4
0DEDF7
0DEDF9
0DEDFC
0DEDFD
0DEDFF
0DEE02
0DEE05
0DEE07
0DEE09
0DEE0B
0DEE0E
0DEE10
0DEE13
0DEE14
0DEE16
0DEE17
0DEE19
0DEE1B
0DEE1D
0DEE1F
0DEE21
0DEE22
0DEE23
0DEE24
0DEE25
0DEE27
0DEE2A
0DEE2C
0DEE2F
0DEE31
0DEE34
0DEE35
0DEE37
0DEE3A
0DEE3D
0DEE3F
0DEE42
0DEE43
0DEE45
0DEE48
0DEE4B
0DEE4D
0DEE4F
0DEE51
0DEE52
0DEE54
0DEE56
0DEE58
0DEE5A
0DEE5C
0DEE5D
0DEE5E
0DEE5F
0DEE60
0DEE62
0DEE65
0DEE67
0DEE69
0DEE6C
0DEE6E
0DEE71
0DEE72
0DEE74
0DEE77
0DEE79
0DEE7C
0DEE7F
0DEE82
0DEE84
0DEE86
0DEE88
0DEE89
0DEE8B
0DEE8D
0DEE8F
0DEE91
0DEE93
0DEE94
0DEE95
0DEE96
0DEE97
0DEE99
0DEE9C
0DEE9F
0DEEA1
0DEEA4
0DEEA6
0DEEA8
0DEEAB
0DEEAD
0DEEB0
0DEEB1
0DEEB3
0DEEB6
0DEEB9
0DEEBB
0DEEBD
0DEEBF
0DEEC0
0DEEC2
0DEEC4
0DEEC6
0DEEC8
0DEEC9
0DEECA
0DEECB
0DEECD
0DEECE
0DEED0
0DEED1
0DEED2
0DEED3
0DEED4
0DEED6
0DEED9
0DEEDC
0DEEDF
0DEEE1
0DEEE2
0DEEE4
0DEEE5
0DEEE7
0DEEF1
0DEEF2
0DEEF3
0DEEF5
0DEEF7
0DEEF8
0DEEFD
0DEF00
0DEF02
0DEF05
0DEF07
0DEF0A
0DEF0D
0DEF0F
0DEF11
0DEF12
0DEF13
0DEF15
0DEF16
0DEF21
0DEF22
0DEF24
0DEF27
0DEF29
0DEF2A
0DEF2C
0DEF2D
0DEF2F
0DEF31
0DEF33
0DEF34
0DEF35
0DEF37
0DEF38
0DEF3B
0DEF3D
0DEF3F
0DEF41
0DEF44
0DEF45
0DEF47
0DEF49
0DEF4B
0DEF4C
0DEF4F
0DEF51
0DEF54
0DEF57
0DEF59
0DEF5C
0DEF5D
0DEF5F
0DEF62
0DEF64
0DEF66
0DEF67
0DEF69
0DEF6B
0DEF6D
0DEF6F
0DEF71
0DEF72
0DEF73
0DEF74
0DEF75
0DEF77
0DEF79
0DEF7C
0DEF7F
0DEF81
0DEF84
0DEF85
0DEF87
0DEF89
0DEF8B
0DEF8E
0DEF91
0DEF93
0DEF96
0DEF98
0DEF9B
0DEF9C
0DEF9E
0DEFA1
0DEFA8
0DEFAA
0DEFAC
0DEFAE
0DEFB0
0DEFB2
0DEFB3
0DEFB4
0DEFB5
0DEFB6
0DEFB8
0DEFBB
0DEFBD
0DEFBF
0DEFC2
0DEFC4
0DEFC6
0DEFC9
0DEFCB
0DEFCE
0DEFD0
0DEFD2
0DEFD5
0DEFD7
0DEFD9
0DEFDB
0DEFDE
0DEFE1
0DEFE5
0DEFE7
0DEFEA
0DEFEE
0DEFF1
0DEFF3
0DEFF5
0DEFF8
0DEFFC
0DEFFE
0DF001
0DF003
0DF005
0DF006
0DF008
0DF009
0DF00C
0DF00E
0DF010
0DF013
0DF015
0DF017
0DF01A
0DF01C
0DF01F
0DF021
0DF023
0DF026
0DF028
0DF02A
0DF02B
0DF02D
0DF02F
0DF031
0DF033
0DF035
0DF036
0DF037
0DF038
0DF039
0DF03B
0DF03E
0DF040
0DF043
0DF045
0DF048
0DF049
0DF04B
0DF04E
0DF050
0DF053
0DF055
0DF058
0DF059
0DF05B
0DF05E
0DF061
0DF063
0DF065
0DF06C
0DF06E
0DF070
0DF072
0DF074
0DF076
0DF077
0DF078
0DF079
0DF07A
0DF07B
0DF07E
0DF082
0DF085
0DF087
0DF089
