
018008
01800B
01800D
01800E
018011
018013
018014
018017
018019
01801A
01801B
01801C
01801D
018020
018021
018022
018023
018024
018025
018028
018029
01802A
01802B
01802C
01802D
018030
018031
018032
018033
018034
018035
018038
018039
01803A
01803B
01803C
01803D
018040
018041
018042
018043
018044
018045
018048
018049
01804A
01804C
01804D
01804E
018051
018053
018055
018057
018059
01805B
01805D
01805F
018061
018063
018066
018068
01806A
01806D
01806F
018070
018072
018073
018075
018078
01807A
01807C
01807F
018081
018083
018086
018088
01808B
01808C
01808D
01808E
01808F
018092
018095
018098
01809B
01809E
0180A1
0180A4
0180A7
0180A9
0180AC
0180AF
0180B2
0180B3
0180B5
0180B8
0180BA
0180BE
0180C1
0180C3
0180C6
0180C9
0180CA
0180CB
0180CE
0180D1
0180D2
0180D3
0180D4
0180D7
0180D8
0180DC
0180DD
0180E1
0180E2
0180E5
0180E8
0180EA
0180EC
0180EE
0180F1
0180F3
0180F6
0180F9
0180FB
0180FE
018101
018103
018106
018109
01810B
01810E
018111
018113
018116
018119
01811B
01811E
018121
018123
018126
018127
01812A
01812C
01812E
018130
018133
018151
018153
018156
018157
01815A
01815D
018160
018162
018164
018167
01816C
01816D
018171
018172
018174
018177
018179
01830F
018311
018313
018314
018317
01831A
01831C
01831E
018320
018322
018325
018326
018328
01832A
01832C
01832E
018330
018331
018334
018339
01833B
01833C
01833D
01833E
01833F
018341
018342
018345
018348
01834B
01834E
018351
018354
018356
018358
01835A
01835B
01835D
01835E
018360
018362
018365
018367
01836A
01836B
01836E
018372
018373
018375
018377
018379
01837C
01837D
01837F
018381
018383
018386
018387
01838A
01838B
018390
018392
018395
018396
018398
01839A
01839C
01839F
0183A4
0183A6
0183A7
0183A8
0183A9
0183AA
0183AC
0183AD
0183B0
0183B2
0183B5
0183B7
0183BA
0183BD
0183C0
0183C2
0183C4
0183C5
0183C6
0183C7
0183C8
0183C9
0183CB
0183CC
0183CF
0183D1
0183D4
0183D6
0183D9
0183DA
0183DC
0183DF
0183EE
0183F2
0183F5
0183F6
0183F8
0183F9
0183FA
0183FB
0183FC
0183FF
018402
018404
018406
01840B
01840E
018411
018413
018416
018417
018418
01841A
01841B
01841D
01841F
018421
018424
018426
018427
01842A
01842C
01842F
018431
018434
018435
018437
01843A
01843B
01843D
01843E
018440
018441
018443
018445
018448
01844A
01844D
01844E
018450
018451
018452
018453
018454
018456
018459
01845A
01845D
018460
018462
018465
01846B
01846D
018470
018472
018475
018477
018479
01847C
01847E
018480
018482
018484
018485
018487
01848A
01848D
018490
018492
018495
018498
01849B
01849F
0184A1
0184A4
0184A6
0184A9
0184AB
0184AE
0184B0
0184B3
0184B6
0184B9
0184BB
0184BE
0184C1
0184C4
0184C5
0184C6
0184CA
0184CB
0184CE
0184D0
0184D2
0184D5
0184D6
0184D8
0184DB
0184DD
0184E0
0184E1
0184E3
0184E5
0184E8
0184E9
0184EB
0184ED
0184EF
0184F1
0184F2
0184F3
0184F4
0184F5
0184F8
0184FA
0184FC
0184FE
018500
018502
018504
018506
018508
01850A
01850D
01850F
018511
018512
018513
018514
018515
018518
01851A
01851C
01851F
018522
018525
018528
01852A
01852C
01852E
018531
018533
018535
018537
018539
01853C
01853E
018541
018543
018546
018547
01854A
01854B
01854D
018550
018552
018554
018556
018558
01855A
01855D
01855F
018562
018564
018567
018569
01856C
01856E
018570
018572
018575
018579
01857C
01857F
018580
018583
018584
018586
018589
01858B
01858D
01858E
018592
018594
018597
01859A
01859D
01859E
0185A1
0185A3
0185A4
0185A6
0185A8
0185AB
0185AD
0185B0
0185B2
0185B3
0185B5
0185B7
0185B9
0185BB
0185BD
0185BF
0185C2
0185C3
0185C6
0185C8
01875E
018762
018763
018766
018768
01876A
01876C
01876E
018770
018773
018776
018778
01877B
01877D
018780
018783
018785
018788
018789
01878D
01878E
018792
018793
018797
018798
01879C
01879D
0187A1
0187A2
0187A6
0187A7
0187AB
0187AC
0187B0
0187B1
0187B5
0187B6
0187BA
0187BB
0187BF
0187C0
0187C4
0187CA
0187CE
0187CF
0187D3
0187D4
0187D8
0187D9
0187DD
0187DE
0187E2
0187E3
0187E7
0187E8
0187EC
0187ED
0187F1
0187F2
0187F6
0187F7
0187FB
0187FC
018800
018801
018805
018806
01880A
01880B
01880F
018810
018814
018815
018819
01881A
01881E
01881F
018823
018824
018828
018829
01882D
01882E
018832
018838
01883C
01883D
01883E
018840
018841
018842
018846
018847
018848
018849
01884B
01884C
01884D
018851
018852
018853
018854
018856
018857
018858
01885C
01885D
01885E
01885F
018861
018862
018863
018867
018868
018869
01886A
01886E
018885
018886
018888
018889
01888A
01888E
01888F
018890
018892
018893
018897
018898
018899
01889B
01889D
01889F
0188A1
0188A4
0188A6
0188A8
0188A9
0188AB
0188AC
0188AF
0188B0
0188B2
0188B4
0188B7
0188B9
0188BB
0188BD
0188BF
0188C2
0188C4
0188C7
0188C9
0188CB
0188CD
0188D1
0188D5
0188D7
0188DA
0188DC
0188DF
0188E2
0188E4
0188E6
0188E8
0188EB
018904
018906
018908
01890B
01890D
01890F
018911
018913
018916
018919
01891A
01891C
01891F
018922
018925
018927
01892A
01892C
01892E
018931
018933
018935
018937
01893A
01893C
01893F
018940
018943
018946
018948
01894B
01894E
018951
018952
018955
018957
018959
01895B
01895E
018960
018962
018964
018966
018968
01896B
01896D
01896F
018972
018975
018977
018979
01897B
01897C
01897F
018980
018982
018984
018986
018989
01898C
01898F
018992
018995
018998
01899A
01899D
0189A0
0189A3
0189A5
0189A8
0189AB
0189AD
0189B4
0189B7
0189B9
0189BC
0189BE
0189C0
0189C3
0189C5
0189C7
0189C9
0189CB
0189CD
0189CE
0189D0
0189D2
0189D4
0189D6
0189D8
0189D9
0189DB
0189DC
0189DE
0189DF
0189E1
0189E3
0189E6
0189E9
0189EC
0189EE
0189F0
0189F2
0189F4
0189F6
0189F9
0189FC
0189FD
018A00
018A02
018A04
018A06
018A08
018A0A
018A0C
018A0F
018A12
018A15
018A18
018A1A
018A1D
018A20
018A22
018A24
018A27
018A29
018A2C
018A2F
018A31
018A33
018A36
018A38
018A3B
018A3D
018A3F
018A41
018A43
018A46
018A48
018A4B
018A4D
018A4F
018A51
018A52
018A54
018A55
018A57
018A58
018A5A
018A5D
018A5F
018A62
018A65
018A68
018A69
018A6B
018A6D
018A70
018A73
018A75
018A78
018A79
018A7A
018A7D
018A80
018A87
018A88
018A8A
018A8C
018A8E
018A90
018A92
018A94
018A96
018A99
018A9B
018A9E
018AA0
018AA2
018AA5
018AA8
018AAA
018AAC
018AAF
018AB1
018AB4
018AB6
018AB8
018ABC
018ABD
018ABE
018AC2
018AC3
018AC7
018AC9
018ACC
018ACF
018AD1
018AD4
018AD6
018AD9
018ADA
018ADB
018ADD
018ADE
018ADF
018AE3
018AE4
018AE5
018AE8
018AEA
018AED
018AEF
018AF1
018AF4
018AF6
018AF9
018AFC
018AFE
018B00
018B03
018B06
018B09
018B0A
018B0D
018B0F
018B11
018B14
018B15
018B18
018B1A
018B1B
018B1C
018B1F
018B22
018B23
018B26
018B28
018B29
018B2C
018B2E
018B31
018B32
018B33
018B36
018B38
018B3A
018B3C
018B3F
018B43
018B46
018B49
018B4C
018B4F
018B51
018B54
018B57
018B59
018B5C
018B5D
018B5F
018B61
018B64
018B66
018B68
018B6B
018B6C
018B6F
018B70
018B73
018B75
018B77
018B7A
018B7B
018B7D
018B7F
018B82
018B84
018B86
018B89
018B90
018B93
018B96
018B98
018B9A
018B9D
018BA0
018BA3
018BA6
018BA8
018BAB
018BAD
018BB0
018BB3
018BB5
018BB8
018BBA
018BBD
018BC0
018BC3
018BC6
018BC7
018BCA
018BCC
018BCE
018BD1
018BD3
018BD5
018BD7
018BD8
018BDB
018BDE
018BE0
018BE3
018BE5
018BE7
018BEA
018BEC
018BEF
018BF0
018BF2
018BF3
018BF5
018BF7
018BFA
018BFB
018BFD
018C00
018C03
018C04
018C07
018C08
018C0A
018C0C
018C0E
018C10
018C13
018C14
018C17
018C18
018C1A
018C1C
018C1F
018C21
018C23
018C26
018C29
018C2B
018C2E
018C30
018C32
018C34
018C38
018C3B
018C3E
018C41
018C44
018C47
018C49
018C4C
018C4D
018C4F
018C51
018C54
018C57
018C5A
018C5B
018C5E
018C60
018C61
018C64
018C66
018C67
018C68
018C6B
018C6D
018C71
018C73
018C75
018C77
018C7A
018C7C
018C7F
018C81
018C83
018C85
018C87
018C8A
018C8C
018C8F
018C91
018C94
018C97
018C99
018C9B
018C9E
018CA0
018CA3
018CA5
018CA8
018CAA
018CAC
018CAE
018CB1
018CB4
018CB7
018CBE
018CC1
018CC3
018CC6
018CC8
018CCA
018CCD
018CCE
018CD1
018CD2
018CD5
018CD7
018CD9
018CDC
018CDF
018CE1
018CE3
018CE5
018CE8
018CEA
018CEC
018CEF
018CF1
018CF3
018CF5
018CF7
018CFA
018CFD
018D00
018D02
018D04
018D06
018D08
018D0A
018D0D
018D0F
018D10
018D12
018D13
018D16
018D18
018D1A
018D1D
018D1F
018D22
018D24
018D27
018D2A
018D2D
018D2E
018D31
018D33
018D35
018D38
018D39
018D3C
018D3F
018D41
018D43
018D44
018D45
018D46
018D48
018D4B
018D4E
018D50
018D53
018D55
018D57
018D59
018D5C
018D5F
018D62
018D65
018D67
018D69
018D6C
018D6E
018D70
018D72
018D74
018D77
018D7A
018D7D
018D7F
018D82
018D85
018D87
018D8A
018D8C
018D8F
018D91
018D93
018D96
018D9A
018D9C
018D9E
018DA1
018DA3
018DA5
018DA8
018DAB
018DAC
018DAF
018DB2
018DB3
018DB5
018DB8
018DBB
018DBD
018DC0
018DC2
018DC4
018DC6
018DE9
018DEC
018DEF
018DF0
018DF1
018DF3
018DF4
018DF7
018DF9
018DFA
018DFC
018DFF
018E01
018E04
018E05
018E07
018E09
018E0A
018E0B
018E0D
018E0E
018E10
018E12
018E13
018E15
018E16
018E18
018E19
018E1C
018E1F
018E20
018E22
018E23
018E26
018E29
018E2B
018E2E
018E31
018E32
018E33
018E34
018E35
018E36
018E39
018E3C
018E3D
018E3F
018E41
018E42
018E45
018E47
018E49
018E4B
018E4E
018E4F
018E50
018E52
018E53
018E54
018E56
018E57
018E59
018E5B
018E5E
018E5F
018E62
018E65
018E66
018E67
018E68
018E6A
018E6D
018E76
018E79
018E7B
018E7D
018E7E
018E81
018E83
018E85
018E87
018E8A
018E8D
018E90
018E92
018E94
018E97
018E98
018E9A
018E9D
018E9F
018EA1
018EA4
018EA7
018EA9
018EAC
018EAE
018EB0
018EB1
018EB4
018EB6
018EB9
018EBB
018EBD
018EBF
018EC1
018EC2
018EC4
018EC7
018EC8
018ECA
018ECC
018ECE
018ED0
018ED3
018ED5
018ED6
018ED8
018EDA
018EDC
018EDF
018EE1
018EE4
018EE6
018EE9
018EEC
018EEE
018EEF
018EF1
018EF4
018EF6
018EF7
018F07
018F0A
018F0C
018F0D
018F0F
018F11
018F14
018F17
018F1A
018F1C
018F1F
018F21
018F24
018F26
018F28
018F2B
018F2E
018F30
018F31
018F33
018F36
018F38
018F3C
018F3E
018F40
018F43
018F46
018F49
018F4C
018F4F
018F50
018F54
018F56
018F58
018F5A
018F5D
018F5F
018F61
018F64
018F67
018F69
018F6C
018F6E
018F6F
018F71
018F74
018F77
018F79
018F7C
018F7E
018F7F
018F81
018F84
018F87
018F89
018F8C
018F8E
018F91
018F93
018F96
018F97
018F99
018F9C
018F9E
018FA0
018FA1
018FA4
018FA7
018FAA
018FAC
018FAF
018FB2
018FB3
018FB5
018FB8
018FBB
018FBD
018FC1
018FC4
018FE7
018FE9
018FEC
018FEE
018FF0
018FF2
018FF5
018FF8
018FFB
018FFE
019001
019003
019006
019008
01900B
01900E
019011
019014
019017
019019
01901A
01901C
01901E
019020
019023
019026
019028
01902B
019032
019035
019037
01903A
01903C
01903D
01903F
019041
019043
019045
019047
019049
01904B
01904C
01904F
019051
019053
019056
019058
01905B
01905D
01905F
019060
019063
019065
019066
019068
01906A
01906B
01906D
01906E
019070
019071
019072
019074
019076
019079
01907A
01907C
01907F
019081
019084
019089
01908C
01908D
019090
019092
019094
019097
019098
01909B
01909D
01909F
0190A2
0190A4
0190A6
0190A7
0190A9
0190AC
0190AE
0190B1
0190B2
0190B3
0190B4
0190B5
0190B8
0190B9
019138
019139
01913A
01913B
01913E
01913F
019140
019143
019146
019149
01914C
01914F
019152
019155
019158
01915A
01915C
01915F
019161
019162
019164
019166
019169
01916B
01916E
019170
019171
019173
019175
019178
01917A
01917D
019180
019182
019183
019185
019187
01918A
01918C
01918F
019191
019192
019194
019196
019199
01919B
01919E
0191A1
0191A3
0191A5
0191A7
0191A9
0191AC
0191AE
0191AF
0191B2
0191B3
0191B5
0191B7
0191B8
0191BB
0191BE
0191C1
0191C3
0191C6
0191C8
0191CA
0191CB
0191CE
0191D0
0191D2
0191D3
0191D6
0191D8
0191DB
0191DE
0191E1
0191E3
0191E5
0191E8
0191EA
0191ED
0191F0
0191F3
0191F5
0191F6
0191F9
0191FB
0191FE
019200
019202
019205
019207
01920B
01920C
019210
019211
019214
019216
019218
01921A
01921C
01921F
019221
019224
019226
019228
01922C
01922F
019231
019233
019236
019238
01923A
01923B
01923E
019240
019242
019244
019245
019247
019249
01924B
01924E
019250
019252
019255
019256
019258
01925B
01925E
019260
019263
019265
019268
01926A
01926D
01926F
019272
019275
019277
019279
01927C
01927E
019280
019283
019288
01928A
01928C
01928D
01928E
019290
019291
019294
019297
019299
01929C
01929E
0192A0
0192A2
0192A4
0192A7
0192AA
0192AD
0192B0
0192B2
0192B5
0192B7
0192BA
0192BD
0192C0
0192C9
0192CB
0192CD
0192CF
0192D0
0192D3
0192D6
0192D7
0192DA
0192DD
0192DE
0192E0
0192E3
0192E5
0192E7
0192E9
0192EB
0192ED
0192EF
0192F2
0192F4
0192F7
0192F9
0192FC
0192FF
019302
019305
019307
01930A
01930C
01930F
019310
019312
019314
019316
019318
01931B
01931D
01931F
019321
019323
019325
019327
019329
01932C
01932E
019330
019332
019335
019337
01933A
01933B
01933D
01933F
019341
019343
019345
019347
01934B
01934D
01934F
019351
019353
019355
019357
019359
01935B
01935D
01935F
019362
019363
019365
019369
01936A
01936D
01936F
019371
019373
019375
019377
019379
01937B
01937D
019380
019384
019386
019388
01938A
01938C
01938E
019391
019393
019395
019397
019399
01939B
01939D
01939F
0193A0
0193A2
0193A4
0193A7
0193A9
0193AC
0193AF
0193B0
0193B2
0193B4
0193B6
0193B8
0193BB
0193BD
0193BF
0193C2
0193C4
0193C6
0193C8
0193CA
0193CC
0193CE
0193D1
0193D3
0193D5
0193D7
0193D9
0193DB
0193DD
0193DF
0193E2
0193E4
0193E7
0193E9
0193EB
0193ED
019405
019408
01940A
01940C
01940E
01940F
019412
019414
019417
01941A
01941C
01941F
019421
019424
019425
019427
019429
01942B
01942D
01942F
019431
019433
019435
019437
01943A
01943D
019440
019441
019443
019446
019448
019449
01944A
01944C
01944D
019450
019451
019453
019455
019457
019458
01945B
01945D
01945F
019461
019464
019466
019468
01946A
01946C
01946E
01946F
019472
019474
019476
019479
01947B
01947D
01947F
019481
019483
019484
019485
019486
019487
019489
01948B
01948D
019491
019494
019496
01949A
01949B
01949D
01949F
0194A3
0194A6
0194A8
0194AC
0194AE
0194B0
0194B3
0194B4
0194B6
0194B8
0194BB
0194BE
0194BF
0194C1
0194C2
0194C5
0194C7
0194C9
0194CB
0194CE
0194D0
0194D2
0194D4
0194D6
0194D9
0194DB
0194DD
0194DF
0194E0
0194E3
0194E5
0194E7
0194EA
0194EC
0194EE
0194F0
0194F2
0194F4
0194F6
0194F7
0194F8
0194F9
0194FA
0194FC
0194FE
019500
019504
019507
019509
01950D
01950E
019510
019512
019516
019519
01951B
01951F
019521
019523
019525
019527
01952A
01952C
01952F
019531
019533
019537
019539
01953B
01953C
01953E
019540
019542
019544
019546
019548
019549
01954B
01954D
019550
019551
019553
019554
019556
019558
01955A
01955C
01955E
019562
019564
019567
01956A
01956C
01956E
019571
019574
019577
01957A
01957C
01957F
019581
019583
019585
019587
01958C
01958E
019590
019592
019594
019598
01959B
01959D
01959F
0195A1
0195A4
0195A6
0195A8
0195A9
0195AB
0195AD
0195B0
0195B2
0195B4
0195B6
0195B8
0195BA
0195BD
0195BF
0195C2
0195C4
0195C5
0195C6
0195C7
0195C8
0195CA
0195CD
0195CF
0195D2
0195D6
0195D8
0195DB
0195DE
0195E0
0195E2
0195E4
0195E6
0195E9
0195EB
0195EC
0195ED
0195EF
0195F0
0195F2
0195F5
0195F8
0195FB
019624
019626
019628
01962A
01962D
01962F
019631
019633
019636
019638
01963B
01963D
019640
019642
019645
019648
01964A
01964D
01964E
019650
019652
019653
019655
019658
01965B
01965C
01965F
019662
019664
019667
019669
01966B
01966D
019670
019673
019675
019679
01967C
01967F
019682
019685
019687
019689
01968B
01968E
019691
019693
019696
019698
01969B
01969C
01969F
0196A1
0196A3
0196A5
0196A7
0196A9
0196AB
0196AD
0196AF
0196B1
0196B3
0196B5
0196B7
0196B9
0196BB
0196BD
0196BF
0196C1
0196C3
0196C5
0196C7
0196CA
0196CB
0196CD
0196D0
0196D3
0196D6
0196D7
0196D9
0196DB
0196DD
0196E0
0196E1
0196E5
0196E7
0196E9
0196EC
0196EE
0196EF
0196F2
0196F5
0196F6
0196FA
0196FD
0196FF
019702
019705
019708
01970A
01970D
019710
019713
019715
019718
01971A
01971D
019720
019723
019726
019729
01972B
01972D
01972F
019732
019733
019736
019737
019739
01973A
01973D
01973E
01973F
019742
019745
019746
019747
019748
01974B
01974E
019750
019751
019754
019756
019758
01975B
01975D
01975F
019762
019765
019767
019769
01976B
01976D
019770
019772
019773
019775
019776
019778
01977B
01977D
019780
019782
019785
019788
01978B
01978D
019790
019793
019796
019797
019798
01979C
01979D
01979F
0197A2
0197A4
0197A7
0197A9
0197AC
0197D5
0197D7
0197D8
0197DA
0197DD
0197DE
0197DF
0197E1
0197E4
0197E6
0197E8
0197E9
0197EC
0197ED
0197EE
0197EF
0197F0
0197F2
0197F4
0197F6
0197F7
0197F8
0197FA
0197FB
0197FE
019801
019803
019805
019806
019808
01980B
01980D
01980F
019812
019815
019816
019818
019819
01981B
01981E
019821
019822
019825
019828
01982A
01982D
01982F
019831
019834
019837
019839
01983C
01983E
019840
019842
019843
019846
019848
01984A
01984D
01984F
019851
019853
019856
019858
01985B
01985C
01985E
019860
019862
019864
019867
019868
01986A
01986D
01986E
019870
019873
019876
019877
019879
01987C
01987F
019880
019882
019884
019886
019888
01988A
01988B
01988C
01988F
019892
019894
019897
01989A
01989B
01989C
01989D
01989E
0198A0
0198A3
0198A6
0198A9
0198AB
0198AD
0198B0
0198B3
0198B6
0198B8
0198BA
0198BD
0198BF
0198C2
0198C4
0198C6
0198C8
0198CA
0198CC
0198CE
0198D0
0198D2
0198D4
0198D6
0198D8
0198DB
0198DD
0198DE
0198E1
0198E2
0198E4
0198E5
0198E8
0198EA
0198ED
0198EF
0198F2
0198F4
0198F6
0198F9
0198FD
0198FF
019901
019903
019906
019907
019908
01990A
01990D
019913
019916
019918
01991B
01991E
019920
019922
019925
019928
01992B
01992D
01992F
019930
019932
019934
019936
019939
01993C
01993E
019941
019943
019946
019949
01994C
01994D
019950
019951
019953
019955
019958
01995A
01995D
01995F
019961
019963
019965
019967
019969
01996C
01996E
019971
019973
019975
019978
01997A
01997C
01997E
019980
019982
019984
019987
019989
01998C
01998F
019992
019994
019996
019998
01999B
01999E
0199A0
0199A3
0199A6
0199A9
0199AB
0199AD
0199AE
0199B0
0199B1
0199B3
0199B5
0199B7
0199BA
0199BC
0199BD
0199BE
0199BF
0199C1
0199C4
0199C6
0199C9
0199CD
0199CF
0199D2
0199D4
0199D6
0199D8
0199DB
0199DC
0199DF
0199E1
0199E4
0199E6
0199E8
0199EA
0199ED
0199EF
0199F1
0199F3
0199F6
0199F8
0199F9
0199FB
0199FC
0199FD
0199FE
019A02
019A03
019A04
019A07
019A09
019A0B
019A0E
019A10
019A12
019A14
019A15
019A17
019A19
019A1B
019A1D
019A1E
019A21
019A2A
019A2C
019A2F
019A31
019A32
019A33
019A35
019A36
019A37
019A3A
019A3D
019A40
019A41
019A44
019A47
019A4A
019A4D
019A52
019A55
019A57
019A5A
019A5D
019A60
019A61
019A62
019A63
019A65
019A66
019A67
019A6A
019A6B
019A6E
019A71
019A73
019A76
019A77
019A7A
019A7B
019A7E
019A80
019A82
019A84
019A87
019A8A
019A8C
019A8E
019A90
019A92
019A94
019A96
019A99
019A9B
019A9D
019A9F
019AA2
019AA4
019AA6
019AA8
019AAB
019AAD
019AAF
019AB1
019AB4
019AB6
019AB8
019ABB
019ABC
019ABE
019AC4
019AC7
019AC9
019ACB
019ACD
019AD0
019AD2
019AD5
019AD6
019AD8
019ADA
019ADD
019AE0
019AE3
019AE4
019AE6
019AE8
019AEB
019AED
019AF0
019AF1
019AF4
019AF7
019AF9
019AFC
019AFE
019B00
019B02
019B04
019B07
019B0A
019B0C
019B0F
019B10
019B13
019B16
019B18
019B1A
019B1D
019B20
019B23
019B25
019B27
019B2A
019B2C
019B2E
019B30
019B32
019B34
019B36
019B3D
019B3F
019B42
019B44
019B47
019B49
019B4C
019B4E
019B4F
019B52
019B54
019B56
019B58
019B5B
019B5C
019B5E
019B5F
019B61
019B64
019B66
019B68
019B6A
019B6C
019B6E
019B70
019B71
019B74
019B76
019B78
019B7A
019B7C
019B7F
019B80
019B82
019CF3
019CF5
019CF7
019CF9
019CFC
019CFE
019CFF
019D00
019D02
019D04
019D06
019D09
019D0A
019D0B
019D0E
019D10
019D13
019D15
019D17
019D1A
019D1C
019D1E
019D1F
019D21
019D23
019D24
019D27
019D2A
019D2C
019D2D
019D30
019D33
019D35
019D36
019D38
019D39
019D3C
019D3F
019D41
019D42
019D43
019D45
019D46
019D49
019D4B
019D4E
019D4F
019D50
019D51
019D52
019D54
019D56
019D57
019D59
019D5B
019D5E
019D5F
019D60
019D61
019D62
019D65
019D66
019D67
019D6A
019D6C
019D6F
019D70
019D73
019D76
019D78
019D79
019D7B
019D7D
019D7F
019D81
019D82
019D83
019D85
019D88
019D89
019D8A
019D8D
019D8E
019D8F
019D92
019D95
019D98
019D9B
019D9E
019DA0
019DA3
019DA4
019DA6
019DA9
019DAB
019DAE
019DB1
019DB4
019DB5
019DB7
019DBA
019DBC
019DBE
019DC0
019DC3
019DC6
019DC7
019DC8
019DC9
019DCA
019DCC
019DCF
019DD2
019DD5
019DD8
019DD9
019DDC
019DDF
019DE1
019DE2
019DE3
019DE5
019DE6
019DE7
019DE9
019DEC
019DED
019DEE
019DF1
019DF2
019DF3
019DF6
019DF9
019DFC
019DFF
019E02
019E04
019E07
019E08
019E0A
019E0D
019E28
019E2A
019E2D
019E2F
019E32
019E34
019E35
019E37
019E3A
019E3C
019E3E
019E40
019E43
019E45
019E47
019E49
019E4C
019E4D
019E50
019E51
019E53
019E54
019E56
019E57
019E5A
019E5C
019E5E
019E61
019E62
019E64
019E65
019E67
019E6A
019E6B
019E6D
019E6F
019E71
019E72
019E74
019E75
019E78
019E7B
019E7E
019E81
019E83
019E86
019E89
019E8A
019E8B
019E8C
019E8D
019E90
019E93
019E94
019E95
019E97
019E98
019E99
019E9B
019E9D
019EA0
019EA1
019EA3
019EA6
019EA8
019EA9
019EAA
019EAC
019EAE
019EB1
019EB2
019EB4
019EB7
019EBA
019EBB
019EBC
019EBE
019EC1
019EC4
019EC5
019EC8
019ECB
019ECC
019ECD
019ECE
019ED0
019ED1
019ED4
019ED6
019ED7
019ED9
019EDB
019EDE
019EE0
019EE3
019EE6
019EE7
019EE9
019EEC
019EEF
019EF2
019EF3
019EF6
019EF7
019EFA
019EFB
019EFE
019EFF
019F01
019F02
019F05
019F06
019F08
019F09
019F0B
019F0D
019F0F
019F12
019F15
019F17
019F19
019F1C
019F1D
019F20
019F23
019F24
019F27
019F2A
019F2D
019F2F
019F32
019F34
019F37
019F3A
019F3B
019F3D
019F40
019F42
019F44
019F46
019F48
019F4B
019F4C
019F4D
019F4E
019F4F
019F51
019F54
019F57
019F5A
019F71
019F74
019F77
019F79
019F7C
019F7E
019F81
019F83
019F86
019F88
019F89
019F8C
019F8E
019F90
019F92
019F95
019F96
019F98
019F9B
019F9D
019F9F
019FA1
019FA3
019FA5
019FA7
019FAA
019FAC
019FAF
019FB1
019FB3
019FB5
019FB7
019FB9
019FBB
019FBE
019FC0
019FC2
019FC4
019FC7
019FCA
019FCB
019FCD
019FCE
019FCF
019FD3
019FD4
019FD7
019FDA
019FDC
019FDF
019FE0
019FE3
019FE5
019FE7
019FE9
019FEC
019FEE
019FF0
019FF3
019FF4
019FF7
019FF9
019FFB
019FFD
019FFF
01A002
01A005
01A008
01A00B
01A00D
01A00F
01A011
01A014
01A015
01A018
01A01A
01A01C
01A01E
01A020
01A022
01A024
01A026
01A028
01A02A
01A02D
01A02F
01A031
01A033
01A035
01A037
01A039
01A03B
01A03D
01A03F
01A041
01A043
01A045
01A047
01A049
01A04B
01A04C
01A04F
01A051
01A053
01A056
01A059
01A05C
01A05F
01A060
01A062
01A064
01A066
01A068
01A06C
01A06E
01A070
01A072
01A074
01A075
01A077
01A079
01A07D
01A080
01A082
01A084
01A087
01A089
01A08C
01A090
01A093
01A095
01A097
01A099
01A09B
01A09D
01A09F
01A0A0
01A0A1
01A0A4
01A0A6
01A0A8
01A0AB
01A0AD
01A0B0
01A0B1
01A0B3
01A0B5
01A0B7
01A0B8
01A0BB
01A0BD
01A0BE
01A0BF
01A0C1
01A0C3
01A0C4
01A0C7
01A0C9
01A0CB
01A0CD
01A0D0
01A0D2
01A0D4
01A0D6
01A0D7
01A0D9
01A0DC
01A0DE
01A0E0
01A0E2
01A0E5
01A0E7
01A0EA
01A0EC
01A0EF
01A0F1
01A0F4
01A0F6
01A0F7
01A0F9
01A0FA
01A0FD
01A0FF
01A101
01A104
01A107
01A109
01A10B
01A10D
01A10F
01A111
01A113
01A116
01A118
01A11A
01A11B
01A11D
01A11F
01A121
01A123
01A126
01A128
01A12B
01A12E
01A12F
01A131
01A132
01A133
01A136
01A138
01A13A
01A13B
01A13D
01A140
01A142
01A14D
01A14F
01A152
01A154
01A155
01A158
01A15A
01A15C
01A15E
01A160
01A162
01A166
01A167
01A169
01A16C
01A16E
01A170
01A172
01A174
01A177
01A187
01A18A
01A18C
01A18E
01A190
01A192
01A194
01A196
01A198
01A19A
01A19C
01A19E
01A1A0
01A1A2
01A1A4
01A1A6
01A1A8
01A1AA
01A1AC
01A1AE
01A1B0
01A1B2
01A1B4
01A1B6
01A1B8
01A1BA
01A1BC
01A1BE
01A1D0
01A1D3
01A1D4
01A1D7
01A1D9
01A1DB
01A1DC
01A1DE
01A1E1
01A1E2
01A1E3
01A1E5
01A1E8
01A1EB
01A1EC
01A1EF
01A1F1
01A1F3
01A1F6
01A1F9
01A1FB
01A1FD
01A200
01A202
01A204
01A206
01A209
01A20C
01A20F
01A212
01A214
01A217
01A218
01A21A
01A21D
01A220
01A222
01A225
01A228
01A229
01A22C
01A22E
01A230
01A232
01A233
01A235
01A237
01A23A
01A23C
01A23E
01A240
01A241
01A243
01A245
01A248
01A24A
01A24C
01A250
01A254
01A257
01A259
01A25A
01A25D
01A260
01A262
01A264
01A267
01A269
01A26B
01A26D
01A26F
01A271
01A273
01A275
01A277
01A278
01A27B
01A27E
01A281
01A283
01A285
01A288
01A28B
01A28D
01A290
01A292
01A295
01A298
01A29A
01A29D
01A29F
01A2AD
01A2AF
01A2B1
01A2B3
01A2B5
01A2B8
01A2BB
01A2BD
01A2C0
01A2C2
01A2C5
01A2C7
01A2CA
01A2CC
01A2CE
01A2D0
01A2D3
01A2D5
01A2D8
01A2DB
01A2DC
01A2E0
01A2E1
01A2E3
01A2E6
01A2E8
01A2EB
01A2EE
01A2F0
01A2F3
01A2F4
01A2F7
01A2FA
01A2FC
01A2FE
01A300
01A304
01A306
01A30A
01A30D
01A30E
01A30F
01A310
01A311
01A314
01A317
01A319
01A31C
01A31E
01A320
01A322
01A323
01A324
01A327
01A329
01A32B
01A32C
01A32E
01A331
01A332
01A334
01A337
01A33A
01A33C
01A33F
01A341
01A342
01A344
01A347
01A34A
01A34C
01A34F
01A352
01A355
01A359
01A365
01A368
01A36B
01A36D
01A36F
01A372
01A374
01A376
01A379
01A37C
01A37D
01A37F
01A381
01A382
01A384
01A385
01A388
01A38B
01A38D
01A38E
01A390
01A393
01A395
01A397
01A39A
01A39C
01A39E
01A3A1
01A3A3
01A3A5
01A3A6
01A3A8
01A3A9
01A3AC
01A3AD
01A3AF
01A3B1
01A3B2
01A3B5
01A3B7
01A3B9
01A3BB
01A3BD
01A3C0
01A3C3
01A3C6
01A3C7
01A3C9
01A3CB
01A3CC
01A3CD
01A3D0
01A3D2
01A3D3
01A3D5
01A3D7
01A3D9
01A3DA
01A3DC
01A3DE
01A3DF
01A3E2
01A3E4
01A3E5
01A3E6
01A3E8
01A3E9
01A3EB
01A3EE
01A3EF
01A3F0
01A3F1
01A3F2
01A3F4
01A3F7
01A3F8
01A3F9
01A3FB
01A3FD
01A400
01A401
01A402
01A403
01A404
01A406
01A409
01A40A
01A40D
01A40E
01A410
01A411
01A413
01A414
01A416
01A417
01A41A
01A41C
01A41E
01A421
01A424
01A427
01A429
01A42C
01A42F
01A432
01A435
01A438
01A43A
01A43D
01A43F
01A441
01A444
01A446
01A449
01A44B
01A44E
01A450
01A452
01A454
01A455
01A457
01A458
01A45B
01A45E
01A460
01A462
01A464
01A467
01A469
01A46B
01A46C
01A46E
01A46F
01A472
01A474
01A477
01A479
01A47B
01A47E
01A480
01A483
01A485
01A487
01A488
01A48B
01A48C
01A48F
01A491
01A494
01A496
01A498
01A49B
01A49D
01A49F
01A4A0
01A4A2
01A4A3
01A4A6
01A4A9
01A4AB
01A4AD
01A4B0
01A4B1
01A4B3
01A4B6
01A4B9
01A4BA
01A4BD
01A4BF
01A4C1
01A4C3
01A4C5
01A4C7
01A4C9
01A4CB
01A4CD
01A4CE
01A4D1
01A4D3
01A4D5
01A4D7
01A4D9
01A4DB
01A4DD
01A4DF
01A4E2
01A4E5
01A4E7
01A4E9
01A4EC
01A4EE
01A4F0
01A4F2
01A4F5
01A4F7
01A4F9
01A4FB
01A4FD
01A4FF
01A501
01A503
01A506
01A509
01A50B
01A50D
01A50F
01A511
01A513
01A515
01A517
01A51A
01A51D
01A51F
01A521
01A523
01A52E
01A531
01A534
01A537
01A53D
01A540
01A543
01A544
01A545
01A546
01A547
01A548
01A54B
01A54C
01A54D
01A550
01A553
01A555
01A558
01A55A
01A55C
01A55F
01A561
01A563
01A565
01A56A
01A56D
01A56F
01A570
01A573
01A576
01A579
01A57A
01A57C
01A57E
01A581
01A583
01A585
01A588
01A58B
01A58C
01A58E
01A591
01A592
01A595
01A597
01A59A
01A59C
01A59E
01A5A1
01A5A4
01A5A6
01A5A8
01A5AB
01A5AC
01A5AE
01A5B0
01A5B3
01A5B4
01A5B7
01A5B9
01A5BC
01A5BE
01A5C0
01A5C3
01A5C4
01A5C7
01A5C8
01A5CA
01A5CC
01A5CE
01A5D1
01A5D3
01A5D4
01A5D5
01A5D8
01A5D9
01A5DA
01A5DD
01A5E0
01A5E3
01A5E5
01A5E8
01A5E9
01A5EA
01A5EE
01A5EF
01A5F1
01A5F2
01A5F4
01A5F6
01A5F8
01A5FB
01A5FD
01A600
01A601
01A604
01A607
01A609
01A60B
01A60E
01A611
01A612
01A614
01A616
01A618
01A619
01A61D
01A625
01A627
01A628
01A62A
01A62C
01A62E
01A62F
01A630
01A633
01A634
01A636
01A639
01A63C
01A63D
01A640
01A642
01A645
01A64A
01A64B
01A64E
01A64F
01A652
01A655
01A657
01A659
01A65C
01A65F
01A660
01A662
01A664
01A666
01A667
01A66B
01A66D
01A670
01A674
01A677
01A678
01A67A
01A67C
01A67E
01A680
01A682
01A684
01A685
01A687
01A689
01A68B
01A68D
01A68F
01A691
01A694
01A696
01A698
01A69D
01A6A0
01A6A2
01A6A4
01A6A6
01A6A8
01A6AA
01A6AC
01A6AE
01A6B1
01A6B3
01A6B6
01A6BB
01A6BF
01A6C1
01A6C5
01A6C7
01A6C8
01A6CA
01A6CC
01A6CE
01A6D0
01A6D2
01A6D3
01A6D6
01A6D9
01A6DB
01A6DE
01A6E0
01A6E3
01A6E5
01A6E7
01A6EA
01A6EC
01A6EE
01A6F1
01A6F4
01A6F6
01A6F8
01A6FA
01A6FB
01A6FE
01A700
01A702
01A703
01A705
01A707
01A709
01A70C
01A70E
01A710
01A712
01A714
01A716
01A718
01A71B
01A71E
01A720
01A723
01A724
01A727
01A728
01A72A
01A72D
01A72E
01A731
01A733
01A736
01A738
01A73A
01A73D
01A73F
01A741
01A744
01A746
01A748
01A74B
01A74D
01A750
01A752
01A755
01A757
01A759
01A75C
01A75D
01A75F
01A761
01A764
01A766
01A768
01A76C
01A76F
01A770
01A773
01A774
01A777
01A77C
01A77E
01A780
01A782
01A785
01A787
01A78A
01A78D
01A78F
01A791
01A794
01A796
01A799
01A79C
01A79D
01A79F
01A7A1
01A7A2
01A7A5
01A7A7
01A7AA
01A7AD
01A7AF
01A7B2
01A7B4
01A7B7
01A7B8
01A7BB
01A7BD
01A7C0
01A7C1
01A7C2
01A7C5
01A7C8
01A7DC
01A7DD
01A7DE
01A7DF
01A7E2
01A7E3
01A7E4
01A7E7
01A7E9
01A7EB
01A7EC
01A7EE
01A7F0
01A7F3
01A7F5
01A7F6
01A7F7
01A7FA
01A7FC
01A7FD
01A7FF
01A801
01A803
01A806
01A808
01A809
01A80B
01A80D
01A80F
01A811
01A813
01A815
01A817
01A81A
01A81C
01A81F
01A822
01A824
01A828
01A82C
01A830
01A832
01A835
01A837
01A838
01A83B
01A83E
01A840
01A843
01A845
01A847
01A84B
01A84E
01A851
01A853
01A855
01A857
01A85A
01A85E
01A861
01A863
01A865
01A868
01A86B
01A86D
01A870
01A872
01A874
01A877
01A87A
01A87C
01A87D
01A87E
01A881
01A884
01A886
01A888
01A88B
01A88E
01A890
01A892
01A895
01A896
01A897
01A899
01A89B
01A89D
01A89E
01A8A0
01A8A2
01A8A4
01A8A5
01A8A7
01A8A9
01A8AB
01A8AC
01A8AE
01A8B0
01A8B2
01A8B4
01A8B7
01A8B9
01A8BB
01A8BE
01A8C0
01A8C3
01A8C5
01A8C7
01A8C9
01A8CC
01A8CE
01A8D0
01A8D3
01A8D6
01A8D8
01A8DA
01A8DD
01A8E1
01A8E5
01A8E6
01A8E9
01A8EB
01A8EE
01A8F0
01A8F2
01A8F5
01A8F8
01A8F9
01A8FC
01A8FE
01A901
01A903
01A906
01A908
01A90A
01A90D
01A90E
01A911
01A913
01A915
01A917
01A91B
01A91C
01A91F
01A922
01A924
01A928
01A92A
01A92C
01A92F
01A931
01A935
01A938
01A93C
01A93F
01A941
01A944
01A947
01A94A
01A94D
01A94F
01A952
01A954
01A956
01A958
01A95A
01A95C
01A95D
01A960
01A962
01A965
01A967
01A969
01A96B
01A96D
01A96E
01A96F
01A973
01A974
01A975
01A977
01A979
01A97B
01A97D
01A97F
01A981
01A983
01A986
01A988
01A98A
01A98C
01A98E
01A990
01A993
01A996
01A998
01A99B
01A99D
01A9A0
01A9A2
01A9A4
01A9A8
01A9AB
01A9AD
01A9AF
01A9B2
01A9B4
01A9B6
01A9B8
01A9BA
01A9BD
01A9BE
01A9C0
01A9C1
01A9C3
01A9C5
01A9C7
01A9CA
01A9CC
01A9CF
01A9D1
01A9D3
01A9D5
01A9D8
01A9DA
01A9DD
01A9DF
01A9E1
01A9E2
01A9E5
01A9E7
01A9E9
01A9EB
01A9EE
01A9F0
01A9F2
01A9F4
01A9F6
01A9F8
01A9FB
01A9FD
01AA00
01AA01
01AA04
01AA07
01AA09
01AA0B
01AA0D
01AA0F
01AA12
01AA14
01AA16
01AA18
01AA1A
01AA1C
01AA1E
01AA20
01AA22
01AA24
01AA26
01AA28
01AA2A
01AA2D
01AA2F
01AA32
01AA33
01AA35
01AA37
01AA39
01AA3B
01AA3D
01AA3F
01AA41
01AA42
01AA45
01AA48
01AA4A
01AA4C
01AA4E
01AA51
01AA53
01AA55
01AA58
01AA5A
01AA5C
01AA5E
01AA61
01AA64
01AA66
01AA68
01AA6B
01AA6E
01AA70
01AA73
01AA74
01AA76
01AA78
01AA7A
01AA7C
01AA7E
01AA80
01AA82
01AA84
01AA86
01AA88
01AA8A
01AA8C
01AA94
01AA97
01AA9A
01AA9D
01AA9F
01AAA1
01AAA4
01AAA6
01AAA9
01AAAC
01AAAF
01AAB1
01AAB2
01AAB5
01AAB7
01AABA
01AABC
01AABD
01AABF
01AAC0
01AAC2
01AAC4
01AAC6
01AAC8
01AACA
01AACC
01AACD
01AACF
01AAD1
01AAD3
01AAD5
01AAD8
01AADA
01AADD
01AADF
01AAE1
01AAE3
01AAE5
01AAE6
01AAE8
01AAEA
01AAED
01AAEF
01AAF1
01AAF3
01AAF5
01AAF7
01AAFA
01AAFD
01AAFF
01AB02
01AB05
01AB07
01AB09
01AB0C
01AB0E
01AB11
01AB14
01AB17
01AB1A
01AB1C
01AB1F
01AB21
01AB24
01AB26
01AB28
01AB2C
01AB31
01AB33
01AB36
01AB37
01AB38
01AB39
01AB3B
01AB3D
01AB3E
01AB41
01AB43
01AB45
01AB46
01AB47
01AB4A
01AB4B
01AB4E
01AB51
01AB52
01AB53
01AB55
01AB57
01AB5A
01AB5D
01AB5E
01AB60
01AB62
01AB64
01AB68
01AB69
01AB6F
01AB72
01AB75
01AB77
01AB78
01AB7A
01AB7D
01AB7F
01AB80
01AB82
01AB83
01AB85
01AB88
01AB8A
01AB8D
01AB8F
01AB92
01AB94
01AB97
01AB98
01AB99
01AB9C
01AB9E
01AB9F
01ABA1
01ABA4
01ABA6
01ABA7
01ABA9
01ABAA
01ABAC
01ABAF
01ABB1
01ABB4
01ABB7
01ABB9
01ABBB
01ABBD
01ABBF
01ABC0
01ABC2
01ABC5
01ABC7
01ABCA
01ABCB
01ABCC
01ABCD
01ABCE
01ABD0
01ABD1
01ABD4
01ABD7
01ABD8
01ABDA
01ABDC
01ABDD
01ABDE
01ABDF
01ABE0
01ABE1
01ABE4
01ABE7
01ABE8
01ABE9
01ABEB
01ABED
01ABEE
01ABEF
01ABF0
01ABF1
01ABF3
01ABF5
01ABF7
01ABF8
01ABF9
01ABFA
01ABFC
01ABFE
01ABFF
01AC02
01AC05
01AC06
01AC07
01AC09
01AC0C
01AC21
01AC23
01AC25
01AC27
01AC29
01AC2B
01AC2D
01AC2F
01AC31
01AC33
01AC36
01AC38
01AC3A
01AC3C
01AC3E
01AC40
01AC41
01AC43
01AC46
01AC48
01AC4A
01AC4C
01AC4F
01AC51
01AC53
01AC55
01AC57
01AC59
01AC5B
01AC5C
01AC5E
01AC5F
01AC62
01AC64
01AC66
01AC67
01AC69
01AC6B
01AC6E
01AC6F
01AC72
01AC74
01AC76
01AC78
01AC7A
01AC7C
01AC7E
01AC80
01AC82
01AC84
01AC86
01AC89
01AC8B
01AC8E
01AC91
01AC93
01AC95
01AC98
01AC9A
01AC9C
01AC9E
01ACA1
01ACA4
01ACA5
01ACA8
01ACAA
01ACAC
01ACAE
01ACAF
01ACB1
01ACB3
01ACB5
01ACB8
01ACBA
01ACBC
01ACBE
01ACC0
01ACC1
01ACC3
01ACC5
01ACC6
01ACC8
01ACCA
01ACCC
01ACCE
01ACD0
01ACD2
01ACD4
01ACD5
01ACD8
01ACDA
01ACDC
01ACDD
01ACE0
01ACE2
01ACE5
01ACE6
01ACE9
01ACEB
01ACED
01ACEF
01ACF1
01ACF3
01ACF5
01ACF7
01ACF9
01ACFA
01ACFC
01AD00
01AD01
01AD05
01AD06
01AD07
01AD0A
01AD0B
01AD0C
01AD0D
01AD10
01AD13
01AD16
01AD18
01AD1B
01AD1D
01AD1F
01AD21
01AD23
01AD26
01AD29
01AD2C
01AD2F
01AD30
01AD32
01AD34
01AD35
01AD37
01AD39
01AD3B
01AD3E
01AD40
01AD41
01AD42
01AD44
01AD46
01AD47
01AD49
01AD4B
01AD4D
01AD50
01AD52
01AD53
01AD59
01AD5B
01AD5C
01AD5D
01AD5E
01AD5F
01AD61
01AD64
01AD67
01AD6E
01AD71
01AD73
01AD76
01AD79
01AD7B
01AD7D
01AD80
01AD83
01AD86
01AD89
01AD8A
01AD8D
01AD90
01AD92
01AD94
01AD97
01AD99
01AD9B
01AD9D
01AD9F
01ADA1
01ADA4
01ADA6
01ADA7
01ADA9
01ADAA
01ADAD
01ADAF
01ADB2
01ADB4
01ADB7
01ADBA
01ADBC
01ADBE
01ADC0
01ADC3
01ADC5
01ADC7
01ADC9
01ADCB
01ADCE
01ADD0
01ADD1
01ADD3
01ADD4
01ADD7
01ADD9
01ADDC
01ADDE
01ADE1
01ADE3
01ADE6
01ADE8
01ADEA
01ADEC
01ADEF
01ADF2
01ADF5
01ADF8
01ADFB
01ADFE
01AE01
01AE04
01AE06
01AE08
01AE0A
01AE0C
01AE0E
01AE0F
01AE11
01AE13
01AE16
01AE18
01AE1A
01AE1D
01AE1F
01AE21
01AE23
01AE26
01AE28
01AE2A
01AE2D
01AE30
01AE32
01AE34
01AE35
01AE36
01AE37
01AE38
01AE3B
01AE3D
01AE3E
01AE40
01AE41
01AE42
01AE43
01AE47
01AE48
01AE4B
01AE4D
01AE50
01AE53
01AE55
01AE57
01AE59
01AE5C
01AE5D
01AE5E
01AE5F
01AE60
01AE63
01AE65
01AE68
01AE6B
01AE6C
01AE6E
01AE71
01AE73
01AE75
01AE77
01AE79
01AE7B
01AE7E
01AE91
01AE95
01AE96
01AE98
01AE9B
01AE9D
01AE9E
01AEA0
01AEA2
01AEA3
01AEA6
01AEA9
01AEAB
01AEAD
01AEAF
01AEB1
01AEB4
01AEB7
01AEB9
01AEC3
01AEC6
01AEC8
01AECB
01AECD
01AED0
01AED1
01AED4
01AED7
01AED9
01AEDA
01AEDC
01AEDE
01AEE0
01AEE2
01AEE5
01AEE7
01AEE8
01AEEA
01AEEC
01AEEE
01AEF0
01AEF3
01AEF5
01AEF7
01AEF9
01AEFA
01AEFD
01AEFF
01AF01
01AF03
01AF05
01AF07
01AF0A
01AF0D
01AF0F
01AF12
01AF14
01AF17
01AF19
01AF1C
01AF1E
01AF21
01AF23
01AF24
01AF27
01AF29
01AF2C
01AF2E
01AF31
01AF33
01AF35
01AF37
01AF38
01AF3A
01AF3C
01AF3F
01AF54
01AF57
01AF5A
01AF5C
01AF5D
01AF5F
01AF61
01AF63
01AF64
01AF66
01AF67
01AF6A
01AF6D
01AF6F
01AF70
01AF73
01AF76
01AF79
01AF7B
01AF7E
01AF81
01AF83
01AF85
01AF86
01AF88
01AF8A
01AF8C
01AF8E
01AF8F
01AF92
01AF93
01AF94
01AF95
01AF96
01AF97
01AF99
01AF9A
01AF9C
01AF9F
01AFA2
01AFA4
01AFA6
01AFA8
01AFAA
01AFAD
01AFB0
01AFB3
01AFB6
01AFB9
01AFBB
01AFBD
01AFBF
01AFC1
01AFC3
01AFC4
01AFC6
01AFC8
01AFCA
01AFCC
01AFCF
01AFD1
01AFD3
01AFD5
01AFD8
01AFDA
01AFDD
01AFDF
01AFE1
01AFE4
01AFE6
01AFE7
01AFE9
01AFEB
01AFED
01AFEF
01AFF1
01AFF2
01AFF4
01AFF6
01AFF8
01AFFA
01AFFC
01AFFE
01B001
01B003
01B006
01B008
01B00B
01B00E
01B011
01B014
01B017
01B01A
01B01C
01B033
01B036
01B038
01B03A
01B03C
01B03E
01B041
01B044
01B047
01B049
01B04C
01B04F
01B051
01B054
01B057
01B059
01B05C
01B05E
01B062
01B066
01B068
01B06A
01B06B
01B06E
01B070
01B074
01B077
01B079
01B07A
01B07D
01B07F
01B082
01B084
01B086
01B089
01B08B
01B08E
01B092
01B095
01B097
01B099
01B09C
01B09F
01B0A0
01B0A2
01B0A5
01B0A7
01B0AA
01B0AD
01B0B0
01B0B3
01B0B6
01B0B9
01B0BC
01B0BE
01B0C1
01B0C3
01B0C5
01B0C8
01B0CA
01B0CC
01B0CE
01B0CF
01B0D2
01B0D4
01B0D5
01B0D6
01B0D9
01B0DB
01B0DE
01B0E0
01B0E3
01B0E5
01B0E7
01B0EA
01B0ED
01B0F0
01B0F2
01B0F5
01B0F7
01B0FA
01B0FC
01B0FF
01B101
01B105
01B107
01B10A
01B10D
01B10E
01B110
01B112
01B115
01B117
01B119
01B11C
01B11F
01B122
01B125
01B126
01B129
01B12A
01B12C
01B12F
01B131
01B134
01B137
01B13A
01B13C
01B13E
01B140
01B142
01B145
01B147
01B149
01B14D
01B14E
01B150
01B152
01B155
01B157
01B159
01B15D
01B15F
01B160
01B162
01B164
01B166
01B167
01B168
01B16A
01B16C
01B16D
01B170
01B171
01B173
01B175
01B176
01B178
01B17A
01B17D
01B17F
01B180
01B182
01B184
01B186
01B189
01B18B
01B18D
01B191
01B192
01B195
01B197
01B199
01B19C
01B19F
01B1A2
01B1A5
01B1A7
01B1A9
01B1AB
01B1AC
01B1AE
01B1B0
01B1B4
01B1B6
01B1B8
01B1BB
01B1BE
01B1C1
01B1C4
01B1C6
01B1C8
01B1CA
01B1CC
01B1CE
01B1CF
01B1D2
01B1D4
01B1D6
01B1D9
01B1DC
01B1DE
01B1E0
01B1E2
01B1E4
01B1E6
01B1E8
01B1EA
01B1ED
01B1F0
01B1F3
01B1F5
01B1F7
01B1FA
01B1FC
01B1FE
01B200
01B202
01B204
01B206
01B209
01B20C
01B20F
01B216
01B219
01B21C
01B21E
01B220
01B222
01B223
01B224
01B227
01B229
01B236
01B238
01B23B
01B23E
01B241
01B243
01B246
01B248
01B24A
01B24B
01B24D
01B24F
01B252
01B254
01B257
01B259
01B25B
01B25D
01B25E
01B261
01B262
01B264
01B267
01B26C
01B26F
01B271
01B273
01B276
01B278
01B27A
01B27C
01B27E
01B280
01B283
01B285
01B286
01B288
01B289
01B28C
01B28E
01B290
01B293
01B295
01B298
01B29A
01B29C
01B29E
01B2A0
01B2A2
01B2A5
01B2A7
01B2A9
01B2AB
01B2AE
01B2B0
01B2B3
01B2B6
01B2B9
01B2BC
01B2BF
01B2C2
01B2D1
01B2D3
01B2D4
01B2D6
01B2D7
01B2DA
01B2DC
01B2DF
01B2E2
01B2E5
01B2E7
01B2E9
01B2EA
01B2EC
01B2EF
01B2F2
01B2F5
01B2F7
01B2F9
01B2FC
01B2FF
01B302
01B304
01B305
01B307
01B30A
01B30B
01B30D
01B310
01B311
01B313
01B316
01B318
01B31A
01B31B
01B31D
01B320
01B321
01B323
01B326
01B329
01B32B
01B32D
01B32F
01B332
01B334
01B337
01B33A
01B33D
01B33F
01B342
01B344
01B346
01B349
01B34B
01B34E
01B351
01B354
01B356
01B359
01B35B
01B35E
01B361
01B364
01B367
01B36A
01B36D
01B36F
01B371
01B373
01B376
01B378
01B37A
01B37C
01B37E
01B380
01B395
01B398
01B399
01B39B
01B39D
01B39F
01B3A2
01B3A4
01B3A5
01B3A7
01B3A8
01B3AA
01B3AD
01B3B0
01B3B3
01B3B5
01B3BD
01B3BE
01B3C0
01B3C3
01B3C6
01B3C8
01B3D0
01B3D2
01B3D4
01B3D6
01B3D8
01B3DA
01B3DB
01B3DD
01B3E0
01B3E3
01B3E5
01B3E7
01B3E9
01B3EB
01B3EF
01B3F0
01B3F2
01B3F3
01B3F5
01B3F6
01B3F9
01B3FA
01B3FC
01B3FD
01B400
01B403
01B405
01B407
01B408
01B40A
01B40C
01B40D
01B40F
01B411
01B414
01B415
01B416
01B417
01B418
01B419
01B41A
01B41C
01B41E
01B421
01B424
01B426
01B428
01B42A
01B42C
01B43A
01B43C
01B43F
01B441
01B444
01B446
01B448
01B44A
01B44C
01B44F
01B450
01B451
01B452
01B455
01B456
01B457
01B45A
01B45C
01B45E
01B45F
01B461
01B463
01B465
01B466
01B468
01B46A
01B46C
01B46E
01B470
01B472
01B474
01B476
01B478
01B47A
01B47C
01B47F
01B481
01B484
01B486
01B488
01B48A
01B48C
01B48D
01B48F
01B491
01B494
01B496
01B498
01B49A
01B49C
01B49E
01B4A0
01B4A3
01B4A5
01B4A6
01B4A7
01B4A9
01B4AB
01B4AC
01B4AE
01B4B0
01B4B1
01B4B2
01B4B3
01B4B4
01B4B7
01B4B8
01B4BA
01B4BC
01B4BE
01B4C0
01B4C2
01B4C4
01B4C6
01B4C9
01B4CB
01B4CD
01B4CE
01B4D0
01B4D2
01B4D4
01B4D6
01B4D8
01B4DA
01B4DC
01B4DE
01B4E0
01B4E2
01B4E4
01B4E7
01B4E9
01B4EB
01B4ED
01B4EF
01B4F2
01B4F4
01B4F7
01B4F8
01B505
01B508
01B50A
01B50C
01B50E
01B510
01B512
01B514
01B516
01B518
01B51A
01B51C
01B51E
01B51F
01B520
01B521
01B522
01B525
01B526
01B528
01B52A
01B52D
01B530
01B532
01B534
01B535
01B559
01B55C
01B55E
01B560
01B563
01B565
01B567
01B56A
01B56D
01B56F
01B571
01B574
01B577
01B579
01B57B
01B57D
01B580
01B582
01B584
01B586
01B588
01B58B
01B58D
01B58F
01B591
01B593
01B595
01B597
01B599
01B59B
01B59D
01B59F
01B5A1
01B5A2
01B5A4
01B5A6
01B5A8
01B5A9
01B5AB
01B5AD
01B5AF
01B5B2
01B5B3
01B5B5
01B5B8
01B5B9
01B5BB
01B5BE
01B5C0
01B5C2
01B5C4
01B5C6
01B5C8
01B5CA
01B5CD
01B5CF
01B5D1
01B5D3
01B5D5
01B5D6
01B5D8
01B5DA
01B5DD
01B5DF
01B5E1
01B5E3
01B5E4
01B5E5
01B5E7
01B5EA
01B5ED
01B5F0
01B5F2
01B5F5
01B5F7
01B5F9
01B5FB
01B5FD
01B5FF
01B601
01B603
01B605
01B607
01B609
01B60B
01B60C
01B60E
01B610
01B612
01B614
01B616
01B618
01B61A
01B61C
01B61D
01B61F
01B620
01B622
01B624
01B627
01B629
01B62B
01B62D
01B631
01B633
01B635
01B636
01B637
01B639
01B63B
01B63E
01B63F
01B641
01B644
01B647
01B648
01B64B
01B64C
01B64E
01B651
01B653
01B655
01B657
01B666
01B669
01B66A
01B66C
01B66E
01B66F
01B672
01B675
01B677
01B678
01B67B
01B67E
01B680
01B681
01B682
01B684
01B685
01B687
01B68A
01B68D
01B690
01B691
01B692
01B693
01B694
01B695
01B697
01B698
01B69A
01B69C
01B6A5
01B6A8
01B6AB
01B6AE
01B6B1
01B6B2
01B6B4
01B6B6
01B6B7
01B6BA
01B6BD
01B6BF
01B6C2
01B6C4
01B6C6
01B6C9
01B6CA
01B6CD
01B6D0
01B6D1
01B6D4
01B6D7
01B6D9
01B6DA
01B6DD
01B6E0
01B6E3
01B6E6
01B6E7
01B6E9
01B6EC
01B6EF
01B6F1
01B6F4
01B6F6
01B6F8
01B6FB
01B6FC
01B6FF
01B702
01B703
01B706
01B709
01B70B
01B70D
01B70F
01B710
01B713
01B715
01B717
01B719
01B71B
01B71D
01B71F
01B720
01B723
01B726
01B727
01B72A
01B72D
01B72F
01B730
01B732
01B735
01B736
01B737
01B738
01B739
01B73B
01B73E
01B73F
01B740
01B742
01B745
01B746
01B747
01B749
01B74C
01B74D
01B74E
01B750
01B753
01B755
01B756
01B758
01B75B
01B75C
01B75D
01B75E
01B75F
01B761
01B764
01B765
01B766
01B768
01B76B
01B76C
01B76D
01B76F
01B772
01B773
01B774
01B776
01B779
01B77B
01B77C
01B77D
01B77F
01B782
01B785
01B788
01B78B
01B78E
01B790
01B793
01B796
01B799
01B79C
01B79E
01B7A1
01B7A3
01B7A4
01B7A6
01B7A7
01B7A9
01B7AC
01B7AD
01B7AF
01B7B0
01B7B2
01B7B3
01B7B4
01B7B5
01B7B6
01B7B9
01B7BA
01B7BB
01B7BD
01B7BF
01B7C2
01B7C4
01B7C6
01B7C7
01B7C9
01B7CB
01B7CE
01B7D0
01B7D2
01B7D4
01B7D5
01B7D7
01B7D9
01B7DC
01B7DE
01B7DF
01B7E0
01B7E1
01B7E2
01B7E4
01B7E6
01B7E9
01B7EB
01B7EE
01B7F0
01B7F3
01B7F5
01B7F8
01B7F9
01B7FB
01B7FD
01B7FE
01B7FF
01B801
01B803
01B804
01B806
01B808
01B80B
01B80D
01B80E
01B80F
01B810
01B811
01B814
01B816
01B819
01B81B
01B81E
01B81F
01B821
01B823
01B824
01B825
01B827
01B829
01B82A
01B82C
01B82E
01B831
01B833
01B835
01B838
01B839
01B83A
01B83B
01B83C
01B83E
01B840
01B843
01B844
01B846
01B848
01B849
01B84B
01B84E
01B850
01B852
01B855
01B857
01B859
01B85B
01B85D
01B860
01B862
01B864
01B865
01B867
01B869
01B86A
01B86C
01B86E
01B870
01B871
01B873
01B875
01B877
01B879
01B87B
01B87D
01B87F
01B882
01B884
01B885
01B887
01B88A
01B88C
01B88D
01B88F
01B891
01B893
01B894
01B896
01B898
01B89B
01B89D
01B89F
01B8A1
01B8A4
01B8A7
01B8A8
01B8AA
01B8AC
01B8AD
01B8AF
01B8B1
01B8FF
01B901
01B903
01B905
01B907
01B909
01B90A
01B90C
01B90E
01B911
01B913
01B915
01B917
01B918
01B919
01B91B
01B91D
01B91F
01B920
01B922
01B924
01B927
01B929
01B92B
01B92D
01B92E
01B92F
01B931
01B933
01B937
01B93B
01B93E
01B941
01B944
01B946
01B948
01B94A
01B94C
01B94E
01B950
01B952
01B954
01B956
01B958
01B959
01B95A
01B95D
01B960
01B962
01B964
01B966
01B968
01B97F
01B982
01B984
01B986
01B988
01B98A
01B98C
01B98E
01B990
01B992
01B995
01B997
01B99A
01B99D
01B9A0
01B9A3
01B9A5
01B9A6
01B9A9
01B9AA
01B9AC
01B9AE
01B9B0
01B9B1
01B9B3
01B9B5
01B9B6
01B9B7
01B9B9
01B9BA
01B9BC
01B9BE
01B9C1
01B9C3
01B9C6
01B9C9
01B9CB
01B9CC
01B9CF
01B9D6
01B9D9
01B9DC
01B9DF
01B9E1
01B9E4
01B9E5
01B9E7
01B9E9
01B9EC
01B9EF
01B9F0
01B9F3
01B9F4
01B9F7
01B9F8
01B9FA
01B9FB
01B9FD
01B9FF
01BA02
01BA04
01BA07
01BA0A
01BA0C
01BA0F
01BA12
01BA14
01BA17
01BA19
01BA1B
01BA1D
01BA1F
01BA21
01BA23
01BA25
01BA27
01BA2A
01BA2C
01BA2E
01BA30
01BA32
01BA34
01BA37
01BA39
01BA3B
01BA3E
01BA41
01BA43
01BA45
01BA48
01BA4A
01BA4D
01BA50
01BA53
01BA56
01BA57
01BA5A
01BA5C
01BA5D
01BA5E
01BA5F
01BA62
01BA64
01BA65
01BA68
01BA6B
01BA6E
01BA70
01BA72
01BA74
01BA77
01BA78
01BA7A
01BA7B
01BA7E
01BA7F
01BA81
01BA83
01BA84
01BA86
01BA87
01BA89
01BA8A
01BA8C
01BA8E
01BA90
01BA92
01BA94
01BACC
01BACD
01BAD0
01BAD3
01BAD5
01BAD7
01BAD9
01BADC
01BADE
01BAE2
01BAE4
01BAE7
01BAEA
01BAEC
01BAED
01BAEF
01BAF0
01BAF2
01BAF5
01BAF8
01BAFB
01BAFD
01BB01
01BB04
01BB08
01BB0A
01BB0D
01BB0F
01BB11
01BB13
01BB16
01BB19
01BB1B
01BB1D
01BB1F
01BB20
01BB22
01BB26
01BB27
01BB29
01BB2B
01BB2E
01BB30
01BB33
01BB35
01BB38
01BB3A
01BB3B
01BB3D
01BB3E
01BB40
01BB42
01BB44
01BB45
01BB47
01BB49
01BB4C
01BB4D
01BB4F
01BB50
01BB53
01BB55
01BB57
01BB58
01BB5B
01BB5E
01BB61
01BB64
01BB66
01BB68
01BB6A
01BB6C
01BB6D
01BB6F
01BB70
01BB73
01BB76
01BB79
01BB7C
01BB7E
01BB80
01BB82
01BB83
01BB85
01BB88
01BB8B
01BB8E
01BB90
01BB93
01BB96
01BB99
01BB9A
01BB9C
01BB9F
01BBA2
01BBA5
01BBA6
01BBA8
01BBAB
01BBAE
01BBB1
01BBB3
01BBB5
01BBB7
01BBB8
01BBB9
01BBBA
01BBBC
01BBBD
01BBC0
01BBC3
01BBC4
01BBC5
01BBC6
01BBC7
01BBC8
01BBCA
01BBCC
01BBCE
01BBD0
01BBD2
01BBD4
01BBD6
01BBD8
01BBDA
01BBDC
01BBDE
01BBE0
01BBE2
01BBE4
01BBE6
01BBE8
01BBEB
01BBEC
01BBED
01BBEE
01BBEF
01BBF0
01BBF2
01BBF4
01BBF5
01BBF8
01BBFA
01BBFD
01BBFF
01BC00
01BC02
01BC04
01BC06
01BC08
01BC0B
01BC0E
01BC11
01BC13
01BC16
01BC19
01BC1C
01BC1D
01BC1F
01BC21
01BC23
01BC25
01BC27
01BC29
01BC2B
01BC2D
01BC2F
01BC31
01BC33
01BC38
01BC3A
01BC3C
01BC3F
01BC42
01BC45
01BC48
01BC4A
01BC4B
01BC4D
01BC4F
01BC52
01BC53
01BC55
01BC58
01BC5A
01BC5D
01BC5F
01BC61
01BC64
01BC67
01BC6A
01BC6B
01BC6D
01BC6F
01BC71
01BC75
01BC78
01BC7A
01BC7C
01BC7E
01BC80
01BC82
01BC84
01BC86
01BC88
01BC8A
01BC8C
01BC8E
01BC90
01BC92
01BC94
01BC97
01BC9B
01BC9D
01BCA0
01BCA2
01BCA4
01BCA6
01BCA8
01BCAB
01BCAD
01BCAF
01BCB1
01BCB3
01BCB5
01BCB9
01BCBC
01BCBD
01BCC0
01BCC2
01BCC3
01BCC4
01BCC6
01BCC7
01BCCA
01BCCD
01BCD0
01BCD3
01BCD5
01BCD6
01BCD8
01BCDA
01BCDC
01BCDF
01BCF0
01BCF3
01BCF5
01BCF6
01BCF8
01BCFA
01BCFB
01BCFD
01BCFF
01BD01
01BD03
01BD04
01BD06
01BD08
01BD0A
01BD0B
01BD0D
01BD0F
01BD11
01BD13
01BD14
01BD17
01BD1A
01BD1C
01BD1E
01BD1F
01BD22
01BD25
01BD27
01BD28
01BD2A
01BD2C
01BD2E
01BD2F
01BD31
01BD32
01BD35
01BD38
01BD3A
01BD3B
01BD3D
01BD3F
01BD41
01BD42
01BD44
01BD45
01BD48
01BD4B
01BD4D
01BD4E
01BD50
01BD52
01BD54
01BD55
01BD57
01BD58
01BD5B
01BD5E
01BD60
01BD61
01BD63
01BD65
01BD67
01BD68
01BD6A
01BD6B
01BD6E
01BD71
01BD74
01BD77
01BD79
01BD7C
01BD7F
01BD82
01BD84
01BD87
01BD89
01BD8C
01BD8E
01BD91
01BD93
01BD95
01BD98
01BD9A
01BD9D
01BD9F
01BDA0
01BDA3
01BDA5
01BDA8
01BDAA
01BDAD
01BDAF
01BDB2
01BDB4
01BDB7
01BDB8
01BDBA
01BDBD
01BDBF
01BDC2
01BDC4
01BDC7
01BDC9
01BDCF
01BDD0
01BDD2
01BDD5
01BDD6
01BDD8
01BDDB
01BDDE
01BDE0
01BDE2
01BDE4
01BDE6
01BDF2
01BDF5
01BDFB
01BDFD
01BDFF
01BE01
01BE03
01BE06
01BE08
01BE0C
01BE0E
01BE10
01BE11
01BE13
01BE15
01BE17
01BE19
01BE1B
01BE1E
01BE22
01BE23
01BE25
01BE27
01BE29
01BE2B
01BE2D
01BE30
01BE33
01BE35
01BE36
01BE38
01BE3A
01BE3C
01BE3E
01BE40
01BE42
01BE45
01BE48
01BE4A
01BE4D
01BE4F
01BE51
01BE54
01BE57
01BE5A
01BE5B
01BE5E
01BE5F
01BE62
01BE65
01BE68
01BE6E
01BE71
01BE74
01BE77
01BE78
01BE7B
01BE7E
01BE80
01BE82
01BE84
01BE86
01BE88
01BE8A
01BE8B
01BE8D
01BE90
01BE92
01BE95
01BE96
01BE97
01BE98
01BE99
01BE9A
01BE9B
01BE9C
01BE9D
01BE9E
01BEA1
01BEA2
01BEA3
01BEA4
01BEA6
01BEA9
01BEAC
01BEAF
01BEB2
01BEB3
01BEB5
01BEB7
01BEB9
01BEBA
01BEBC
01BEBF
01BEC0
01BEC3
01BEC6
01BEC7
01BEC9
01BECB
01BECE
01BED1
01BED3
01BED5
01BED8
01BEDA
01BEDB
01BEDE
01BEDF
01BEE1
01BEE4
01BEE7
01BEE9
01BEEA
01BEEC
01BEED
01BEEF
01BEF2
01BEF5
01BEF6
01BEF8
01BEFA
01BEFC
01BEFE
01BF01
01BF04
01BF06
01BF09
01BF0A
01BF0B
01BF0C
01BF0D
01BF0F
01BF12
01BF15
01BF16
01BF19
01BF1C
01BF1D
01BF1F
01BF22
01BF24
01BF25
01BF28
01BF2A
01BF2D
01BF2F
01BF32
01BF34
01BF37
01BF39
01BF3C
01BF3F
01BF42
01BF44
01BF45
01BF47
01BF4A
01BF4D
01BF4F
01BF52
01BF53
01BF57
01BF59
01BF5C
01BF5F
01BF61
01BF64
01BF66
01BF69
01BF6A
01BF6C
01BF6D
01BF6E
01BF71
01BF73
01BF75
01BF77
01BF79
01BF7A
01BF7C
01BF7E
01BF81
01BF83
01BF85
01BF87
01BF89
01BF8A
01BF8C
01BF8E
01BF90
01BF92
01BF94
01BF96
01BF97
01BF98
01BF9A
01BF9C
01BF9D
01BF9F
01BFA1
01BFA3
01BFA5
01BFA7
01BFA9
01BFAA
01BFAC
01BFAE
01BFB0
01BFB2
01BFB4
01BFB6
01BFB7
01BFB9
01BFBA
01BFBC
01BFBE
01BFBF
01BFC1
01BFC3
01BFC4
01BFC6
01BFC8
01BFCA
01BFCC
01BFCE
01BFCF
01BFD1
01BFD3
01BFD5
01BFD7
01BFD9
01BFDB
01BFDC
01BFDE
01BFE0
01BFE1
01BFE2
01BFE3
01BFE6
01BFE8
01BFEA
01BFED
01BFF0
01BFF3
01BFF5
01BFF7
01BFF9
01BFFB
01BFFE
01BFFF
01C000
01C001
01C004
01C007
01C009
01C00B
01C00E
01C011
01C014
01C016
01C018
01C01A
01C01C
01C01E
01C020
01C022
01C024
01C027
01C028
01C02B
01C02C
01C02D
01C02E
01C02F
01C030
01C031
01C033
01C036
01C03A
01C03D
01C03E
01C03F
01C041
01C043
01C045
01C047
01C04A
01C04C
01C04F
01C051
01C054
01C057
01C058
01C059
01C05B
01C05E
01C061
01C075
01C077
01C078
01C07A
01C07C
01C07F
01C081
01C084
01C086
01C089
01C08C
01C08F
01C091
01C094
01C097
01C098
01C09B
01C09D
01C09F
01C0A2
01C0A4
01C0A7
01C0AA
01C0AC
01C0AE
01C0B1
01C0B4
01C0B7
01C0B9
01C0BA
01C0BD
01C0BF
01C0C2
01C0C4
01C0C6
01C0C9
01C0CB
01C0CD
01C0CF
01C0D0
01C0D2
01C0D5
01C0D7
01C0D9
01C0DC
01C0DE
01C0E1
01C0E3
01C0E5
01C0E7
01C0EA
01C0EB
01C0EC
01C0EF
01C0F1
01C0F4
01C0F6
01C0F9
01C0FB
01C0FE
01C101
01C104
01C107
01C109
01C10B
01C10E
01C111
01C114
01C115
01C117
01C11A
01C11C
01C11F
01C123
01C125
01C128
01C12C
01C12D
01C130
01C132
01C135
01C137
01C138
01C13A
01C13D
01C13E
01C140
01C143
01C144
01C146
01C149
01C14B
01C14C
01C14E
01C151
01C154
01C157
01C159
01C15C
01C15D
01C160
01C163
01C165
01C168
01C16B
01C16E
01C170
01C172
01C175
01C178
01C17A
01C17E
01C17F
01C182
01C183
01C185
01C186
01C189
01C18B
01C18D
01C18F
01C191
01C194
01C197
01C199
01C19A
01C19B
01C19C
01C19D
01C19F
01C1A1
01C1A3
01C1A6
01C1A7
01C1A9
01C1AB
01C1AD
01C1AF
01C1B1
01C1B4
01C1B7
01C1B9
01C1BB
01C1BE
01C1C1
01C1C3
01C1C6
01C1C8
01C1CB
01C1CD
01C1CF
01C1D1
01C1D3
01C1D5
01C1D7
01C1DA
01C1DC
01C1DE
01C1E0
01C1E3
01C1E5
01C1E7
01C1E9
01C1ED
01C1F2
01C1F5
01C1F7
01C1F9
01C1FB
01C1FD
01C1FF
01C201
01C203
01C206
01C21D
01C21F
01C221
01C223
01C226
01C228
01C229
01C22B
01C22C
01C22F
01C231
01C234
01C236
01C239
01C23B
01C23D
01C240
01C242
01C243
01C244
01C245
01C247
01C249
01C24C
01C24D
01C24F
01C252
01C255
01C257
01C259
01C25B
01C25D
01C260
01C262
01C264
01C266
01C268
01C26A
01C26C
01C26E
01C271
01C273
01C274
01C276
01C279
01C27C
01C27F
01C281
01C283
01C286
01C287
01C28A
01C28D
01C28F
01C291
01C293
01C2A6
01C2A8
01C2AF
01C2B1
01C2CE
01C2D0
01C2D2
01C2D3
01C2D5
01C2D8
01C2DA
01C2DC
01C2DF
01C2E1
01C2E3
01C2E5
01C2E8
01C2E9
01C2EB
01C2ED
01C2F0
01C2F2
01C2F4
01C2F7
01C2F9
01C2FB
01C2FD
01C2FF
01C301
01C304
01C306
01C309
01C30B
01C30E
01C317
01C319
01C31C
01C31F
01C321
01C324
01C327
01C328
01C329
01C32A
01C32B
01C32C
01C32D
01C32F
01C330
01C333
01C335
01C339
01C33C
01C33E
01C340
01C344
01C349
01C34B
01C34D
01C34E
01C34F
01C350
01C353
01C356
01C358
01C35B
01C35E
01C360
01C363
01C364
01C367
01C36A
01C36C
01C36F
01C370
01C371
01C373
01C374
01C377
01C37A
01C37C
01C37E
01C380
01C382
01C384
01C387
01C389
01C38B
01C38D
01C38E
01C38F
01C392
01C394
01C397
01C39A
01C39C
01C39E
01C3A0
01C3A2
01C3A4
01C3A6
01C3A8
01C3AB
01C3AE
01C3B0
01C3B2
01C3B5
01C3B7
01C3B9
01C3BB
01C3BD
01C3BF
01C3C2
01C3C5
01C3C7
01C3C9
01C3CB
01C3CE
01C3D0
01C3D2
01C3D4
01C3D6
01C3D8
01C3DA
01C3DD
01C3DF
01C3E1
01C3E3
01C3E5
01C3E7
01C3EA
01C3ED
01C3EF
01C3F1
01C3F3
01C3F6
01C3F8
01C3FA
01C3FD
01C42C
01C42F
01C431
01C433
01C435
01C437
01C43A
01C43D
01C43F
01C441
01C443
01C446
01C448
01C44A
01C44C
01C44E
01C450
01C453
01C455
01C456
01C457
01C45A
01C45B
01C45C
01C45F
01C461
01C463
01C466
01C468
01C46A
01C46C
01C46F
01C472
01C474
01C476
01C478
01C47A
01C47C
01C47E
01C481
01C483
01C485
01C488
01C48A
01C48D
01C490
01C492
01C494
01C496
01C498
01C49A
01C49C
01C49F
01C4A1
01C4A3
01C4A5
01C4A8
01C4A9
01C4AB
01C4AC
01C4AF
01C4B1
01C4B4
01C4B6
01C4B8
01C4BA
01C4BD
01C4BF
01C4C2
01C4C4
01C4C6
01C4C9
01C4CB
01C4CD
01C4CF
01C4D3
01C4D6
01C4D8
01C4DA
01C4DC
01C4DE
01C4E0
01C4E3
01C4E6
01C4E8
01C4EA
01C4EC
01C4F0
01C4F2
01C4F5
01C4F7
01C4F8
01C4FA
01C4FB
01C4FD
01C500
01C502
01C505
01C507
01C50A
01C50C
01C50F
01C538
01C539
01C53B
01C53C
01C53D
01C53F
01C540
01C543
01C545
01C548
01C54A
01C54D
01C550
01C561
01C563
01C565
01C567
01C56A
01C56C
01C56F
01C571
01C574
01C576
01C57A
01C57C
01C57F
01C580
01C582
01C585
01C587
01C58A
01C58D
01C58E
01C591
01C592
01C596
01C598
01C59A
01C59C
01C59E
01C5A1
01C5A3
01C5A7
01C5AB
01C5AD
01C5AE
01C5B0
01C5B2
01C5B4
01C5B6
01C5B8
01C5BA
01C5BD
01C5BF
01C5C2
01C5C4
01C5C5
01C5C7
01C5CA
01C5CC
01C5CE
01C5D1
01C5D4
01C5D6
01C5D9
01C5DB
01C5DE
01C5E0
01C5E1
01C5E3
01C5E6
01C5E8
01C5EB
01C5EC
01C5EE
01C5F1
01C5F3
01C5F5
01C5F7
01C5F9
01C5FB
01C5FE
01C600
01C601
01C604
01C608
01C61A
01C61D
01C61F
01C622
01C624
01C627
01C629
01C62B
01C62E
01C630
01C632
01C635
01C636
01C638
01C63A
01C63C
01C640
01C641
01C644
01C645
01C648
01C64A
01C64D
01C64F
01C652
01C654
01C657
01C65A
01C65C
01C65F
01C660
01C661
01C663
01C664
01C665
01C667
01C669
01C66B
01C670
01C671
01C672
01C674
01C675
01C677
01C67A
01C67D
01C67F
01C680
01C682
01C685
01C689
01C68C
01C68F
01C692
01C694
01C697
01C698
01C69A
01C69C
01C6A0
01C6A1
01C6A3
01C6A5
01C6A7
01C6A8
01C6AA
01C6AB
01C6AC
01C6AF
01C6B0
01C6B2
01C6B4
01C6B7
01C6B9
01C6BA
01C6BD
01C6C0
01C6C1
01C6C3
01C6C5
01C6C7
01C6C9
01C6CC
01C6CE
01C6D1
01C6D3
01C6D4
01C6D6
01C6D7
01C6DA
01C6DD
01C6E0
01C6E2
01C6E5
01C6ED
01C6EF
01C6F1
01C6F3
01C6F5
01C6F8
01C6FB
01C6FF
01C701
01C704
01C706
01C708
01C70B
01C70D
01C710
01C712
01C715
01C718
01C71A
01C71B
01C71D
01C71E
01C721
01C723
01C726
01C728
01C72B
01C72D
01C72F
01C730
01C733
01C734
01C736
01C738
01C73B
01C73E
01C741
01C744
01C747
01C74A
01C74C
01C74F
01C751
01C754
01C756
01C757
01C759
01C75B
01C75E
01C760
01C763
01C765
01C766
01C768
01C76A
01C76D
01C76F
01C772
01C773
01C776
01C778
01C77A
01C77C
01C77E
01C781
01C783
01C785
01C788
01C78A
01C78C
01C78E
01C78F
01C792
01C795
01C798
01C799
01C79C
01C79D
01C79F
01C7A0
01C7A3
01C7A6
01C7A8
01C7AB
01C7AD
01C7B0
01C7B3
01C7B6
01C7B9
01C7BA
01C7BD
01C7BE
01C7C1
01C7C4
01C7C5
01C7C6
01C7C8
01C7CB
01C7CC
01C7CE
01C7D1
01C7D4
01C7D5
01C7D7
01C7D8
01C7DA
01C7DD
01C7E0
01C7E1
01C7E3
01C7E4
01C7E6
01C7E9
01C7EB
01C7EE
01C7F0
01C7F3
01C7F5
01C7F8
01C7F9
01C7FC
01C7FE
01C800
01C801
01C802
01C804
01C807
01C80A
01C80C
01C80F
01C812
01C815
01C817
01C819
01C81C
01C81E
01C820
01C822
01C825
01C826
01C829
01C82B
01C82D
01C82E
01C82F
01C831
01C834
01C837
01C839
01C83C
01C83F
01C842
01C844
01C846
01C849
01C84B
01C84D
01C850
01C851
01C852
01C853
01C854
01C857
01C858
01C85A
01C85B
01C85D
01C85F
01C862
01C865
01C866
01C868
01C869
01C86B
01C86D
01C870
01C872
01C875
01C877
01C87A
01C87C
01C87D
01C87E
01C87F
01C880
01C882
01C884
01C886
01C887
01C889
01C88C
01C88E
01C890
01C891
01C893
01C896
01C898
01C899
01C89B
01C89D
01C89F
01C8A1
01C8A3
01C8A5
01C8A7
01C8A9
01C8AA
01C8AC
01C8AF
01C8B1
01C8B3
01C8B4
01C8B6
01C8B9
01C8BB
01C8BC
01C8BE
01C8C0
01C8C2
01C8C4
01C8C6
01C8C8
01C8CB
01C8CD
01C8D0
01C8D1
01C8D3
01C8D5
01C8D7
01C8D8
01C8D9
01C8DA
01C8DB
01C8DE
01C8DF
01C8E1
01C8E2
01C8E4
01C8E7
01C8EA
01C8EB
01C8ED
01C8EE
01C8F1
01C8F4
01C8F7
01C8FA
01C8FC
01C8FF
01C900
01C902
01C905
01C907
01C909
01C90C
01C90D
01C90F
01C911
01C914
01C916
01C918
01C91B
01C91C
01C91E
01C920
01C923
01C925
01C927
01C92A
01C92D
01C92F
01C932
01C934
01C935
01C936
01C937
01C938
01C93A
01C93D
01C93F
01C942
01C943
01C945
01C947
01C948
01C949
01C94B
01C94D
01C94E
01C950
01C952
01C955
01C957
01C958
01C959
01C95A
01C95B
01C95D
01C960
01C962
01C965
01C966
01C968
01C96A
01C96B
01C96C
01C96E
01C970
01C971
01C973
01C975
01C978
01C97A
01C97C
01C97F
01C981
01C983
01C985
01C987
01C98A
01C98C
01C98F
01C991
01C994
01C996
01C999
01C99A
01C99B
01C99C
01C99D
01C99F
01C9A1
01C9A4
01C9A7
01C9A9
01C9AC
01C9AE
01C9B0
01C9B3
01C9B6
01C9BF
01C9C1
01C9C3
01C9C4
01C9C5
01C9C8
01C9CA
01C9CB
01C9CD
01C9D0
01C9D1
01C9D3
01C9D5
01C9DA
01C9DD
01C9DF
01C9E2
01C9E3
01C9E7
01C9E8
01C9EB
01C9EC
01C9EF
01C9F0
01C9F3
01C9F5
01C9F6
01C9F8
01C9F9
01C9FC
01C9FF
01CA01
01CA02
01CA04
01CA06
01CA09
01CA0B
01CA0E
01CA11
01CA13
01CA15
01CA18
01CA1B
01CA1C
01CA1E
01CA20
01CA21
01CA23
01CA25
01CA27
01CA28
01CA2A
01CA2C
01CA2E
01CA30
01CA32
01CA34
01CA36
01CA39
01CA3C
01CA3E
01CA41
01CA43
01CA45
01CA47
01CA4A
01CA4B
01CA4D
01CA4F
01CA52
01CA54
01CA56
01CA58
01CA5A
01CA5C
01CA5E
01CA61
01CA63
01CA64
01CA65
01CA67
01CA69
01CA6A
01CA6C
01CA6E
01CA71
01CA73
01CA75
01CA77
01CA79
01CA7B
01CA7C
01CA7E
01CA81
01CA82
01CA84
01CA87
01CA89
01CA8B
01CA8C
01CA8F
01CA92
01CA94
01CA95
01CA98
01CA9B
01CA9C
01CA9F
01CAA0
01CAA2
01CAA4
01CAA7
01CAA9
01CAAB
01CAAD
01CAAF
01CAB2
01CAB3
01CAB5
01CAB7
01CABA
01CABC
01CABE
01CAC0
01CAC2
01CAC6
01CACA
01CACB
01CACD
01CAD0
01CAD3
01CAD6
01CAD9
01CADB
01CADE
01CAE1
01CAE4
01CAE7
01CAE8
01CAEB
01CAEE
01CAF1
01CAF4
01CAF7
01CAF9
01CAFC
01CAFF
01CB02
01CB05
01CB06
01CB09
01CB0C
01CB0F
01CB12
01CB15
01CB18
01CB1A
01CB1D
01CB1F
01CB20
01CB22
01CB25
01CB26
01CB28
01CB2A
01CB2B
01CB2E
01CB2F
01CB33
01CB36
01CB38
01CB39
01CB3C
01CB3E
01CB3F
01CB42
01CB43
01CB47
01CB4A
01CB4C
01CB4E
01CB51
01CB52
01CB53
01CB55
01CB58
01CB5A
01CB5D
01CB5F
01CB61
01CB64
01CB67
01CB68
01CB6A
01CB6C
01CB6E
01CB71
01CB72
01CB74
01CB76
01CB78
01CB7B
01CB7C
01CB7E
01CB81
01CB83
01CB86
01CB88
01CB8A
01CB8D
01CB90
01CB91
01CB93
01CB95
01CB97
01CB9A
01CB9B
01CB9D
01CB9F
01CBA1
01CBA4
01CBA5
01CBA7
01CBA9
01CBAA
01CBAC
01CBAE
01CBB0
01CBB2
01CBB4
01CBB6
01CBB7
01CBBA
01CBBD
01CBC0
01CBC2
01CBC5
01CBC7
01CBC9
01CBCC
01CBCF
01CBD0
01CBD2
01CBD4
01CBD6
01CBD9
01CBDA
01CBDC
01CBDE
01CBE0
01CBE3
01CBE4
01CBE6
01CBE9
01CBEB
01CBEE
01CBF0
01CBF2
01CBF5
01CBF8
01CBF9
01CBFB
01CBFD
01CBFF
01CC02
01CC03
01CC05
01CC07
01CC09
01CC0C
01CC0D
01CC0F
01CC11
01CC12
01CC14
01CC16
01CC18
01CC1A
01CC1C
01CC1F
01CC20
01CC22
01CC25
01CC27
01CC28
01CC2A
01CC2D
01CC2F
01CC32
01CC35
01CC38
01CC3A
01CC3D
01CC3F
01CC41
01CC44
01CC46
01CC49
01CC4C
01CC4F
01CC50
01CC52
01CC54
01CC57
01CC59
01CC5B
01CC5D
01CC60
01CC62
01CC65
01CC68
01CC6B
01CC6C
01CC6E
01CC70
01CC73
01CC75
01CC77
01CC79
01CC7C
01CC7E
01CC81
01CC84
01CC87
01CC88
01CC8A
01CC8C
01CC8F
01CC91
01CC93
01CC94
01CC95
01CC96
01CC97
01CC98
01CC99
01CC9A
01CC9B
01CC9C
01CC9D
01CCA0
01CCA3
01CCA5
01CCA8
01CCAB
01CCAE
01CCB1
01CCB3
01CCB5
01CCB8
01CCB9
01CCBA
01CCBB
01CCBC
01CCBE
01CCBF
01CCC2
01CCC4
01CCC5
01CCC6
01CCC7
01CCC9
01CCCB
01CCCE
01CCD0
01CCD3
01CCD6
01CCD7
01CCDA
01CCDD
01CCE0
01CCE1
01CCE4
01CCE7
01CCE9
01CCEC
01CCEE
01CCEF
01CCF0
01CCF3
01CCF4
01CCF5
01CCF6
01CCF7
01CCF8
01CCFB
01CCFE
01CCFF
01CD01
01CD04
01CD05
01CD06
01CD07
01CD08
01CD0A
01CD0C
01CD0E
01CD0F
01CD10
01CD13
01CD16
01CD17
01CD1A
01CD1D
01CD2A
01CD2E
01CD2F
01CD31
01CD32
01CD33
01CD34
01CD35
01CD37
01CD39
01CD3B
01CD3D
01CD3F
01CD41
01CD43
01CD45
01CD48
01CD4A
01CD4D
01CD4E
01CD50
01CD52
01CD54
01CD56
01CD5A
01CD5D
01CD5E
01CD60
01CD63
01CD65
01CD67
01CD69
01CD6D
01CD6F
01CD72
01CD75
01CD77
01CD79
01CD7B
01CD7D
01CD7F
01CD81
01CD83
01CD86
01CD87
01CD89
01CD8C
01CD8E
01CD91
01CDA7
01CDAA
01CDAB
01CDAE
01CDB1
01CDB3
01CDB5
01CDB8
01CDBA
01CDBD
01CDC0
01CDC2
01CDC4
01CDC6
01CDC8
01CDCB
01CDCE
01CDCF
01CDD2
01CDD3
01CDD5
01CDD8
01CDDC
01CDDF
01CDE1
01CDE3
01CDE6
01CDE9
01CDEC
01CDEE
01CDF0
01CDF3
01CDF5
01CDF8
01CDF9
01CDFC
01CDFD
01CE00
01CE01
01CE04
01CE06
01CE08
01CE0B
01CE0E
01CE1E
01CE21
01CE23
01CE25
01CE28
01CE2B
01CE2E
01CE30
01CE33
01CE34
01CE36
01CE38
01CE3A
01CE3D
01CE3E
01CE40
01CE43
01CE45
01CE47
01CE49
01CE4A
01CE4C
01CE4E
01CE51
01CE53
01CE56
01CE58
01CE5A
01CE5C
01CE5F
01CE61
01CE6B
01CE6E
01CE78
01CE7A
01CE7C
01CE7F
01CE81
01CE83
01CE85
01CE87
01CE88
01CE89
01CE8C
01CE90
01CE93
01CE96
01CE98
01CE9A
01CE9C
01CE9E
01CEA1
01CEA4
01CEA5
01CEA8
01CEAA
01CEAD
01CEB6
01CEB9
01CEBB
01CEBE
01CEBF
01CEC2
01CEC4
01CEC7
01CECA
01CECD
01CECF
01CED2
01CED4
01CED7
01CED9
01CEDB
01CEDC
01CEDF
01CEE1
01CEE4
01CEE6
01CEE7
01CEEA
01CEEC
01CEEF
01CEF1
01CEF2
01CEF3
01CEF5
01CEF6
01CEF9
01CEFC
01CEFD
01CF00
01CF02
01CF03
01CF05
01CF08
01CF0A
01CF0C
01CF0F
01CF11
01CF13
01CF15
01CF17
01CF19
01CF1B
01CF1C
01CF1F
01CF21
01CF23
01CF25
01CF27
01CF29
01CF2C
01CF2F
01CF32
01CF35
01CF37
01CF38
01CF3A
01CF3C
01CF3E
01CF40
01CF42
01CF44
01CF47
01CF49
01CF4B
01CF4D
01CF4F
01CF51
01CF52
01CF54
01CF56
01CF5B
01CF5C
01CF5E
01CF60
01CF61
01CF63
01CF65
01CF67
01CF69
01CF6B
01CF6D
01CF6F
01CF71
01CF73
01CF75
01CF77
01CF79
01CF7C
01CF7D
01CF80
01CF82
01CF85
01CF88
01CF8A
01CF8C
01CF8E
01CF90
01CF92
01CF94
01CF96
01CF98
01CF99
01CF9A
01CF9D
01CF9E
01CFA1
01CFA3
01CFA5
01CFA7
01CFA9
01CFAB
01CFAD
01CFAF
01CFB1
01CFB3
01CFB6
01CFB7
01CFB9
01CFBC
01CFBE
01CFC0
01CFC2
01CFC5
01CFC6
01CFC9
01CFCC
01CFCE
01CFD0
01CFD2
01CFD5
01CFD7
01CFDA
01CFDC
01CFDF
01CFE0
01CFE3
01CFE5
01CFE7
01CFE8
01CFEA
01CFEC
01CFF1
01CFF3
01CFF4
01CFF6
01CFF8
01CFFA
01CFFC
01CFFE
01CFFF
01D001
01D003
01D005
01D007
01D009
01D00B
01D00D
01D00F
01D011
01D013
01D015
01D018
01D01A
01D01C
01D01F
01D021
01D023
01D026
01D028
01D02A
01D02D
01D02F
01D032
01D034
01D036
01D03A
01D03D
01D03F
01D042
01D043
01D046
01D048
01D04B
01D04E
01D050
01D053
01D056
01D059
01D05B
01D05E
01D060
01D063
01D065
01D066
01D069
01D06B
01D06E
01D070
01D073
01D075
01D077
01D07A
01D07C
01D07E
01D07F
01D081
01D084
01D087
01D089
01D08C
01D08F
01D090
01D091
01D093
01D094
01D097
01D09A
01D09C
01D09E
01D0A1
01D0A2
01D0A3
01D0A4
01D0A8
01D0A9
01D0AA
01D0AD
01D0B0
01D0B1
01D0B4
01D0B7
01D0B9
01D0BC
01D0BD
01D0C0
01D0C2
01D0C4
01D0C7
01D0C9
01D0CB
01D0CC
01D0CD
01D0CF
01D0D2
01D0D4
01D0D7
01D0D9
01D0DB
01D0DC
01D0DD
01D116
01D119
01D146
01D148
01D149
01D14C
01D14E
01D150
01D151
01D153
01D154
01D157
01D15A
01D15C
01D15E
01D161
01D164
01D166
01D168
01D16A
01D16C
01D16E
01D170
01D173
01D174
01D176
01D179
01D17C
01D17F
01D181
01D183
01D185
01D187
01D18A
01D18C
01D18E
01D190
01D192
01D194
01D195
01D197
01D19A
01D19D
01D19E
01D19F
01D1A1
01D1A3
01D1A5
01D1A7
01D1AA
01D1AC
01D1AE
01D1B1
01D1B3
01D1B5
01D1B8
01D1BE
01D1C1
01D1C3
01D1C6
01D1C8
01D1CA
01D1CC
01D1CF
01D1D1
01D1D8
01D1DB
01D1DD
01D1DF
01D1E1
01D1E2
01D1E3
01D1E6
01D1E7
01D1EA
01D1EC
01D1EF
01D1F1
01D1F4
01D1F7
01D1FA
01D1FD
01D201
01D203
01D205
01D208
01D20A
01D20B
01D20D
01D20F
01D211
01D214
01D215
01D218
01D21B
01D21C
01D21F
01D221
01D224
01D227
01D229
01D22A
01D22D
01D22F
01D231
01D234
01D236
01D238
01D23F
01D242
01D244
01D246
01D248
01D24B
01D24E
01D24F
01D252
01D253
01D255
01D258
01D25A
01D25D
01D25E
01D260
01D263
01D266
01D268
01D26A
01D26C
01D26D
01D26F
01D271
01D273
01D275
01D277
01D279
01D27A
01D27C
01D27E
01D280
01D282
01D284
01D286
01D289
01D28B
01D28D
01D290
01D292
01D294
01D296
01D299
01D29B
01D29E
01D2A0
01D2A3
01D2A5
01D2A7
01D2A8
01D2AB
01D2AD
01D2AF
01D2B2
01D2B4
01D2BD
01D2C1
01D2C4
01D2C8
01D2CA
01D2CD
01D2CF
01D2D1
01D2D4
01D2D6
01D2D8
01D2DB
01D2DD
01D2DF
01D2E1
01D2E3
01D2E5
01D2E6
01D2E8
01D2EA
01D2EC
01D2EF
01D2F0
01D2F2
01D2F4
01D2F6
01D2F9
01D2FB
01D2FD
01D2FF
01D302
01D305
01D307
01D318
01D319
01D31D
01D334
01D336
01D339
01D33B
01D342
01D344
01D346
01D34A
01D34C
01D34E
01D350
01D351
01D353
01D354
01D355
01D357
01D359
01D35C
01D35D
01D35F
01D362
01D364
01D365
01D366
01D368
01D36A
01D36E
01D36F
01D371
01D372
01D375
01D376
01D378
01D379
01D37B
01D37D
01D37E
01D380
01D381
01D382
01D384
01D386
01D387
01D388
01D38B
01D38C
01D38F
01D390
01D391
01D393
01D395
01D398
01D39A
01D39D
01D39F
01D3A1
01D3A3
01D3A6
01D3A8
01D3AB
01D3AD
01D3B0
01D3B1
01D3B4
01D3B6
01D3B8
01D3BA
01D3BD
01D3C0
01D3C2
01D405
01D406
01D408
01D40A
01D40B
01D40D
01D40E
01D410
01D412
01D415
01D417
01D419
01D41B
01D41D
01D41F
01D421
01D424
01D426
01D428
01D42C
01D42D
01D42F
01D431
01D434
01D436
01D438
01D44E
01D450
01D453
01D455
01D458
01D45A
01D45C
01D45D
01D45F
01D462
01D465
01D468
01D46B
01D46D
01D46E
01D470
01D472
01D475
01D477
01D479
01D47B
01D47D
01D480
01D482
01D484
01D487
01D48A
01D48D
01D48E
01D490
01D493
01D494
01D496
01D499
01D49C
01D49D
01D49E
01D4A1
01D4A3
01D4A5
01D4A7
01D4A8
01D4A9
01D4AA
01D4AB
01D4AC
01D4AE
01D4AF
01D4B1
01D4B2
01D4B5
01D4B8
01D4BA
01D4BB
01D4BC
01D4BD
01D4BF
01D4C2
01D4C5
01D4C7
01D4C8
01D4C9
01D4CC
01D4CD
01D4CE
01D4D0
01D4D1
01D4D4
01D4D7
01D4D8
01D4D9
01D4DA
01D4DB
01D4DC
01D4DD
01D4DF
01D4E0
01D4E2
01D4E4
01D4FB
01D4FE
01D500
01D505
01D507
01D509
01D50C
01D50E
01D510
01D511
01D513
01D515
01D517
01D51A
01D51D
01D51F
01D521
01D522
01D524
01D526
01D528
01D529
01D52C
01D52D
01D530
01D533
01D536
01D538
01D53A
01D53C
01D53D
01D540
01D542
01D543
01D546
01D548
01D54A
01D54B
01D54C
01D54E
01D550
01D553
01D554
01D556
01D558
01D55B
01D5B3
01D5B6
01D5B8
01D5BB
01D5BD
01D5BE
01D5C0
01D5C3
01D5C4
01D5C6
01D5C7
01D5C9
01D5CB
01D5CC
01D5CD
01D5CF
01D5D1
01D5D4
01D5D5
01D5D7
01D5DA
01D5DD
01D5DE
01D5E0
01D5E2
01D5E5
01D5E8
01D5EB
01D5EE
01D5F1
01D5F4
01D5F7
01D5F8
01D5FB
01D5FE
01D5FF
01D601
01D604
01D607
01D609
01D60A
01D60B
01D60E
01D610
01D613
01D614
01D617
01D61A
01D61C
01D61F
01D620
01D623
01D625
01D627
01D628
01D62A
01D62C
01D62F
01D631
01D634
01D637
01D638
01D63A
01D63C
01D63E
01D63F
01D642
01D645
01D648
01D64A
01D64D
01D650
01D653
01D656
01D659
01D65C
01D65E
01D65F
01D661
01D663
01D664
01D665
01D666
01D669
01D66A
01D66C
01D66E
01D671
01D673
01D674
01D676
01D677
01D67A
01D67C
01D680
01D681
01D684
01D687
01D689
01D68C
01D68F
01D691
01D693
01D694
01D696
01D697
01D699
01D69C
01D69F
01D6AB
01D6AE
01D6B0
01D6B2
01D6B5
01D6B6
01D6B9
01D6BA
01D6BC
01D6BD
01D6C0
01D6C1
01D6C3
01D6C4
01D6C6
01D6C8
01D6CB
01D6CD
01D6D0
01D6D2
01D6D4
01D6D6
01D6D8
01D6DB
01D6DD
01D6E0
01D6E3
01D6E6
01D6E9
01D6EC
01D6ED
01D6F0
01D6F2
01D6F4
01D6F6
01D6F8
01D6F9
01D6FB
01D6FD
01D700
01D702
01D705
01D707
01D70A
01D70C
01D70D
01D70F
01D711
01D713
01D716
01D719
01D71A
01D71B
01D71C
01D71E
01D720
01D722
01D724
01D726
01D728
01D729
01D72A
01D72B
01D72D
01D72E
01D731
01D733
01D735
01D737
01D73A
01D73C
01D73E
01D741
01D743
01D745
01D747
01D74A
01D74D
01D750
01D753
01D755
01D757
01D75A
01D75C
01D75E
01D768
01D76A
01D76C
01D76F
01D771
01D774
01D777
01D77A
01D77D
01D77F
01D781
01D782
01D784
01D787
01D78A
01D78D
01D78F
01D791
01D792
01D795
01D796
01D799
01D79C
01D79E
01D7A1
01D7A3
01D7A5
01D7A6
01D7A8
01D7AB
01D7AD
01D7AF
01D7B0
01D7B1
01D7B3
01D7B4
01D7B5
01D7B8
01D7BA
01D7BD
01D7BF
01D7C1
01D7C3
01D7C5
01D7C7
01D7C8
01D7C9
01D7CA
01D7CB
01D7CC
01D7CE
01D7D0
01D7D2
01D7D3
01D7D5
01D7D7
01D7D9
01D7DB
01D7DC
01D7DE
01D7E0
01D7F1
01D7F4
01D7F6
01D7F9
01D7FB
01D7FC
01D7FF
01D801
01D804
01D807
01D809
01D80B
01D80C
01D80F
01D811
01D814
01D817
01D819
01D81C
01D81E
01D820
01D822
01D824
01D826
01D828
01D82A
01D82C
01D82E
01D830
01D832
01D834
01D836
01D838
01D83A
01D83D
01D83F
01D842
01D844
01D846
01D848
01D84A
01D84D
01D84F
01D851
01D854
01D856
01D859
01D85B
01D85D
01D85F
01D861
01D864
01D865
01D867
01D869
01D86B
01D86D
01D86F
01D871
01D874
01D877
01D879
01D87A
01D87B
01D87D
01D87E
01D881
01D883
01D884
01D885
01D886
01D888
01D889
01D88C
01D88D
01D88F
01D891
01D894
01D895
01D896
01D897
01D899
01D89A
01D89B
01D89D
01D89F
01D8A2
01D8A4
01D8A6
01D8A8
01D8AB
01D8AD
01D8AF
01D8B1
01D8B4
01D8B6
01D8B8
01D8BA
01D8BC
01D8BF
01D8C1
01D8C3
01D8C5
01D8C8
01D8C9
01D8CB
01D8CC
01D8CD
01D8D0
01D8D3
01D8D6
01D8D9
01D8DA
01D8DD
01D8E0
01D8E3
01D8E4
01D8E7
01D8EA
01D8EC
01D8EF
01D8F2
01D8F4
01D8F5
01D8F7
01D8F9
01D8FB
01D8FD
01D8FF
01D901
01D903
01D905
01D907
01D909
01D90B
01D90D
01D910
01D912
01D914
01D916
01D918
01D91B
01D91D
01D91E
01D920
01D921
01D923
01D925
01D927
01D929
01D92A
01D92C
01D92D
01D92F
01D931
01D933
01D935
01D937
01D938
01D93A
01D93C
01D93E
01D941
01D943
01D945
01D947
01D94A
01D94D
01D94F
01D951
01D953
01D955
01D956
01D957
01D958
01D959
01D95A
01D95C
01D95D
01D95F
01D961
01D963
01D964
01D966
01D967
01D96B
01D96D
01D971
01D973
01D975
01D977
01D978
01D97A
01D97B
01D97F
01D981
01D985
01D987
01D989
01D98B
01D98D
01D990
01D992
01D995
01D997
01D999
01D99A
01D99C
01D99D
01D99F
01D9A1
01D9A2
01D9A3
01D9A6
01D9A7
01D9A9
01D9AB
01D9AD
01D9AF
01D9B1
01D9B3
01D9B5
01D9B8
01D9BA
01D9BC
01D9BE
01D9C1
01D9C4
01D9C6
01D9C9
01D9CD
01D9D0
01D9D3
01D9D6
01D9D8
01D9D9
01D9DB
01D9DC
01D9DF
01D9E0
01D9E1
01D9E3
01D9E5
01D9E6
01D9E9
01D9EA
01D9EB
01D9ED
01D9EF
01D9F0
01D9F3
01D9F5
01D9F7
01D9F9
01D9FC
01D9FE
01DA01
01DA03
01DA06
01DA09
01DA0A
01DA0D
01DA0F
01DA12
01DA15
01DA17
01DA19
01DA1C
01DA1F
01DA21
01DA24
01DA26
01DA28
01DA2A
01DA2C
01DA2F
01DA31
01DA33
01DA35
01DA37
01DA3A
01DA3C
01DA3F
01DA41
01DA44
01DA46
01DA47
01DA48
01DA4A
01DA4C
01DA4D
01DA4F
01DA51
01DA53
01DA55
01DA58
01DA5A
01DA5C
01DA5E
01DA5F
01DA61
01DA64
01DA68
01DA6A
01DA6D
01DA70
01DA72
01DA73
01DA75
01DA77
01DA79
01DA7B
01DA7D
01DA7F
01DA81
01DA84
01DA87
01DA89
01DA8C
01DA8F
01DA90
01DA92
01DA94
01DA96
01DA97
01DA98
01DA9A
01DA9C
01DA9D
01DA9F
01DAA1
01DAA2
01DAA4
01DAA7
01DAA9
01DAAB
01DAAD
01DAAF
01DAB0
01DAB1
01DAB3
01DAB5
01DAB8
01DAB9
01DABB
01DABE
01DAC0
01DAC1
01DAC2
01DAC4
01DAC6
01DAC9
01DACA
01DACC
01DACF
01DAD2
01DAD3
01DAD6
01DAD7
01DAD9
01DADA
01DADD
01DADE
01DAE0
01DAE2
01DAE3
01DAE6
01DAE7
01DAE8
01DAEA
01DAED
01DAEE
01DAF0
01DAF1
01DAF4
01DAF6
01DAF9
01DAFB
01DAFD
01DAFF
01DB01
01DB02
01DB03
01DB05
01DB07
01DB0A
01DB0B
01DB0D
01DB10
01DB12
01DB13
01DB14
01DB16
01DB18
01DB1B
01DB1C
01DB1E
01DB21
01DB24
01DB26
01DB29
01DB2B
01DB2E
01DB31
01DB32
01DB35
01DB36
01DB38
01DB39
01DB3C
01DB3D
01DB3F
01DB40
01DB43
01DB44
01DB46
01DB48
01DB4B
01DB4E
01DB50
01DB52
01DB54
01DB56
01DB59
01DB5C
01DB5F
01DB62
01DB64
01DB66
01DB68
01DB6A
01DB6C
01DB6E
01DB70
01DB72
01DB75
01DB78
01DB7B
01DB7E
01DB81
01DB83
01DB86
01DB89
01DB8B
01DB8D
01DB90
01DB92
01DB95
01DBA2
01DBA5
01DBA6
01DBA8
01DBAA
01DBAB
01DBAE
01DBB1
01DBB3
01DBB4
01DBB7
01DBBA
01DBBC
01DBBE
01DBC0
01DBC3
01DBC6
01DBC9
01DBCA
01DBCB
01DBCC
01DBCD
01DBCE
01DBD0
01DBD2
01DBD4
01DBD7
01DBDA
01DBDD
01DBDE
01DBE0
01DBE3
01DBE6
01DBE7
01DBE9
01DBEC
01DBED
01DBEF
01DBF0
01DBF1
01DBF3
01DBF4
01DBF6
01DBF9
01DBFC
01DBFE
01DC01
01DC03
01DC04
01DC06
01DC0B
01DC0E
01DC0F
01DC11
01DC13
01DC14
01DC17
01DC1A
01DC1C
01DC1D
01DC20
01DC23
01DC25
01DC27
01DC29
01DC2C
01DC2F
01DC32
01DC33
01DC34
01DC35
01DC36
01DC37
01DC39
01DC54
01DC57
01DC59
01DC5A
01DC5C
01DC5E
01DC60
01DC61
01DC63
01DC65
01DC66
01DC67
01DC68
01DC6A
01DC6B
01DC6C
01DC6D
01DC6F
01DC71
01DC73
01DC75
01DC77
01DC7A
01DC7C
01DC7E
01DC80
01DC83
01DC85
01DC87
01DC8A
01DC8C
01DC8F
01DC90
01DC92
01DC94
01DC97
01DC99
01DC9B
01DC9C
01DC9E
01DCA1
01DCA2
01DCA5
01DCA7
01DCA9
01DCAB
01DCAD
01DCB0
01DCB1
01DCB2
01DCB3
01DCB4
01DCB5
01DCB7
01DCB9
01DCBB
01DCBE
01DCC1
01DCC3
01DCC5
01DCC7
01DCCA
01DCCC
01DCCE
01DDAC
01DDAF
01DDB5
01DDB7
01DDB9
01DDBC
01DDBE
01DDC1
01DDC4
01DDC6
01DDC8
01DDCB
01DDCE
01DDD0
01DDD1
01DDD3
01DDD5
01DDD6
01DDD9
01DDDD
01DDE0
01DDE3
01DDE4
01DDE5
01DDE7
01DDE9
01DDEC
01DDED
01DDEF
01DDF2
01DDF5
01DDF9
01DDFB
01DDFD
01DDFF
01DE00
01DE03
01DE06
01DE08
01DE0A
01DE0D
01DE10
01DE2A
01DE2D
01DE2F
01DE31
01DE34
01DE37
01DE39
01DE3B
01DE3E
01DE40
01DE41
01DE43
01DE45
01DE47
01DE49
01DE4B
01DE4E
01DE51
01DE53
01DE55
01DE58
01DE5B
01DE5D
01DE5F
01DE61
01DE63
01DE65
01DE67
01DE69
01DE6A
01DE6C
01DE6D
01DE6F
01DE71
01DE73
01DE75
01DE77
01DE79
01DE7C
01DE7E
01DE81
01DE84
01DE87
01DE89
01DE8C
01DE8F
01DE91
01DE93
01DE96
01DE98
01DE9A
01DE9D
01DE9F
01DEA2
01DEA4
01DEA7
01DEA9
01DEAC
01DEAF
01DEB0
01DEB2
01DEB5
01DEB7
01DEBA
01DEBB
01DEBD
01DEBF
01DEC2
01DEC5
01DEC6
01DEC8
01DECA
01DECD
01DECE
01DED0
01DED3
01DED6
01DED7
01DEDA
01DEDB
01DEDD
01DEDE
01DEE1
01DF19
01DF1C
01DF1D
01DF1E
01DF21
01DF23
01DF26
01DF28
01DF29
01DF2B
01DF2E
01DF31
01DF34
01DF35
01DF37
01DF3A
01DF3D
01DF40
01DF41
01DF43
01DF44
01DF45
01DF46
01DF47
01DF4D
01DF4E
01DF4F
01DF51
01DF52
01DF54
01DF55
01DF57
01DF5A
01DF5B
01DF5D
01DF60
01DF63
01DF64
01DF66
01DF69
01DF6C
01DF6F
01DF70
01DF71
01DF72
01DF73
01DF74
01DF77
01DF7A
01DF7D
01DF80
01DF83
01DF86
01DF89
01DF8C
01DF8E
01DF91
01DF92
01DF94
01DF97
01DF9A
01DF9D
01DFA0
01DFA3
01DFA5
01DFA8
01DFA9
01DFAA
01DFAB
01DFAC
01DFAD
01DFAF
01DFB2
01DFB5
01DFB8
01DFBB
01DFBD
01DFC0
01DFD9
01DFDB
01DFDD
01DFDF
01DFE1
01DFE3
01DFE4
01DFE6
01DFE7
01DFE9
01DFEA
01DFED
01DFEE
01DFF1
01DFF3
01DFF6
01DFF8
01DFFA
01DFFD
01DFFF
01E001
01E004
01E006
01E008
01E009
01E00B
01E00D
01E010
01E012
01E014
01E015
01E017
01E019
01E01B
01E01D
01E01F
01E021
01E024
01E026
01E028
01E02B
01E02D
01E030
01E032
01E035
01E037
01E039
01E03C
01E03E
01E041
01E044
01E04C
01E04F
01E050
01E052
01E055
01E058
01E05B
01E05D
01E05E
01E060
01E062
01E065
01E067
01E06A
01E06D
01E070
01E072
01E075
01E077
01E07A
01E093
01E096
01E099
01E09B
01E09E
01E09F
01E0A1
01E0A3
01E0A6
01E0A7
01E0A9
01E0AB
01E0AE
01E0B1
01E0B4
01E0B7
01E0BA
01E0BC
01E0BE
01E0C0
01E0C3
01E0C6
01E0C8
01E0CB
01E0CE
01E0D1
01E0D3
01E0D5
01E0D7
01E0DB
01E0DD
01E0DF
01E0E2
01E0E4
01E0E5
01E0E8
01E0EA
01E0ED
01E0F0
01E0F1
01E0F3
01E0F5
01E0F6
01E0F7
01E0F8
01E0F9
01E0FC
01E103
01E105
01E106
01E109
01E10B
01E10D
01E10F
01E111
01E115
01E118
01E11A
01E11C
01E11E
01E120
01E123
01E125
01E126
01E128
01E12A
01E12D
01E12F
01E131
01E133
01E135
01E138
01E13A
01E13C
01E13E
01E141
01E143
01E145
01E147
01E14A
01E14C
01E14F
01E151
01E152
01E153
01E154
01E155
01E157
01E159
01E15B
01E15D
01E15F
01E161
01E164
01E166
01E168
01E16D
01E170
01E173
01E174
01E176
01E178
01E179
01E17C
01E17D
01E17F
01E180
01E183
01E186
01E189
01E18B
01E18E
01E18F
01E198
01E19A
01E19D
01E19F
01E1A2
01E1A3
01E1A4
01E1A5
01E1A6
01E1A7
01E1A8
01E1AB
01E1AE
01E1AF
01E1B2
01E1B5
01E1B7
01E1B8
01E1BA
01E1BB
01E1BD
01E1BF
01E1C2
01E1C4
01E1C7
01E1C8
01E1CA
01E1CD
01E1CF
01E1D1
01E1D4
01E1D6
01E1D8
01E1D9
01E1DB
01E1DE
01E1E0
01E1E3
01E1E5
01E1E6
01E1E9
01E1EB
01E1ED
01E1F1
01E1F3
01E1F6
01E1F8
01E1FA
01E1FB
01E1FC
01E200
01E201
01E205
01E209
01E20B
01E20E
01E210
01E212
01E215
01E217
01E21A
01E21D
01E21F
01E222
01E225
01E227
01E22A
01E22D
01E230
01E232
01E235
01E237
01E23A
01E23D
01E23F
01E242
01E245
01E247
01E24A
01E24B
01E24D
01E250
01E252
01E255
01E257
01E25A
01E25C
01E25F
01E262
01E264
01E266
01E269
01E26A
01E26C
01E26E
01E270
01E273
01E275
01E278
01E27B
01E27D
01E280
01E281
01E283
01E286
01E288
01E289
01E28C
01E28E
01E291
01E293
01E296
01E298
01E29B
01E29D
01E2A0
01E2A2
01E2A5
01E2A7
01E2AA
01E2AC
01E2AF
01E2CF
01E2D2
01E2D4
01E2E0
01E2E3
01E2E5
01E2E6
01E2E8
01E2EA
01E2EC
01E2EF
01E2F1
01E2F3
01E2F6
01E2F9
01E2FA
01E2FC
01E2FE
01E300
01E302
01E305
01E308
01E309
01E30C
01E30F
01E311
01E313
01E315
01E317
01E31A
01E31C
01E31D
01E320
01E323
01E325
01E327
01E329
01E32B
01E32D
01E330
01E332
01E334
01E336
01E339
01E33B
01E33D
01E33F
01E343
01E345
01E347
01E349
01E34B
01E34C
01E34D
01E34E
01E34F
01E351
01E352
01E355
01E358
01E35B
01E35E
01E363
01E365
01E366
01E367
01E369
01E36B
01E36E
01E370
01E373
01E376
01E379
01E37B
01E37E
01E37F
01E382
01E384
01E387
01E38A
01E38C
01E38E
01E393
01E396
01E399
01E39B
01E39E
01E3A1
01E3A5
01E3A7
01E3A9
01E3AC
01E3AE
01E3B1
01E3B3
01E3B4
01E3B7
01E3B9
01E3BA
01E3BB
01E3BC
01E3BE
01E3C0
01E3C3
01E3C6
01E3C7
01E3CA
01E3CC
01E3CF
01E3D2
01E3D5
01E3D8
01E3DA
01E3DD
01E3DF
01E3E1
01E3E4
01E3E6
01E3E8
01E3E9
01E3EB
01E3EE
01E3EF
01E3F1
01E3F2
01E3F5
01E3FB
01E3FE
01E3FF
01E401
01E403
01E405
01E408
01E40B
01E40E
01E410
01E413
01E416
01E418
01E41B
01E41C
01E41D
01E41E
01E42B
01E42E
01E430
01E432
01E435
01E436
01E439
01E43E
01E441
01E443
01E446
01E449
01E44B
01E44E
01E44F
01E452
01E453
01E455
01E457
01E459
01E45B
01E45D
01E45F
01E462
01E465
01E466
01E467
01E469
01E46C
01E46D
01E470
01E471
01E474
01E475
01E478
01E479
01E47C
01E47F
01E482
01E485
01E488
01E48B
01E48C
01E48F
01E492
01E494
01E496
01E498
01E499
01E49A
01E49B
01E49E
01E4A0
01E4A3
01E4A4
01E4A7
01E4A9
01E4AC
01E4AE
01E4B0
01E4B3
01E4B6
01E4B9
01E4BB
01E4BD
01E4BF
01E4C0
01E4C2
01E4C5
01E4C7
01E4CA
01E4CD
01E4D0
01E4D3
01E4D4
01E4D7
01E4D9
01E4DA
01E4DD
01E4DF
01E4E2
01E4E4
01E4E5
01E4E6
01E4E9
01E4EB
01E4ED
01E4EF
01E4F2
01E4F6
01E4F9
01E4FC
01E4FE
01E500
01E502
01E505
01E507
01E509
01E50B
01E50D
01E50E
01E50F
01E511
01E513
01E515
01E517
01E518
01E519
01E51C
01E51E
01E520
01E522
01E524
01E526
01E529
01E52B
01E52D
01E530
01E532
01E534
01E536
01E53A
01E53C
01E53F
01E542
01E545
01E547
01E54A
01E54D
01E54F
01E551
01E553
01E555
01E557
01E55A
01E55C
01E55E
01E561
01E563
01E566
01E568
01E56A
01E56C
01E56E
01E570
01E572
01E575
01E578
01E57B
01E57D
01E57F
01E581
01E583
01E584
01E586
01E589
01E58C
01E58E
01E591
01E593
01E596
01E598
01E59A
01E59C
01E59E
01E5A0
01E5A3
01E5A5
01E5A7
01E5AA
01E5AB
01E5AD
01E5AF
01E5B1
01E5B3
01E5B6
01E5B9
01E5BC
01E5BF
01E5C3
01E5C4
01E5C7
01E5C9
01E5CB
01E5CC
01E5CE
01E5D0
01E5D2
01E5D5
01E5D7
01E5D9
01E5DB
01E5DD
01E5DF
01E5E1
01E5E4
01E5E5
01E5E7
01E5E9
01E5EB
01E5EE
01E5F2
01E5F4
01E5F7
01E5FB
01E5FE
01E600
01E603
01E604
01E608
01E60B
01E60D
01E610
01E623
01E625
01E627
01E62A
01E62D
01E630
01E633
01E635
01E638
01E63B
01E63D
01E640
01E642
01E643
01E644
01E646
01E647
01E649
01E64C
01E650
01E653
01E655
01E656
01E657
01E65A
01E65C
01E65F
01E661
01E662
01E664
01E666
01E669
01E66C
01E66E
01E66F
01E671
01E673
01E676
01E678
01E67A
01E67C
01E67E
01E680
01E683
01E686
01E688
01E68A
01E68D
01E68F
01E691
01E69A
01E69C
01E69E
01E6A0
01E6A2
01E6A4
01E6A7
01E6A9
01E6AB
01E6AE
01E6B0
01E6B3
01E6B5
01E6B8
01E6BA
01E6BB
01E6BD
01E6BE
01E6C0
01E6C2
01E6C4
01E6CE
01E6D0
01E6D2
01E6D5
01E6D8
01E6DA
01E6DC
01E6DF
01E6E2
01E6E5
01E6E7
01E6E9
01E6EB
01E6ED
01E6F0
01E6F3
01E6F6
01E6F7
01E6F9
01E6FC
01E700
01E703
01E706
01E708
01E70A
01E70D
01E70E
01E710
01E713
01E715
01E716
01E718
01E71B
01E71E
01E71F
01E721
01E722
01E724
01E726
01E728
01E72A
01E72C
01E72E
01E730
01E732
01E734
01E736
01E738
01E73A
01E73D
01E740
01E741
01E743
01E746
01E749
01E74B
01E74E
01E74F
01E750
01E751
01E752
01E754
01E757
01E75A
01E75B
01E75E
01E760
01E762
01E765
01E768
01E76B
01E76E
01E7A4
01E7A6
01E7A8
01E7AB
01E7AE
01E7B0
01E7B2
01E7B4
01E7B6
01E7B9
01E7BB
01E7BE
01E7C0
01E7C2
01E7C5
01E7C8
01E7CA
01E7CB
01E7CD
01E7D0
01E7D2
01E7D5
01E7D7
01E7DA
01E7DB
01E7DD
01E7E0
01E7E2
01E7E4
01E7E7
01E7E9
01E7EB
01E7EC
01E7EF
01E7F2
01E7F3
01E7F5
01E7F7
01E7F9
01E7FC
01E7FE
01E801
01E804
01E807
01E809
01E80C
01E80E
01E810
01E812
01E814
01E816
01E819
01E81D
01E81E
01E820
01E822
01E824
01E826
01E829
01E82B
01E82D
01E82F
01E832
01E834
01E836
01E839
01E83B
01E83D
01E840
01E843
01E844
01E846
01E847
01E848
01E84C
01E84D
01E84F
01E850
01E852
01E854
01E856
01E857
01E858
01E859
01E85B
01E85C
01E85F
01E866
01E868
01E86A
01E86C
01E86F
01E871
01E872
01E875
01E877
01E879
01E87B
01E87E
01E880
01E883
01E886
01E888
01E88A
01E88C
01E88E
01E890
01E892
01E895
01E897
01E898
01E899
01E89C
01E89E
01E89F
01E8A0
01E8A1
01E8A3
01E8A4
01E8A7
01E8A9
01E8AA
01E8AC
01E8AF
01E8B2
01E8B5
01E8B7
01E8B8
01E8BA
01E8BD
01E8C0
01E8C2
01E8C5
01E8C7
01E8CA
01E8CD
01E8D0
01E8D2
01E8D4
01E8D6
01E8D8
01E8DA
01E8DC
01E8DE
01E8E0
01E8E2
01E8E4
01E8E7
01E8E9
01E8EB
01E8ED
01E8F0
01E8F2
01E8F5
01E8F7
01E8F8
01E8F9
01E8FB
01E8FD
01E8FF
01E901
01E903
01E904
01E906
01E907
01E909
01E90A
01E90D
01E90E
01E911
01E914
01E917
01E918
01E91B
01E91E
01E921
01E923
01E926
01E929
01E92B
01E92C
01E92D
01E92E
01E92F
01E932
01E935
01E937
01E93A
01E93B
01E93C
01E93D
01E93E
01E940
01E942
01E945
01E947
01E94A
01E94C
01E94E
01E951
01E954
01E957
01E959
01E95B
01E95E
01E961
01E963
01E966
01E967
01E969
01E96C
01E96F
01E970
01E972
01E975
01E977
01E97A
01E97C
01E97F
01E981
01E984
01E98D
01E98F
01E991
01E994
01E995
01E998
01E99B
01E99D
01E99F
01E9A2
01E9A4
01E9A5
01E9A6
01E9A9
01E9AA
01E9AD
01E9B0
01E9B1
01E9B3
01E9B5
01E9B8
01E9B9
01E9BA
01E9BC
01E9BD
01E9BF
01E9C1
01E9C3
01E9C5
01E9C8
01E9CA
01E9CB
01E9CE
01E9D0
01E9D3
01E9D5
01E9D6
01E9D8
01E9D9
01E9DC
01E9DE
01E9E1
01E9E3
01E9E6
01E9E8
01E9E9
01E9EC
01E9EE
01E9F1
01E9F2
01E9F3
01E9F4
01E9F5
01E9F7
01E9F9
01E9FC
01E9FD
01E9FF
01EA02
01EA05
01EA07
01EA09
01EA0C
01EA0E
01EA10
01EA13
01EA16
01EA19
01EA1A
01EA1B
01EA1C
01EA1F
01EA20
01EA21
01EA25
01EA27
01EA29
01EA2C
01EA2F
01EA31
01EA33
01EA35
01EA37
01EA3A
01EA3C
01EA3F
01EA42
01EA45
01EA47
01EA4A
01EA4D
01EA50
01EA51
01EA52
01EA56
01EA58
01EA5A
01EA5D
01EA60
01EA62
01EA64
01EA66
01EA68
01EA6A
01EA6D
01EA6E
01EA6F
01EA70
01EA73
01EA75
01EA78
01EA7B
01EA7E
01EA7F
01EA80
01EA83
01EA84
01EA85
01EA86
01EA89
01EA8A
01EA8B
01EA8E
01EA8F
01EA92
01EA95
01EA97
01EA9A
01EA9D
01EA9F
01EAA1
01EAA3
01EAA5
01EAA7
01EAA9
01EAAB
01EAAD
01EAAF
01EAB1
01EAB2
01EAB3
01EAB4
01EAB5
01EAB6
01EAB7
01EAB9
01EABB
01EABE
01EAC0
01EAC3
01EAC6
01EAC9
01EACB
01EACD
01EAD0
01EAD3
01EAD6
01EAD7
01EAD9
01EADB
01EADD
01EADF
01EAE2
01EAE4
01EAE6
01EAE8
01EAEA
01EAEC
01EAEE
01EAF0
01EAF3
01EAF5
01EAF7
01EAF9
01EAFB
01EAFE
01EB00
01EB02
01EB04
01EB06
01EB08
01EB0A
01EB0C
01EB0F
01EB11
01EB14
01EB16
01EB18
01EB1A
01EB1C
01EB1E
01EB21
01EB23
01EB25
01EB27
01EB2A
01EB2C
01EB2E
01EB31
01EB33
01EB36
01EB38
01EB3A
01EB3C
01EB3E
01EB3F
01EB40
01EB41
01EB43
01EB44
01EB45
01EB48
01EB4A
01EB4C
01EB4E
01EB51
01EB53
01EB54
01EB57
01EB59
01EB5B
01EB5E
01EB61
01EB64
01EB66
01EB67
01EB69
01EB6B
01EB6D
01EB6F
01EB72
01EB75
01EB78
01EB7A
01EB7D
01EB7F
01EB81
01EB82
01EB85
01EB87
01EB8A
01EB8D
01EB90
01EB93
01EB95
01EB97
01EB99
01EB9A
01EB9D
01EB9F
01EBA2
01EBA4
01EBA7
01EBA9
01EBAB
01EBAD
01EBB0
01EBB1
01EBB3
01EBCA
01EBCD
01EBD0
01EBD3
01EBD6
01EBD9
01EBDC
01EBDF
01EBE1
01EBE3
01EBE6
01EBE9
01EBEA
01EBEB
01EBEE
01EBF1
01EBF3
01EBF6
01EBF9
01EBFB
01EBFE
01EC00
01EC03
01EC04
01EC07
01EC09
01EC0C
01EC0E
01EC11
01EC13
01EC16
01EC18
01EC1B
01EC1D
01EC20
01EC22
01EC24
01EC26
01EC29
01EC2C
01EC2F
01EC30
01EC33
01EC36
01EC38
01EC3B
01EC3D
01EC40
01EC41
01EC42
01EC43
01EC44
01EC45
01EC48
01EC4B
01EC4C
01EC4E
01EC50
01EC53
01EC55
01EC57
01EC5A
01EC61
01EC63
01EC65
01EC68
01EC6A
01EC6D
01EC70
01EC72
01EC74
01EC76
01EC78
01EC7B
01EC7E
01EC80
01EC82
01EC84
01EC88
01EC8A
01EC8B
01EC8D
01EC90
01EC92
01EC95
01EC96
01EC97
01EC9A
01EC9C
01EC9E
01EC9F
01ECA2
01ECA3
01ECA6
01ECA9
01ECAC
01ECAF
01ECB0
01ECB3
01ECB5
01ECB6
01ECB8
01ECBB
01ECBE
01ECC0
01ECC3
01ECC4
01ECC5
01ECC9
01ECCB
01ECCE
01ECD0
01ECD2
01ECD4
01ECD6
01ECD9
01ECDC
01ECDF
01ECE0
01ECE1
01ECE3
01ECE5
01ECE7
01ECEA
01ECED
01ECF0
01ECF2
01ECF5
01ECF7
01ECF9
01ECFB
01ECFD
01ECFF
01ED01
01ED04
01ED07
01ED09
01ED0C
01ED0E
01ED0F
01ED11
01ED13
01ED16
01ED18
01ED1A
01ED1C
01ED1D
01ED1F
01ED21
01ED24
01ED26
01ED28
01ED2A
01ED2C
01ED2E
01ED32
01ED36
01ED38
01ED3A
01ED3C
01ED3F
01ED42
01ED44
01ED46
01ED48
01ED4A
01ED4D
01ED4F
01ED51
01ED53
01ED56
01ED58
01ED5A
01ED5C
01ED5F
01ED61
01ED64
01ED68
01ED6A
01ED6D
01ED70
01ED72
01ED74
01ED76
01ED79
01ED7B
01ED7D
01ED7F
01ED80
01ED83
01ED85
01ED88
01ED8B
01ED8E
01ED90
01ED92
01ED95
01ED98
01ED9A
01ED9C
01ED9E
01EDA0
01EDA3
01EDA5
01EDA7
01EDAA
01EDAD
01EDAF
01EDB1
01EDB3
01EDB5
01EDB7
01EDBA
01EDBD
01EDBF
01EDC1
01EDC3
01EDC6
01EDC8
01EDCB
01EDCC
01EDCE
01EDD0
01EDD1
01EDD4
01EDD6
01EDD8
01EDDB
01EDDD
01EDDF
01EDE1
01EE61
01EE64
01EE65
01EE68
01EE6A
01EE6C
01EE6F
01EE71
01EE73
01EE76
01EE78
01EE7A
01EE7D
01EE80
01EE82
01EE84
01EE86
01EE87
01EE8A
01EE8D
01EE8F
01EE92
01EE94
01EE96
01EE98
01EE9B
01EE9E
01EEA1
01EEA3
01EEA5
01EEA7
01EEAA
01EEAC
01EEAE
01EEAF
01EEB0
01EEB1
01EEB2
01EEB3
01EEB4
01EEB7
01EEBA
01EEBB
01EEBE
01EEC1
01EEC3
01EEC4
01EEC5
01EEC6
01EEC7
01EEC8
01EEC9
01EECC
01EECF
01EED0
01EED3
01EED6
01EED8
01EED9
01EEDC
01EEDF
01EEE2
01EEE4
01EEE6
01EEE9
01EEEB
01EEED
01EEEF
01EEF1
01EEF3
01EEF5
01EEF6
01EEF8
01EEFA
01EEFC
01EEFE
01EF00
01EF02
01EF03
01EF04
01EF06
01EF08
01EF09
01EF0A
01EF0C
01EF0E
01EF10
01EF13
01EF17
01EF18
01EF1B
01EF1E
01EF21
01EF24
01EF26
01EF28
01EF29
01EF2A
01EF2D
01EF2F
01EF32
01EF33
01EF35
01EF38
01EF39
01EF3C
01EF3E
01EF3F
01EF41
01EF42
01EF44
01EF45
01EF46
01EF49
01EF4B
01EF4E
01EF4F
01EF52
01EF55
01EF58
01EF59
01EF5C
01EF5F
01EF61
01EF63
01EF66
01EF69
01EF6B
01EF6E
01EF6F
01EF72
01EF75
01EF78
01EF79
01EF7C
01EF7F
01EF80
01EF81
01EF82
01EF84
01EF87
01EF88
01EF8B
01EF8C
01EF8E
01EF91
01EF94
01EF97
01EF99
01EF9A
01EF9C
01EF9E
01EFA0
01EFA3
01EFA6
01EFA7
01EFAA
01EFAB
01EFAD
01EFAF
01EFB1
01EFB3
01EFB5
01EFB8
01EFBA
01EFBC
01EFBE
01EFC0
01EFC2
01EFC4
01EFC6
01EFC8
01EFCA
01EFCD
01EFD0
01EFD2
01EFD4
01EFD6
01EFD8
01EFDA
01EFDB
01EFDE
01EFE0
01EFE2
01EFE5
01EFE7
01EFEA
01EFEC
01EFEE
01EFF0
01EFF3
01EFF6
01EFF8
01EFFA
01EFFD
01F000
01F003
01F005
01F007
01F009
01F00B
01F00D
01F00F
01F012
01F014
01F016
01F018
01F01A
01F01C
01F01E
01F020
01F022
01F024
01F025
01F029
01F02C
01F02D
01F02F
01F032
01F034
01F036
01F038
01F03A
01F03B
01F03C
01F03E
01F041
01F042
01F044
01F046
01F048
01F04A
01F04C
01F04F
01F051
01F052
01F054
01F057
01F059
01F05B
01F05C
01F05E
01F060
01F063
01F065
01F067
01F068
01F06A
01F06C
01F06E
01F06F
01F071
01F073
01F074
01F076
01F078
01F079
01F07D
01F080
01F082
01F083
01F087
01F08A
01F08C
01F08F
01F090
01F093
01F096
01F098
01F09B
01F09D
01F0A0
01F0A2
01F0A4
01F0A6
01F0A8
01F0AC
01F0AF
01F0B1
01F0B3
01F0B6
01F0B8
01F0BA
01F0BD
01F0BF
01F0C1
01F0C4
01F0C7
01F0D3
01F0D5
01F0D8
01F0DC
01F0DF
01F0E1
01F0E4
01F0E6
01F0E8
01F0EB
01F0EE
01F0F0
01F0F2
01F0F5
01F0F7
01F0F9
01F0FB
01F0FD
01F0FF
01F102
01F105
01F106
01F108
01F10A
01F111
01F114
01F116
01F119
01F11C
01F11E
01F125
01F128
01F12A
01F12D
01F12E
01F131
01F133
01F136
01F14B
01F14E
01F150
01F152
01F155
01F158
01F15A
01F15D
01F160
01F162
01F164
01F167
01F169
01F16B
01F16C
01F16F
01F171
01F173
01F175
01F178
01F179
01F17B
01F17C
01F17F
01F180
01F181
01F183
01F184
01F185
01F188
01F189
01F18B
01F18C
01F18F
01F191
01F192
01F195
01F196
01F198
01F19B
01F19C
01F19E
01F1A1
01F1A2
01F1A4
01F1A6
01F1A8
01F1AB
01F1AD
01F1B0
01F1B2
01F1B5
01F1B7
01F1BA
01F1BB
01F1BE
01F1C0
01F1C3
01F1C6
01F1C9
01F1CB
01F1CE
01F1D0
01F1D3
01F1D6
01F1D8
01F1DB
01F1DE
01F1DF
01F1E1
01F1E3
01F1E5
01F1E7
01F1E9
01F1EC
01F1EE
01F1F1
01F1F4
01F1F7
01F1F8
01F1F9
01F1FC
01F1FE
01F1FF
01F202
01F203
01F206
01F209
01F20C
01F20F
01F210
01F213
01F215
01F218
01F21B
01F21E
01F220
01F223
01F226
01F229
01F22C
01F22E
01F230
01F232
01F234
01F237
01F238
01F23B
01F23E
01F23F
01F241
01F242
01F243
01F246
01F249
01F24B
01F24E
01F24F
01F251
01F254
01F256
01F259
01F25B
01F25E
01F261
01F263
01F265
01F268
01F26A
01F26D
01F26F
01F271
01F273
01F276
01F278
01F27A
01F27C
01F27D
01F27E
01F281
01F283
01F285
01F288
01F28B
01F28E
01F28F
01F291
01F294
01F295
01F298
01F29A
01F29D
01F29F
01F2A2
01F2A5
01F2A8
01F2AA
01F2AD
01F2B0
01F2B3
01F2B5
01F2B8
01F2B9
01F2BC
01F2BD
01F2BF
01F2C2
01F2C4
01F2C6
01F2C7
01F2CA
01F2CD
01F2D0
01F2D2
01F2D5
01F2D6
01F2D8
01F2DF
01F2E1
01F2E4
01F2E7
01F2E9
01F2EB
01F2EC
01F2EF
01F2F3
01F2F4
01F2F7
01F2F8
01F2F9
01F2FD
01F2FE
01F309
01F30B
01F30E
01F310
01F313
01F314
01F317
01F318
01F31A
01F31D
01F31F
01F321
01F324
01F327
01F328
01F32A
01F32D
01F330
01F332
01F335
01F337
01F33A
01F33B
01F33D
01F33F
01F342
01F344
01F347
01F34A
01F34D
01F34F
01F352
01F354
01F356
01F358
01F35B
01F35D
01F360
01F363
01F365
01F367
01F368
01F369
01F36C
01F36F
01F370
01F373
01F375
01F378
01F37A
01F37D
01F37F
01F382
01F384
01F387
01F389
01F39F
01F3A2
01F3A4
01F3BA
01F3BB
01F3BD
01F3C0
01F3C1
01F3C2
01F3C3
01F3C5
01F3C6
01F3C7
01F3C9
01F3CC
01F3CD
01F3D0
01F3D3
01F3D6
01F3DB
01F3DD
01F3F7
01F3FA
01F3FD
01F3FE
01F401
01F404
01F407
01F409
01F40C
01F40F
01F412
01F413
01F415
01F416
01F418
01F41A
01F41D
01F41F
01F420
01F421
01F423
01F424
01F427
01F429
01F42B
01F42C
01F42E
01F42F
01F431
01F433
01F436
01F438
01F43A
01F43C
01F43E
01F441
01F444
01F447
01F449
01F44C
01F44D
01F44E
01F44F
01F450
01F451
01F452
01F453
01F454
01F457
01F459
01F45A
01F45D
01F45F
01F461
01F462
01F464
01F466
01F468
01F46A
01F46C
01F46F
01F470
01F472
01F474
01F476
01F478
01F47A
01F47C
01F47E
01F480
01F483
01F485
01F487
01F489
01F48B
01F48D
01F490
01F492
01F493
01F495
01F497
01F499
01F49B
01F49E
01F49F
01F4A0
01F4A1
01F4A2
01F4A3
01F4A5
01F4A8
01F4A9
01F4AA
01F4AB
01F4AC
01F4AD
01F4AF
01F4B1
01F4B2
01F4B5
01F4B7
01F4B9
01F4BB
01F4BD
01F4BE
01F4C1
01F4C3
01F4C6
01F4C8
01F4C9
01F4CA
01F4CC
01F4CD
01F4CF
01F4D1
01F4D2
01F4D3
01F4D4
01F4D6
01F4D9
01F4DC
01F4DD
01F4DE
01F4E1
01F4E4
01F4E7
01F4E9
01F4EB
01F4EE
01F4F0
01F4F2
01F4F5
01F4F7
01F4F9
01F4FB
01F4FD
01F4FF
01F501
01F502
01F505
01F509
01F50A
01F50C
01F50F
01F512
01F514
01F517
01F519
01F51C
01F51F
01F520
01F523
01F524
01F525
01F527
01F529
01F52B
01F52C
01F52F
01F531
01F534
01F536
01F537
01F538
01F53A
01F53B
01F53D
01F53F
01F540
01F541
01F543
01F545
01F546
01F549
01F54B
01F54C
01F54F
01F550
01F552
01F553
01F555
01F557
01F55A
01F55C
01F55E
01F560
01F562
01F564
01F566
01F568
01F56B
01F56E
01F570
01F573
01F575
01F578
01F57A
01F57C
01F57F
01F581
01F582
01F585
01F586
01F587
01F589
01F58D
01F58E
01F58F
01F590
01F594
01F595
01F599
01F59B
01F59E
01F59F
01F5A1
01F5A3
01F5A6
01F5A7
01F5AA
01F5AC
01F5AE
01F5B1
01F5B3
01F5B4
01F5B7
01F5B8
01F5BA
01F5BB
01F5BC
01F5C0
01F5C1
01F5C5
01F5C7
01F5C9
01F5CC
01F5CE
01F5D1
01F5D3
01F5D6
01F5D8
01F5DB
01F5DD
01F5E0
01F5E2
01F5E5
01F5E6
01F5E7
01F5EB
01F5EE
01F5F0
01F5F2
01F5F5
01F5F7
01F5FA
01F5FB
01F5FC
01F5FF
01F601
01F604
01F606
01F609
01F622
01F625
01F627
01F629
01F62B
01F62E
01F62F
01F631
01F633
01F635
01F636
01F639
01F63B
01F63E
01F640
01F643
01F645
01F647
01F64A
01F64D
01F64F
01F651
01F654
01F656
01F659
01F65C
01F65E
01F661
01F664
01F665
01F667
01F668
01F669
01F66A
01F66E
01F66F
01F673
01F677
01F679
01F67C
01F67E
01F680
01F682
01F684
01F686
01F688
01F68A
01F68C
01F68E
01F695
01F696
01F697
01F698
01F69B
01F69C
01F69D
01F69E
01F6A1
01F6A3
01F6A6
01F6A8
01F6AA
01F6AC
01F6AD
01F6B0
01F6B2
01F6B4
01F6B7
01F6B9
01F6BB
01F6BE
01F6C0
01F6C2
01F6C4
01F6C6
01F6C8
01F6CA
01F6CD
01F6CF
01F6D2
01F6D4
01F6D7
01F6D9
01F6DC
01F6DD
01F6DF
01F6E1
01F6E3
01F6E5
01F6E8
01F6EA
01F6EC
01F6EE
01F6EF
01F6F1
01F6F3
01F6F5
01F6F8
01F6FA
01F6FC
01F6FD
01F6FE
01F701
01F703
01F705
01F706
01F707
01F708
01F70A
01F70C
01F70E
01F711
01F713
01F715
01F718
01F71A
01F71D
01F71F
01F722
01F724
01F726
01F729
01F72B
01F72D
01F72F
01F732
01F735
01F737
01F73A
01F73D
01F740
01F743
01F745
01F748
01F74B
01F74C
01F74E
01F751
01F753
01F756
01F758
01F75B
01F764
01F767
01F769
01F76C
01F76E
01F771
01F773
01F774
01F776
01F778
01F77A
01F77D
01F781
01F783
01F786
01F788
01F78A
01F78D
01F790
01F793
01F795
01F798
01F799
01F79C
01F79E
01F79F
01F7A0
01F7A1
01F7A2
01F7A5
01F7A6
01F7A9
01F7AA
01F7AD
01F7B0
01F7B1
01F7B3
01F7B6
01F7B8
01F7BA
01F7BD
01F7BE
01F7C1
01F7C2
01F7C5
01F7C8
01F7CB
01F7CD
01F7CF
01F7D1
01F7D3
01F7D5
01F7D8
01F7DA
01F7DB
01F7DD
01F7DF
01F7E2
01F7E4
01F7E5
01F7E7
01F7EA
01F7EC
01F7EE
01F7F1
01F7F4
01F7F6
01F7F9
01F7FB
01F7FC
01F7FF
01F802
01F804
01F805
01F808
01F80B
01F80D
01F810
01F813
01F816
01F819
01F81C
01F81D
01F81E
01F81F
01F820
01F821
01F822
01F823
01F825
01F828
01F829
01F82B
01F82C
01F83D
01F840
01F842
01F844
01F846
01F848
01F84A
01F84C
01F84F
01F852
01F854
01F855
01F859
01F85A
01F85C
01F85F
01F861
01F863
01F866
01F867
01F86B
01F86C
01F870
01F87C
01F87F
01F882
01F884
01F888
01F88B
01F890
01F893
01F895
01F897
01F899
01F89B
01F89E
01F8A0
01F8A2
01F8A4
01F8A6
01F8A8
01F8A9
01F8AB
01F8AC
01F8AF
01F8B1
01F8B4
01F8B6
01F8B8
01F8BB
01F8BE
01F8C0
01F8C3
01F8C6
01F8C9
01F8CC
01F8D5
01F8D8
01F8DA
01F8DC
01F8DF
01F8E1
01F8E4
01F8E7
01F8E9
01F8EB
01F8ED
01F8EF
01F8F2
01F8F5
01F8F8
01F8FA
01F8FC
01F8FF
01F901
01F903
01F905
01F906
01F908
01F90A
01F90C
01F90E
01F910
01F912
01F914
01F916
01F917
01F919
01F91B
01F91D
01F920
01F922
01F923
01F926
01F928
01F92A
01F92D
01F92F
01F932
01F934
01F936
01F938
01F93B
01F93D
01F93F
01F941
01F943
01F945
01F947
01F948
01F94A
01F94C
01F94F
01F952
01F954
01F956
01F959
01F95B
01F95D
01F95F
01F960
01F961
01F962
01F964
01F966
01F968
01F96A
01F96B
01F96C
01F96D
01F96F
01F971
01F973
01F975
01F976
01F979
01F97B
01F97E
01F97F
01F980
01F981
01F982
01F983
01F986
01F989
01F98C
01F98E
01F990
01F992
01F995
01F997
01F99A
01F99C
01F99D
01F9A0
01F9A2
01F9A4
01F9A5
01F9A6
01F9A9
01F9AB
01F9AD
01F9AE
01F9B0
01F9B2
01F9B5
01F9B6
01F9B8
01F9B9
01F9BB
01F9BD
01F9C0
01F9C2
01F9C3
01F9C6
01F9C8
01F9CB
01F9CE
01F9D0
01F9D2
01F9D4
01F9D6
01F9D8
01F9DA
01F9DB
01F9DD
01F9DF
01F9E1
01F9E2
01F9E5
01F9E6
01F9E9
01F9EA
01F9EC
01F9EF
01F9F1
01F9F4
01F9F7
01F9F8
01F9FB
01F9FC
01F9FF
01FA00
01FA02
01FA04
01FA06
01FA07
01FA09
01FA0C
01FA0E
01FA10
01FA11
01FA14
01FA15
01FA16
01FA19
01FA1C
01FA1F
01FA22
01FA23
01FA24
01FA27
01FA2A
01FA2D
01FA2F
01FA32
01FA35
01FA36
01FA3D
01FA40
01FA42
01FA44
01FA47
01FA4B
01FA58
01FA5B
01FA5E
01FA61
01FA63
01FA66
01FA68
01FA69
01FA6A
01FA6C
01FA6D
01FA6E
01FA71
01FA74
01FA77
01FA79
01FA7C
01FA7D
01FA7F
01FA81
01FA84
01FA87
01FA89
01FA8C
01FA8F
01FA91
01FA93
01FA95
01FA96
01FA98
01FA9A
01FA9D
01FA9F
01FAA1
01FAA3
01FAA6
01FAA8
01FAAA
01FAAC
01FAAE
01FAB0
01FAB3
01FAC1
01FAC3
01FAF5
01FAF7
01FAFA
01FAFC
01FAFF
01FB01
01FB03
01FB04
01FB05
01FB07
01FB09
01FB0B
01FB0E
01FB11
01FB13
01FB15
01FB17
01FB1A
01FB1D
01FB20
01FB22
01FB23
01FB25
01FB28
01FB2A
01FB2D
01FB2F
01FB32
01FB35
01FB36
01FB3A
01FB3C
01FB3E
01FB41
01FB44
01FB46
01FB49
01FB4C
01FB4E
01FB50
01FB52
01FB54
01FB56
01FB58
01FB5A
01FB5C
01FB5E
01FB60
01FB62
01FB65
01FB67
01FB6A
01FB6E
01FB70
01FB73
01FB75
01FB78
01FB7B
01FB7E
01FB80
01FB82
01FB85
01FB87
01FB8A
01FB8B
01FB8E
01FB8F
01FB92
01FB94
01FB96
01FB99
01FB9B
01FB9D
01FB9F
01FBA1
01FBA2
01FBA4
01FBA5
01FBA6
01FBA7
01FBA8
01FBA9
01FBAB
01FBAD
01FBAE
01FBB0
01FBB2
01FBB5
01FBB7
01FBB9
01FBBB
01FBBD
01FBBF
01FBC1
01FBC3
01FBC5
01FBC7
01FBC9
01FBCB
01FBCD
01FBCF
01FBD1
01FBD3
01FBD5
01FBD7
01FBD9
01FBDB
01FBDD
01FBDF
01FBE2
01FBE4
01FBE5
01FBE7
01FBE9
01FBEC
01FBED
01FBEE
01FBF0
01FBF3
01FBF5
01FBF7
01FBFA
01FBFD
01FBFE
01FBFF
01FC01
01FC02
01FC05
01FC08
01FC0B
01FC0E
01FC11
01FC13
01FC16
01FC17
01FC1A
01FC1C
01FC1E
01FC20
01FC22
01FC25
01FC27
01FC2A
01FC2D
01FC2F
01FC30
01FC31
01FC32
01FC33
01FC34
01FC37
01FC3A
01FC3B
01FC3D
01FC3F
01FC41
01FC43
01FC46
01FC49
01FC4A
01FC4D
01FC4E
01FC50
01FC52
01FC54
01FC57
01FC5A
01FC5C
01FC5E
01FC61
01FC62
01FC64
01FC66
01FC68
01FC6B
01FC6D
01FC6F
01FC71
01FC73
01FC75
01FC77
01FC7A
01FC7C
01FC7F
01FC81
01FC84
01FC87
01FC88
01FC8A
01FC8C
01FC8F
01FC90
01FC92
01FC94
01FC96
01FC98
01FC9A
01FC9C
01FC9E
01FCA0
01FCA2
01FCA3
01FCA5
01FCA7
01FCA9
01FCAA
01FCAC
01FCAE
01FCB0
01FCB2
01FCB4
01FCB6
01FCB8
01FCBA
01FCBE
01FCC0
01FCC3
01FCC5
01FCC7
01FCCA
01FCCC
01FCCE
01FCD0
01FCD3
01FCD7
01FCD9
01FCDA
01FCDC
01FCDD
01FCE0
01FCE1
01FCE3
01FCE5
01FCE8
01FCE9
01FCEB
01FCED
01FCF0
01FCF4
01FCF5
01FCF7
01FCF8
01FCFA
01FCFD
01FCFF
01FD01
01FD04
01FD05
01FD09
01FD0A
01FD0C
01FD0F
01FD12
01FD14
01FD16
01FD19
01FD1A
01FD1C
01FD1E
01FD20
01FD23
01FD24
01FD26
01FD28
01FD2A
01FD2C
01FD2E
01FD30
01FD34
01FD36
01FD38
01FD3B
01FD3D
01FD40
01FD42
01FD45
01FD47
01FD4A
01FD4B
01FD4D
01FD4F
01FD50
01FD52
01FD53
01FD55
01FD58
01FD5B
01FD5D
01FD60
01FD62
01FD63
01FD65
01FD68
01FD6B
01FD6D
01FD70
01FD72
01FD74
01FD77
01FD78
01FD7B
01FD7D
01FD7F
01FD80
01FD84
01FD85
01FD87
01FD89
01FD8C
01FD8D
01FD90
01FD92
01FD94
01FDA7
01FDA9
01FDAC
01FDAE
01FDAF
01FDB2
01FDB4
01FDB7
01FDB9
01FDBC
01FDBE
01FDC1
01FDC2
01FDC3
01FDC7
01FDC8
01FDC9
01FDCC
01FDCF
01FDD0
01FDD3
01FDD4
01FDD6
01FDD9
01FDDC
01FDDE
01FDE1
01FDE4
01FDE5
01FDE7
01FDEA
01FDEC
01FDEE
01FDF1
01FDF2
01FEBC
01FEBE
01FEC1
01FEC3
01FEC5
01FEC8
01FECB
01FECC
01FECD
01FECE
01FED0
01FED2
01FED4
01FED7
01FED8
01FED9
01FEDB
01FEDC
01FEDE
01FEDF
01FEE0
01FEE1
01FEE3
01FEE4
01FEE5
01FEE7
01FEE9
01FEEA
01FEEB
01FEED
01FEEE
01FEF1
01FEF2
01FEF4
01FEF5
01FEF8
01FEFB
01FEFC
01FEFF
01FF00
01FF02
01FF03
01FF06
01FF09
01FF0C
01FF0F
01FF10
01FF12
01FF14
01FF16
01FF18
01FF1A
01FF1B
01FF1C
01FF1F
01FF22
01FF25
01FF27
01FF29
01FF2B
01FF2D
01FF2F
01FF32
01FF33
01FF35
01FF36
01FF37
01FF38
01FF39
01FF3A
01FF3B
01FF3E
01FF41
01FF42
01FF43
01FF44
01FF45
01FF46
01FF47
01FF48
01FF4A
01FF4B
01FF4D
01FF4F
01FF52
01FF5B
01FF5C
01FF5E
01FF61
01FF63
01FF65
01FF68
01FF69
01FF6B
01FF6E
01FF71
01FF72
01FF74
01FF77
01FF79
01FF7A
01FF7C
01FF7D
01FF80
01FF83
01FF85
01FF88
01FF8A
01FF8D
01FF8E
01FF8F
01FF90
01FF91
01FF93
01FF96
01FF97
01FF98
01FF9A
01FF9B
01FF9D
01FFA0
01FFA3
01FFA5
01FFA8
01FFAA
01FFAB
01FFAD
01FFB0
01FFB3
01FFB5
01FFB8
01FFB9
01FFBD
01FFBE
