07F1CA
07F1CD
07F1CF
07F1D1
07F1D4
07F1D5
07F1D6
07F1D7
07F1DB
07F1DC
07F1DD
07F1DE
07F1DF
07F1E0
07F1E1
07F1E3
07F1E7
07F1E8
07F1EA
07F1ED
07F1EE
07F1F0
07F1F1
07F1F5
07F1F6
07F1F8
07F1FA
07F1FC
07F1FF
07F200
07F204
07F206
07F207
07F209
07F20A
07F20C
07F20F
07F213
07F214
07F216
07F219
07F21B
07F21C
07F21E
07F220
07F222
07F223
07F224
07F225
07F226
07F22A
07F22D
07F22E
07F230
07F231
07F233
07F235
07F238
07F239
07F23A
07F23B
07F23C
07F23D
07F23F
07F242
07F243
07F244
07F245
07F246
07F247
07F248
07F24A
07F24D
07F252
07F253
07F256
07F257
07F258
07F259
07F25D
07F260
07F261
07F263
07F26B
07F722
07F725
07F728
07F72A
07F72D
07F730
07F733
07F736
07F739
07F73C
07F73F
07F742
07F745
07F748
07F74B
07F74E
07F751
07F754
07F756
07F759
07F75B
07F75E
07F761
07F764
07F767
07F76A
07F76D
07F770
07F773
07F776
07F779
07F77C
07F77F
07F782
07F785
07F787
07F78A
07F78B
07F78C
07F78D
07F78F
07F790
07F794
07F796
07F797
07F79A
07F79E
07F79F
07F7A0
07F7A1
07F7A2
07F7A3
07F7A5
07F7A9
07F7AC
07F7B0
07F7B3
07F7B7
07F7BA
07F7BE
07F7C1
07F7C5
07F7C8
07F7CC
07F7CF
07F7D0
07F7D1
07F7D2
07F7D6
07F7DA
07FC3B
07FC3C
07FC3E
07FC42
07FC43
07FC45
07FC46
07FC47
07FC49
07FC4C
07FC4E
07FC4F
07FC51
07FC52
07FC54
07FC57
07FC58
07FC5B
07FC5D
07FC5E
07FC60
07FC63
07FC66
07FC68
07FC6B
07FC6D
07FC6E
07FC70
07FC73
07FC76
07FC78
07FC7B
07FC7C
07FC80
07FC83
07FC87
07FC8A
07FC8C
07FC8F
