
008000
008001
008004
008007
00800A
00800D
008010
008013
008016
008018
00801B
00801C
00801D
00801F
008022
008023
008026
008027
00802A
00802E
008031
008034
008037
00803B
00803C
008040
008041
008044
008045
008046
008047
008048
00804A
00804C
00804E
008052
008055
008058
00805B
00805E
008061
008064
008066
008069
00806B
00806D
00806F
008070
008072
008075
008077
008079
00807A
00807C
00807F
008082
008085
008087
008089
00808B
00808D
00808F
008090
008091
008093
008095
008096
008098
008099
00809A
00809D
00809F
0080A0
0080A2
0080A5
0080A7
0080A8
0080AA
0080AD
0080AF
0080B1
0080B3
0080B4
0080B6
0080B8
0080B9
0080BA
0080BB
0080BD
0080BE
0080BF
0080C2
0080C4
0080C7
0080C9
0080CA
0080CD
0080CF
0080D0
0080D3
0080D6
0080D8
0080DA
0080DD
0080E0
0080E3
0080E6
0080E7
0080E8
0080EA
0080ED
0080EF
0080F2
0080F4
0080F7
0080F8
0080FB
0080FC
0080FD
0080FF
008102
008104
008107
008109
00810C
00810E
008110
008113
008115
008118
00811A
00811D
00811F
008122
008125
008127
00812A
00812D
008130
008131
008133
008134
008137
008139
00813C
00813E
008140
008143
008146
008148
00814A
00814D
00814F
008152
008154
008157
008159
00815B
00815E
008160
008163
008165
008168
00816A
00816B
00816C
00816E
00816F
008170
008171
008172
008173
008174
008176
008179
00817C
00817E
008181
008184
008186
008189
00818C
00818F
008192
008195
008198
00819B
00819E
0081A1
0081A4
0081A7
0081AA
0081AC
0081AF
0081B2
0081B4
0081B7
0081B9
0081BC
0081BE
0081C1
0081C3
0081C6
0081C9
0081CB
0081CE
0081D0
0081D2
0081D5
0081D7
0081DA
0081DC
0081DE
0081E1
0081E2
0081E4
0081E7
0081E9
0081EC
0081EF
0081F0
0081F2
0081F4
0081F7
0081FA
0081FC
0081FE
008201
008203
008207
008209
00820D
008210
008212
008215
008217
00821A
00821D
008220
008222
008225
008227
008229
00822C
00822D
00822E
008230
008232
008235
008237
00823A
00823D
008240
008243
008246
008248
00824B
00824D
008250
008252
008253
008256
008259
00825B
00825E
008261
008263
008266
008268
00826B
00826D
008270
008272
008275
008278
00827A
00827C
00827F
008281
008283
008286
008289
00828C
00828F
008292
008294
008297
00829A
00829D
00829F
0082A1
0082A4
0082A7
0082AA
0082AD
0082B0
0082B3
0082B6
0082B9
0082BC
0082BE
0082BF
0082C0
0082C1
0082C2
0082C3
0082C4
0082C6
0082C8
0082CA
0082CD
0082D4
0082D7
0082DA
0082DD
0082DF
0082E2
0082E5
0082E6
0082E8
0082EB
0082EE
0082F1
0082F4
0082F7
0082F9
0082FC
0082FE
0082FF
008301
008304
008306
008308
00830B
00830D
00830E
008310
008313
008315
008317
00831A
00831C
00831F
008321
008324
008326
008329
00832B
00832E
008330
008333
008335
008338
00833A
00833D
00833F
008342
008345
008348
008349
00834B
00834E
008351
008354
008357
008359
00835C
00835E
008361
008363
008366
008367
008368
00836B
00836D
00836F
008371
008374
008375
008376
008378
008379
00837A
00837B
00837C
00837D
00837E
008380
008383
008385
008387
00838A
00838C
00838F
008391
008394
008396
008399
00839B
00839E
0083A0
0083A3
0083A5
0083A8
0083AA
0083AD
0083AF
0083B2
0083B4
0083B5
0083B6
0083B7
0083B8
0083B9
0083BA
0083BD
0083BF
0083C1
0083C3
0083C6
0083C8
0083CB
0083CE
0083D0
0083D2
0083D5
0083D7
0083D8
0083DB
0083DE
0083E1
0083E3
0083E6
0083E8
0083EB
0083ED
0083EF
0083F1
0083F3
0083F6
0083F9
0083FA
0083FB
0083FD
008400
008402
008405
008407
00840A
00840C
00840F
008411
008414
008416
008418
00841B
00841D
008420
008422
008425
008427
00842A
00842C
00842D
008430
008433
008435
008438
008439
00843B
00843E
008440
008443
008445
008446
008448
008449
00844C
00844E
008451
008454
008457
00845A
00845D
008460
008463
008465
008468
00846A
00846C
00846F
008471
008474
008494
008496
008499
00849C
00849D
00849E
0084A1
0084A2
0084A3
0084A6
0084A7
0084A8
0084AB
0084AE
0084B1
0084B2
0084B3
0084B6
0084B7
0084B8
0084BB
0084BC
0084BD
0084C0
0084C3
0084C4
0084C5
0084C7
0084C8
0084C9
0084CA
0084CB
0084CE
0084CF
0085D2
0085D4
0085D7
0085D9
0085DC
0085DE
0085E1
0085E3
0085E6
0085E8
0085EA
0085EE
0085F2
0085F3
0085F7
0085F9
0085FA
0085FD
0085FF
008601
008604
008607
008609
00860C
00860E
008611
008614
008615
008617
008619
00861C
00861E
008620
008622
008625
008628
00862A
00862D
00862F
008632
008635
008636
008638
00863A
00863D
008640
008642
008646
008650
008653
008655
008658
008659
00865C
00865F
008662
008665
008668
00866B
00866C
00866F
008672
008675
008678
00867B
00867D
008680
008681
008684
008687
00868A
00868D
008690
008693
008694
008697
00869A
00869D
0086A0
0086A3
0086A8
0086AB
0086AD
0086B0
0086B2
0086B5
0086B7
0086BA
0086BC
0086BF
0086C1
0086C4
0086C6
0086C7
0086C9
0086CC
0086CF
0086D2
0086D3
0086D4
0086D6
0086D8
0086DA
0086DE
0086DF
0086E1
0086E2
0086E4
0086E6
0086E9
0086EA
0086EB
0086EC
0086EE
0086EF
0086F1
0086F3
0086F5
0086F7
0086FA
0086FC
0086FD
0086FF
008701
008704
008706
008707
008709
00870A
00870B
00870D
00870E
008710
008712
008713
008715
008717
008719
00871B
00871E
008720
008723
008726
008728
00872A
00872C
00872D
00872F
008730
008732
008734
008735
008737
008739
00873A
00873C
00873E
008741
008743
008745
008746
008747
008748
00874A
00874C
00874E
008751
008753
008755
008758
00875A
00875B
00875E
00875F
008760
008761
008762
008763
008764
008766
008769
00876C
00876E
008770
008772
008774
008777
008779
00877C
00877E
008781
008783
008785
008788
008789
00878B
00878C
00878F
008792
008795
008797
008798
008799
00879B
00879C
00879E
0087A0
0087A2
0087A5
0087A7
0087AA
0087AD
0087AF
0087B2
0087B4
0087B7
0087B9
0087BB
0087BD
0087C0
0087C2
0087C5
0087C8
0087CB
0087CE
0087D1
0087D3
0087D6
0087D9
0087DA
0087DC
0087DE
0087E1
0087E4
0087E7
0087EA
0087ED
0087EE
0087F0
0087F3
0087F5
0087F8
0087FB
0087FC
0087FE
008800
008803
008806
008809
00880A
00880D
008810
008813
008815
008818
00881B
00881C
00881E
008820
008823
008826
008829
00882A
00882D
008830
008831
008833
008836
008838
00883B
00883E
00883F
008841
008843
008846
008849
00884B
00884E
008851
008854
008857
00885A
00885C
00885F
008862
008863
008865
008867
00886A
00886D
008870
008873
008876
008877
008879
00887C
00887E
008881
008884
008885
008887
008889
00888C
00888E
008891
008894
008897
008898
00889A
00889D
0088A0
0088A3
0088A5
0088A8
0088AB
0088AC
0088AE
0088B0
0088B3
0088B6
0088B9
0088BA
0088BC
0088BF
0088C2
0088C3
0088C5
0088C8
0088CA
0088CD
0088D0
0088D1
0088D3
0088D5
0088D8
0088DA
0088DD
0088DF
0088E2
0088E5
0088E7
0088EA
0088EC
0088EE
0088F0
0088F3
0088F5
0088F8
0088FB
0088FE
008901
008904
008906
008909
00890C
00890D
00890F
008911
008914
008917
00891A
00891D
008920
008921
008923
008926
008928
00892B
00892E
00892F
008931
008933
008936
008939
00893C
00893D
008940
008943
008946
008948
00894B
00894E
00894F
008951
008953
008956
008959
00895C
00895D
008960
008963
008964
008966
008969
00896B
00896E
008971
008972
008974
008976
008979
00897C
00897E
008981
008984
008987
00898A
00898D
00898F
008992
008995
008996
008998
00899A
00899D
0089A0
0089A3
0089A6
0089A9
0089AA
0089AC
0089AF
0089B1
0089B4
0089B7
0089B8
0089BA
0089BC
0089BF
0089C1
0089C4
0089C7
0089CA
0089CB
0089CD
0089D0
0089D3
0089D6
0089D8
0089DB
0089DE
0089DF
0089E1
0089E3
0089E6
0089E9
0089EC
0089ED
0089EF
0089F2
0089F5
0089F6
0089F8
0089FB
0089FD
008A00
008A03
008A04
008A06
008A08
008A0B
008A0D
008A10
008A12
008A15
008A4E
008A50
008A53
008A55
008A56
008A57
008A5A
008A5C
008A5F
008A61
008A64
008A66
008A69
008A6D
008A70
008A72
008A74
008A78
008A79
008A7C
008A7F
008A81
008A84
008A86
008A89
008A8B
008A8E
008A90
008A93
008A95
008A98
008A9A
008A9C
008A9E
008AA1
008AA4
008AA7
008AAA
008AAC
008AAE
008AB0
008AB3
008ACD
008ACF
008AD1
008AD3
008AD6
008AD8
008ADA
008ADC
008ADE
008AE0
008AE2
008AE5
008AE6
008AE8
008AEA
008AEB
008AEC
008AED
008AF0
008AF1
008AF2
008AF3
008AF6
008AF9
008AFA
008AFD
008AFE
008B01
008B04
008B06
008B09
008B0A
008B0C
008B0D
008B10
008B11
008B14
008B17
008B18
008B1B
008B1C
008B1D
008B20
008B22
008B25
008B26
008B28
008B2A
008B2B
008B2D
008B30
008B32
008B34
008B36
008B39
008B3C
008B3E
008B41
008B42
008B43
008B44
008B45
008B48
008B49
008B4B
008B4C
008B4F
008B51
008B52
008B53
008B54
008B55
008B56
008CFF
008D01
008D04
008D06
008D09
008D0B
008D0E
008D10
008D13
008D16
008D17
008D19
008D1B
008D1E
008D20
008D23
008D25
008D28
008D2A
008D2D
008D2F
008D32
008D35
008D36
008D38
008D3A
008D3D
008D3F
008D42
008D44
008D47
008D49
008D4C
008D4E
008D51
008D54
008D55
008D57
008D59
008D5C
008D5E
008D61
008D63
008D66
008D68
008D6B
008D6D
008D70
008D73
008D74
008D76
008D78
008D7B
008D7D
008D7F
008D82
008D85
008D86
008D87
008D88
008D8A
008D8C
008D8F
008DAC
008DAF
008DB1
008DB4
008DB6
008DB9
008DBB
008DBE
008DC1
008DC2
008DC4
008DC6
008DC9
008DCC
008DCE
008DD1
008DD3
008DD6
008DD8
008DDB
008DDE
008DDF
008DE1
008DE3
008DE6
008E1A
008E1D
008E1F
008E21
008E24
008E26
008E28
008E2B
008E2D
008E2F
008E32
008E35
008E38
008E3B
008E3D
008E3F
008E42
008E44
008E46
008E49
008E4A
008E4C
008E4F
008E51
008E54
008E57
008E59
008E5B
008E5D
008E60
008E63
008E66
008E69
008E6B
008E6F
008E72
008E75
008E78
008E7B
008E7E
008E81
008E83
008E85
008E88
008E8A
008E8C
008E8F
008E90
008E91
008E93
008E95
008E97
008E9A
008E9C
008E9E
008EA0
008EA3
008EA4
008EA7
008EA9
008EAC
008EBF
008EC1
008EC2
008EC3
008EC4
008EC6
008EC9
008ECB
008ECD
008ED0
008ED2
008ED5
008ED7
008ED9
008EDB
008EDE
008EE0
008EE3
008EE5
008EE7
008EEA
008EEB
008EED
008EEF
008EF2
008EF4
008EF7
008EF9
008EFB
008EFE
008F00
008F03
008F05
008F07
008F09
008F0C
008F0E
008F11
008F13
008F15
008F18
008F19
008F1B
008F1D
008F20
008F22
008F25
008F28
008F2B
008F2D
008F2F
008F32
008F35
008F36
008F38
008F3B
008F3E
008F40
008F42
008F44
008F46
008F49
008F4C
008F4D
008F50
008F51
008F53
008F55
008F58
008F5B
008F5E
008F61
008F63
008F65
008F67
008F6A
008F6D
008F6E
008F70
008F73
008F76
008F79
008F7A
008F7C
008F7E
008F81
008F84
008F86
008F89
008F8B
008F8D
008F8F
008F92
008F94
008F96
008F98
008F9B
008F9D
008FA0
008FA2
008FA4
008FA7
008FAA
008FAB
008FAD
008FAF
008FB2
008FB3
008FB4
008FB7
008FBA
008FBD
008FC0
008FC1
008FC3
008FC5
008FC8
008FCB
008FCD
008FCF
008FD2
008FD5
008FD6
008FD8
008FDB
008FDD
008FDF
008FE1
008FE2
008FE4
008FE6
008FE8
008FEA
008FEC
008FEE
008FEF
008FF2
008FF4
008FF5
008FF7
008FF9
009012
009014
009017
009019
00901B
00901C
00901F
009021
009023
009026
009028
00902A
00902C
00902E
009030
009032
009034
009037
009039
00903A
00903B
00903C
00903D
00903E
009040
009042
009044
009045
009047
009049
00904B
00904D
00904E
009050
009051
009053
009056
009058
00905A
00905B
00905E
009060
009062
009064
009066
009068
00906B
00906D
00906E
00906F
009070
009071
009072
009074
009076
009078
009079
00907B
00907E
009080
009082
009085
009087
009089
00908B
00908E
009090
009093
009095
009098
00909A
00909C
0090AB
0090AD
0090AF
0090B2
0090B4
0090B7
0090B9
0090BB
0090BE
0090C1
0090C4
0090C7
0090C8
0090C9
0090CA
0090CB
0090CD
0090D0
00919B
00919D
00919F
0091A1
0091A4
0091A6
0091A9
0091AB
0091AD
0091B0
0091B1
0091B4
0091B6
0091B8
0091BB
0091BD
0091C0
0091C3
0091C6
0091C8
0091CA
0091CC
0091CE
0091D0
0091D3
0091D4
0091D6
0091D8
0091DB
0091DD
0091DF
0091E0
0091E1
0091E3
0091E4
0091E6
0091E9
0091EC
0091EF
0091F2
0091F5
0091F7
0091FA
0091FD
0091FE
009200
009202
009204
009206
009207
009208
009209
00920A
00920B
00920D
00920F
009212
009215
009216
009219
00921B
00921E
009221
009224
009226
009229
00922B
00922E
00922F
009232
009235
009238
00923A
00923D
009240
009241
009243
009245
009248
009250
009252
009255
009258
009259
00925B
00925D
009260
009263
009265
009268
00926A
00926D
009270
009271
009272
009274
009276
009283
009286
009289
00928A
00928C
00928E
009291
009294
009296
009299
00929A
00929B
00929E
0092A0
0092A2
0092A5
0092A7
0092A8
0092AB
0092AD
0092B0
0092B2
0092B4
0092B7
0092BA
0092BD
0092C0
0092C3
0092C6
0092C8
0092CB
0092CE
0092D1
0092D4
0092D7
0092DA
0092DB
0092DD
0092DF
0092E2
0092E5
0092E8
0092EA
0092ED
0092EF
0092F2
0092F5
0092F8
0092FB
0092FE
009301
009304
009305
009306
009309
00930A
00930B
00930C
00930D
00930E
009310
009312
009322
009325
00937D
009380
009383
009385
009388
009391
009394
009397
00939A
00939C
00939E
0093A1
0093A4
0093A6
0093A9
0093AC
0093AF
0093B1
0093B4
0093B5
0093B6
0093B7
0093B8
0093B9
0093BB
0093BD
0093C0
0093C2
0093C5
0093C7
0093CA
0093CC
0093CF
0093D1
0093D4
0093D7
0093DA
0093DD
0093E0
0093E3
0093E6
0093E8
0093EA
0093EC
0093EF
0093F1
0093F4
0093F7
0093F9
0093FC
0093FD
009400
009402
009405
009408
00940B
00940E
00940F
009412
009414
009417
00941A
00941B
00941E
009421
009423
009425
009428
00942B
00942E
009431
009433
009436
009439
00943A
00943C
00943E
009440
009443
009446
009448
00944A
00944C
00944E
009468
00946B
00946E
009471
009474
009476
009479
00947B
00947E
009481
009484
009487
00948A
00948D
00948F
009492
009494
009496
009499
00949B
00949D
0094A0
0094A3
0094A7
0094AA
0094AD
0094B0
0094B2
0094B4
0094B7
0094BA
0094BC
0094BF
0094C1
0094C3
0094C6
0094C8
0094CB
0094CD
0094D0
0094D2
0094D4
0094D7
0094DA
0094DD
0094E0
0094E2
0094E4
0094E5
0094E7
0094E9
0094EB
0094EE
0094F0
0094F2
0094F6
0094F8
0094FA
0094FD
009501
009504
009506
009508
00950A
00950C
00950E
009529
00952D
00952F
009531
009532
009534
009535
009537
009539
00953B
00953D
00953F
009543
009545
009546
009548
009549
00954B
00954D
00954F
009551
009554
009557
00955B
00955E
009560
009564
009566
009569
00956B
00956E
009571
009574
009576
009579
00957B
00957D
00957E
009580
009582
009583
009586
009588
00958A
00958D
009590
009592
009595
009598
00959B
00959E
0095A1
0095A4
0095A8
0095AB
0095AF
0095B3
0095B5
0095B9
0095BC
0095C0
0095C1
0095C4
0095C7
0095CA
0095CE
0095D2
0095D5
0095D7
0095D9
0095DB
0095DE
0095E0
0095E2
0095E4
0095E6
0095E9
0095EC
0095EF
0095F3
0095F6
0095FA
0095FD
0095FF
009601
009603
009606
009609
00960C
00960F
009610
009612
009615
009618
00961B
00961E
009620
009622
009625
009627
009629
00962C
00962F
009632
009636
00963A
00963D
009640
009643
009646
009649
00964B
00964E
009650
009653
009655
009658
00965B
00965E
009660
009663
009666
009669
00966C
00966F
009672
009673
009675
009678
00967A
00967C
00967F
009683
009686
009688
00968A
00968D
00968E
009691
009694
009696
009699
00969C
00969F
0096A1
0096A4
0096A6
0096A8
0096AB
0096AE
0096B1
0096B4
0096B6
0096B8
0096BB
0096BC
0096BE
0096C1
0096C3
0096C6
0096C8
0096CB
0096CD
0096CF
0096D2
0096D5
0096D8
0096DB
0096DE
0096E0
0096E3
0096E5
0096E9
0096EC
0096EF
0096F1
0096F4
0096F8
0096FA
0096FC
0096FF
009700
009702
009705
009708
00970A
00970C
00970F
009712
009716
00971A
00971D
00971F
009721
009723
009725
009728
00972B
00972D
00972F
009732
009734
009736
009738
00973B
00973D
009740
009743
009746
009749
00974C
00974F
009750
009753
009756
009759
00975D
009760
009762
009765
009767
00976A
00976C
00976F
009772
009775
009777
009779
00977C
00977F
009782
009783
009785
009788
00978B
00978C
00978E
009791
009792
009794
009796
009798
00979B
00979D
00979F
0097A1
0097A3
0097A4
0097A7
0097A9
0097AA
0097AC
0097AE
0097B1
0097B2
0097B3
0097B4
0097B6
0097B7
0097B9
0097BC
0097BE
0097C1
0097C4
0097C7
0097C9
0097CB
0097CD
0097D0
0097D3
0097D5
0097D8
0097DC
0097DF
0097E1
0097E4
0097E7
0097E9
0097EB
0097ED
0097EF
0097F1
0097F3
0097F6
0097F8
0097FA
0097FC
0097FF
009801
009804
009807
009809
00980C
00980E
009811
009813
009816
009818
00981A
00981D
009820
009822
009825
009828
00982A
00982D
00982F
009832
009834
009837
009839
00983B
00983D
009840
009843
009845
009848
00984B
00984E
009850
009852
009854
009856
009858
00985A
00985D
009860
009864
009867
00986A
00986C
009870
009874
00987D
009880
009883
009885
009888
00988C
009890
0098A9
0098AC
0098AD
0098AF
0098B1
0098B2
0098B3
0098B5
0098B6
0098B8
0098BA
0098BD
0098C0
0098C3
0098C6
0098C9
0098CD
0098D0
0098D2
0098D5
0098D8
0098DB
0098DD
0098E0
0098E1
0098E3
0098E6
0098E8
0098EA
0098ED
0098EF
0098F1
0098F4
0098F6
0098F9
0098FC
0098FF
009901
009904
009906
009909
00990C
00990E
009911
009912
009914
009916
009918
00991B
00991E
00991F
009920
009922
009924
009925
009927
009929
00992C
00992E
009930
009933
009935
009938
00993B
00993D
009940
009942
009944
009947
00994B
00994E
00994F
009951
009953
009955
009958
00995B
00995D
009960
009963
009964
009965
009968
00996B
00996D
009970
009973
009975
009978
00997A
00997D
009980
009984
009985
009986
009989
00998A
00998E
00998F
009990
009992
009993
009997
00999A
00999E
0099A2
0099A6
0099A9
0099AC
0099B0
0099B1
0099B5
0099B8
0099BC
0099BD
0099C1
0099C4
0099C8
0099C9
0099CD
0099CE
0099D2
0099D3
0099D7
0099DA
0099DE
0099DF
0099E3
0099E6
0099EA
0099EB
0099EF
0099F0
0099F1
0099F2
0099F3
0099F4
0099F6
0099F7
0099F8
0099FB
0099FC
0099FF
009A02
009A04
009A07
009A0A
009A0E
009A10
009A13
009A15
009A17
009A19
009A1C
009A1F
009A21
009A23
009A27
009A2B
009A2F
009A33
009A34
009A35
009A37
009A39
009A3B
009A3D
009A3F
009A41
009A45
009A49
009A4A
009A4B
009A4D
009A52
009A55
009A56
009A58
009A5C
009A60
009A63
009A65
009A67
009A6A
009A6E
009A6F
009A73
009A74
009A77
009A78
009A7B
009A7C
009A7E
009A80
009A82
009A86
009A87
009A8A
009A8B
009A8E
009A91
009A94
009A97
009A99
009A9B
009A9E
009AA1
009AA4
009AA8
009AAA
009AAD
009AAF
009AB1
009AB3
009AB5
009AB7
009AB9
009ABB
009ABD
009AC0
009AC2
009AC5
009ACB
009ACC
009ACF
009AD0
009AD3
009AD6
009AD9
009ADB
009ADD
009ADF
009AE1
009AE3
009AE5
009AE8
009AEA
009AEB
009AEC
009AEE
009AF0
009AF1
009AF2
009AF3
009AF5
009AF7
009AF9
009AFB
009AFE
009B01
009B02
009B03
009B04
009B05
009B08
009B0A
009B0C
009B0D
009B0F
009B11
009B13
009B16
009B1A
009B1C
009B1F
009B21
009B24
009B26
009B28
009B2A
009B2C
009B2F
009B32
009B35
009B38
009B3A
009B3D
009B3F
009B41
009B43
009B46
009B48
009B49
009B4C
009B4D
009B50
009B52
009B53
009B56
009B58
009B5C
009B60
009B61
009B62
009B64
009B66
009B67
009B68
009B6A
009B6D
009B70
009B73
009B76
009B79
009B7B
009B7D
009B80
009B81
009B82
009B83
009B86
009B87
009B88
009B89
009B91
009B93
009B96
009B99
009B9A
009B9C
009B9F
009BA0
009BA2
009BA8
009BA9
009BAA
009BAB
009BAE
009BAF
009BB0
009BB2
009BB5
009BB6
009BB8
009BBB
009BBD
009BC0
009BC4
009BC8
009BC9
009BCA
009BCB
009BCC
009BCF
009BD2
009BD3
009BD6
009BD8
009BD9
009BDC
009BDE
009BE1
009BE5
009BE6
009BE8
009BEA
009BEC
009BEE
009BEF
009BF0
009BF3
009BF5
009BF7
009BFA
009BFB
009BFD
009C01
009C04
009C06
009C07
009C0A
009C0B
009C0D
009C0F
009C11
009C12
009C13
009C16
009C19
009C1B
009C1E
009C64
009C67
009C6A
009C6C
009C6F
009C72
009C75
009C77
009C7A
009C7D
009C7E
009C7F
009C82
009C85
009C87
009C89
009C8B
009C8E
009C8F
009C91
009C93
009C96
009C98
009C9A
009C9C
009C9F
009CA3
009CA5
009CA8
009CAA
009CAD
009CB0
009CB2
009CB5
009CB8
009CBB
009CBE
009CC0
009CC2
009CC4
009CC6
009CC8
009CCA
009CD1
009CD3
009CD6
009CD8
009CDB
009CDD
009CE0
009CE3
009CE5
009CE7
009CEA
009CEC
009CEF
009CF2
009CF5
009CF7
009CF8
009CFB
009CFD
009CFF
009D03
009D04
009D05
009D09
009D0A
009D0B
009D0C
009D0E
009D10
009D11
009D14
009D18
009D1B
009D1C
009D1D
009D20
009D22
009D24
009D26
009D29
009D2B
009D2D
009D30
009D33
009D35
009D37
009D38
009D3A
009D3C
009D3E
009D41
009D45
009D46
009D47
009D4B
009D4C
009D4D
009D4E
009D51
009D53
009D55
009D57
009D59
009D5B
009D5D
009D5F
009D61
009D64
009D66
009D6A
009D6C
009D6E
009D70
009D72
009D74
009D76
009D79
009D7A
009D7C
009D80
009D81
009D83
009D85
009D86
009D8A
009D8C
009D90
009D94
009D96
009D98
009D9B
009D9F
009DA0
009DA1
009DA2
009DA4
009DA6
009DA8
009DAA
009DAB
009DAD
009DAF
009DB1
009DB2
009DB4
009DB5
009DB8
009DB9
009DBC
009DBE
009DBF
009DC0
009DC3
009DC4
009DC5
009DC6
009DCA
009DCC
009DCE
009DD1
009DD5
009DD6
009DD8
009DDA
009DDC
009DDE
009DDF
009DE0
009DE2
009DE4
009DE5
009DE6
009DE8
009DEB
009DED
009DF0
009DF2
009DF3
009DF4
009DF5
009DF7
009DF9
009DFA
009DFC
009DFE
009E00
009E02
009E05
009E08
009E0A
009E0D
009E10
009E13
009E17
009E19
009E1C
009E1E
009E21
009E24
009E26
009E29
009E2A
009E2C
009E2F
009E32
009E35
009E37
009E3A
009E3D
009E3F
009E42
009E45
009E48
009E4B
009E4E
009E51
009E54
009E56
009E59
009E5C
009E5F
009E62
009E65
009E67
009E82
009E85
009E88
009E89
009E8C
009E8E
009E90
009E92
009E94
009E96
009E9A
009E9B
009E9D
009EA0
009EA2
009EA4
009EA7
009EA8
009EAC
009EAD
009EAE
009EB1
009EB2
009EB5
009EB9
009EBC
009EBE
009EC0
009EC3
009EC7
009EC8
009EC9
009ECA
009ECB
009ECC
009ECD
009ECE
009ED0
009ED2
009ED4
009ED5
009ED9
009EDB
009EDF
009F06
009F08
009F0B
009F0C
009F0E
009F10
009F13
009F16
009F19
009F1A
009F1B
009F1D
009F1F
009F22
009F25
009F26
009F28
009F29
009F2B
009F2E
009F37
009F3A
009F3C
009F3F
009F42
009F45
009F46
009F49
009F4C
009F4F
009F50
009F53
009F56
009F59
009F5B
009F5E
009F61
009F63
009F66
009F68
009F6B
009F6E
009F6F
009F72
009F74
009F77
009F7A
009F7C
009F7F
009F81
009F83
009F86
009FB8
009FBB
009FBC
009FBD
009FC0
009FC2
009FC5
009FC7
009FC8
009FC9
009FCB
009FCC
009FCF
009FD1
009FD4
009FD5
009FD6
009FD9
009FDB
009FDC
009FDE
009FE0
009FE2
009FE4
009FE8
009FEA
009FEB
009FED
009FEF
009FF2
009FF4
009FF6
009FF8
009FFA
009FFC
009FFE
009FFF
00A001
00A003
00A005
00A007
00A009
00A00C
00A00F
00A010
00A012
00A015
00A017
00A019
00A01B
00A01D
00A01F
00A022
00A024
00A025
00A026
00A028
00A02A
00A02B
00A02C
00A02E
00A02F
00A033
00A035
00A039
00A03B
00A03F
00A041
00A044
00A045
00A047
00A04A
00A04D
00A050
00A054
00A055
00A056
00A057
00A059
00A05A
00A05B
00A05E
00A05F
00A062
00A064
00A066
00A068
00A06A
00A087
00A08A
00A08D
00A08F
00A093
00A096
00A099
00A09B
00A09D
00A0A0
00A0A3
00A0A5
00A0A8
00A0AA
00A0AD
00A0B0
00A0B3
00A0B6
00A0B9
00A0BC
00A0BF
00A0C2
00A0C4
00A0C7
00A0CA
00A0CC
00A0CF
00A0D2
00A0D5
00A0D8
00A0DA
00A0DD
00A0E0
00A0E3
00A0E6
00A0E8
00A0EA
00A0EC
00A0EE
00A0F1
00A0F3
00A0F6
00A0F9
00A0FB
00A0FE
00A101
00A105
00A107
00A10A
00A10D
00A10F
00A111
00A113
00A115
00A117
00A119
00A11B
00A11D
00A120
00A123
00A126
00A12A
00A12D
00A130
00A131
00A132
00A134
00A137
00A139
00A13B
00A13E
00A140
00A142
00A144
00A147
00A149
00A14D
00A150
00A153
00A155
00A157
00A15A
00A15E
00A161
00A165
00A169
00A16B
00A16D
00A170
00A173
00A176
00A179
00A17B
00A17E
00A180
00A183
00A185
00A188
00A18B
00A18C
00A18D
00A18F
00A192
00A195
00A197
00A19A
00A19D
00A1A0
00A1A1
00A1A3
00A1A5
00A1A6
00A1A8
00A1AA
00A1AD
00A1AF
00A1B0
00A1B2
00A1B5
00A1B8
00A1B9
00A1BB
00A1BD
00A1BE
00A1C1
00A1C3
00A1C7
00A1CB
00A1DA
00A1DD
00A1DF
00A1E3
00A1E4
00A1E7
00A1E9
00A1EC
00A1EE
00A1F0
00A1F2
00A1F5
00A1F7
00A1F9
00A1FC
00A1FE
00A200
00A202
00A205
00A207
00A209
00A20B
00A20D
00A20F
00A211
00A214
00A216
00A219
00A21B
00A21D
00A21F
00A221
00A224
00A226
00A228
00A22A
00A22C
00A22E
00A231
00A233
00A236
00A238
00A23B
00A23D
00A23F
00A242
00A245
00A247
00A25B
00A25D
00A25F
00A261
00A264
00A267
00A269
00A26C
00A270
00A272
00A27E
00A281
00A284
00A286
00A289
00A28A
00A28D
00A28F
00A292
00A295
00A299
00A29D
00A2A1
00A2A5
00A2A9
00A2AB
00A2AC
00A2AE
00A2AF
00A2B2
00A2B5
00A2B8
00A2BA
00A2BD
00A2BF
00A2C0
00A2C3
00A2C6
00A2C7
00A2C9
00A2CB
00A2CE
00A2D1
00A2D3
00A2D5
00A2D8
00A2DC
00A2DF
00A2E2
00A2E6
00A2EA
00A2EB
00A2ED
00A2EE
00A2F0
00A2F3
00A2F5
00A2F7
00A2F9
00A2FB
00A2FD
00A2FF
00A300
00A302
00A304
00A307
00A309
00A30B
00A30E
00A311
00A314
00A317
00A31A
00A31C
00A31F
00A322
00A325
00A328
00A32A
00A32D
00A330
00A333
00A336
00A339
00A33C
00A33F
00A341
00A344
00A347
00A34A
00A34D
00A350
00A353
00A355
00A358
00A35B
00A35E
00A361
00A363
00A366
00A367
00A368
00A36B
00A36D
00A370
00A373
00A375
00A378
00A37B
00A37E
00A381
00A383
00A386
00A387
00A388
00A38B
00A38D
00A38F
00A390
00A392
00A394
00A397
00A39A
00A39D
00A39F
00A3A2
00A3A4
00A3A7
00A3A9
00A3AC
00A3AF
00A3B2
00A3B5
00A3B8
00A3BB
00A3BE
00A3C0
00A3C3
00A3C6
00A3C9
00A3CC
00A3CF
00A3D2
00A3D5
00A3D7
00A3DA
00A3DD
00A3DF
00A3E2
00A3E5
00A3E8
00A3EB
00A3EE
00A3F0
00A3F3
00A3F6
00A3F9
00A3FC
00A3FF
00A402
00A405
00A408
00A409
00A40C
00A40F
00A412
00A415
00A418
00A41A
00A41C
00A41E
00A421
00A423
00A425
00A426
00A428
00A429
00A42C
00A42F
00A432
00A435
00A436
00A439
00A43B
00A43E
00A440
00A442
00A445
00A448
00A44B
00A44E
00A451
00A454
00A457
00A459
00A45C
00A45F
00A462
00A464
00A467
00A46A
00A46D
00A470
00A473
00A476
00A479
00A47C
00A47E
00A488
00A48B
00A48E
00A490
00A492
00A494
00A496
00A499
00A49A
00A49D
00A49F
00A4A0
00A4A2
00A4A4
00A4A7
00A4AA
00A4AC
00A4AF
00A4B0
00A4B2
00A4B5
00A4B7
00A4BA
00A4BD
00A4BE
00A4BF
00A4C2
00A4C3
00A4C5
00A4C6
00A4C8
00A4CA
00A4CD
00A4CF
00A4D1
00A4D4
00A4D7
00A4D9
00A4DC
00A4DF
00A4E2
00A4E3
00A4E5
00A4E7
00A4EA
00A4ED
00A4F0
00A4F3
00A4F6
00A4F9
00A4FC
00A4FF
00A502
00A505
00A507
00A50A
00A50C
00A50F
00A511
00A513
00A515
00A518
00A51A
00A51C
00A51E
00A529
00A52B
00A52E
00A531
00A533
00A534
00A537
00A53A
00A53C
00A53F
00A542
00A543
00A545
00A548
00A549
00A54A
00A54B
00A54E
00A550
00A552
00A555
00A558
00A559
00A55C
00A55F
00A561
00A564
00A566
00A569
00A56C
00A56E
00A56F
00A572
00A575
00A577
00A57A
00A57D
00A57E
00A580
00A582
00A585
00A594
00A595
00A596
00A597
00A59A
00A59B
00A59C
00A59F
00A5A2
00A5A5
00A5A8
00A5AB
00A5AF
00A5B2
00A5B4
00A5B7
00A5B9
00A5BC
00A5BF
00A5C3
00A5C6
00A5C9
00A5CC
00A5CF
00A5D2
00A5D5
00A5D8
00A5DA
00A5DB
00A5DE
00A5E1
00A5E4
00A5E7
00A5E8
00A5EB
00A5EE
00A5F0
00A5F3
00A5F6
00A5F9
00A5FB
00A5FD
00A601
00A604
00A606
00A608
00A60A
00A60C
00A635
00A638
00A63B
00A63E
00A640
00A643
00A645
00A648
00A64A
00A64D
00A64F
00A651
00A654
00A657
00A65A
00A65D
00A660
00A663
00A666
00A669
00A66C
00A66F
00A671
00A674
00A676
00A678
00A679
00A67B
00A67D
00A680
00A681
00A683
00A686
00A689
00A68C
00A68F
00A692
00A694
00A697
00A699
00A69B
00A69E
00A69F
00A6A1
00A6A4
00A6A7
00A6AA
00A6AC
00A6AF
00A6B1
00A6B4
00A6B6
00A6B8
00A6BA
00A6BC
00A6BE
00A6C0
00A6C3
00A6C5
00A6C7
00A6C9
00A6CB
00A6CC
00A6CE
00A6D0
00A6D2
00A6D5
00A6D8
00A6DA
00A6DC
00A6DE
00A6E0
00A6E2
00A6E4
00A6E6
00A6E8
00A6EB
00A704
00A707
00A709
00A70B
00A70D
00A70F
00A711
00A713
00A715
00A716
00A718
00A71A
00A71C
00A71E
00A721
00A723
00A726
00A728
00A72A
00A72C
00A72E
00A730
00A732
00A734
00A736
00A739
00A73C
00A73E
00A740
00A741
00A743
00A745
00A746
00A747
00A748
00A74B
00A74E
00A750
00A752
00A754
00A756
00A758
00A75A
00A75C
00A75E
00A760
00A762
00A764
00A766
00A768
00A76A
00A76C
00A76F
00A772
00A774
00A776
00A778
00A779
00A77C
00A77E
00A77F
00A780
00A781
00A783
00A785
00A786
00A789
00A78B
00A78D
00A78E
00A791
00A793
00A795
00A796
00A798
00A79B
00A79D
00A79E
00A7A0
00A7A2
00A7A3
00A7A5
00A7A7
00A7A9
00A7AA
00A7AB
00A7AD
00A7AE
00A7AF
00A7B2
00A7B3
00A7B4
00A7B6
00A7B9
00A7BC
00A7BF
00A7C1
00A7C2
00A7C4
00A7C6
00A7C9
00A7CC
00A7CF
00A7D2
00A7D5
00A7D8
00A7DB
00A7DD
00A7E0
00A7E3
00A7E6
00A7E8
00A7EB
00A7EE
00A7F1
00A7F4
00A7F7
00A7FA
00A7FD
00A800
00A803
00A806
00A809
00A80C
00A80F
00A812
00A815
00A818
00A81B
00A81E
00A821
00A824
00A827
00A82A
00A82C
00A82D
00A82F
00A833
00A836
00A838
00A83A
00A83C
00A83D
00A840
00A842
00A845
00A848
00A84A
00A84E
00A84F
00A850
00A852
00A854
00A855
00A857
00A85A
00A85C
00A85F
00A863
00A864
00A865
00A867
00A868
00A86A
00A86D
00A86F
00A871
00A873
00A877
00A879
00A87C
00A87E
00A881
00A883
00A886
00A889
00A88B
00A88E
00A88F
00A890
00A892
00A894
00A895
00A897
00A89A
00A89C
00A89F
00A8A2
00A8A3
00A8A4
00A8A6
00A8A7
00A8A9
00A8AC
00A8AE
00A8B1
00A8B3
00A8B6
00A8B8
00A8BA
00A8BC
00A8BF
00A8C2
00A993
00A996
00A998
00A99B
00A99D
00A99F
00A9A1
00A9A3
00A9A5
00A9A6
00A9AA
00A9AC
00A9AF
00A9B2
00A9B4
00A9B7
00A9B8
00A9B9
00A9BA
00A9BC
00A9BE
00A9C0
00A9C2
00A9C4
00A9C7
00A9C9
00A9CC
00A9CE
00A9D1
00A9DA
00A9DC
00A9DF
00A9E1
00A9E4
00A9E5
00A9E6
00A9E7
00A9EA
00A9EC
00A9ED
00A9EE
00A9F0
00A9F2
00A9F4
00A9F6
00A9F9
00A9FC
00A9FF
00AA01
00AA04
00AA06
00AA08
00AA0B
00AA0D
00AA0F
00AA11
00AA13
00AA16
00AA17
00AA19
00AA1C
00AA1E
00AA20
00AA22
00AA25
00AA26
00AA27
00AA28
00AA2B
00AA2D
00AA2E
00AA2F
00AA31
00AA33
00AA35
00AA37
00AA3A
00AA3D
00AA40
00AA42
00AA45
00AA47
00AA49
00AA4C
00AA4E
00AA50
00AA52
00AA54
00AA57
00AA58
00AA5A
00AA5B
00AA5D
00AA60
00AA62
00AA64
00AA67
00AA68
00AA6A
00AA6B
00AA6F
00AA71
00AA73
00AA76
00AA78
00AA7A
00AA7E
00AA80
00AA82
00AA85
00AA88
00AA8A
00AA8C
00AA8E
00AA90
00AA92
00AA94
00AA96
00AA99
00AA9B
00AA9E
00AAA0
00AAA2
00AAA4
00AAA6
00AAA9
00AAAC
00AAAE
00AAB1
00AAB3
00AAB5
00AAB7
00AABA
00AABC
00AABE
00AAC0
00AAC2
00AAC4
00AAC6
00AAC8
00AACB
00AACD
00AACF
00AAD1
00AAD4
00AAD5
00AAD7
00AADA
00AADC
00AADE
00AADF
00AAE1
00AAE3
00AAE5
00AAE8
00AAEA
00AAEC
00AAED
00AAF0
00AAF2
00AAF4
00AAF7
00AAF9
00AAFA
00AAFC
00AAFD
00AAFF
00AB01
00AB02
00AB05
00AB07
00AB09
00AB0B
00AB0D
00AB0F
00AB11
00AB14
00AB15
00AB17
00AB1A
00AB1C
00AB1E
00AB1F
00AB21
00AB23
00AB25
00AB28
00AB2A
00AB2C
00AB2D
00AB30
00AB32
00AB34
00AB37
00AB39
00AB3A
00AB3C
00AB3D
00AB3F
00AB41
00AB42
00AB44
00AB48
00AB4A
00AB4D
00AB50
00AB52
00AB54
00AB57
00AB59
00AB5C
00AB5F
00AB61
00AB64
00AB66
00AB68
00AB6A
00AB6C
00AB6E
00AB6F
00AB71
00AB73
00AB75
00AB77
00AB79
00AB7C
00AB7F
00AB81
00AB84
00AB87
00AB89
00AB8C
00AB8E
00AB90
00AB92
00AB93
00AB95
00AB97
00AB99
00AB9B
00AB9D
00AB9F
00ABA1
00ABA4
00ABA7
00ABA9
00ABAC
00ABAF
00ABB1
00ABB4
00ABB5
00ABB6
00ABB8
00ABBB
00ABBE
00ABBF
00ABC1
00ABC3
00ABC4
00ABC6
00ABC8
00ABCA
00ABCC
00ABCE
00ABD0
00ABD2
00ABED
00ABEF
00ABF2
00ABF4
00ABF7
00ABFA
00ABFD
00ABFF
00AC02
00AC05
00AC08
00AC0A
00AC0D
00AC0F
00AC12
00AC14
00AC17
00AC19
00AC1C
00AC1F
00AC21
00AC24
00AC26
00AC29
00AC2B
00AC2E
00AC30
00AC33
00AC36
00AC39
00AC3A
00AC3B
00AC3E
00AC41
00AC44
00AC46
00AC49
00AC4C
00AC4D
00AC50
00AC53
00AC54
00AC56
00AC58
00AC5B
00AC5D
00AC60
00AC62
00AC65
00AC67
00AC6A
00AC6D
00AC6F
00AC72
00AC75
00AC76
00AC79
00AC7C
00AC7D
00AC7F
00AC81
00AC84
00AC86
00AC89
00AC8B
00AC8E
00AC90
00AC93
00AC96
00AC98
00AC9B
00AC9E
00AC9F
00ACA2
00ACA5
00ACA6
00ACA8
00ACAA
00ACAD
00ACAF
00ACB2
00ACB4
00ACB7
00ACB9
00ACBC
00ACBF
00ACC1
00ACC4
00ACC6
00ACC9
00ACCB
00ACCE
00ACD0
00ACD3
00ACD6
00ACD8
00ACDB
00ACDD
00ACE0
00ACE2
00ACE5
00ACE7
00ACEA
00ACEC
00ACED
00ACF0
00ACF2
00ACF5
00ACF6
00ACF7
00ACFA
00ACFB
00ACFC
00ACFE
00ACFF
00AD01
00AD03
00AD05
00AD08
00AD0A
00AD0C
00AD0D
00AD0E
00AD0F
00AD11
00AD13
00AD14
00AD17
00AD19
00AD1B
00AD1D
00AD25
00AD27
00AD2A
00AD2D
00AD2F
00AD32
00AD34
00AD37
00AD3A
00AD3B
00AD3C
00AD3F
00AD42
00AD43
00AD44
00AD47
00AD48
00AD4A
00AD4C
00AD4F
00AD51
00AD54
00AD56
00AD59
00AD5B
00AD5E
00AD61
00AD63
00AD66
00AD68
00AD6B
00AD6D
00AD70
00AD72
00AD75
00AD78
00AD7A
00AD7D
00AD7F
00AD82
00AD84
00AD87
00AD89
00AD8C
00AD8F
00AD91
00AD94
00AD96
00AD99
00AD9B
00AD9E
00ADA0
00ADA3
00ADA5
00ADA6
00ADA8
00ADAB
00ADAD
00ADB0
00ADB2
00ADB5
00ADB7
00ADBA
00ADBC
00ADBF
00ADC2
00ADC4
00ADC7
00ADC9
00ADCC
00ADCE
00ADD1
00ADD3
00ADD6
00ADD8
00ADD9
00ADDC
00ADDE
00ADE1
00ADE4
00ADE7
00ADE9
00ADEC
00ADEE
00ADF1
00ADF3
00ADF6
00ADF8
00ADFB
00ADFE
00AE00
00AE03
00AE05
00AE08
00AE0A
00AE0D
00AE0F
00AE12
00AE14
00AE15
00AE17
00AE1A
00AE1C
00AE1F
00AE22
00AE24
00AE27
00AE2A
00AE2D
00AE2F
00AE32
00AE34
00AE37
00AE39
00AE3B
00AE3E
00AE40
00AE47
00AE49
00AE4B
00AE4E
00AE51
00AE52
00AE54
00AE55
00AE57
00AE59
00AE5B
00AE5E
00AE61
00AE62
00AE64
00AF17
00AF1A
00AF1C
00AF1D
00AF1F
00AF20
00AF22
00AF25
00AF27
00AF29
00AF2B
00AF2D
00AF2F
00AF31
00AF35
00AF37
00AF39
00AF3B
00AF3E
00AF40
00AF42
00AF45
00AF48
00AF4B
00AF4E
00AF51
00AF53
00AF56
00AF58
00AF5B
00AF5E
00AF60
00AF63
00AF64
00AF65
00AF67
00AF69
00AF6A
00AF6B
00AF6E
00AF6F
00AF71
00AF74
00AF77
00AF79
00AF7C
00AF7F
00AF81
00AF84
00AF85
00AF86
00AF88
00AF8B
00AF8D
00AF90
00AF93
00AF95
00AF98
00AF9A
00AF9D
00AF9F
00AFA2
00AFA3
00AFA4
00AFA5
00AFA6
00AFA9
00AFAA
00AFAB
00AFAC
00AFAD
00AFAE
00AFB0
00AFB3
00AFB5
00AFB6
00AFB9
00AFBA
00AFBD
00AFBF
00AFC0
00AFC2
00AFC5
00AFC6
00AFC7
00AFC9
00AFCB
00AFCE
00AFCF
00AFD0
00AFD1
00AFD3
00AFD5
00AFD8
00AFDA
00AFDC
00AFDF
00AFE0
00AFE3
00AFE5
00AFE6
00AFE9
00AFEA
00AFEC
00AFEE
00AFF1
00AFF4
00AFF6
00AFF9
00AFFA
00AFFC
00AFFF
00B001
00B002
00B003
00B005
00B006
00B007
00B008
00B009
00B00C
00B00F
00B012
00B015
00B017
00B01A
00B01B
00B01E
00B01F
00B021
00B024
00B027
00B028
00B02A
00B02D
00B02E
00B02F
00B030
00B032
00B033
00B034
00B037
00B038
00B03A
00B03C
00B03D
00B03E
00B041
00B044
00B046
00B048
00B04A
00B04C
00B04E
00B051
00B053
00B056
00B058
00B05B
00B05C
00B05D
00B05F
00B062
00B065
00B068
00B06B
00B06D
00B070
00B072
00B075
00B078
00B07A
00B07D
00B07E
00B07F
00B081
00B083
00B084
00B085
00B088
00B089
00B08B
00B08D
00B090
00B888
00B88A
00B88D
00B88F
00B891
00B893
00B896
00B898
00B89A
00B89C
00B89F
00B8A1
00B8A3
00B8A5
00B8A8
00B8AA
00B8AD
00B8B0
00B8B4
00B8B7
00B8B9
00B8BA
00B8BC
00B8BE
00B8BF
00B8C1
00B8C4
00B8C5
00B8C9
00B8CB
00B8CC
00B8CE
00B8D0
00B8D2
00B8D3
00B8D5
00B8D7
00B8DA
00B8DC
00B8DE
00B8E0
00B8E3
00B8E6
00B8E8
00B8EA
00B8EC
00B8ED
00B8EF
00B8F1
00B8F3
00B8F5
00B8F6
00B8F8
00B8FA
00B8FD
00B8FF
00B901
00B902
00B903
00B904
00B906
00B907
00B909
00B90B
00B90C
00B90F
00B911
00B912
00B914
00B916
00B917
00B919
00B91B
00B91C
00B91E
00B91F
00B921
00B924
00B926
00B928
00B929
00B92A
00B92B
00B92D
00B930
00B933
00B935
00B936
00B938
00B939
00B93B
00B93D
00B93F
00B942
00B944
00B946
00B947
00B948
00B94A
00B94C
00B94F
00B950
00B953
00B955
00B956
00B958
00B959
00B95A
00B95C
00B95D
00B95F
00B960
00B961
00B963
00B966
00B969
00B96A
00B96D
00B96E
00B96F
00B970
00B972
00B973
00B974
00B976
00B977
00B978
00B97A
00B97C
00B97E
00B980
00B983
00B985
00B987
00B988
00B98A
00B98D
00B98F
00B991
00BA28
00BA29
00BA2A
00BA2B
00BA2C
00BA2F
00BA31
00BA34
00BA36
00BA39
00BA3B
00BA3D
00BA3F
00BA41
00BA43
00BA45
00BA47
00BA4A
00BA4B
00BA4C
00BEB0
00BEB1
00BEB3
00BEB4
00BEB6
00BEB9
00BEBE
00BEC0
00BEC2
00BEC4
00BEC6
00BEC9
00BECB
00BECD
00BECF
00BED2
00BED6
00BED8
00BEDA
00BEDC
00BEDE
00BEE0
00BEE2
00BEE4
00BEE6
00BEE8
00BEEA
00BEEC
00BEEF
00BEF1
00BEF4
00BEF5
00BEF6
00BEFA
00BEFC
00BF00
00BF02
00BF04
00BF07
00BF08
00BF09
00BF0B
00BF0D
00BF0E
00BF10
00BF12
00BF14
00BF16
00BF18
00BF19
00BF1A
00BF1C
00BF1D
00BF1F
00BF21
00BF23
00BF24
00BF26
00BF28
00BF2A
00BF2C
00BF2E
00BF2F
00BF31
00BF33
00BF35
00BF37
00BF39
00BF3A
00BF3C
00BF3E
00BF41
00BF43
00BF44
00BF46
00BF47
00BF48
00BF49
00BF4B
00BF4D
00BF50
00BF57
00BF59
00BF5B
00BF5C
00BF5D
00BF5E
00BF60
00BF61
00BF63
00BF65
00BF67
00BF69
00BF6B
00BF6C
00BF6D
00BF6E
00BF70
00BF72
00BF74
00BF76
00BF78
00BF7A
00BF7C
00BF7F
00BF81
00BF83
00BF84
00BF87
00BF88
00BF8A
00BF8D
00BF9B
00BF9D
00BF9F
00BFA0
00BFA3
00BFA4
00BFA7
00BFB2
00BFB4
00BFB6
00BFB9
00BFBA
00BFBB
00BFBC
00BFBE
00BFC0
00BFC1
00BFC2
00BFC5
00C00D
00C00F
00C011
00C014
00C015
00C016
00C017
00C018
00C019
00C01A
00C01C
00C01E
00C021
00C022
00C023
00C024
00C025
00C026
00C027
00C028
00C02A
00C02C
00C02E
00C031
00C033
00C035
00C038
00C03A
00C03D
00C040
00C041
00C042
00C046
00C047
00C049
00C04B
00C04C
00C04E
00C051
00C052
00C053
00C054
00C055
00C056
00C058
00C05B
00C05F
00C062
00C074
00C077
00C079
00C07B
00C07E
00C080
00C082
00C083
00C084
00C085
00C086
00C089
00C08B
00C08C
00C08E
00C091
00C092
00C094
00C096
00C098
00C09A
00C09E
00C0A0
00C0A2
00C0A5
00C0A6
00C0A7
00C0C1
00C0C4
00C0C6
00C0C8
00C0CB
00C0CD
00C0CF
00C0D0
00C0D1
00C0D2
00C0D3
00C0D6
00C0D8
00C0D9
00C0DB
00C0DC
00C0DF
00C0E2
00C0E3
00C0E5
00C0E7
00C0E9
00C0EB
00C0EF
00C0F1
00C0F3
00C0F6
00C0F9
00C0FA
00C0FB
00C0FD
00C0FF
00C102
00C106
00C108
00C10B
00C10D
00C10F
00C112
00C114
00C116
00C118
00C11A
00C11B
00C11E
00C120
00C122
00C124
00C127
00C129
00C12C
00C12E
00C130
00C132
00C134
00C135
00C138
00C13A
00C13C
00C13E
00C142
00C143
00C145
00C147
00C14B
00C14F
00C151
00C155
00C156
00C158
00C15C
00C15E
00C162
00C166
00C168
00C16C
00C170
00C172
00C176
00C178
00C17A
00C17C
00C17F
00C181
00C184
00C186
00C18A
00C18B
00C18C
00C18E
00C192
00C193
00C194
00C196
00C19A
00C19B
00C19C
00C19E
00C1A2
00C1A3
00C1A4
00C1A7
00C1AB
00C1AC
00C1AF
00C1B1
00C1B3
00C1B6
00C1B8
00C1BA
00C1BB
00C1BC
00C1BD
00C1BE
00C1C1
00C1C3
00C1C4
00C1C6
00C1C8
00C1CA
00C1CC
00C1CD
00C1CE
00C1D1
00C1D2
00C1D4
00C1D6
00C1D8
00C1DA
00C1DD
00C1DE
00C1DF
00C1E1
00C1E3
00C1E6
00C1EA
00C1EC
00C1EF
00C1F1
00C1F3
00C1F6
00C1F8
00C1FA
00C1FC
00C1FE
00C1FF
00C202
00C204
00C206
00C208
00C20B
00C20D
00C210
00C212
00C214
00C216
00C218
00C219
00C21C
00C21E
00C220
00C222
00C226
00C227
00C229
00C22B
00C22F
00C233
00C235
00C239
00C23A
00C23E
00C240
00C244
00C248
00C24A
00C24E
00C252
00C254
00C258
00C25A
00C25C
00C25E
00C261
00C263
00C266
00C268
00C26C
00C270
00C271
00C272
00C274
00C278
00C27C
00C27D
00C27E
00C280
00C284
00C288
00C289
00C28A
00C28C
00C290
00C294
00C295
00C296
00C299
00C29D
00C334
00C336
00C338
00C339
00C33B
00C33D
00C33F
00C341
00C343
00C345
00C346
00C348
00C34A
00C34B
00C34C
00C34E
00C34F
00C353
00C355
00C357
00C35B
00C35D
00C361
00C362
00C365
00C367
00C369
00C36D
00C36F
00C373
00C375
00C379
00C37B
00C37F
00C381
00C382
00C384
00C386
00C388
00C38A
00C38C
00C38E
00C38F
00C390
00C393
00C394
00C395
00C397
00C39B
00C39C
00C39F
00C3A2
00C3A4
00C3A6
00C3AA
00C3AB
00C3AC
00C3AD
00C3AE
00C3B0
00C3B2
00C3B3
00C3B4
00C3B7
00C3B8
00C3BB
00C3BD
00C3C0
00C3C4
00C3C8
00C3C9
00C3CC
00C3D0
00C3D1
00C3D3
00C3D5
00C3D8
00C3DA
00C3DC
00C3DD
00C3DE
00C3DF
00C3E0
00C3E3
00C3E5
00C3E6
00C3EA
00C3EB
00C3ED
00C3EF
00C3F1
00C3F2
00C3F4
00C3F6
00C3F8
00C3F9
00C3FA
00C3FD
00C3FE
00C400
00C402
00C404
00C405
00C407
00C409
00C40C
00C40E
00C412
00C414
00C418
00C41A
00C41E
00C420
00C424
00C426
00C429
00C42D
00C42E
00C42F
00C432
00C433
00C435
00C437
00C438
00C43A
00C43C
00C43E
00C440
00C442
00C443
00C445
00C447
00C44B
00C44D
00C44E
00C452
00C47E
00C480
00C483
00C48C
00C48F
00C491
00C494
00C496
00C499
00C49C
00C49F
00C4A1
00C4A2
00C4A4
00C4A7
00C4A8
00C4A9
00C4AB
00C4AE
00C4B0
00C4B2
00C4B5
00C4B7
00C4BA
00C4BC
00C4BD
00C4C0
00C4C3
00C4C5
00C4C7
00C4C9
00C4CB
00C4CE
00C4D0
00C4D2
00C4D4
00C4D6
00C4D9
00C4DB
00C4DD
00C4DF
00C4E2
00C4E3
00C4E5
00C4E6
00C4E8
00C4EA
00C4ED
00C4EE
00C4F0
00C4F1
00C4F3
00C4F5
00C4F8
00C4FB
00C4FD
00C500
00C502
00C504
00C506
00C508
00C50B
00C50D
00C510
00C511
00C513
00C515
00C517
00C519
00C51C
00C51E
00C521
00C523
00C525
00C527
00C52A
00C52C
00C52E
00C530
00C533
00C536
00C539
00C53B
00C53E
00C541
00C543
00C545
00C547
00C54A
00C54C
00C54F
00C551
00C553
00C555
00C557
00C559
00C55C
00C55E
00C561
00C563
00C566
00C567
00C569
00C56C
00C56E
00C570
00C572
00C574
00C576
00C585
00C586
00C588
00C589
00C58A
00C58E
00C58F
00C592
00C593
00C595
00C5B5
00C5B8
00C5BB
00C5BE
00C5C0
00C5C4
00C5C7
00C5C9
00C5CB
00C5CE
00C5D1
00C5D3
00C5D6
00C5D8
00C5DB
00C5DE
00C6E7
00C6EA
00C6ED
00C6F0
00C6F2
00C6F4
00C6F6
00C6F8
00C6FA
00C6FC
00C6FE
00C700
00C702
00C704
00C706
00C708
00C709
00C70B
00C70D
00C70F
00C710
00C712
00C714
00C716
00C718
00C71A
00C71C
00C71E
00C720
00C722
00C725
00C728
00C72A
00C72C
00C72E
00C730
00C732
00C734
00C737
00C739
00C73B
00C73D
00C73F
00C742
00C744
00C745
00C748
00C749
00C74B
00C74D
00C74F
00C751
00C752
00C753
00C756
00C758
00C75B
00C75D
00C75F
00C761
00C764
00C767
00C769
00C76B
00C76E
00C76F
00C771
00C773
00C777
00C778
00C779
00C77B
00C77D
00C77F
00C780
00C782
00C784
00C787
00C789
00C78A
00C78C
00C78E
00C790
00C791
00C793
00C796
00C798
00C79A
00C79D
00C7A0
00C7A2
00C7A4
00C7A7
00C7A9
00C7AA
00C7AC
00C7AE
00C7B1
00C7B4
00C7B6
00C7B7
00C7B9
00C7BB
00C7BE
00C7C0
00C7C1
00C7C3
00C7C5
00C7C8
00C7CA
00C7CC
00C7CE
00C7CF
00C7D1
00C7D3
00C7D6
00C7D8
00C7DA
00C7DD
00C7DF
00C7E1
00C7E4
00C7E7
00C7E9
00C7EA
00C7ED
00C7F0
00C7F3
00C7F6
00C7F8
00C7FD
00C800
00C802
00C804
00C807
00C809
00C80B
00C80D
00C80F
00C810
00C812
00C814
00C816
00C818
00C81A
00C81C
00C81E
00C81F
00C821
00C823
00C827
00C82A
00C82C
00C82F
00C831
00C834
00C836
00C838
00C83A
00C83B
00C83D
00C83E
00C83F
00C842
00C845
00C870
00C873
00C876
00C879
00C87B
00C87D
00C881
00C889
00C88D
00C88F
00C891
00C893
00C896
00C898
00C89B
00C89D
00C89F
00C8A0
00C8A1
00C8A3
00C8A6
00C8A8
00C8AB
00C8AD
00C8AF
00C8B1
00C8B3
00C8B6
00C8B8
00C8BA
00C8BC
00C8BD
00C8BF
00C8C2
00C8C4
00C8C7
00C8CA
00C8CC
00C8CE
00C8D1
00C8D4
00C8D6
00C8D8
00C8DA
00C8DD
00C8DF
00C8E1
00C8E4
00C8E7
00C8EC
00C8EE
00C8F0
00C8F1
00C8F3
00C8F5
00C8F8
00C8FB
00C8FE
00C900
00C903
00C905
00C907
00C90A
00C90C
00C90F
00C911
00C914
00C915
00C918
00C91B
00C91E
00C921
00C923
00C924
00C926
00C929
00C92C
00C92E
00C930
00C935
00C938
00C93A
00C93D
00C940
00C942
00C944
00C948
00C94A
00C94C
00C94E
00C94F
00C951
00C954
00C956
00C959
00C95B
00C95D
00C95F
00C962
00C964
00C967
00C96A
00C96B
00C96E
00C971
00C973
00C976
00C978
00C97A
00C97C
00C97E
00C980
00C982
00C984
00C986
00C988
00C98B
00C98D
00C98F
00C992
00C995
00C998
00C99A
00C99D
00C99E
00C9A1
00C9A4
00C9AF
00C9B2
00C9B5
00C9B7
00C9BA
00C9BC
00C9BE
00C9C1
00C9C2
00C9C5
00C9C7
00C9C9
00C9CC
00C9CF
00C9D1
00C9D4
00C9D5
00C9D7
00C9DF
00C9E1
00C9E4
00C9E6
00C9E8
00C9EB
00C9ED
00C9F0
00C9F3
00C9F6
00C9F8
00C9FB
00C9FE
00CA01
00CA04
00CA06
00CA08
00CA0B
00CA0D
00CA0F
00CA12
00CA14
00CA16
00CA19
00CA1B
00CA1C
00CA1E
00CA20
00CA23
00CA25
00CA28
00CA2B
00CA2D
00CA30
00CA31
00CA33
00CA36
00CA38
00CA3A
00CA3D
00CA3E
00CA40
00CA43
00CA44
00CA47
00CA4A
00CA4D
00CA4F
00CA52
00CA54
00CA56
00CA58
00CA5A
00CA5C
00CA5E
00CA60
00CA61
00CA63
00CA66
00CA68
00CA6A
00CA6C
00CA6D
00CA6E
00CA71
00CA74
00CA76
00CA77
00CA79
00CA7B
00CA7D
00CA7F
00CA81
00CA83
00CA84
00CA86
00CA88
00CA8A
00CA8D
00CA8E
00CA8F
00CA90
00CA91
00CA93
00CA96
00CA98
00CA9B
00CA9D
00CA9F
00CAA2
00CAA5
00CAA8
00CAAA
00CAAD
00CAAE
00CAB1
00CAB2
00CAB3
00CAB4
00CAB5
00CAB7
00CAB9
00CABB
00CABD
00CAC0
00CAC1
00CAC3
00CAC5
00CAC7
00CACA
00CACC
00CACD
00CACF
00CAD1
00CAD3
00CAD6
00CAD9
00CADB
00CADD
00CADF
00CAE1
00CAE4
00CAE5
00CAE7
00CAE9
00CAEB
00CAED
00CAEF
00CAF2
00CAF4
00CAF5
00CAF7
00CAF9
00CAFB
00CAFE
00CAFF
00CB00
00CB01
00CB02
00CB04
00CB06
00CB08
00CB0A
00CB0C
00CB0F
00CB11
00CC14
00CC15
00CC17
00CC1A
00CC1D
00CC20
00CC23
00CC24
00CC25
00CC26
00CC27
00CC28
00CC29
00CC2B
00CC2E
00CC2F
00CC30
00CC32
00CC34
00CC37
00CC3A
00CC3D
00CC3E
00CC3F
00CC40
00CC41
00CC44
00CC46
00CC48
00CC4B
00CC4E
00CC51
00CC52
00CC53
00CC54
00CC55
00CC58
00CC5A
00CC5B
00CC68
00CC6A
00CC6C
00CC6E
00CC70
00CC72
00CC81
00CC84
00CCBB
00CCBE
00CCC0
00CCC3
00CCC6
00CCC8
00CCCA
00CCCD
00CCD0
00CCD3
00CCD5
00CCD8
00CCDA
00CCDC
00CCDF
00CCE0
00CCE3
00CCE5
00CCE6
00CCE8
00CCEB
00CCED
00CCEF
00CCF1
00CCF3
00CCF6
00CCF8
00CCFB
00CCFD
00CCFF
00CD02
00CD04
00CD06
00CD09
00CD0C
00CD0E
00CD11
00CD14
00CD17
00CD1A
00CD1C
00CD1F
00CD22
00CD24
00CD26
00CD28
00CD2A
00CD2C
00CD2E
00CD30
00CD33
00CD36
00CD39
00CD3C
00CD3F
00CD41
00CD44
00CD46
00CD48
00CD4A
00CD4C
00CD4E
00CD51
00CD54
00CD56
00CD58
00CD5A
00CD5C
00CD5E
00CD60
00CD62
00CD64
00CD66
00CD68
00CD6A
00CD72
00CD74
00CD76
00CD79
00CD7B
00CD7D
00CD80
00CD82
00CD85
00CD88
00CD8B
00CD8F
00CD92
00CD94
00CD95
00CD97
00CD99
00CD9B
00CD9D
00CD9E
00CDA0
00CDA3
00CDA5
00CDA8
00CDAD
00CDB0
00CDB2
00CDB4
00CDB6
00CDB8
00CDBA
00CDBD
00CDBE
00CDC0
00CDC2
00CDC4
00CDC6
00CDC9
00CDCC
00CDCE
00CDDC
00CDDD
00CDE0
00CDE2
00CDE5
00CDE8
00CDEA
00CDEC
00CDEF
00CDF1
00CDF4
00CDF6
00CDF8
00CDFA
00CDFC
00CDFE
00CE00
00CE02
00CE04
00CE06
00CE08
00CE09
00CE0A
00CE0B
00CE0E
00CE11
00CE13
00CE15
00CE16
00CE18
00CE1B
00CE1E
00CE20
00CE22
00CE24
00CE27
00CE2A
00CE2C
00CE2E
00CE30
00CE32
00CE33
00CE35
00CE36
00CE39
00CE3B
00CE3D
00CE3F
00CE41
00CE44
00CE45
00CE48
00CE49
00CE4C
00CE4E
00CE50
00CE51
00CE54
00CE56
00CE59
00CE5C
00CE5E
00CE5F
00CE62
00CE65
00CE68
00CE6A
00CE6D
00CE70
00CE73
00CE76
00CE78
00CEB1
00CEB4
00CEB6
00CEB9
00CEBB
00CEBD
00CEBF
00CEC1
00CEC3
00CEC5
00CEC7
00CEC9
00CECB
00CECD
00CECE
00CED0
00CED2
00CED4
00CED6
00CED8
00CEDA
00CEDC
00CEDE
00CEE0
00CEE2
00CEE4
00CEE5
00CEE7
00CEE8
00CEEA
00CEEC
00CEEE
00CEF0
00CEF2
00CEF4
00CEF5
00CEF6
00CEF7
00CEF8
00CEF9
00CEFC
00CEFD
00CEFE
00CF00
00CF02
00CF04
00CF06
00CF08
00CF0A
00CF0D
00CF0E
00CF10
00CF12
00CF13
00CF16
00CF19
00CF1C
00CF1E
00CF20
00CF22
00CF24
00CF25
00CF26
00CF28
00CF2A
00CF2C
00CF2E
00CF2F
00CF32
00CF35
00CF37
00CF39
00CF3A
00CF3D
00CF3F
00CF41
00CF43
00CF45
00CF48
00CF4B
00CF4E
00CF51
00CF53
00CF55
00CF58
00CF59
00CF5A
00CF5C
00CF5D
00CF60
00CF62
00CF64
00CF67
00CF69
00CF6B
00CF6D
00CF6F
00CF72
00CF74
00CF76
00CF78
00CF7A
00CF7C
00CF7E
00CF80
00CF83
00CF85
00CF88
00CF8A
00CF8D
00CF8F
00CF91
00CF94
00CF96
00CF98
00CF9B
00CF9D
00CF9F
00CFA1
00CFA4
00CFA6
00CFA9
00CFAB
00CFAE
00CFB1
00CFB3
00CFB5
00CFB7
00CFBA
00CFBC
00CFBE
00CFC0
00CFC2
00CFC3
00CFC4
00CFC6
00CFC7
00CFC9
00CFCB
00CFCD
00CFCF
00CFD2
00CFD4
00CFD6
00CFD8
00CFDA
00CFDC
00CFDE
00CFE0
00CFE3
00CFE6
00CFE9
00CFEB
00CFEC
00CFEE
00CFF0
00CFF3
00CFF4
00CFF5
00CFF6
00CFF7
00CFF8
00CFFB
00CFFC
00CFFF
00D002
00D003
00D006
00D007
00D00A
00D00D
00D00F
00D010
00D012
00D014
00D016
00D018
00D01A
00D01D
00D01F
00D020
00D022
00D024
00D026
00D028
00D02A
00D02D
00D02E
00D030
00D033
00D044
00D046
00D049
00D04A
00D04B
00D04D
00D04F
00D050
00D053
00D056
00D058
00D059
00D05C
00D05F
00D061
00D062
00D064
00D066
00D068
00D06A
00D06C
00D06E
00D071
00D074
00D076
00D078
00D07B
00D07D
00D080
00D081
00D083
00D085
00D087
00D08A
00D08C
00D08E
00D090
00D093
00D095
00D098
00D09B
00D09D
00D09F
00D0A0
00D0A3
00D0A5
00D0A7
00D0A8
00D0AA
00D0AD
00D0B6
00D0B8
00D0BA
00D0BD
00D0BF
00D0C1
00D0C3
00D0C6
00D0C9
00D0CB
00D0CD
00D0D0
00D0D3
00D0D5
00D0D8
00D0DB
00D0DD
00D0DF
00D0E2
00D0E4
00D0E6
00D0E8
00D0EB
00D0EE
00D0F1
00D0F3
00D0F5
00D0F8
00D0FA
00D0FD
00D0FF
00D102
00D104
00D107
00D108
00D10A
00D10C
00D10E
00D111
00D114
00D116
00D117
00D118
00D11A
00D11C
00D129
00D12C
00D12E
00D12F
00D130
00D131
00D134
00D137
00D13A
00D13C
00D13F
00D140
00D142
00D145
00D147
00D14A
00D14C
00D14D
00D14E
00D150
00D151
00D152
00D154
00D156
00D158
00D15A
00D15C
00D15E
00D15F
00D161
00D163
00D166
00D168
00D16A
00D16B
00D16D
00D16F
00D172
00D174
00D177
00D187
00D18A
00D18C
00D197
00D19A
00D19D
00D1A1
00D1A5
00D1A8
00D1AB
00D1AD
00D1AF
00D1B2
00D1B4
00D1B6
00D1B7
00D1BA
00D1BD
00D1C0
00D1C2
00D1C4
00D1C6
00D1C7
00D1C8
00D1C9
00D1CC
00D1CF
00D1D1
00D1D3
00D1D6
00D1D8
00D1DB
00D1DD
00D1DF
00D1E1
00D1E3
00D1E5
00D1E7
00D1E9
00D1EB
00D1ED
00D1F0
00D1F2
00D1F4
00D1F7
00D1F9
00D1FC
00D203
00D206
00D209
00D20B
00D20E
00D210
00D212
00D214
00D216
00D218
00D21B
00D21D
00D21F
00D220
00D222
00D223
00D226
00D228
00D22A
00D22D
00D22F
00D231
00D233
00D236
00D238
00D23A
00D23C
00D23E
00D240
00D241
00D243
00D245
00D247
00D249
00D24B
00D24E
00D250
00D252
00D254
00D256
00D259
00D25C
00D25E
00D261
00D263
00D265
00D268
00D26A
00D26D
00D270
00D273
00D276
00D278
00D27B
00D287
00D28A
00D28C
00D28F
00D291
00D293
00D296
00D298
00D29A
00D29D
00D29F
00D2A1
00D2A3
00D2A5
00D2A7
00D2AA
00D2AD
00D2B0
00D2B2
00D2B4
00D2B6
00D2B8
00D2BA
00D5F2
00D5F4
00D5F6
00D5F9
00D5FB
00D5FE
00D600
00D602
00D604
00D606
00D608
00D60B
00D60E
00D610
00D612
00D614
00D616
00D618
00D61A
00D61C
00D61E
00D620
00D622
00D624
00D626
00D628
00D62A
00D62D
00D630
00D632
00D634
00D636
00D637
00D638
00D639
00D63B
00D63C
00D63E
00D640
00D643
00D645
00D646
00D649
00D64B
00D64E
00D650
00D653
00D656
00D659
00D65B
00D65C
00D65E
00D660
00D663
00D666
00D668
00D66A
00D66D
00D66F
00D671
00D674
00D676
00D678
00D67B
00D67D
00D67F
00D682
00D685
00D687
00D689
00D68B
00D68D
00D690
00D692
00D695
00D698
00D69A
00D69D
00D6A0
00D6A1
00D6A2
00D6A3
00D6A5
00D6A6
00D6A7
00D6A8
00D6AA
00D6AB
00D6AE
00D6B1
00D6B4
00D6B6
00D6B9
00D6BB
00D6BD
00D6BF
00D6C1
00D6C3
00D6C5
00D6C8
00D6CB
00D6CD
00D6CE
00D6CF
00D6D2
00D6D3
00D6D5
00D6D7
00D6D9
00D6DB
00D6DE
00D6E0
00D6E3
00D6E5
00D6E7
00D6EA
00D6EC
00D6EE
00D6EF
00D6F0
00D6F3
00D6F4
00D6F6
00D6F8
00D6FB
00D6FD
00D700
00D702
00D704
00D706
00D708
00D70B
00D70E
00D70F
00D710
00D712
00D713
00D715
00D717
00D719
00D71A
00D71B
00D71C
00D71E
00D720
00D722
00D723
00D725
00D727
00D729
00D72B
00D72D
00D730
00D732
00D734
00D736
00D737
00D73A
00D73B
00D73C
00D73F
00D741
00D742
00D744
00D745
00D748
00D74A
00D74D
00D74F
00D751
00D754
00D756
00D758
00D75A
00D75C
00D75F
00D760
00D762
00D764
00D767
00D769
00D76B
00D76E
00D76F
00D770
00D771
00D772
00D774
00D775
00D778
00D77A
00D77B
00D77C
00D77F
00D781
00D783
00D785
00D788
00D78A
00D78C
00D78F
00D790
00D792
00D794
00D795
00D798
00D79B
00D79D
00D7A0
00D7A2
00D7A4
00D7E4
00D7E7
00D7E9
00D7EB
00D7ED
00D7F0
00D7F3
00D7F6
00D7F8
00D7FB
00D7FD
00D7FF
00D802
00D804
00D806
00D808
00D80A
00D80C
00D80F
00D811
00D814
00D816
00D818
00D81A
00D81D
00D820
00D822
00D824
00D826
00D828
00D82B
00D82E
00D830
00D832
00D834
00D836
00D838
00D83A
00D83C
00D83D
00D83F
00D842
00D844
00D846
00D847
00D849
00D84A
00D84C
00D84E
00D850
00D851
00D854
00D856
00D859
00D85B
00D85D
00D85F
00D861
00D864
00D867
00D869
00D86A
00D86D
00D870
00D872
00D875
00D877
00D879
00D87B
00D87E
00D881
00D884
00D886
00D888
00D88A
00D88C
00D88E
00D890
00D892
00D895
00D897
00D89A
00D89B
00D89D
00D89F
00D8A2
00D8A4
00D8A6
00D8A8
00D8AA
00D8AD
00D8AF
00D8B2
00D8B4
00D8B6
00D8B9
00D8BB
00D8BD
00D8BF
00D8C2
00D8C4
00D8C6
00D8C7
00D8C8
00D8C9
00D8CA
00D8CD
00D8CF
00D8D1
00D8D3
00D8D6
00D8D8
00D8DB
00D8DC
00D8DE
00D8E0
00D8E2
00D8E4
00D8E5
00D8E7
00D8E9
00D8EB
00D8ED
00D8EF
00D8F1
00D8F3
00D8F5
00D8F8
00D8FA
00D8FD
00D8FF
00D902
00D904
00D906
00D908
00D90A
00D90D
00D90F
00D911
00D914
00D916
00D919
00D91B
00D91E
00D920
00D922
00D924
00D926
00D928
00D92A
00D92C
00D92E
00D930
00D932
00D934
00D937
00D939
00D93C
00D93E
00D940
00D942
00D944
00D946
00D948
00D949
00D94C
00D94E
00D94F
00D952
00D954
00D956
00D958
00D959
00D95A
00D95B
00D95C
00D95F
00D962
00D964
00D967
00D968
00D96A
00D96D
00D96E
00D971
00D973
00D975
00D977
00D979
00D97A
00D97C
00D97F
00D988
00D98B
00D98D
00D990
00D993
00D995
00D998
00D99A
00D99C
00D99E
00D9A0
00D9A2
00D9A4
00D9A6
00D9A8
00D9AB
00D9AD
00D9AF
00D9B1
00D9B3
00D9B5
00D9B8
00D9B9
00D9BA
00D9BC
00D9BD
00D9BE
00D9C1
00D9C3
00D9C4
00D9C6
00D9C8
00D9CA
00D9CB
00D9CC
00D9CD
00D9CF
00D9D1
00D9D3
00D9D5
00D9D7
00D9D9
00D9DB
00D9DD
00D9DF
00D9E1
00D9E3
00D9E5
00D9E7
00D9E9
00D9EB
00D9ED
00D9EF
00D9F1
00D9F4
00D9F6
00D9F9
00D9FB
00D9FD
00D9FF
00DA01
00DA04
00DA06
00DA07
00DA08
00DA0A
00DA0B
00DA0D
00DA0F
00DA11
00DA12
00DA13
00DA15
00DA17
00DA18
00DA19
00DA1A
00DA1B
00DA1D
00DA1F
00DA21
00DA23
00DA25
00DA28
00DA2A
00DA2D
00DA2F
00DA31
00DA33
00DA35
00DA37
00DA39
00DA3C
00DA3E
00DA40
00DA42
00DA44
00DA46
00DA48
00DA4A
00DA4C
00DA4E
00DA4F
00DA50
00DA51
00DA52
00DA53
00DA55
00DA58
00DA5A
00DA5B
00DA5D
00DA5E
00DA60
00DA62
00DA63
00DA64
00DA67
00DA69
00DA6B
00DA6C
00DA6F
00DA71
00DA73
00DA75
00DA77
00DA78
00DA79
00DA7C
00DA7F
00DA83
00DA86
00DA88
00DA8A
00DA8C
00DA8D
00DA8F
00DA92
00DA94
00DA97
00DA98
00DA99
00DA9B
00DA9C
00DA9F
00DAA2
00DAA4
00DAA5
00DAA8
00DAA9
00DAAB
00DAAE
00DAB1
00DAB3
00DAB6
00DB17
00DB19
00DB1B
00DB1E
00DB21
00DB24
00DB26
00DB29
00DB2B
00DB2D
00DB2E
00DB2F
00DB31
00DB33
00DB36
00DB39
00DB3B
00DB3D
00DB3E
00DB40
00DB42
00DB45
00DB46
00DB47
00DB48
00DB4B
00DB4D
00DB4F
00DB51
00DB52
00DB54
00DB57
00DB59
00DB5C
00DB5D
00DB5E
00DB60
00DB62
00DB64
00DB65
00DB66
00DB68
00DB6B
00DB6C
00DB6F
00DB72
00DB74
00DB76
00DB78
00DB7B
00DB7D
00DB7F
00DB81
00DB84
00DB87
00DB89
00DB8A
00DB8B
00DB8C
00DB8F
00DB92
00DB95
00DB96
00DB98
00DB9A
00DB9C
00DB9E
00DBA0
00DBA3
00DBA5
00DBA7
00DBAA
00DBAC
00DBAE
00DBB0
00DBB2
00DBB4
00DBB7
00DBBA
00DBBC
00DBBE
00DBBF
00DBC0
00DBC1
00DBC3
00DBC5
00DBC7
00DBCA
00DBCD
00DBD0
00DBD2
00DBD4
00DBD6
00DBD7
00DBD8
00DBDA
00DBDC
00DBDE
00DBE0
00DBE2
00DBE4
00DBE6
00DBE8
00DBE9
00DBEA
00DBEC
00DBED
00DBF0
00DBF2
00DBF4
00DBF6
00DBF8
00DBFA
00DBFC
00DBFE
00DC00
00DC02
00DC03
00DC04
00DC05
00DC07
00DC09
00DC0B
00DC0D
00DC0F
00DC11
00DC14
00DC16
00DC18
00DC1A
00DC1D
00DC1F
00DC22
00DC24
00DC26
00DC28
00DC2A
00DC2C
00DC2D
00DC2F
00DC31
00DC34
00DC36
00DC37
00DC39
00DC3B
00DC3D
00DC3E
00DC40
00DC42
00DC45
00DC47
00DC4A
00DC4C
00DC4E
00DC4F
00DC51
00DC52
00DC53
00DC54
00DC55
00DC56
00DC59
00DC5C
00DC5E
00DC5F
00DC61
00DC62
00DC63
00DC64
00DC65
00DC68
00DC6B
00DC6D
00DC70
00DC71
00DC73
00DC75
00DC77
00E2BD
00E2BE
00E2BF
00E2C0
00E2C2
00E2C4
00E2C6
00E2CA
00E2CD
00E2CF
00E2D2
00E2D4
00E2D6
00E2D8
00E2DA
00E2DC
00E2DE
00E2E0
00E2E3
00E2E5
00E2E7
00E2E9
00E2EB
00E2EE
00E2F0
00E2F2
00E2F4
00E2F7
00E2F8
00E2FB
00E2FE
00E301
00E305
00E308
00E30A
00E30B
00E30C
00E30E
00E30F
00E310
00E311
00E312
00E314
00E316
00E317
00E31A
00E31B
00E31C
00E31E
00E321
00E324
00E326
00E329
00E32B
00E32E
00E330
00E333
00E335
00E337
00E339
00E33B
00E33D
00E33E
00E340
00E342
00E344
00E346
00E349
00E34C
00E34D
00E34F
00E351
00E353
00E355
00E357
00E358
00E359
00E35B
00E35D
00E360
00E362
00E364
00E366
00E369
00E36B
00E36D
00E370
00E372
00E373
00E374
00E375
00E376
00E379
00E37C
00E37E
00E381
00E383
00E384
00E385
00E387
00E389
00E38B
00E38D
00E38F
00E391
00E393
00E395
00E397
00E399
00E39C
00E39E
00E39F
00E3A2
00E3A4
00E3A6
00E3A9
00E3AB
00E3AD
00E3B0
00E3B1
00E3B4
00E3B6
00E3B9
00E3BB
00E3BE
00E3C0
00E3C2
00E3C5
00E3C7
00E3CA
00E3CD
00E3CF
00E3D2
00E3D5
00E3D8
00E3DB
00E3DE
00E3E1
00E3E4
00E3E6
00E3E8
00E3EA
00E3EC
00E3EF
00E3F2
00E3F5
00E3F8
00E3FB
00E3FD
00E3FF
00E401
00E402
00E404
00E406
00E409
00E40C
00E40D
00E410
00E412
00E415
00E417
00E41A
00E41C
00E41E
00E420
00E423
00E424
00E425
00E427
00E428
00E42B
00E42D
00E430
00E432
00E435
00E437
00E438
00E43B
00E43D
00E43E
00E441
00E443
00E445
00E448
00E44B
00E44E
00E451
00E453
00E455
00E458
00E45B
00E45C
00E45D
00E45F
00E461
00E463
00E466
00E468
00E46B
00E46D
00E46F
00E471
00E472
00E475
00E476
00E477
00E47A
00E47D
00E47E
00E480
00E482
00E485
00E487
00E489
00E48A
00E48D
00E48E
00E48F
00E492
00E495
00E496
00E498
00E49A
00E49D
00E49E
00E49F
00E4A0
00E4A1
00E4A2
00E4A3
00E4A4
00E4A6
00E4A7
00E4A8
00E4A9
00E4AB
00E4AE
00E4AF
00E4B0
00E4B1
00E4B2
00E4B4
00E4B6
00E4B8
00E92B
00E92E
00E931
00E938
00E93B
00E93D
00E940
00E942
00E944
00E946
00E948
00E94A
00E94C
00E94E
00E951
00E953
00E955
00E956
00E958
00E95A
00E95C
00E95D
00E95F
00E961
00E963
00E966
00E968
00E96A
00E96B
00E96D
00E96F
00E971
00E972
00E974
00E976
00E978
00E97B
00E97D
00E97F
00E981
00E982
00E984
00E987
00E989
00E98C
00E98F
00E991
00E993
00E995
00E998
00E99A
00E99C
00E9A0
00E9A1
00E9A3
00E9A5
00E9A7
00E9A9
00E9AB
00E9AD
00E9AF
00E9B1
00E9B4
00E9B5
00E9B8
00E9BA
00E9BC
00E9BE
00E9BF
00E9C1
00E9C2
00E9C5
00E9C8
00E9CA
00E9CC
00E9CE
00E9D1
00E9D3
00E9D5
00E9D7
00E9D9
00E9DC
00E9DD
00E9DE
00E9DF
00E9E0
00E9E2
00E9E4
00E9E5
00E9E7
00E9EA
00E9EC
00E9EE
00E9F0
00E9F3
00E9F6
00E9F9
00E9FB
00E9FD
00E9FF
00EA01
00EA03
00EA06
00EA08
00EA0B
00EA0D
00EA0F
00EA11
00EA13
00EA15
00EA16
00EA18
00EA1A
00EA1B
00EA1E
00EA20
00EA22
00EA24
00EA26
00EA28
00EA2B
00EA2D
00EA30
00EA32
00EA34
00EA37
00EA39
00EA3B
00EA3D
00EA3F
00EA42
00EA45
00EA47
00EA49
00EA4B
00EA4D
00EA4F
00EA51
00EA53
00EA55
00EA57
00EA59
00EA5C
00EA5E
00EA60
00EA62
00EA65
00EA67
00EA69
00EA6B
00EA6D
00EA6F
00EA71
00EA73
00EA75
00EA78
00EA7A
00EA7C
00EA7E
00EA80
00EA82
00EA84
00EA87
00EA89
00EA8A
00EA8D
00EA8F
00EA92
00EA94
00EA96
00EA98
00EA9B
00EA9D
00EA9F
00EAA1
00EAA3
00EAA5
00EAA6
00EAA9
00EAAB
00EAAE
00EAB1
00EAB3
00EAB5
00EAB8
00EADB
00EADD
00EADF
00EAE1
00EAE4
00EAE6
00EAE9
00EAEB
00EAEC
00EAEE
00EAEF
00EAF2
00EAF5
00EAF7
00EAF9
00EAFC
00EAFE
00EB01
00EB03
00EB06
00EB08
00EB0A
00EB0C
00EB0E
00EB10
00EB12
00EB14
00EB16
00EB19
00EB1B
00EB1D
00EB1F
00EB21
00EB22
00EB24
00EB25
00EB27
00EB29
00EB2C
00EB2E
00EB30
00EB31
00EB32
00EB34
00EB37
00EB3A
00EB3C
00EB3E
00EB41
00EB48
00EB4B
00EB4D
00EB4E
00EB4F
00EB50
00EB52
00EB54
00EB55
00EB58
00EB5A
00EB5D
00EB5F
00EB61
00EB64
00EB65
00EB67
00EB69
00EB6B
00EB6D
00EB6F
00EB71
00EB73
00EB76
00EB77
00EB79
00EB7B
00EB7D
00EB7F
00EB81
00EB83
00EB86
00EB88
00EB89
00EB8A
00EB8C
00EB8D
00EB8F
00EB91
00EB92
00EB93
00EB95
00EB97
00EB99
00EB9B
00EB9D
00EB9F
00EBA0
00EBA2
00EBA3
00EBA5
00EBA7
00EBA8
00EBAB
00EBAD
00EBAF
00EBB2
00EBB4
00EBB6
00EBB8
00EBBA
00EBBC
00EBBD
00EBC1
00EBC9
00EBCA
00EBCB
00EBCC
00EBCD
00EBCE
00EBD0
00EBD2
00EBD4
00EBD6
00EBD8
00EBDA
00EBDD
00EBDF
00EBE1
00EBE4
00EBE6
00EBE8
00EBEA
00EBEC
00EBEE
00EBF0
00EBF3
00EBF5
00EBF7
00EBF9
00EBFB
00EBFD
00EBFF
00EC01
00EC04
00EC06
00EC08
00EC0A
00EC0C
00EC0E
00EC10
00EC12
00EC15
00EC18
00EC1A
00EC1C
00EC1F
00EC21
00EC24
00EC27
00EC29
00EC2B
00EC2D
00EC2F
00EC31
00EC32
00EC33
00EC35
00EC37
00EC3A
00EC3D
00EC3F
00EC41
00EC44
00EC46
00EC48
00EC4A
00EC4C
00EC4E
00EC50
00EC52
00EC54
00EC57
00EC58
00EC5B
00EC5E
00EC5F
00EC61
00EC64
00EC66
00EC68
00EC6A
00EC6D
00EC6F
00EC72
00EC74
00EC77
00EC79
00EC7B
00EC7E
00EC80
00EC82
00EC83
00EC86
00EC8A
00EC8D
00EC8F
00EC91
00EC94
00EC96
00EC98
00EC9B
00EC9D
00EC9F
00ECA1
00ECA3
00ECA6
00ECA7
00ECA9
00ECAB
00ECAF
00ECB1
00ECB3
00ECB5
00ECB7
00ECB9
00ECBB
00ECBD
00ECBF
00ECC1
00ECC2
00ECC5
00ECC7
00ECCA
00ECCC
00ECCE
00ECD0
00ECD2
00ECD4
00ECD6
00ECD8
00ECDA
00ECDB
00ECDC
00ECDE
00ECDF
00ECE1
00ECE3
00ECE6
00ECE7
00ECE8
00ECE9
00ECEA
00ECEC
00ECEE
00ECF0
00ECF1
00ECF4
00ECF6
00ECF8
00ECFA
00ECFC
00ECFF
00ED00
00ED02
00ED06
00ED09
00ED0B
00ED0D
00ED0F
00ED10
00ED12
00ED14
00ED16
00ED18
00ED1A
00ED1C
00ED1E
00ED20
00ED22
00ED24
00ED26
00ED28
00ED2A
00ED2C
00ED2E
00ED2F
00ED31
00ED33
00ED35
00ED37
00ED39
00ED3B
00ED3D
00ED3F
00ED41
00ED44
00ED46
00ED47
00ED4A
00ED4D
00ED4F
00ED52
00ED54
00ED56
00ED58
00ED5B
00ED5E
00ED60
00ED62
00ED64
00ED66
00ED69
00ED6B
00ED6D
00ED6E
00ED71
00ED73
00ED76
00ED78
00ED7A
00ED7C
00ED7E
00ED80
00ED82
00ED84
00ED86
00ED89
00ED8B
00ED8D
00ED8F
00ED91
00ED93
00ED95
00ED96
00ED97
00ED99
00ED9A
00ED9C
00ED9D
00ED9F
00EDA2
00EDA3
00EDA4
00EDA5
00EDA6
00EDA8
00EDAA
00EDAB
00EDAD
00EDAE
00EDB0
00EDB1
00EDB4
00EDB6
00EDB9
00EDBB
00EDBC
00EDBD
00EDC0
00EDC2
00EDC4
00EDC6
00EDC9
00EDCB
00EDCD
00EDCF
00EDD2
00EDD5
00EDD8
00EDDB
00EDDD
00EDDF
00EDE2
00EDE4
00EDE6
00EDE9
00EDEC
00EDEE
00EDF1
00EDF3
00EDF5
00EDF7
00EDF9
00EDFB
00EDFE
00EE00
00EE02
00EE04
00EE06
00EE09
00EE0B
00EE0D
00EE0F
00EE11
00EE13
00EE15
00EE17
00EE19
00EE1B
00EE1D
00EE20
00EE22
00EE24
00EE26
00EE28
00EE2A
00EE2D
00EE2F
00EE31
00EE33
00EE35
00EE37
00EE39
00EE3A
00EE3D
00EE40
00EE42
00EE44
00EE46
00EE48
00EE49
00EE4A
00EE4C
00EE4E
00EE57
00EE5A
00EE5C
00EE5F
00EE61
00EE63
00EE65
00EE67
00EE69
00EE6B
00EE6E
00EE70
00EE72
00EE76
00EE78
00EE7A
00EE7C
00EE7F
00EE83
00EE85
00EE87
00EE89
00EE8B
00EE8D
00EE8F
00EE92
00EE94
00EE95
00EE96
00EE98
00EE9A
00EE9C
00EE9E
00EEA0
00EEA2
00EEA3
00EEA6
00EEA8
00EEAA
00EEAB
00EEAC
00EEAD
00EEAE
00EEB1
00EEB3
00EEB4
00EEB7
00EEBA
00EEBB
00EEBE
00EEC1
00EEC2
00EEC4
00EEC7
00EEC9
00EECC
00EECE
00EED1
00EED4
00EED6
00EED7
00EED9
00EEDB
00EEDD
00EEDF
00EEE1
00EEE4
00EEE6
00EEE9
00EEEB
00EEED
00EEEF
00EEF2
00EEF4
00EEF6
00EEF8
00EEFB
00EEFE
00EF00
00EF02
00EF05
00EF08
00EF0B
00EF0D
00EF0F
00EF11
00EF13
00EF16
00EF18
00EF1A
00EF1C
00EF1F
00EF21
00EF23
00EF25
00EF26
00EF28
00EF2A
00EF2D
00EF2F
00EF31
00EF33
00EF36
00EF38
00EF3B
00EF3D
00EF3F
00EF42
00EF43
00EF45
00EF48
00EF4B
00EF4D
00EF50
00EF51
00EF54
00EF55
00EF56
00EF58
00EF5A
00EF5C
00EF5D
00EF5E
00EF60
00EF62
00EF63
00EF65
00EF68
00EF6B
00EF6D
00EF6F
00EF72
00EF75
00EF77
00EF79
00EF7C
00EF7E
00EF81
00EF83
00EF85
00EF87
00EF8A
00EF8C
00EF90
00EF92
00EF95
00EF98
00EF99
00EF9C
00EF9F
00EFA1
00EFA3
00EFA5
00EFA7
00EFA9
00EFAA
00EFAD
00EFAE
00EFB0
00EFB2
00EFB6
00EFB8
00EFBB
00EFBC
00EFBF
00EFC1
00EFC3
00EFC5
00EFC7
00EFC8
00EFC9
00EFCB
00EFCC
00EFCD
00EFCF
00EFD1
00EFD3
00EFD5
00EFD7
00EFD8
00EFDB
00EFDD
00EFDF
00EFE0
00EFE3
00EFE5
00EFE7
00EFE8
00EFEB
00EFED
00F005
00F006
00F007
00F009
00F00B
00F00D
00F00F
00F011
00F013
00F014
00F015
00F017
00F019
00F01B
00F01D
00F01F
00F022
00F024
00F026
00F029
00F02B
00F02D
00F030
00F031
00F032
00F035
00F037
00F038
00F03B
00F03E
00F040
00F043
00F045
00F047
00F048
00F049
00F04C
00F04D
00F04E
00F050
00F054
00F056
00F057
00F059
00F05A
00F05B
00F120
00F121
00F124
00F126
00F127
00F129
00F12B
00F12D
00F12F
00F131
00F133
00F134
00F137
00F139
00F13B
00F13D
00F13F
00F140
00F142
00F144
00F146
00F148
00F14A
00F14C
00F14D
00F150
00F152
00F154
00F155
00F157
00F158
00F159
00F15D
00F15E
00F15F
00F160
00F161
00F163
00F165
00F167
00F168
00F169
00F16C
00F170
00F171
00F173
00F175
00F176
00F177
00F179
00F17B
00F17D
00F17F
00F180
00F181
00F182
00F186
00F187
00F18B
00F18D
00F18F
00F193
00F195
00F199
00F19B
00F19F
00F1A1
00F1A3
00F1A5
00F1A7
00F1AA
00F1AC
00F1AE
00F1AF
00F1B1
00F1B2
00F1B3
00F1B4
00F1B5
00F1B6
00F1BA
00F1BB
00F1BD
00F1BF
00F1C1
00F1C3
00F1C5
00F1C7
00F1C9
00F1CC
00F1CE
00F1D0
00F1D2
00F1D4
00F1D6
00F1D8
00F1DA
00F1DB
00F1DD
00F1DF
00F1E1
00F1E3
00F1E5
00F1E8
00F1EA
00F1EC
00F1ED
00F1EF
00F1F0
00F1F1
00F1F5
00F1F6
00F1F7
00F1F8
00F1F9
00F1FB
00F1FC
00F1FE
00F200
00F201
00F202
00F203
00F204
00F206
00F207
00F208
00F209
00F20A
00F20B
00F20E
00F212
00F215
00F218
00F21A
00F21C
00F21E
00F220
00F222
00F224
00F226
00F229
00F22B
00F22C
00F22E
00F230
00F232
00F234
00F236
00F238
00F23B
00F23C
00F23E
00F23F
00F241
00F242
00F243
00F247
00F248
00F249
00F24B
00F24E
00F24F
00F251
00F252
00F254
00F256
00F25A
00F25C
00F260
00F261
00F262
00F264
00F267
00F269
00F26B
00F26D
00F26F
00F272
00F275
00F277
00F279
00F27A
00F27B
00F27F
00F281
00F283
00F285
00F289
00F28A
00F28B
00F28C
00F28D
00F28E
00F290
00F292
00F294
00F297
00F299
00F29A
00F29D
00F29F
00F2A2
00F2A4
00F2A6
00F2A8
00F2A9
00F2AC
00F2AE
00F2B0
00F2B1
00F2B5
00F2B8
00F2BB
00F2BE
00F2BF
00F2C0
00F2C2
00F2C4
00F2C6
00F2C8
00F2C9
00F2CB
00F2CD
00F2CF
00F2D1
00F2D5
00F2D8
00F2DB
00F2DD
00F2E0
00F2E2
00F2E4
00F2E6
00F2E8
00F2EA
00F2ED
00F2EE
00F2F0
00F2F2
00F2F4
00F2F6
00F2F8
00F2FA
00F2FC
00F2FE
00F300
00F302
00F304
00F306
00F308
00F309
00F30B
00F30D
00F30F
00F311
00F313
00F315
00F317
00F31B
00F31E
00F31F
00F322
00F325
00F328
00F329
00F32B
00F32D
00F330
00F332
00F334
00F336
00F338
00F33A
00F33B
00F33D
00F33F
00F343
00F346
00F349
00F34B
00F34D
00F34E
00F351
00F354
00F357
00F358
00F35A
00F35D
00F35F
00F363
00F365
00F367
00F36B
00F36D
00F36F
00F373
00F376
00F377
00F37A
00F37D
00F37E
00F380
00F382
00F384
00F386
00F388
00F38A
00F38B
00F38F
00F390
00F393
00F395
00F398
00F39A
00F39D
00F39F
00F3A2
00F3A4
00F3A7
00F3A9
00F3AC
00F3AE
00F3B1
00F3B2
00F3B5
00F3B6
00F3B7
00F3B8
00F3B9
00F3BC
00F3BE
00F3BF
00F3C3
00F3C4
00F3C6
00F3C8
00F3CA
00F3CC
00F3CF
00F3D0
00F3D1
00F3D3
00F3D4
00F3D6
00F3D8
00F3D9
00F3DB
00F3DC
00F3DD
00F3DF
00F3E1
00F3E9
00F3EA
00F3EB
00F3EC
00F3EE
00F3F0
00F3F2
00F3F3
00F3F5
00F3F8
00F3FA
00F3FC
00F3FD
00F3FE
00F3FF
00F401
00F404
00F406
00F408
00F40A
00F40C
00F40E
00F411
00F413
00F415
00F417
00F419
00F41B
00F41C
00F41D
00F41E
00F420
00F423
00F425
00F427
00F429
00F42B
00F42D
00F430
00F431
00F434
00F436
00F439
00F43B
00F43E
00F43F
00F442
00F443
00F445
00F446
00F448
00F44A
00F44C
00F44D
00F44E
00F44F
00F451
00F453
00F454
00F457
00F459
00F45B
00F45C
00F45F
00F461
00F464
00F465
00F467
00F46A
00F46B
00F46D
00F46F
00F472
00F474
00F476
00F478
00F47B
00F47D
00F47F
00F481
00F483
00F485
00F487
00F489
00F48B
00F48C
00F48D
00F48E
00F48F
00F491
00F492
00F496
00F498
00F49A
00F49E
00F4A0
00F4A1
00F4A3
00F4A5
00F4A6
00F4A8
00F4AA
00F4AC
00F4AE
00F4B0
00F4B2
00F4B4
00F4B6
00F4B8
00F4BA
00F4BB
00F4BC
00F4BD
00F4BE
00F4C0
00F4C1
00F4C5
00F4C7
00F4C9
00F4CD
00F4CF
00F4D1
00F4D3
00F4D5
00F4D8
00F4DA
00F4DB
00F4DD
00F4E1
00F4E4
00F4E6
00F4E7
00F4E8
00F4EA
00F4EC
00F4ED
00F4EF
00F4F1
00F4F3
00F4F6
00F4F8
00F4FA
00F4FC
00F4FE
00F500
00F502
00F504
00F506
00F507
00F508
00F509
00F50A
00F50C
00F50D
00F511
00F513
00F515
00F519
00F51B
00F51D
00F51F
00F521
00F523
00F525
00F527
00F529
00F52B
00F52D
00F52F
00F530
00F531
00F532
00F533
00F535
00F536
00F53A
00F53C
00F53E
00F542
00F545
00F546
00F548
00F54B
00F54D
00F54F
00F552
00F554
00F556
00F559
00F55A
00F55C
00F55E
00F55F
00F560
00F562
00F564
00F566
00F567
00F56A
00F56C
00F56F
00F571
00F573
00F576
00F577
00F57A
00F57C
00F57E
00F581
00F583
00F584
00F586
00F588
00F58B
00F58D
00F58F
00F592
00F594
00F595
00F597
00F59A
00F59B
00F59D
00F59F
00F5A1
00F5A3
00F5A5
00F5A7
00F5A8
00F5AA
00F5AD
00F5AF
00F5B2
00F5B6
00F5B7
00F5B9
00F5BB
00F5BE
00F5C1
00F5C4
00F5C6
00F5C9
00F5CC
00F5D5
00F5D7
00F5D9
00F5DB
00F5DD
00F5E0
00F5E2
00F5E4
00F5E7
00F5E9
00F5EC
00F5EE
00F5F1
00F5F3
00F5F5
00F5F8
00F5FC
00F5FE
00F600
00F602
00F604
00F606
00F608
00F60A
00F60C
00F60F
00F611
00F614
00F616
00F618
00F61B
00F61D
00F620
00F622
00F625
00F628
00F629
00F62D
00F62F
00F631
00F633
00F635
00F636
00F638
00F63A
00F63C
00F63F
00F641
00F643
00F644
00F647
00F648
00F649
00F64C
00F64F
00F650
00F653
00F656
00F658
00F65A
00F65D
00F65F
00F661
00F662
00F665
00F666
00F667
00F66A
00F66D
00F66E
00F671
00F674
00F676
00F679
00F67A
00F67B
00F67C
00F67F
00F682
00F683
00F686
00F689
00F68B
00F68E
00F68F
00F690
00F691
00F694
00F697
00F699
00F69B
00F69E
00F6DB
00F6DC
00F6DD
00F6DE
00F6E0
00F6E3
00F6E4
00F6E7
00F6EA
00F6EB
00F6EE
00F6F1
00F6F4
00F6F6
00F6F9
00F6FB
00F6FE
00F700
00F703
00F705
00F707
00F708
00F70A
00F70D
00F710
00F713
00F716
00F718
00F71A
00F71C
00F71D
00F71F
00F721
00F724
00F726
00F728
00F72A
00F72C
00F72D
00F730
00F732
00F734
00F737
00F739
00F73C
00F73E
00F73F
00F741
00F743
00F746
00F748
00F74A
00F74B
00F74C
00F74F
00F751
00F754
00F756
00F758
00F75A
00F75C
00F75E
00F75F
00F760
00F763
00F766
00F769
00F76B
00F76D
00F76F
00F770
00F772
00F774
00F777
00F779
00F77B
00F77C
00F77F
00F781
00F784
00F786
00F789
00F78B
00F78C
00F78E
00F790
00F793
00F796
00F798
00F79B
00F79D
00F7A0
00F7A2
00F7A4
00F7A5
00F7A7
00F7A8
00F7AA
00F7AD
00F7AF
00F7B1
00F7B2
00F7B4
00F7B5
00F7B6
00F7B8
00F7B9
00F7BA
00F7BB
00F7BC
00F7BD
00F7C0
00F7C2
00F7C4
00F7C6
00F7C7
00F7CA
00F7CD
00F7CF
00F7D0
00F7D3
00F7D6
00F7D8
00F7D9
00F7DC
00F7DF
00F7E1
00F7E2
00F7E5
00F7E8
00F7EA
00F7EC
00F7EF
00F7F0
00F7F2
00F7F3
00F7F4
00F7F7
00F7F9
00F7FA
00F7FC
00F7FE
00F800
00F801
00F803
00F805
00F808
00F80A
00F80C
00F80E
00F810
00F811
00F814
00F816
00F819
00F81B
00F81D
00F81F
00F821
00F823
00F825
00F828
00F82A
00F82C
00F82F
00F831
00F833
00F836
00F837
00F83A
00F83C
00F83F
00F842
00F845
00F846
00F848
00F84A
00F84D
00F84F
00F852
00F854
00F856
00F858
00F85A
00F85C
00F85E
00F861
00F862
00F864
00F867
00F869
00F86C
00F86F
00F871
00F873
00F875
00F878
00F87A
00F87C
00F87E
00F881
00F883
00F884
00F887
00F88A
00F88B
00F88D
00F88F
00F892
00F893
00F895
00F898
00F89A
00F89D
00F89F
00F8A1
00F8A3
00F8A5
00F8A7
00F8AA
00F8AB
00F8AE
00F8B0
00F8B2
00F8B5
00F8B7
00F8B9
00F8BC
00F8BF
00F8C1
00F8C3
00F8C6
00F8C8
00F8CA
00F8CD
00F8CF
00F8D1
00F8D3
00F8D4
00F8D7
00F8D9
00F8DB
00F8DE
00F8F2
00F8F5
00F8F8
00F8FA
00F8FD
00F900
00F901
00F902
00F903
00F905
00F907
00F909
00F90B
00F90E
00F910
00F913
00F915
00F917
00F919
00F91B
00F91E
00F920
00F921
00F924
00F926
00F928
00F92A
00F92C
00F92F
00F932
00F933
00F935
00F937
00F939
00F93C
00F93F
00F941
00F942
00F944
00F945
00F948
00F94A
00F94D
00F94E
00F950
00F952
00F954
00F957
00F95A
00F95C
00F95F
00F962
00F964
00F966
00F968
00F96B
00F96E
00F971
00F974
00F977
00F97A
00F97D
00F980
00F983
00F985
00F986
00F988
00F989
00F98A
00F98B
00F98C
00F98D
00F990
00F992
00F994
00F997
00F999
00F99B
00F99E
00F9A0
00F9A5
00F9A8
00F9AA
00F9AC
00F9AD
00F9B0
00F9B3
00F9B5
00F9B6
00F9B9
00F9BC
00F9BE
00F9BF
00F9C1
00F9C2
00F9C3
00F9C7
00F9C8
00F9C9
00F9CB
00F9CC
00F9CF
00F9D0
00F9D2
00F9D5
00F9D7
00F9D8
00F9DA
00F9DD
00F9E0
00F9E1
00F9E4
00F9E6
00F9E9
00F9EC
00F9ED
00F9F0
00F9F2
00F9F4
00FA19
00FA1B
00FA1D
00FA1F
00FA21
00FA23
00FA25
00FA26
00FA28
00FA29
00FA2B
00FA2D
00FA2E
00FA2F
00FA30
00FA31
00FA33
00FA35
00FA37
00FA39
00FA3B
00FA3D
00FA3F
00FA41
00FA43
00FA44
00FA45
00FA47
00FA4A
00FA4C
00FA4E
00FA51
00FA53
00FA56
00FA58
00FA5A
00FA5D
00FA5F
00FA62
00FA64
00FA66
00FA67
00FA69
00FA6C
00FA6E
00FA70
00FA73
00FA74
00FA75
00FA79
00FA7A
00FA7C
00FA7F
00FA80
00FA83
00FA86
00FA89
00FA8C
00FA8F
00FA91
00FA94
00FA96
00FA98
00FA9A
00FA9C
00FA9D
00FAA0
00FAA1
00FAA3
00FAA6
00FAA8
00FAAA
00FAAD
00FAB0
00FAB2
00FAB5
00FAB7
00FAB9
00FABB
00FABE
00FAC0
00FAC3
00FAC5
00FAC8
00FACA
00FACC
00FACE
00FAD1
00FAD2
00FAD4
00FAD6
00FAD8
00FADB
00FADC
00FADE
00FB00
00FB02
00FB05
00FB09
00FB0C
00FB10
00FB13
00FB15
00FB17
00FB19
00FB1B
00FB1D
00FB1F
00FB21
00FB2D
00FB2E
00FB2F
00FB31
00FB32
00FB36
00FB39
00FB3D
00FB3F
00FB41
00FB43
00FB45
00FB55
00FB58
00FB5A
00FB5F
00FB60
00FB64
00FB66
00FB69
00FB6B
00FB6E
00FB70
00FB73
00FB75
00FB78
00FB7A
00FB7D
00FB7F
00FB82
00FB84
00FB87
00FB8D
00FB8F
00FB92
00FB95
00FB98
00FB9B
00FB9E
00FBA0
00FBA3
00FBAC
00FBAD
00FBAE
00FBAF
00FBB2
00FBB3
00FBB4
00FBB6
00FBB9
00FBBC
00FBBD
00FBBF
00FBC1
00FBC2
00FBC5
00FBC8
00FBCB
00FBCD
00FBCF
00FBD1
00FBD3
00FBD5
00FBD6
00FBD8
00FBDB
00FBDF
00FBE2
00FBE3
00FBE4
00FBE7
00FBE8
00FBEB
00FBEE
00FBEF
00FBF0
00FBF3
00FBF7
00FBF9
00FBFB
00FBFD
00FBFF
00FC01
00FC05
00FC08
00FC0A
00FC0E
00FC12
00FC15
00FC16
00FC18
00FC1B
00FC1E
00FC22
00FC7A
00FC7C
00FC7F
00FC81
00FC84
00FC86
00FC88
00FC8B
00FC8D
00FC8F
00FC93
00FC94
00FC96
00FC98
00FC9A
00FC9D
00FC9F
00FCA1
00FCA3
00FCA5
00FCA7
00FCAA
00FCAC
00FCAD
00FCAF
00FCB1
00FCB3
00FCB5
00FCB7
00FCB9
00FCBC
00FCC0
00FCC2
00FCC5
00FCC8
00FCCB
00FCCE
00FCD0
00FCD2
00FCD5
00FCD8
00FCDA
00FCDC
00FCDE
00FCE1
00FCE4
00FCE5
00FCE8
00FCEB
00FCEC
00FCEE
00FCF1
00FCF2
00FCF4
00FCF5
00FCF7
00FCF9
00FCFB
00FCFE
00FD00
00FD02
00FD04
00FD07
00FD08
00FD0A
00FD0C
00FD0E
00FD10
00FD12
00FD13
00FD15
00FD17
00FD19
00FD1B
00FD1E
00FD20
00FD21
00FD23
00FD26
00FD28
00FD2B
00FD2D
00FD2F
00FD30
00FD33
00FD36
00FD38
00FD3A
00FD3D
00FD3F
00FD41
00FD43
00FD45
00FD47
00FD49
00FD4A
00FD4C
00FD4F
00FD51
00FD53
00FD56
00FD59
00FD5A
00FD5C
00FD5E
00FD60
00FD62
00FD65
00FD67
00FD68
00FD6A
00FD6B
00FD6D
00FD70
00FD72
00FD74
00FD77
00FD79
00FD7B
00FD7E
00FD81
00FD97
00FD99
00FD9C
00FDA5
00FDA7
00FDA9
00FDAB
00FDAE
00FDB0
00FDB1
00FDB3
00FDB4
00FDB5
00FDB7
00FDB9
00FDBB
00FDBC
00FDBF
00FDC1
00FDC2
00FDC3
00FDC5
00FDC6
00FDC9
00FDCA
00FDCC
00FDCD
00FDCF
00FDD2
00FDD4
00FDD6
00FDD7
00FDDA
00FDDD
00FDDE
00FDE0
00FDE3
00FDE5
00FDE8
00FDEA
00FDED
00FDEF
00FDF2
00FDF4
00FDF6
00FDF8
00FDFA
00FDFC
00FDFE
00FE00
00FE02
00FE04
00FE05
00FE08
00FE0A
00FE0B
00FE0D
00FE16
00FE18
00FE1B
00FE1C
00FE1D
00FE1E
00FE1F
00FE21
00FE24
00FE26
00FE29
00FE2C
00FE2E
00FE30
00FE33
00FE35
00FE38
00FE3B
00FE3D
00FE3F
00FE42
00FE44
00FE47
00FE4A
00FE4C
00FE4E
00FE50
00FE52
00FE54
00FE56
00FE58
00FE5A
00FE5C
00FE5E
00FE60
00FE61
00FE63
00FE65
00FE67
00FE69
00FE6C
00FE6E
00FE6F
00FE71
00FE72
00FE74
00FE77
00FE79
00FE7B
00FE7E
00FE80
00FE82
00FE83
00FE86
00FE88
00FE8A
00FE8D
00FE8E
00FE90
00FE93
00FEA8
00FEAA
00FEAD
00FEAF
00FEB0
00FEB2
00FEB4
00FEB5
00FEB7
00FEBA
00FEBC
00FEBF
00FEC1
00FEC4
00FEC6
00FEC9
00FECB
00FECE
00FED1
00FED4
00FEDF
00FEE1
00FEE2
00FEE5
00FEE8
00FEEA
00FEED
00FEF0
00FEF2
00FEF3
00FEF6
00FEF9
00FEFB
00FEFD
00FF00
00FF03
00FF06
00FF61
00FF64
00FF65
00FF67
00FF69
00FF6C
00FF6E
00FF71
00FF73
00FF76
00FF78
00FF7A
00FF7D
00FF7E
00FF80
00FF82
00FF84
00FF87
00FF88
00FF8A
00FF8B
00FF8E
00FF90
00FF92
