048086
048088
04808A
04808C
04808E
048091
048093
048095
048097
048099
04809B
04809D
0480A0
0480A2
0480A3
0480A6
0480A8
0480AA
0480AB
0480AC
0480AE
0480B1
0480B4
0480B6
0480B8
0480B9
0480BC
0480BF
0480C1
0480C3
0480C5
0480C8
0480C9
0480CA
0480CB
0480CC
0480CE
0480D0
0480D2
0480D5
0480D8
0480D9
0480DA
0480DB
0480DD
0480DF
0480E0
0480E2
0480E4
0480E6
0480E8
0480EB
0480ED
0480EE
0480F0
0480F2
0480F4
0480F7
0480F9
0480FB
0480FE
0480FF
048101
048103
048105
048107
048109
04810C
04810E
048110
048112
048114
048117
048118
04811B
04811C
04811E
048120
048123
048125
048128
04812A
04812C
04812F
048131
048134
048136
048139
04813A
04813C
04813D
04813E
048141
048143
048144
048145
048147
048148
04814B
04814D
04814F
048151
048153
048155
048157
04815A
04815C
04815D
048160
048162
048164
048165
048168
04816A
04816D
04816F
048171
048172
048174
048176
048177
048178
048179
04817C
04817D
048180
048182
048183
048186
048188
04818A
04818D
04818F
048191
048192
048193
048194
048196
048198
04819A
04819C
04819E
048241
048242
048243
048244
048246
048249
04824B
048261
048262
048264
048267
04826A
04826D
04826F
048272
048275
048278
04827A
04827E
048281
048284
048286
048288
04828A
04828D
04828F
048292
048295
048298
048299
04829B
04829E
0482A0
0482A3
0482A4
0482A6
0482A8
0482AA
0482AD
0482AE
0482AF
0482B1
0482B3
0482B5
0482B8
0482B9
0482BB
0482BD
0482C3
0482C4
0482C6
0482C8
0482CA
0482CC
0482CE
0482CF
0482D1
0482D3
0482D5
0482D7
0482DA
0482DC
0482DE
0482E1
0482E3
0482E5
0482E7
0482EA
0482ED
0482F0
0482F2
0482F5
0482F8
0482F9
0482FA
0482FB
0482FC
0482FD
0482FE
048300
048303
048304
048305
048307
048309
04830E
048310
048311
048313
048314
048316
048318
04831A
04831C
04831E
048320
048321
048322
048323
048326
048327
048328
048329
04832A
04832B
04832E
048331
048334
048335
048336
048337
048338
048339
04833A
04833C
04833D
04833F
048341
048342
048344
048346
048348
048349
04834B
04834D
04834F
048350
048351
048353
048356
048359
04835B
04835D
04835F
048361
048364
048366
048369
04836C
04836E
048370
048372
048375
048378
04837B
04837D
04837F
048381
048383
048386
048389
04838A
04838C
04838E
048390
048393
048395
048398
04839A
04839D
04839F
0483A1
0483A3
0483A5
0483A6
0483A9
0483AB
0483AD
0483AF
0483B1
0483B2
0483B5
0483B7
0483B9
0483BB
0483BD
0483BF
0483C1
0483C3
0483C6
0483C8
0483CA
0483CC
0483CE
0483D1
0483D3
0483D6
0483D7
0483D8
0483D9
0483DA
0483DB
0483DC
0483DE
0483E1
0483E3
0483E5
0483E7
0483E9
0483EB
0483ED
0483EF
0483F1
0483F3
0483F5
0483F7
0483FA
0483FC
0483FE
048401
048403
048405
048408
04840A
04840D
048410
048413
048414
048415
048416
048418
04841A
04841B
04841E
04841F
048420
048423
048426
048427
048428
04842A
04842C
04842E
048430
048509
04850C
04850F
048511
048513
048515
048518
04851A
04851D
04851F
048522
048524
048527
048529
04852C
04852F
048531
048532
048533
048535
048538
04853A
04853B
04853C
04853D
04853E
048540
048543
048546
048549
04854A
04854D
048550
048551
048552
048553
048554
048557
04855A
04855D
04855E
04855F
048560
048561
048564
048565
048566
048567
04856A
04856D
04856F
048572
048574
048575
048576
048579
0485A4
0485A7
0485A9
0485AC
0485AD
0485AF
0485B1
0485B4
0485B5
0485B7
0485B9
0485BB
0485BD
0485C0
0485C1
0485C3
0485C4
0485C5
0485C9
0485CA
0485CC
0485CF
0485D3
0485D5
0485D8
0485DB
0485DD
0485E0
0485E3
0485E5
0485E8
0485EA
0485EC
0485EE
0485F0
0485F2
0485F3
0485F5
0485F8
0485F9
0485FB
0485FD
0485FF
048602
048604
048607
048609
04860C
04860D
04860E
048610
048613
048614
048615
048616
048618
04861A
04861C
04861E
048620
048621
048623
048625
048626
048627
048628
048629
04862B
04862D
04862E
048630
048633
048636
048637
048639
04863C
04863E
048640
048642
048645
048646
048648
04864B
04864D
048650
048652
048654
048655
048658
048659
04865C
04865D
04865F
048662
048664
048666
048668
04866B
04866C
04866E
048671
048673
048676
048678
04867A
04867C
04867E
04867F
048681
048683
048685
048686
048688
04868A
04868C
04868D
04868F
048691
048693
048694
048696
048698
04869A
04869C
04869E
0486A0
0486A2
0486A4
0486A6
0486A8
0486AB
0486AC
0486AD
0486B0
0486B2
0486B4
0486B6
0486B8
0486BA
0486BC
0486BE
0486BF
0486C1
0486C3
0486C5
0486C7
0486CA
0486CB
0486CC
0486CE
0486D1
0486D4
0486D7
0486D8
0486D9
0486DC
0486DF
0486E1
0486E4
0486E7
0486EA
0486ED
0486F0
0486F3
0486F6
0486F9
0486FB
0486FD
048700
048703
048705
048707
048709
04870C
04870E
048710
048712
048714
048716
048718
04871A
04871D
04871E
048720
048721
048724
048726
048728
04872A
04872C
04872E
048730
048732
048733
048735
048737
048739
04873B
04873E
048741
048743
048745
048748
04874A
04874C
04874F
048751
048753
048756
048758
04875B
04875E
048761
048762
048765
048766
048769
04876C
04876E
048771
048774
048777
04877A
04877D
048780
048783
048786
048788
048789
04878B
04878C
04878D
04878F
048790
048791
048792
048795
048796
048799
04879B
04879D
04879F
0487A2
0487A3
0487A5
0487A8
0487AA
0487AB
0487AD
0487B0
0487B3
0487B5
0487B8
0487BB
0487BD
0487C0
0487C2
0487C5
0487C7
0487C8
0487CA
04894F
048951
048952
048953
048954
048955
048958
04895A
04895C
04895E
04895F
048962
048963
048965
048968
048969
04896A
04896B
04896C
04896E
048970
048973
048974
048976
048977
048978
04897A
04897B
04897C
04897D
048980
048981
048984
048986
048988
048989
04898B
04898E
048990
048993
048996
048998
04899A
04899D
04899E
04899F
0489A0
0489A3
0489A6
0489A7
0489A9
0489AB
0489AE
0489B1
0489B2
0489B4
0489B7
0489B9
0489BA
0489BB
0489BC
0489BD
0489BE
0489BF
0489C1
0489C2
0489C4
0489C6
0489C8
0489CA
0489CC
0489CE
0489D0
0489D2
0489D4
0489D5
0489D7
0489D9
0489DB
0489DD
048CE6
048CE8
048CEA
048CEC
048CEF
048CF0
048CF1
048CF2
048CF3
048CF5
048CF7
048CFA
048CFB
048CFC
048CFE
048CFF
048D02
048D04
048D07
048D0A
048D0C
048D0E
048D11
048D12
048D13
048D14
048D17
048D1A
048D1B
048D1D
048D1E
048D1F
048D20
048D21
048D23
048D26
048D27
048D29
048D2C
048D2F
048D30
048D32
048D35
048D36
048D38
048D3B
048D3E
048D40
048D41
048D44
048D47
048D49
048D4B
048D4D
048D4E
048D51
048D52
048D53
048D56
048D59
048D5A
048D5C
048D5E
048D5F
048D60
048D62
048D63
048D64
048D67
048D69
048D6A
048D6B
048D6C
048D6D
048D6E
048D6F
048D71
048D73
048D91
048D92
048D93
048D94
048D97
048D99
048D9C
048D9E
048DA1
048DA3
048DA5
048DA7
048DA9
048DAB
048DAE
048DB0
048DB3
048DB5
048DB7
048DB9
048DBB
048DBD
048DC0
048DC2
048DC5
048DC7
048DCA
048DCD
048DCF
048DD1
048DD4
048DD7
048DDA
048DDC
048DDF
048DE2
048DE5
048DE7
048DEA
048DED
048DF0
048DF2
048DF5
048DF8
048DF9
048DFA
048DFB
048DFC
048DFE
048E01
048E02
048E03
048E04
048E05
048E07
048E08
048E09
048E0A
048E0B
048E0E
048E10
048E12
048E16
048E19
048E1A
048E1D
048E20
048E22
048E25
048E28
048E2B
048E2E
048E30
048E31
048E32
048E34
048E36
048E38
048E3A
048E3D
048E40
048E41
048E44
048E47
048E48
048E55
048E57
048E5A
048E5D
048E5E
048E5F
048E62
048E65
048E68
048E6A
048E6D
048E6F
048E70
048E71
048E72
048E73
048E76
048E78
048E7A
048E7E
048E81
048E82
048E83
048E86
048E88
048E8B
048E8D
048E8F
048E92
048E94
048E98
048E9B
048E9E
048EA0
048EA3
048EE1
048EE3
048EE6
048EE8
048EEB
048EEE
048EF1
048EF3
048EF6
048EF9
048EFB
048EFD
048F00
048F02
048F04
048F07
048F09
048F0B
048F0D
048F10
048F13
048F15
048F18
048F1B
048F1C
048F1D
048F1E
048F1F
048F21
048F24
048F25
048F26
048F27
048F28
048F2A
048F2B
048F2C
048F2D
048F2E
048F31
048F33
048F35
048F38
048F3A
048F3D
048F3F
048F41
048F43
048F45
048F49
048F4C
048F4D
048F50
048F53
048F56
048F58
048F5A
048F5D
048F5F
048F61
048F63
048F67
048F6A
048F6B
048F6E
048F71
048F74
048F77
048F7A
048F7C
048F87
048F8A
048F8C
048F8F
048F92
048F94
048F96
048F99
048F9C
048F9D
048F9F
048FA1
048FA4
048FA5
048FA8
048FA9
048FAC
048FAF
048FB2
048FB5
048FB8
048FBB
048FBE
048FC1
048FC2
048FC3
048FC4
048FC7
048FC8
048FCB
048FCE
048FCF
048FD1
048FD2
048FD3
048FD5
048FD6
048FD9
048FDC
048FDF
048FE1
048FFB
048FFE
049000
049001
049003
049005
049007
04900A
04900D
04900E
04900F
049010
049011
049013
049016
049017
049018
049019
04901A
04901C
04901D
04901E
04901F
049020
049023
049025
049027
04902B
04902E
049031
049033
049036
049037
049038
049039
04903A
04903C
04903F
049041
049043
049046
049049
04904A
04904C
04904F
049051
049054
049055
049056
049057
049120
049123
049126
049128
04912B
04912D
04912F
049132
049134
049136
049141
049143
049145
049147
049150
049152
049154
049156
049158
04915B
04915E
049161
049163
049165
049168
04916A
04916D
049170
049172
049175
049177
04917A
04917D
049180
049182
049184
049186
049188
04918B
04918D
049190
049193
049195
049198
049199
04919B
04919D
04919F
0491A2
0491A3
0491A5
0491A6
0491A8
0491AB
0491AD
0491AF
0491B1
0491B2
0491B5
0491B8
0491BB
0491BE
0491C1
0491C4
0491C7
0491C9
0491CC
0491CF
0491D2
0491D5
0491D8
0491DB
0491DD
0491E0
0491E2
0491E5
0491E8
0491E9
0491EB
0491EE
0491F1
0491F2
0491F3
0491F4
0491F5
0491F7
0491FA
0491FD
0491FE
0491FF
049200
049201
049203
049206
049207
049208
049209
04920A
04920D
04920F
049212
049214
049215
049218
04921A
04921C
04921E
049220
049224
049227
04922A
04922D
04922F
049232
049235
049238
04923B
04923C
04923D
04923F
049243
049246
049248
04924A
04924B
04924C
04924E
049251
049252
049253
049256
049257
04925A
04925C
04925F
049261
049263
049265
049268
04926A
04926C
04926E
049271
049273
049276
049279
04927A
04927C
04927D
049280
049282
049284
049287
049289
04928C
04928E
049291
049292
049293
049294
049295
049297
049299
04929D
0492A0
0492A1
0492A2
0492A5
0492A8
0492AA
0492AD
0492AF
0492B2
0492B5
0492B6
0492B8
0492B9
0492BA
0492BC
0492BD
0492C0
0492C3
0492C6
0492C8
0492CB
0492CD
0492CF
0492D1
0492D2
0492D5
0492D7
0492DA
0492DB
0492DC
0492DD
0492E0
0492E2
0492E4
0492E7
0492E9
0492ED
0492F0
0492F2
0492F5
0492F7
0492FA
0492FC
0492FE
049301
049304
049307
049309
04930D
049310
049312
049315
049318
04931B
04931E
049320
049321
049324
049327
04932A
04932C
04932F
049332
049334
049337
04933A
04933B
04933E
049341
049343
049344
049346
049347
049349
04934B
04934D
04934F
049352
049355
049356
049357
04935A
04935C
04935F
049362
049364
049366
049369
04936C
04936F
049372
049374
049375
049377
04937A
04937C
04937F
049381
049384
049387
049389
04938B
04938E
049391
049394
049396
049398
04939B
04939C
04939F
0493A0
0493A1
0493A2
0493A3
0493A4
0493A7
0493A9
0493AC
0493AE
0493AF
0493B2
0493B3
0493B5
0493B6
0493B8
0493BB
0493BC
0493BF
0493C1
0493C2
0493C5
0493C6
0493C7
0493C9
0493CC
0493CF
0493D1
0493D4
0493D5
0493D6
0493D9
0493DA
0493DC
0493DD
0493E0
0493E3
0493E4
0493E7
0493E8
0493EA
0493EB
0493EE
0493F1
0493F2
0493F3
0493F6
0493F7
0493F8
0493FA
0493FD
049400
049402
049405
049408
04940B
04940E
049411
04945D
049460
049462
049464
049467
049468
04946A
04946D
04946E
049471
049472
049475
049478
049479
04947C
04947E
049480
049483
049484
049486
049487
049488
049489
04948A
04948C
04948F
049491
049493
049495
049497
049499
04949B
04949D
04949F
0494A1
0494A4
0494A6
0494A8
0494AB
0494AE
0494AF
0494B0
0494B1
0494B2
0494B5
0494B7
0494B9
0494BC
0494BD
0494BE
0494BF
0494C0
0494C2
0494C5
0494C8
0494CA
0494CC
0494CF
0494D0
0494D1
0494D2
0494D3
0494D4
0494D5
0494D7
0494DA
0494DC
0494DE
0494E1
0494E4
0494E7
0494E8
0494E9
0494EA
0494EB
0494ED
0494F0
0494F2
0494F4
0494F6
0494F8
0494FA
0494FC
0494FE
049501
049502
049505
049507
04950A
04950B
04950D
04950E
04950F
049511
049514
049516
049518
04951B
04951D
04951F
049522
049525
049527
04952A
04952D
049530
049532
049535
049537
049538
049539
04953A
04953B
04953E
049540
049542
049546
049549
04954A
04954B
04954E
049550
049553
049556
049559
04955C
04955F
049562
049565
049567
04956A
04956B
04956E
049571
049573
049582
049585
049588
04958A
04958D
04958F
049592
049595
049597
04959A
04959C
04959D
0495A0
0495A2
0495A5
0495A6
0495A7
0495A8
0495AB
0495AE
0495B0
0495B2
0495B5
0495B6
0495B9
0495BC
0495BE
0495C0
0495C3
0495C6
0495C9
0495CC
0495CE
0495D0
0495D2
0495D5
0495D7
0495DB
0495DE
0495E1
0495E3
0495E6
0495E8
0495E9
0495EA
0495EB
0495EC
0495EF
0495F2
0495F4
0495F7
0495FA
0495FC
0495FF
049602
049605
049607
04960A
04960C
04960F
049610
049611
049612
049614
049616
049619
04961B
04961C
04961F
049620
049622
049625
049628
04962B
04962D
049630
049633
049636
049639
04963C
04963E
049640
049643
049645
049646
049648
04964A
04964B
04964C
04964F
049651
049654
049657
049659
04965C
04965E
049661
049663
049666
049667
04966A
04966B
04966E
049671
049674
049676
049679
04967A
04967D
04967E
049681
049684
049687
04968A
04968D
049690
049693
049695
049698
04969A
04969D
04969F
0496A2
0496A5
0496A6
0496A7
0496A8
0496AB
0496AE
0496B1
0496B3
0496B4
0496B5
0496B8
0496BB
0496BC
0496BE
0496C0
0496C4
0496C7
0496C8
0496CB
0496CE
0496D1
0496D2
0496D5
0496D6
0496D9
0496DA
0496DD
0496E0
0496E2
0496E5
0496E7
0496EA
0496ED
0496EF
0496F2
0496F5
0496F8
0496FA
0496FC
0496FD
0496FE
0496FF
049702
049704
049705
049707
04970A
04970D
049710
049712
049715
049718
04971B
04971D
04971E
04971F
049720
049723
049725
049728
04972A
04972B
04972D
049730
049733
049735
049736
049737
049739
04973B
04973C
04973F
049741
049742
049743
049744
049747
049748
04974A
04974D
04974E
049750
049752
049755
049757
049759
04975B
04975D
04975E
049760
049762
049764
049765
049767
049769
04976A
04976D
04976F
049772
049774
049777
049779
04977C
04977E
049780
049783
049786
049788
04978A
04978B
04978E
049790
049793
049794
049797
049798
04979A
04979D
0497A0
0497A2
0497A5
0497A8
0497AA
0497AD
0497AE
0497B1
0497B4
0497B7
0497B9
0497BC
0497BF
0497C1
0497C4
0497C5
0497C8
0497CB
0497CE
0497D0
0497D3
0497D5
0497D7
0497DA
0497DC
0497DE
0497E1
0497E3
0497E6
0497E8
0497EA
0497ED
0497EF
0497F1
0497F4
0497F7
0497FA
0497FC
0497FE
049801
049803
049806
049807
04980A
04980B
04980E
049811
049814
049815
049818
04981B
04981E
049820
049823
049824
049825
049828
04982B
04982C
04982D
04982E
04982F
049831
049833
049836
049838
04983A
04983D
04983F
049841
049844
049847
049849
04984C
04984E
04984F
049850
049851
049852
049855
049858
04985A
04985D
04985E
049860
049861
049864
049866
049869
04986B
04986E
049870
049873
049875
049878
04987A
04987C
04987D
04987E
04987F
049880
049882
049884
049885
049887
04988A
04988C
04988E
049891
049892
049893
049894
049895
049897
049899
04989B
04989C
04989D
04989E
04989F
0498A2
0498A4
0498A6
0498A8
0498AB
0498AD
0498AF
0498B0
0498B3
0498B5
0498B8
0498BB
0498BD
0498BF
0498C0
0498C3
0498C5
0498C6
0498C9
0498CB
0498CC
0498CF
0498D2
0498D3
0498D5
0498D7
0498D9
0498DB
0498DD
0498DE
0498DF
0498E2
0498E5
0498E6
0498E9
0498EC
0498EF
0498F1
0498F3
0498F6
0498FA
049903
049906
049908
04990A
04990B
04990E
049910
049912
049914
049917
04991A
04991B
04991C
04991D
04991E
049920
049923
049926
049927
049928
049929
04992A
04992C
04992F
049930
049931
049932
049933
049936
049938
04993A
04993E
049941
049943
049945
049946
049947
049949
04994C
04994D
04994E
049950
049954
049957
049958
04995B
04995E
049961
049963
049A24
049A26
049A29
049A2A
049A2B
049A2C
049A2F
049A32
049A35
049A38
049A3A
049A3C
049A3F
049A42
049A45
049A47
049A4A
049A4D
049A4F
049A52
049A55
049A58
049A5A
049A5D
049A60
049A63
049A66
049A69
049A6C
049A6F
049A71
049A74
049A77
049A7A
049A7D
049A80
049A83
049A85
049A87
049A89
049A8A
049A8B
049A8C
049A8D
049A8E
049A90
049A92
049A93
049A96
049A99
049A9A
049A9B
049A9C
049A9F
049AA2
049AA5
049AA8
049AAB
049AAD
049AB0
049AB1
049AB2
049AB3
049AB4
049AB7
049AB9
049ABB
049ABE
049AC0
049AC2
049AC4
049D07
049D0B
049D0C
049D0D
049D10
049D12
049D13
049D16
049D1A
049D1D
049D21
049D24
049D28
049D2A
049D2D
049D2E
049D2F
049D32
049D33
049D35
049D38
049D3A
049D3D
049D3F
049D41
049D44
049D45
049D46
049D47
049D48
049D4B
049D4C
049D4E
049D51
049D53
049D55
049D58
049D5A
049D5C
049D5F
049D60
049D61
049D64
049D65
049D67
049D6A
049D6C
049D6E
049D71
049D74
049D76
049D78
049D7C
049D7E
049D7F
049D82
049D83
049D85
049D87
049D89
049D8D
049D8F
049D93
049D94
049D95
049D96
049D97
049D99
049D9A
049D9D
049D9F
049DA2
049DA4
049DA5
049DA8
049DAA
049DAD
049DAF
049DB1
049DB4
049DB7
049DB9
049DBC
049DBF
049DC1
049DC3
049DC6
049DC9
049DCC
049DCE
049DD1
049DD4
049DD6
049DD9
049DDA
049DDD
049DE0
049DE3
049DE6
049DE9
049DEB
049DEE
049DF1
049DF4
049DF7
049DFA
049DFD
049E01
049E03
049E06
049E08
049E0B
049E0E
049E11
049E14
049E16
049E19
049E1B
049E1E
049E21
049E22
049E25
049E27
049E29
049E2C
049E2F
049E32
049E33
049E37
049E3A
049E3E
049E40
049E43
049E46
049E48
049E4B
049E4C
049E4E
049E51
049E52
049E55
049E57
049E5A
049E5D
049E5F
049E61
049E63
049E65
049E67
049E69
049E6C
049E6F
049E71
049E73
049E75
049E78
049E7A
049E7D
049E80
049E82
049E85
049E88
049E89
049E8B
049E8E
049E8F
049E91
049E93
049E95
049E96
049E98
04D6E9
04D6EB
04D6ED
04D6F0
04D6F2
04D6F4
04D6F7
04D6F9
04D6FC
04D6FD
04D6FE
04D701
04D702
04D705
04D708
04D70A
04D70D
04D70F
04D712
04D714
04D718
04D71C
04D71E
04D720
04D722
04D723
04D726
04D728
04D72B
04D72D
04D72F
04D731
04D733
04D736
04D738
04D73B
04D73D
04D73F
04D741
04D743
04D746
04D749
04D74B
04D74E
04D750
04D754
04D757
04D758
04D75A
04D75D
04D75E
04D75F
04D760
04D763
04D765
04D767
04D76A
04D76C
04D76F
04D770
04D774
04D778
04D77C
04D780
04D784
04D788
04D78C
04D790
04D794
04D798
04D79C
04D7A0
04D7A4
04D7A8
04D7AC
04D7B0
04D7B4
04D7B8
04D7BC
04D7C0
04D7C4
04D7C8
04D7CC
04D7D0
04D7D4
04D7D8
04D7DC
04D7E0
04D7E4
04D7E8
04D7EC
04D7F0
04D7F1
04D7F2
04D7F4
04D7F7
04D7F9
04D7FB
04D7FD
04D7FF
04D801
04D803
04D805
04D807
04D809
04D80B
04D80D
04D80F
04D811
04D813
04D815
04D817
04D819
04D81B
04D81D
04D820
04D822
04D825
04D827
04D829
04D82B
04D82C
04D82E
04D831
04D832
04D834
04D836
04D838
04D83A
04D83C
04D83E
04D840
04D841
04D845
04D847
04D849
04D84A
04D84D
04D84F
04D851
04D854
04D856
04D858
04D85A
04D85C
04DA49
04DA4B
04DA4D
04DA50
04DA51
04DA52
04DA53
04DA54
04DA56
04DA59
04DA5A
04DA5C
04DA5F
04DA63
04DA65
04DA67
04DA6A
04DA6C
04DA6E
04DA71
04DA72
04DA73
04DA77
04DA78
04DA7B
04DA7D
04DA7F
04DA81
04DA83
04DA87
04DA89
04DA8A
04DA8C
04DA8F
04DA93
04DA95
04DA98
04DA9D
04DA9F
04DAA2
04DAA4
04DAA7
04DAA9
04DAAC
04DAAD
04DAAE
04DAB1
04DAB2
04DABA
04DABC
04DABE
04DAC0
04DAC2
04DAC4
04DAC6
04DAC7
04DAC9
04DACD
04DACE
04DACF
04DAD1
04DAD3
04DAD6
04DAD8
04DADA
04DADC
04DADD
04DADF
04DAE3
04DAE4
04DAE5
04DAE7
04DAE9
04DAEA
04DAEC
04DAEE
04DAEF
04DAF1
04DAF4
04DB18
04DB1A
04DB1D
04DB20
04DB21
04DB24
04DB27
04DB28
04DB2B
04DB2E
04DB30
04DB33
04DB34
04DB37
04DB3A
04DB3B
04DB3E
04DB41
04DB43
04DB46
04DB49
04DB4C
04DB4F
04DB52
04DB53
04DB56
04DB57
04DB5A
04DB5C
04DB5F
04DB61
04DB64
04DB65
04DB67
04DB6A
04DB6B
04DB6D
04DB6E
04DB70
04DB71
04DB74
04DB76
04DB78
04DB7A
04DB7C
04DB7E
04DB81
04DB84
04DB87
04DB88
04DB89
04DB8A
04DB8B
04DB8D
04DB8F
04DB91
04DB93
04DB95
04DB97
04DB99
04DB9C
04DB9D
04DBA0
04DBA1
04DBA2
04DBA3
04DBA6
04DBA7
04DBAB
04DBAE
04DBB2
04DBB4
04DBB7
04DBB9
04DBBC
04DBBF
04DBC1
04DBC4
04DBC7
04DBCF
04DBD2
04DBD4
04DBD7
04DBDA
04DBDB
04DBDC
04DBDD
04DBE0
04DBE2
04DBE5
04DBE7
04DBE8
04DBEA
04DBEB
04DBEE
04DBF1
04DBF3
04DBF6
04DBF7
04DBFB
04DBFE
04DC01
04DC09
04DC0B
04DC0E
04DC0F
04DC10
04DC11
04DC14
04DC15
04DC19
04DC1C
04DC1E
04DC21
04DC23
04DC26
04DC28
04DC2A
04DC2C
04DC2F
04DC30
04DC33
04DC36
04DC38
04DC3A
04DC3D
04DC3F
04DC42
04DC44
04DC47
04DC49
04DC4A
04DC4D
04DC4F
04DC50
04DC51
04DC54
04DC56
04DC57
04DC5A
04DC5D
04DC60
04DC63
04DC64
04DC67
04DC69
04DC6A
04DC6C
04DC6F
04DC71
04DC74
04DC76
04DC78
04DC7A
04DC7C
04DC7E
04DC81
04DC83
04DC86
04DC87
04DC8A
04DC8C
04DC8F
04DC91
04DC93
04DC96
04DC99
04DC9C
04DC9E
04DCA0
04DCA2
04DCA5
04DCA7
04DCA9
04DCAB
04DCAD
04DCB6
04DCB7
04DCB9
04DCBB
04DCBE
04DCC0
04DCC2
04DCC4
04DCC7
04DCC9
04DCCC
04DCCD
04DCCF
04DCD1
04DCD4
04DCD5
04DCD6
04DCD9
04DCDA
04DCDC
04DCDF
04DCE1
04DCE3
04DCE4
04DCE6
04DCE8
04DCEA
04DCEE
04DCF0
04DCF2
04DCF6
04DCF8
04DCFA
04DCFB
04DCFC
04DCFD
04DCFE
04DD00
04DD03
04DD04
04DD05
04DD06
04DD09
04DD0B
04DD0C
04DD0D
04DD10
04DD12
04DD13
04DD15
04DD19
04DD1A
04DD1B
04DD1D
04DD21
04DD22
04DD23
04DD25
04DD29
04DD2A
04DD2B
04DD2D
04DD31
04DD33
04DD35
04DD37
04DD39
04DD3B
04DD3E
04DD3F
04DD40
04DD42
04DD44
04DD47
04DD49
04DD4B
04DD4D
04DD50
04DD51
04DD54
04DD56
04DD57
04DD59
04DD5B
04DD5C
04DD5E
04DD60
04DD62
04DD64
04DD68
04DD69
04DD6A
04DD6C
04DD6E
04DD71
04DD73
04DD75
04DD77
04DD79
04DD7D
04DD7E
04DD80
04DD82
04DD83
04DD85
04DD87
04DD8A
04DD8C
04E453
04E455
04E457
04E459
04E45A
04E45C
04E45D
04E45E
04E45F
04E460
04E463
04E467
04E469
04E46A
04E46C
04E46D
04E46E
04E470
04E474
04E477
04E47B
04E47E
04E481
04E483
04E486
04E488
04E48B
04E48E
04E491
04E493
04E495
04E496
04E498
04E49B
04E49C
04E49D
04E49E
04E4A2
04E4A3
04E4A7
04E4A9
04E4AB
04E4AD
04E4AF
04E4B1
04E4B3
04E4B5
04E4B8
04E4BA
04E4BD
04E4BF
04E4C2
04E4C4
04E4C7
04E4CA
04E4CD
04E4CF
04E4D0
04E4D3
04E4D5
04E4D7
04E4DA
04E4DC
04E4DE
04E4E0
04E4E4
04E4E5
04E4E7
04E4EB
04E4EC
04E4ED
04E4EF
04E4F0
04E4F3
04E4F5
04E4F6
04E4F7
04E4FA
04E4FB
04E4FE
04E4FF
04E501
04E503
04E505
04E506
04E507
04E50A
04E50C
04E50F
04E511
04E512
04E515
04E516
04E519
04E51B
04E51D
04E51F
04E520
04E523
04E525
04E527
04E52A
04E52C
04E52E
04E530
04E534
04E535
04E537
04E53B
04E53C
04E53D
04E53F
04E540
04E543
04E545
04E546
04E547
04E54A
04E54B
04E54E
04E54F
04E551
04E553
04E555
04E556
04E557
04E55A
04E55C
04E55F
04E561
04E562
04E565
04E566
04E569
04E56B
04E56D
04E56F
04E570
04E573
04E5EE
04E5F1
04E5F3
04E5F5
04E5F8
04E5FB
04E5FD
04E600
04E602
04E604
04E607
04E609
04E60A
04E60D
04E60E
04E60F
04E610
04E611
04E614
04E618
04E61A
04E61C
04E61F
04E622
04E632
04E633
04E635
04E637
04E63A
04E63C
04E63F
04E640
04E643
04E646
04E649
04E64A
04E64B
04E64C
04E64D
04E64E
04E651
04E652
04E654
04E657
04E659
04E65C
04E65F
04E661
04E663
04E665
04E668
04E66B
04E66D
04E66F
04E671
04E674
04E676
04E677
04E679
04E67B
04E67F
04E681
04E682
04E684
04E686
04E689
04E68A
04E68D
04E68E
04E68F
04E690
04E692
04E694
04E696
04E699
04E69B
04E69F
04E6A0
04E6A2
04E6A5
04E6A7
04E6AB
04E6AD
04E6AE
04E6B0
04E6B3
04E6B4
04E6B7
04E6BA
04E6BC
04E6C0
04E6C2
04E6C4
04E6C5
04E6C6
04E6C9
04E6CA
04E6CC
04E6D0
04E6D2
04E6D3
04E6D6
04E6D9
04E6DA
04E6DB
04E6DD
04E6E1
04E6E4
04E6E8
04E6EB
04E6EE
04E6F0
04E6F2
04E6F5
04E6F8
04E6F9
04E6FC
04E6FE
04E700
04E702
04E705
04E706
04E707
04E708
04E70C
04E70F
04E713
04E715
04E718
04E719
04E71A
04E71D
04E71E
04E720
04E722
04E723
04E724
04E725
04E727
04E729
04E72C
04E72E
04E730
04E731
04E732
04E735
04E737
04E73A
04E73C
04E73F
04E741
04E744
04E747
04E749
04E74C
04E74F
04E752
04E755
04E759
04E75A
04E75E
04E761
04E763
04E765
04E768
04E76B
04E76C
04E76F
04E771
04E775
04E776
04E778
04E77C
04E77D
04E77E
04E781
04E783
04E786
04E788
04E78B
04E78C
04E78E
04E790
04E793
04E79B
04E79C
04E7A0
04E7A1
04E7A2
04E7A5
04E7A7
04E7A9
04E7AB
04E7AD
04E7B1
04E7B2
04E7B3
04E7B4
04E7B5
04E7B6
04E7B9
04E7BB
04E7BD
04E7E5
04E7E7
04E7E9
04E7EB
04E7EC
04E7ED
04E7F0
04E7F1
04E7F3
04E7F5
04E7F6
04E7F7
04E7FA
04E7FC
04E7FF
04E801
04E802
04E805
04E806
04E809
04E80B
04E80D
04E80E
04E80F
04E812
04E815
04E816
04E819
04E81A
04E81C
04E81E
04E820
04E823
04E824
04E827
04E829
04E82D
04E82E
04E830
04E834
04E835
04E836
04E839
04E83B
04E83E
04E840
04E843
04E844
04E846
04E848
04E84B
04E84D
04E84F
04E850
04E851
04E852
04E853
04E856
04E857
04E859
04E85B
04E85C
04E860
04E861
04E862
04E865
04E867
04E869
04E86B
04E86D
04E871
04E872
04E873
04E874
04E875
04E876
04E879
04E87B
04E87D
04E87F
04E880
04E881
04E884
04E885
04E888
04E889
04E88B
04E88C
04E88F
04E890
04E893
04E894
04E898
04E899
04E89A
04E89C
04E89D
04E89E
04E89F
04E8A3
04E8A4
04E8A5
04E8A7
04E8A9
04E8AB
04E8AC
04E8AD
04E8B0
04E8B1
04E8B3
04E8B5
04E8B6
04E8B7
04E8BA
04E8BC
04E8BF
04E8C1
04E8C2
04E8C5
04E8C6
04E8C9
04E8CB
04E8CD
04E8CE
04E8CF
04E8D2
04E8D5
04E8D6
04E8D9
04E8DA
04E8DC
04E8DE
04E8E0
04E8E3
04E9EC
04E9EF
04E9F1
04E9F3
04E9F7
04E9F9
04E9FA
04E9FC
04E9FF
04EA01
04EA04
04EA07
04EA0A
04EA0C
04EA0D
04EA10
04EA11
04EA12
04EA13
04EA14
04EA17
04EA1B
04EA1E
04EA21
04EA24
04EA25
04EA26
04EA2A
04EA2C
04EA2D
04EA2E
04EA2F
04EA31
04EA35
04EA37
04EA3B
04EA3D
04EA3F
04EA42
04EA44
04EA46
04EA48
04EA4B
04EA4E
04EA50
04EA52
04EA54
04EA56
04EA5A
04EA5C
04EA5D
04EA5F
04EA62
04EA65
04EA68
04EA6A
04EA6D
04EA70
04EA73
04EA74
04EA76
04EA78
04EA7A
04EA7D
04EA80
04EA81
04EA82
04EA84
04EA85
04EA86
04EA88
04EA89
04EA8B
04EA8D
04EA90
04EA93
04EA96
04EA99
04EA9B
04EA9E
04EAA0
04EAA3
04EAA4
04EAA7
04EAA9
04EAAB
04EAAE
04EAB1
04EAB4
04EAB6
04EAB9
04EABC
04EABF
04EAC1
04EAC3
04EAC5
04EAC8
04EAC9
04EACC
04EACE
04EAD1
04EAD4
04EAD7
04EADA
04EADC
04EADF
04EAE2
04EAE4
04EAE5
04EAE7
04EAE9
04EAEB
04EAED
04EAEF
04EAF1
04EAF4
04EAF8
04EAFB
04EAFF
04EB01
04EB03
04EB07
04EB09
04EB0A
04EB0C
04EB0E
04EB11
04EB13
04EB16
04EB17
04EB19
04EB1A
04EB1B
04EB1C
04EB1D
04EB1E
04EB20
04EB22
04EB24
04EB25
04EB27
04EB29
04EB2C
04EB2E
04EB30
04EB32
04EB35
04EB36
04EB38
04EB3A
04EB3D
04EB40
04EB42
04EB44
04EB46
04EB48
04EB4B
04EB4F
04EB51
04EB53
04EBEB
04EBEE
04EBF0
04EBF3
04EBF4
04EBF7
04EBFA
04EBFC
04EBFE
04EC00
04EC02
04EC03
04EC06
04EC07
04EC08
04EC09
04EC0A
04EC0D
04EC0F
04EC12
04EC14
04EC17
04EC19
04EC1B
04EC1C
04EC1F
04EC20
04EC22
04EC23
04EC24
04EC25
04EC26
04EC29
04EC2B
04EC2E
04EC30
04EC32
04EC34
04EC36
04EC37
04EC3A
04EC3D
04EC3F
04EC40
04EC43
04EC46
04EC48
04EC4B
04EC4E
04EC51
04EC52
04EC53
04EC54
04EC55
04EC56
04EC58
04EC5A
04EC5D
04EC60
04EC63
04EC66
04EC67
04EC6A
04EC6B
04EC6D
04EC6F
04EC72
04EC73
04EC75
04EC77
04EC78
04EC7A
04EC7C
04EC7E
04EC81
04EC83
04EC86
04EC89
04EC8A
04EC8B
04EC8F
04EC90
04EC93
04EC95
04EC97
04EC9B
04EC9D
04EC9E
04ECA0
04ECA2
04ECA4
04ECA7
04ECA8
04ECAA
04ECAC
04ECAF
04ECB2
04ECB5
04ECB7
04ECB8
04ECB9
04ECBD
04ECBE
04ECBF
04ECC0
04ECC1
04ECC4
04ECC8
04ECCA
04ECCD
04ECCF
04ECD2
04ED83
04ED85
04ED87
04ED89
04ED8C
04ED8E
04ED91
04ED94
04ED95
04ED96
04ED9A
04ED9B
04ED9E
04EDA0
04EDA2
04EDA6
04EDA8
04EDA9
04EDAB
04EDAD
04EDAF
04EDB2
04EDB5
04EDB6
04EDB7
04EDBB
04EDBD
04EDC1
04EDC2
04EDC3
04EDC5
04EDC7
04EDCB
04EDCC
04EDD0
04EDD2
04EDD4
04EDD6
04EDD9
04EDDB
04EDDD
04EDDE
04EDDF
04EDE0
04EDE1
04EDE5
04EDE6
04EDE8
04EDEC
04EDED
04EDF0
04EDF4
04EDF7
04EDFB
04EDFF
04EE01
04EE05
04EE06
04EE07
04EE09
04EE0D
04EE0E
04EE0F
04EE11
04EE15
04EE16
04EE17
04EE19
04EE1D
04EE20
04EE24
04EE25
04EE26
04EE29
04EE2D
04EE2F
04EE30
04EE32
04EE34
04EE36
04EE38
04EE3B
04EE3C
04EE3D
04EE3E
04EE42
04EE44
04EE47
04EE48
04EE49
04EE4C
04EE4D
04EE4F
04EE52
04EE54
04EE57
04EE59
04EE5D
04EE60
04EE62
04EE65
04EE68
04EE6B
04EE6E
04EE72
04EE73
04EE77
04EE79
04EEAA
04EEAC
04EEAE
04EEB0
04EEB2
04EEB4
04EEB6
04EEB9
04EEBB
04EEBE
04EEC0
04EEC3
04EEC6
04EEC7
04EEC8
04EECC
04EECE
04EED2
04EED3
04EED6
04EED9
04EEDC
04EEDE
04EEDF
04EEE0
04EEE1
04EEE2
04EEE4
04EEE8
04EEE9
04EEEC
04EEF0
04EEF1
04EEF2
04EEF5
04EEF6
04EEF8
04EEFB
04EEFF
04EF03
04EF05
04EF09
04EF0A
04EF0B
04EF0D
04EF11
04EF12
04EF13
04EF15
04EF19
04EF1A
04EF1B
04EF1D
04EF21
04EF22
04EF23
04EF26
04EF27
04EF2A
04EF2D
04EF30
04EF32
04EF33
04EF34
04EF35
04EF36
04EF38
04EF3B
04F290
04F293
04F295
04F297
04F29A
04F29B
04F29E
04F2A0
04F2A2
04F2A4
04F2A6
04F2A9
04F2AB
04F2AD
04F2B0
04F2B3
04F2B6
04F2BA
04F2BD
04F2C1
04F2C4
04F2C8
04F2CB
04F2CF
04F2D1
04F2D5
04F2D9
04F2DB
04F2DE
04F2E2
04F2E5
04F2E9
04F2EB
04F2EF
04F2F0
04F2F2
04F2F4
04F2F6
04F2F8
04F2FB
04F2FC
04F2FE
04F300
04F304
04F307
04F309
04F30C
04F30E
04F311
04F314
04F317
04F31A
04F31C
04F31E
04F31F
04F321
04F324
04F327
04F32A
04F32B
04F32F
04F330
04F332
04F334
04F336
04F338
04F33A
04F33E
04F342
04F343
04F347
04F349
04F34A
04F34C
04F34E
04F350
04F351
04F353
04F355
04F357
04F358
04F35B
04F35D
04F360
04F362
04F365
04F368
04F369
04F36A
04F36C
04F36F
04F370
04F371
04F372
04F373
04F375
04F378
04F37A
04F37B
04F37D
04F37F
04F381
04F383
04F385
04F386
04F389
04F38B
04F38E
04F390
04F392
04F394
04F396
04F397
04F398
04F399
04F39B
04F39C
04F39D
04F3A1
04F3A2
04F3A3
04F3A4
04F3A5
04F3A6
04F3AA
04F3AE
04F3B2
04F3B3
04F3B4
04F3B5
04F3B6
04F3B7
04F3B9
04F3BA
04F3BC
04F3BE
04F3BF
04F3C3
04F3C7
04F3C8
04F3C9
04F3CD
04F3D1
04F3D2
04F3D3
04F3D5
04F3D6
04F3D9
04F3DA
04F3DD
04F3E0
04F3E2
04F3E3
04F3E4
04F3E5
04F3E6
04F3FA
04F3FE
04F3FF
04F401
04F404
04F407
04F409
04F40B
04F40D
04F410
04F415
04F417
04F41A
04F41D
04F420
04F423
04F426
04F429
04F42D
04F42F
04F432
04F435
04F437
04F439
04F43B
04F43D
04F43E
04F440
04F442
04F445
04F448
04F44A
04F44B
04F44C
04F450
04F453
04F454
04F456
04F457
04F459
04F45C
04F45E
04F461
04F464
04F465
04F466
04F468
04F46A
04F46D
04F46E
04F471
04F472
04F474
04F475
04F477
04F478
04F47B
04F47D
04F47F
04F482
04F485
04F486
04F487
04F488
04F489
04F48B
04F48E
04F490
04F492
04F494
04F496
04F513
04F516
04F519
04F51B
04F51D
04F520
04F523
04F526
04F52A
04F52B
04F52E
04F530
04F532
04F535
04F537
04F53B
04F53D
04F53E
04F540
04F541
04F544
04F546
04F548
04F54B
04F54E
04F54F
04F551
04F552
04F555
04F557
04F559
04F55C
04F55E
04F560
04F561
04F564
04F567
04F569
04F56C
04F56E
04F571
04F574
04F577
04F57A
04F57D
04F580
04F583
04F586
04F588
04F58A
04F58D
04F590
04F594
04F596
04F597
04F598
04F59C
04F5A0
04F5A1
04F5A4
04F5A8
04F5A9
04F5AA
04F5AC
04F5AD
04F5AF
04F5B2
04F5B4
04F5B7
04F5BB
04F5BF
04F5C2
04F5C4
04F5C7
04F5CB
04F5CF
04F5D1
04F5D4
04F5D7
04F5D9
04F5DB
04F5DE
04F5DF
04F5E0
04F5E2
04F5E5
04F5E9
04F5EC
04F5F0
04F5F3
04F5F7
04F5FA
04F5FE
04F600
04F603
04F606
04F607
04F608
04F60A
04F60B
04F60E
04F60F
04F610
04F614
04F615
04F617
04F619
04F61A
04F61B
04F61F
04F620
04F624
04F675
04F676
04F677
04F678
04F67A
04F67C
04F67F
04F682
04F684
04F686
04F688
04F68F
04F692
04F695
04F698
04F69B
04F69E
04F6A1
04F6A4
04F6A7
04F6A8
04F6A9
04F6AB
04F6AC
04F6AD
04F6AF
04F6B1
04F6B4
04F6B7
04F6B8
04F6BB
04F6BE
04F6BF
04F6C2
04F6C5
04F6C6
04F6C7
04F6C9
04F6CA
04F6CC
04F6CE
04F6CF
04F708
04F70A
04F70D
04F70F
04F712
04F714
04F716
04F717
04F719
04F71C
04F71E
04F71F
04F722
04F724
04F725
04F728
04F72B
04F72E
04F731
04F733
04F736
04F738
04F73B
04F73E
04F740
04F743
04F745
04F748
04F749
04F74A
04F74B
04F74E
04F750
04F753
04F755
04F758
04F75B
04F75E
04F761
04F764
04F767
04F768
04F769
04F76B
04F76E
04F770
04F773
04F775
04F777
04F77A
04F77D
04F77F
04F780
04F783
04F786
04F787
04F788
04F789
04F78B
04F78D
04F78E
04F791
04F793
04F796
04F797
04F79A
04F79C
04F79E
04F79F
04F7A2
04F7A4
04F7A7
04F7A8
04F7AB
04F7AC
04F7AE
04F7B0
04F7B1
04F7B4
04F7B5
04F7B7
04F7B9
04F7BB
04F7BD
04F7BF
04F7C2
04F7C5
04F7C7
04F7CA
04F7CC
04F7CE
04F7D1
04F7D4
04F7D5
04F7D8
04F7DA
04F7DC
04F7DE
04F7E0
04F7E1
04F7E3
04F7E6
04F7E9
04F7EA
04F7ED
04F7EE
04F7F0
04F7F2
04F7F3
04F7F5
04F7F7
04F7FA
04F7FD
04F7FF
04F801
04F803
04F805
04F808
04F80A
04F80D
04F80F
04F811
04F814
04F817
04F819
04F81A
04F81D
04F81E
04F821
04F824
04F825
04F826
04F828
04F853
04F856
04F858
04F85B
04F87C
04F87F
04F882
04F884
04F887
04F889
04F88B
04F88E
04F890
04F892
04F895
04F896
04F897
04F898
04F89B
04F89C
04F89F
04F8A1
04F8A3
04F8A5
04FA3E
04FA41
04FA43
04FA46
04FA47
04FA49
04FA4B
04FA4D
04FA4E
04FA51
04FA54
04FA57
04FA5A
04FA5D
04FA60
04FA63
04FA66
04FA69
04FA6A
04FA6B
04FA6C
04FA6E
04FA70
04FA73
04FA75
04FA78
04FA7A
04FA7D
04FA7F
04FA82
04FA83
04FA86
04FA89
04FA8B
04FA8D
04FA90
04FA93
04FA96
04FA99
04FA9B
04FA9E
04FAA1
04FAA4
04FAA6
04FAA9
04FAAB
04FAAD
04FAAF
04FAB0
04FAB1
04FAB3
04FAB5
04FAB7
04FAB9
04FABA
04FABD
04FAC0
04FAC1
04FAC3
04FAC5
04FAC9
04FACB
04FACC
04FACF
04FAD1
04FAD2
04FAD3
04FAD4
04FAD5
04FAD8
04FAD9
04FADA
04FADD
04FADF
04FAE1
04FAE2
04FAE5
04FAE7
04FAE9
04FAEB
04FAEC
04FAED
04FAEE
04FB06
04FB07
04FB0A
04FB0D
04FB0E
04FB11
04FB13
04FB15
04FB17
04FB1A
04FB1C
04FB1E
04FB1F
04FB21
04FB24
04FB25
04FB26
04FB27
04FB28
04FB29
04FB2A
04FB2B
04FB2C
04FB2E
04FB31
04FB32
04FB33
04FB34
04FB35
04FB36
04FB37
04FB39
04FB3C
04FB3E
04FB41
04FB44
04FB47
04FB49
04FB4B
04FB4C
04FB4F
04FB52
04FB54
04FB56
04FB57
04FB5A
04FB5D
04FB5F
04FB61
04FB64
04FB66
04FB69
04FB6B
04FB6D
04FB6E
04FB71
04FB73
04FB75
04FB77
04FB78
04FB7A
04FB7B
04FB7E
04FB81
04FB84
04FB98
04FB9B
04FB9D
04FBA0
04FBA1
04FBA3
04FBA5
04FC46
04FC49
04FC4A
04FC4B
04FC4C
04FC4F
04FC50
04FC51
04FC54
04FC57
04FC5A
04FC5D
04FC60
04FC63
04FC66
04FC69
04FC6B
04FC6D
04FC6F
04FC72
04FC73
04FC75
04FC77
04FC79
04FC7C
04FC7E
04FC80
04FC82
04FC84
04FC86
04FC89
04FC8C
04FC8D
04FC8E
04FC8F
04FC92
04FC95
04FC96
04FC98
04FC99
04FC9C
04FC9D
04FC9F
04FCA1
04FCA3
04FCA5
04FCA7
04FCA8
04FCAB
04FCAD
04FCAF
04FCB1
04FCB2
04FCB3
04FCB5
04FCB7
04FCB9
04FCBA
04FCBC
04FCBE
04FCC0
04FCC2
04FCC4
04FCC5
04FCC7
04FCC9
04FCCA
04FCCC
04FCCE
04FCD0
04FCD2
04FCD4
04FCD5
04FCD6
04FCD9
04FCDB
04FCDD
04FCE0
04FCE1
04FCE4
04FCE6
04FCE8
04FCEA
04FCEC
04FCEF
04FCF1
04FCF2
04FCF4
04FCF6
04FCF7
04FCF9
04FCFC
04FCFE
04FCFF
04FD01
04FD03
04FD05
04FD07
04FD09
04FD24
04FD27
04FD2A
04FD2D
04FD2F
04FD32
04FD34
04FD36
04FD37
04FD39
04FD3C
04FD3F
04FD42
04FD43
04FD45
04FD48
04FD4A
04FD4B
04FD4C
04FD4E
04FD4F
04FD52
04FD55
04FD58
04FD59
04FD5C
04FD5F
04FD62
04FD64
04FD65
04FD67
04FD68
04FD69
04FD6C
04FD6F
04FD70
04FD73
04FD76
04FD79
04FD7C
04FD7F
04FD81
04FD83
04FD85
04FD88
04FD8A
04FD8C
04FD8E
04FD8F
04FD90
04FD91
04FD93
04FD95
04FD96
04FD99
04FD9B
04FD9D
04FD9E
04FDA1
04FDA3
04FDA5
04FDA7
04FDAA
04FDAC
04FDAE
04FDAF
04FDB1
04FDB4
04FDB7
04FDB9
04FDBC
04FDBD
04FDBE
04FDC0
04FDC1
04FDC3
04FDC6
04FDC7
04FDC8
04FDCA
04FDCB
04FDCD
04FDD0
04FDD2
04FDD5
04FDD6
04FDD9
04FDDB
04FDDD
04FE4E
04FE50
04FE51
04FE54
04FE56
04FE5A
04FE5B
04FE5D
04FE5E
04FE61
04FE62
04FE63
04FE64
04FE66
04FE67
04FE69
04FE6C
04FE6F
04FE71
04FE72
04FE75
04FE77
04FE79
04FE7B
04FE7D
04FE80
04FE81
04FE84
04FE86
04FE87
04FE8A
04FE8D
04FE8F
04FE90
04FE91
04FE92
04FE94
04FE95
04FE98
04FE9B
04FE9D
04FEA0
04FEA1
04FEA2
04FEA4
04FEA5
04FEA8
04FEAB
04FEAE
04FEAF
04FEB0
04FEB1
04FEB2
04FEB3
04FEB6
04FEB9
04FEBC
04FEBD
04FEBE
04FEBF
04FEC0
04FEC1
04FEC3
04FEC4
04FEC6
04FEC8
04FEC9
04FECC
04FECF
04FED0
04FED3
04FED6
