028008
028009
02800C
02800E
028011
028012
028014
028017
028019
02801C
02801E
02801F
028042
028044
028047
028048
028049
02804B
02804D
028051
028053
028054
028056
028058
02805A
02805C
02805F
028061
028062
028064
028066
028068
02806A
02806D
028070
028071
028086
028089
02808A
02808D
02808F
028092
028095
028097
028099
02809C
02809F
0280A1
0280A4
0280A5
0280A8
0280A9
0280AB
0280AD
0280AF
0280B2
0280B5
0280B6
0280B8
0280BA
0280BC
0280C0
0280C2
0280C4
0280C7
0280C8
0280C9
0280CB
0280CD
0280CF
0280D0
0280D2
0280D3
0280D5
0280D7
0280D9
0280DA
0280DC
0280DD
0280DF
0280E1
0280E3
0280E4
0280E6
0280E8
0280E9
0280EA
0280EC
0280ED
0280EF
0280F0
0280F3
0280F5
0280F7
0280F8
0280FB
0280FD
0280FF
028101
028103
028104
028105
028108
028109
02810B
02810E
028110
028113
028115
028118
02811A
02811B
02811C
02811E
02811F
028120
028122
028125
028126
028127
028128
028129
02812B
02812E
028130
028132
028134
028136
028139
02813B
02813E
028140
028141
028144
028146
028148
02814B
02814C
02814D
02814F
028150
028151
028152
028156
028157
02815B
02815F
028161
028164
028166
028168
02816A
02816D
02816F
028172
028174
028177
02827D
02827F
028282
028284
028285
028287
028289
02828A
02828D
02828E
028291
028293
028294
028296
028297
028298
02829B
02829E
0282A0
0282A1
0282A4
0282A6
0282A9
0282AB
0282AD
0282AF
0282B2
0282B3
0282B4
0282B5
0282B6
0282B9
0282BB
0282BE
0282C0
0282C3
0282C6
0282C9
0282CB
0282CD
0282D0
0282D2
0282D5
0282D8
0282DA
0282DC
0282DD
0282DE
0282E0
0282E2
0282E4
0282E6
0282E7
0282E9
0282ED
0282F0
0282F2
0282F5
0282F7
0282F8
0282FA
0282FE
0282FF
028300
028302
028305
028307
02830A
02830C
028310
028313
028315
028318
02831A
02831B
02831C
02831D
02831E
02831F
028321
028323
028326
028328
02832A
02832C
02832F
028331
028333
028334
028335
028337
02833A
02833D
028340
028343
028346
028349
02834C
02834F
028351
028352
028353
028354
028355
028357
028359
02835C
02835E
02835F
028361
028363
028367
028368
02836A
02836B
02836C
02836D
02836E
02836F
028371
028374
028376
028378
02837B
02837E
028380
028382
028384
028387
02838A
02838D
028390
028393
028396
028398
02839A
02839C
02839E
0283A0
0283A2
0283A6
0283A7
0283AB
0283AD
0283AF
0283B2
0283B4
0283B7
0283B9
0283BC
0283BE
0283C0
0283C2
0283C4
0283C7
0283CE
0283D1
0283D2
0283D4
0283D6
0283D9
0283DA
0283DC
0283DE
0283E0
0283E2
0283E5
0283E7
0283E9
0283EC
0283EE
0283F1
0283F4
0283F5
0283F7
0283F8
0283FB
0283FC
0283FD
0283FE
0283FF
028400
028401
028404
028406
028408
02840B
02840C
02840F
028411
028414
028416
028419
02841B
02841D
028420
028422
028425
028428
02842A
02842C
02842E
028430
028433
028435
028438
028439
02843D
02843E
028440
028442
028445
028448
028449
02844B
02844C
02844F
028450
028452
028454
028456
028458
02845A
02845D
02845F
028462
028464
028466
028468
02846A
02846D
02846F
028472
028473
028474
028475
028476
028478
02847B
02847D
02847E
02847F
028480
028481
028483
028484
028486
028488
02848A
02848C
02848D
02848F
028491
028492
028494
028496
028498
02849B
02849D
02849E
02849F
0284A2
0284A5
0284A6
0284A8
0284AA
0284AC
0284B0
0284B2
0284B3
0284B5
0284B7
0284B9
0284BB
0284BC
0284BE
0284C0
0284C2
0284C4
0284C6
0284C8
0284CA
0284CC
0284CE
0284D0
0284D2
0284D4
0284D6
0284D8
0284DB
0284DD
0284DF
0284E2
0284E4
0284E5
0284E7
0284E8
0284EA
0284EB
0284ED
0284EF
0284F0
0284F2
0284F5
0284F7
0284F8
0284FA
0284FD
028500
028502
028505
028507
02850A
02850C
02850F
028528
02852B
02852E
028530
028532
028534
028536
028539
02853B
02853C
02853E
02853F
028541
028544
028546
028549
02854C
02854F
028551
028552
028554
028557
02855A
02855C
02855F
028563
028564
028566
028567
02856B
02856E
028571
028573
028574
028578
02857B
02857F
028581
028582
028586
028589
02858A
02858C
02858E
02858F
028591
028593
028595
028597
028599
02859B
02859D
0285A1
0285A2
0285A5
0285A6
0285A8
0285A9
0285AB
0285AD
0285B0
0285B2
0285B3
0285B5
0285B6
0285B8
0285BA
0285BC
0285BF
0285C1
0285C2
0285C4
0285C5
0285C7
0285CA
0285CC
0285CF
0285D1
0285D4
0285D6
0285D9
0285DB
0285DE
0285DF
0285E2
0285E4
0285E6
0285E9
0285EB
0285EC
0285EE
0285EF
0285F3
0285F5
0285F8
0285FA
0285FD
028600
028602
028603
028605
028606
028608
02860B
02860E
028610
028613
028616
028618
028619
02861B
02861C
02861E
028621
028624
028626
028629
02862B
02862E
02862F
028633
028635
028636
028638
02863B
02863D
02863F
028641
028644
028646
028648
02864A
02864D
02864F
028651
028655
028657
02865A
02865C
02865F
028662
028663
028664
028666
028668
02866A
02866D
02866F
028670
028672
028675
028677
028679
02867C
02867F
028681
028684
028686
028689
02868B
02868C
02868F
028692
028694
028696
028699
02869B
02869C
02869F
0286A2
0286A4
0286A6
0286A9
0286AC
0286AF
0286B2
0286B5
0286B7
0286BA
0286BB
0286BD
0286BE
0286BF
0286C2
0286C4
0286C5
0286C6
0286C7
0286CA
0286CC
0286CF
0286D1
0286D4
0286D6
0286D9
0286DB
0286DC
0286DE
0286E1
0286E3
0286E5
0286E8
0286EB
0286EC
0286ED
0286EF
0286F2
0286F4
0286F5
0286F7
0286F8
0286FA
0286FD
0286FF
028702
028704
028707
028709
02870C
02870F
028711
028713
028714
028716
028719
02871B
02871D
028720
028722
028723
028725
028728
02872A
02872C
02872F
028731
028734
028736
028739
028752
028754
028756
028758
02875B
02875C
02875F
028760
028763
028764
028766
028769
02876B
02876E
028773
028775
028777
028779
02877D
028780
028782
028784
028788
028792
028794
028797
028799
02879A
02879C
02879F
0287A1
0287A3
0287A6
0287A9
0287AC
0287AE
0287B0
0287B2
0287B3
0287B5
0287B6
0287B8
0287B9
0287BB
0287BC
0287BF
0287C1
0287C4
0287C6
0287C9
0287CA
0287CC
0287CE
0287D0
0287D3
0287D5
0287D7
0287DA
0287DC
0287DE
0287DF
0287E1
0287E2
0287E4
0287E5
0287E7
0287E8
0287EC
0287ED
0287EF
0287F0
0287F2
0287F3
0287F5
0287F6
0287F8
0287F9
0287FB
0287FC
0287FE
0287FF
028801
028802
028804
028807
028809
02880B
02880D
02880F
028810
028813
028816
028818
02881A
02881C
02881E
028820
028823
028824
028827
02882A
02882C
02882D
028830
028832
028835
028837
02883A
02883C
02883F
028841
028844
028846
028849
02884C
02884D
02884E
028850
028852
028855
028858
02885B
02885E
02885F
028861
028864
028866
028869
02886B
02886E
028871
028873
028875
028877
02887A
02887D
02887F
028881
028883
028885
028887
028889
02888B
02888D
02888F
028891
028893
028896
028898
02889A
02889D
0288A0
0288DC
0288DE
0288E0
0288E2
0288E4
0288E6
0288E8
0288EA
0288EC
0288EE
0288F0
0288F2
0288F5
0288F7
0288F9
0288FB
0288FD
028901
028902
028905
028907
02890A
02890C
02890D
02890F
028911
028914
028916
028918
02891B
02891E
02891F
028921
028922
028925
028927
02892A
02892D
028930
028932
028933
028934
028936
028937
02893A
02893D
02893F
028941
028943
028945
028947
028949
02894B
02894C
02894F
028953
028956
028958
02895A
02895C
02895F
028967
028969
02896C
02896F
028972
028974
028976
028978
02897B
02897D
02897F
028981
028984
028987
0289A5
0289A7
0289A9
0289AB
0289AD
0289AF
0289B0
0289B1
0289B2
0289B3
0289B4
0289B7
0289BA
0289BD
0289BF
0289C0
0289C4
0289C5
0289C7
0289C9
0289CC
0289CD
0289CF
0289D1
0289D3
0289D5
0289D7
0289D9
0289DB
0289DD
0289DF
0289E1
0289E4
0289E6
0289E8
0289EB
0289ED
0289EF
0289F1
0289F3
0289F4
0289F6
0289F9
0289FB
0289FE
028A01
028A03
028A05
028A07
028A0D
028A0F
028A11
028A13
028A16
028A18
028A1A
028A1C
028A1F
028A22
028A24
028A26
028A29
028A2A
028A2C
028A2D
028A2E
028A2F
028A30
028A32
028A35
028A36
028A39
028A3C
028A40
028A44
028A45
028A47
028A4A
028A4C
028A4D
028A4F
028A50
028A52
028A55
028A57
028A5A
028A5C
028A5F
028A61
028A64
028A65
028A66
028A68
028A6B
028A6D
028A6E
028A7D
028A81
028A84
028A86
028A89
028A8B
028A8E
028A90
028A91
028A93
028A96
028A98
028A9A
028A9D
028AA0
028AA3
028AA5
028AA8
028AB1
028AB2
028AB3
028AB4
028AB7
028AB9
028ABC
028ABE
028AC1
028AC3
028AC6
028AC8
028ACA
028ACD
028ACF
028AD2
028AD5
028AD8
028ADA
028ADC
028ADE
028ADF
028AE0
028AE1
028AE2
028AE3
028AE4
028AE6
028AE9
028AEB
028AEE
028AF5
028AF7
028AF9
028AFB
028AFD
028AFF
028B01
028B05
028B08
028B0B
028B0E
028B11
028B14
028B17
028B1A
028B1D
028B20
028B23
028B25
028B27
028B29
028B2B
028B2E
028B30
028B33
028B35
028B39
028B3B
028B3C
028B3E
028B41
028B44
028B46
028B48
028B49
028B4B
028B4D
028B4F
028B51
028B53
028B56
028B59
028B5B
028B5E
028B61
028B65
028B66
028B67
028B69
028B6C
028B6E
028B71
028B74
028B75
028B77
028B94
028BB0
028BB1
028BB2
028BB3
028BB6
028BB7
028BB8
028CC4
028CC6
028CC8
028CCB
028CCC
028CCE
028CD0
028CD3
028CD5
028CD7
028CDA
028CDB
028CDD
028CDF
028CE2
028CE4
028CE6
028CE8
028CEA
028CEC
028CF0
028CF4
028CF6
028CFA
028CFD
028CFF
028D02
028D05
028D06
028D08
028D0A
028D0D
028D0F
028D11
028D13
028D16
028D19
028D1A
028D1C
028D1E
028D20
028D23
028D26
028D29
028D2C
028D2D
028D2F
028D31
028D33
028D35
028D38
028D39
028D3A
028D3B
028D3C
028D3E
028D41
028D4F
028D52
028D54
028D57
028D59
028D5B
028D5E
028D60
028D62
028D65
028D66
028D68
028D6A
028D6C
028D6E
028D70
028D72
028D75
028D78
028D79
028D7B
028D7C
028D7D
028D7F
028D81
028D82
028D84
028D86
028D88
028D89
028D8B
028D8E
028D91
028D92
028D94
028D95
028D97
028D99
028D9B
028D9E
028DA1
028DA2
028DA4
028DA6
028DA8
028DAB
028DAE
028DAF
028DB0
028DB2
028DB4
028DB6
028DB9
028DBC
028DBF
028DC1
028DC3
028DC6
028DC7
028DC8
028DC9
028DCA
028DCC
028DCF
028DD1
028DD3
028DD6
028DDB
028DDD
028DDF
028DE2
028DE4
028DE7
028DEA
028DEC
028DEE
028DF1
028DF4
028DF6
028DF8
028DFB
028DFE
028E01
028E02
028E05
028E07
028E0F
028E12
028E13
028E16
028E19
028E1B
028E1D
028E20
028E23
028E26
028E27
028E29
028E2B
028E2D
028E2F
028E31
028E34
028E37
028E38
028E3A
028E3C
028E3E
028E41
028E43
028E45
028E48
028E4B
028E4D
028E4F
028E52
028E54
028E56
028E58
028E5B
028E5C
028E5D
028E5E
028E5F
028E60
028E62
028E63
028E66
028E69
028E6A
028E6B
028E6C
028E6D
028E6F
028E72
028E75
028E76
028E79
028E7E
028E81
028E84
028E86
028E88
028E8B
028E8E
028E91
028E94
028E97
028E9A
028E9B
028E9D
028E9F
028EA1
028EA4
028EA7
028EA8
028EAA
028EAC
028EAE
028EB1
028EB3
028EB6
028EB9
028EBB
028EBD
028EBF
028EC2
028EC3
028EC4
028EC5
028EC6
028EC8
028ECB
028ED2
028ED5
028ED7
028EDA
028EDC
028EDE
028EE1
028EE4
028EE7
028EE8
028EEA
028EEC
028EEE
028EF1
028EF4
028EF5
028EF7
028EF9
028EFB
028EFE
028F01
028F02
028F05
028F06
028F07
028F08
028F09
028F0A
028F0C
028F0E
028F0F
028F10
028F11
028F14
028F17
028F19
028F1B
028F1E
028F21
028F22
028F23
028F24
028F25
028F27
028F2A
028F2F
028F32
028F34
028F37
028F39
028F3B
028F3E
028F40
028F42
028F44
028F47
028F4A
028F4D
028F50
028F53
028F54
028F56
028F59
028F5C
028F5E
028F60
028F61
028F63
028F66
028F69
028F6A
028F6B
028F6C
028F6D
028F70
028F73
028F75
028F77
028F7A
028F7D
028F7E
028F7F
028F80
028F81
028F83
028F86
028F87
028F8A
028F8B
028F8D
028F8F
028F91
028F93
028F95
028F97
028F9A
028F9C
028F9D
028F9E
028FA1
028FA4
028FA5
028FA8
028FAB
028FAD
028FB0
028FB2
028FB3
028FB4
028FB7
028FBA
028FBB
028FBE
028FC1
028FC3
028FC5
028FC7
028FCA
028FCD
028FCE
028FD0
028FD2
028FD5
028FD7
028FD9
028FDB
028FDD
028FE0
028FE3
028FE4
028FE6
028FE8
028FEB
028FED
028FEF
028FF1
028FF4
028FF6
028FF8
028FFA
028FFD
029000
029001
029003
029004
029005
029008
02900A
02900B
02900E
029011
029012
029014
029016
029018
02901B
02901D
029020
029023
029024
029025
029026
029027
029029
02902C
02902D
029030
029032
029034
029036
029038
02903B
02903D
029040
029043
029046
029049
02904A
02904C
02904D
029050
029052
029054
029056
029059
02905B
02905E
029076
029078
02907A
02907D
02907F
029082
029085
029088
02908A
02908C
02908E
029091
029092
029094
029096
029099
02909C
02909E
0290A1
0290A3
0290A6
0290A8
0290AB
0290AE
0290B1
0290B2
0290B5
0290B8
0290BB
0290BE
0290C0
0290C3
0290C4
0290C7
0290CA
0290CD
0290DE
0290E1
0290E3
0290E5
0290E8
0290EA
0290ED
0290F0
0290F3
0290F6
0290F8
0290F9
0290FC
0290FE
029100
029102
029105
029107
02910B
02910E
029111
029114
029116
029117
02911A
02911B
02911E
029121
029124
029125
029128
02912B
02912E
029130
029132
029134
029136
029138
02913A
02913C
02913F
029141
029143
029145
029148
029149
02914B
02914D
029150
029152
029154
029156
029159
02915C
02915E
029161
029163
029166
029168
02916A
02916C
02916E
029170
029172
029173
029175
029177
029179
02917B
02917D
02917F
029182
029185
029188
02918A
02918C
02918E
029191
029194
029196
029199
02919C
02919F
0291A2
0291A4
0291A6
0291A8
0291AA
0291AD
0291AF
0291B1
0291B4
0291B6
0291B8
0291BA
0291BC
0291BF
0291C0
0291C2
0291C4
0291C6
0291C9
0291CB
0291CD
0291D0
0291D1
0291D3
0291D5
0291D7
0291DA
0291DC
0291DE
0291E1
0291E2
0291E3
0291E5
0291E8
0291EC
0291F8
0291FA
0291FD
029201
029204
029206
029209
02920B
02920E
029210
029213
029215
029218
02921A
02921D
02921F
029221
029224
029226
029229
02922B
02922D
029230
029233
029234
029236
029238
02923B
02923E
02923F
029241
029243
029246
029249
02924B
02924E
029251
029252
029255
029258
029259
02925A
02925B
02925C
02925E
029261
029264
029265
029267
02926A
02926C
02926F
029271
029273
029276
029277
029279
02927B
02927D
029280
029282
029284
029286
029288
02928A
02928C
02928F
029291
029294
029296
029298
02929A
02929C
02929D
02929E
02929F
0292A0
0292A2
0292A4
0292A6
0292AA
0292AC
0292AE
0292B2
0292B3
0292B5
0292B7
0292BB
0292BD
0292BF
0292C3
0292C5
0292C7
0292CA
0292CD
0292CE
0292D0
0292D2
0292D4
0292D7
0292D9
0292DB
0292DD
0292DF
0292E2
0292E4
0292E7
0292E9
0292EB
0292ED
0292EF
0292F0
0292F1
0292F2
0292F3
0292F5
0292F7
0292F9
0292FD
0292FF
029301
029305
029306
029308
02930A
02930E
029310
029312
029316
029318
02931A
02931C
02931E
029321
029323
029326
029328
02932A
02932C
02932F
029331
029355
029391
029394
029397
029398
02939B
02939D
0293A0
0293A2
0293A5
0293A7
0293A9
0293AC
0293AE
0293B0
0293B3
0293B6
0293B8
0293BA
0293BC
0293BE
0293C1
0293C3
0293C6
0293C9
0293CC
0293CE
0293D1
0293D2
0293D4
0293D6
0293D8
0293D9
0293DC
0293DE
0293E2
0293E4
0293E6
0293E9
0293EB
0293EE
0293F2
0293F4
0293F7
0293FA
0293FB
0293FD
029400
029403
029404
029406
029409
02940B
02940D
02940F
029411
029413
029415
029417
029419
02941B
02941E
029421
029423
029426
029427
029429
02942B
02942E
029430
029432
029435
029437
029439
02943B
02943D
02943F
029441
029443
029445
029448
02944B
02944D
02944F
029451
029455
029457
02945B
02945D
029460
029462
029464
02946B
02946E
029470
029472
029475
029477
029479
02947C
02947E
029480
029482
029485
029488
029489
02948C
02948F
029491
029493
029494
029496
029497
02949B
02949C
02949E
0294A2
0294A4
0294A6
0294A8
0294AA
0294AC
0294B0
0294B2
0294B5
0294B8
0294BA
0294BB
0294BD
0294C0
0294C1
0294C3
0294C6
0294C9
0294CA
0294CB
0294CC
0294CE
0294D1
0294D3
0294D5
0294D8
0294DA
0294DC
0294DF
0294E1
0294E4
0294E7
0294E9
0294EB
0294ED
0294F0
0294F1
0294F3
0294F4
0294F5
0294F8
0294FA
0294FC
0294FE
0294FF
029501
029504
029507
02950A
02950B
02950D
029510
029512
029514
029516
029519
02951A
02951C
02951F
029522
029524
029527
02952A
02952B
02952D
029530
029533
029535
029538
02953B
029540
029542
029544
029545
029547
029548
02954A
02954C
02954F
029550
029553
029555
029557
029559
02955C
02955E
029560
029562
029564
029566
029569
02956A
02956D
02956F
029571
029574
029576
029578
02957A
02957C
02957E
029580
029581
029582
029583
029584
029586
029588
02958A
02958E
029590
029592
029596
029597
029599
02959B
02959F
0295A1
0295A3
0295A7
0295A9
0295AB
0295AD
0295AE
0295B1
0295B2
0295B5
0295B7
0295B9
0295BB
0295BE
0295C0
0295C2
0295C4
0295C6
0295C8
0295CB
0295CC
0295CF
0295D1
0295D3
0295D6
0295D8
0295DA
0295DC
0295DE
0295E0
0295E2
0295E3
0295E4
0295E5
0295E6
0295E8
0295EA
0295EC
0295F0
0295F2
0295F4
0295F8
0295F9
0295FB
0295FD
029601
029603
029605
029609
02960B
02960D
02960F
029611
029613
029616
029618
02961A
02961E
029620
029622
029624
029627
02962A
02962C
029630
029631
029633
029636
029639
02963B
02963D
029640
029643
029647
029649
02964C
02964E
029650
029653
029654
029656
029663
029664
029667
029668
02966B
02966C
02966F
029671
029674
029677
029679
02967C
02967E
029681
029682
029685
029687
02968A
02968D
02968F
029692
029694
029695
029696
029699
02969A
02969C
02969E
0296A1
0296A3
0296A5
0296A7
0296A9
0296AC
0296AE
0296B1
0296B3
0296B5
0296B7
0296C0
0296C3
0296C5
0296C7
0296D7
0296DF
0296E2
0296E3
0296E6
0296E8
0296EB
0296ED
0296EF
0296F1
0296F4
0296F6
0296F8
0296FA
0296FD
0296FF
029701
029704
029707
029708
02970A
02970C
02970E
029711
029714
029715
029717
029719
02971B
02971E
029721
029723
029725
029727
029728
029729
02972A
02972B
02972D
02972F
029732
029735
029736
029737
029738
029739
02973C
02973D
029740
029741
029742
029743
029744
029746
029749
02974A
02974D
029750
029751
029753
029755
029757
02975A
02975D
02975E
029760
029762
029764
029767
02976A
02976C
02976E
029770
029771
029772
029773
029774
029776
029778
02977B
02977E
02977F
029780
029781
029782
029785
029786
029789
02978A
02978B
02978C
02978D
02978F
029792
029793
029796
029797
02979A
02979C
02979E
0297A0
0297A3
0297A6
0297A8
0297AB
0297AD
0297AF
0297B2
0297B4
0297B7
0297B8
0297BA
0297BC
0297BE
0297C1
0297C4
0297C5
0297C7
0297CA
0297CD
0297D0
0297D1
0297D3
0297D6
0297D9
0297DA
0297DC
0297DF
0297E2
0297E5
0297E6
0297E7
0297E8
0297E9
0297EA
0297EC
0297EE
0297F1
0297F4
0297F6
0297F9
0297FC
0297FF
029801
029803
029805
029808
02980B
02980D
029810
029813
029815
029817
02981A
02981D
02981F
029822
029825
029826
029827
029828
029829
02982B
02982E
029831
029834
029837
029838
02983A
02983D
02983E
029840
029842
029844
029847
02984A
02984B
02984D
029850
029853
029856
029857
029859
02985C
02985F
029860
029862
029865
029868
02986B
02986C
02986D
02986E
02986F
029870
029872
029874
029877
02987A
02987C
02987F
029882
029885
029887
029889
02988B
02988E
029891
029893
029896
029899
02989B
02989D
0298A0
0298A3
0298A5
0298A8
0298AB
0298AC
0298AD
0298AE
0298AF
0298B1
0298B4
0298B7
0298BA
0298BD
0298BE
0298C1
0298CA
0298CD
0298CF
0298D1
0298D3
0298D6
0298D8
0298DA
0298DC
0298DF
0298E1
0298E2
0298E4
0298E7
0298E9
0298EB
0298EE
0298F1
0298F3
0298F6
0298F9
0298FB
0298FE
029900
029903
029904
029905
029907
029908
029909
02990C
02990D
02990F
029912
029915
029916
029918
02991B
02991C
02991E
029921
029927
02992A
02992C
02992F
029931
029934
029936
029939
02993B
02993E
029941
029943
029945
029948
02994A
02994C
02994F
029951
029953
029955
029958
02995A
02995D
02995F
029961
029963
029965
029967
02996A
02996C
02996F
029972
029973
029975
029978
02997B
02997C
02997E
029981
029983
029986
029989
02998A
02998B
02998C
02998F
029992
029995
029996
029997
029998
029999
02999B
02999E
02999F
0299A2
0299A5
0299A6
0299A8
0299AB
0299AE
0299AF
0299B1
0299B4
0299B6
0299B9
0299BC
0299BD
0299BE
0299BF
0299C2
0299C5
0299C8
0299C9
0299CA
0299CB
0299CC
0299CE
0299D1
0299D2
0299D4
0299D7
0299DA
0299DC
0299DF
0299E0
0299E2
0299E3
0299E5
0299E8
0299F1
0299F3
0299F5
0299F8
0299FB
0299FC
0299FE
029A01
029A03
029A05
029A08
029A0B
029A0C
029A0D
029A0E
029A11
029A13
029A16
029A18
029A1B
029A1D
029A20
029A22
029A25
029A27
029A29
029A2C
029A2D
029A2F
029A31
029A33
029A35
029A38
029A39
029A3B
029A3D
029A40
029A42
029A44
029A46
029A49
029A4B
029A4E
029A50
029A53
029A55
029A57
029A5A
029A5B
029A5C
029A5D
029A5E
029A60
029A63
029A64
029A65
029A67
029A68
029A69
029A6B
029A6D
029A71
029A73
029A74
029A75
029A77
029A78
029A7A
029A7D
029A80
029A82
029A83
029A85
029A88
029A8C
029A8F
029A92
029A95
029A97
029A9A
029A9B
029A9C
029A9D
029A9E
029AA0
029AA3
029AA6
029AA7
029AA8
029AAC
029AAE
029AB1
029AB4
029AB7
029ABA
029ABD
029AC0
029AC3
029AC6
029AC9
029ACB
029ACE
029AD1
029AD4
029AD7
029ADA
029ADC
029ADF
029AE1
029AE2
029AE5
029AE7
029AEA
029AED
029AEE
029AEF
029AF2
029AF6
029AF9
029AFC
029AFD
029B01
029B04
029B06
029B09
029B0A
029B0C
029B0F
029B12
029B13
029B15
029B16
029B19
029B1B
029B1D
029B1F
029B22
029B24
029B27
029B51
029B54
029B57
029B58
029B5A
029B5C
029B5F
029B61
029B63
029B66
029B67
029B69
029B6B
029B6E
029B70
029B72
029B74
029B76
029B78
029B7B
029B7D
029B7F
029B81
029B84
029B86
029B88
029B8B
029B8D
029B8E
029B91
029B92
029B93
029B95
029B97
029B99
029B9C
029B9D
029B9E
029B9F
029BA0
029BA2
029BA5
029BA7
029BA9
029BAC
029BAF
029BB2
029BB4
029BB6
029BB8
029BBB
029BBD
029BBF
029BC2
029BC5
029BC7
029BC8
029BC9
029BCA
029BCB
029BCD
029BCF
029BD1
029BD3
029BD5
029BD6
029BD9
029BDA
029BDD
029BE4
029BE6
029BE9
029BEB
029BEE
029BF0
029BF3
029BF5
029BF7
029BFA
029BFC
029BFD
029C00
029C02
029C05
029C07
029C08
029C0A
029C0D
029C0F
029C11
029C14
029C16
029C18
029C19
029C1C
029C1F
029C21
029C24
029C27
029C2A
029C2D
029C2F
029C32
029C3E
029C41
029C44
029C47
029C48
029C49
029C4A
029C4C
029C4D
029C4E
029C4F
029C50
029C52
029C54
029C57
029C5A
029C5D
029C5E
029C5F
029C60
029C61
029C63
029C66
029C67
029C69
029C6B
029C6E
029C70
029C72
029C74
029C77
029C78
029C7B
029C7E
029C7F
029C82
029C83
029C86
029C88
029C8B
029C8E
029C90
029C93
029C95
029C98
029C9A
029C9C
029C9F
029CA0
029CA1
029CA2
029CA4
029CA7
029CA9
029CAC
029CAF
029CB5
029CB7
029CB9
029CBC
029CBF
029CC1
029CC3
029CC4
029CC6
029CC9
029CCC
029CCE
029CD0
029CD2
029CD4
029CD6
029CD8
029CDA
029CDB
029CDE
029CE1
029CF8
029CFB
029CFC
029CFE
029D00
029D02
029D04
029D07
029D09
029D0C
029D0E
029D10
029D13
029D15
029D18
029D19
029D1B
029D1D
029D20
029D23
029D25
029D27
029D29
029D2A
029D2C
029D2F
029D31
029D34
029D36
029D38
029D3B
029D3C
029D3D
029D3E
029D3F
029D41
029D44
029D5A
029D5D
029E39
029E3C
029E3D
029E3F
029E42
029E44
029E46
029E48
029E49
029E4B
029E4D
029E4E
029E4F
029E51
029E53
029E56
029E59
029E5C
029E5F
029E62
029E63
029E65
029E67
029E69
029E6B
029E6E
029E71
029E73
029E75
029E78
029E79
029E7A
029E7B
029E7C
029E7E
029E81
029E86
029E88
029E8A
029E8D
029E90
029E93
029E94
029E96
029E99
029E9B
029E9D
029EA0
029EA3
029EA4
029EA6
029EA8
029EAB
029EAD
029EAF
029EB1
029EB4
029EB7
029EB8
029EBA
029EBC
029EBE
029EC1
029EC4
029EC5
029EC6
029EC7
029EC8
029EC9
029ECB
029ECC
029ECF
029ED2
029ED4
029ED6
029ED9
029EDA
029EDB
029EDC
029EDD
029EDF
029EE2
029EE5
029EE6
029EE9
029EEE
029EF0
029EF2
029EF5
029EF8
029EFA
029EFC
029EFF
029F02
029F03
029F05
029F08
029F09
029F0B
029F0C
029F0E
029F11
029F13
029F15
029F17
029F19
029F1B
029F1D
029F1F
029F21
029F23
029F25
029F27
029F2A
029F2D
029F2F
029F32
029F34
029F36
029F39
029F3C
029F3E
029F3F
029F40
029F41
029F44
029F46
029F49
029F4C
029F4D
029F4F
029F52
029F55
029F56
029F58
029F5B
029F5D
029F60
029F61
029F63
029F65
029F68
029F6B
029F6E
029F71
029F73
029F74
029F75
029F76
029F79
029F7B
029F7D
029F7F
029F82
029F85
029F87
029F89
029F8A
029F8C
029F8F
029F90
029F91
029F92
029F93
029F95
029F98
029FAF
029FB1
029FB3
029FB6
029FB8
029FBB
029FBD
029FBF
029FC2
029FC5
029FC8
029FCB
029FCD
029FCF
029FD2
029FD3
029FD5
029FD8
029FDB
029FDD
029FE0
029FE3
029FE5
029FE7
029FEA
029FEC
029FEE
029FF0
029FF1
029FF3
029FF5
029FF6
029FF8
029FF9
029FFC
029FFF
02A002
02A003
02A006
02A009
02A00B
02A00E
02A010
02A013
02A015
02A018
02A01A
02A01B
02A01C
02A01F
02A022
02A023
02A026
02A029
02A02C
02A02E
02A030
02A032
02A035
02A037
02A039
02A03B
02A03E
02A041
02A042
02A045
02A047
02A04A
02A04C
02A0A8
02A0AC
02A0AD
02A0AF
02A0B1
02A0B3
02A0B4
02A0B5
02A0B8
02A0BA
02A0BD
02A0C0
02A0C2
02A0C4
02A0C7
02A0C9
02A0CC
02A0CF
02A0D2
02A0D4
02A0D8
02A0DB
02A0DF
02A0E1
02A0E4
02A0E6
02A0E8
02A0E9
02A0EA
02A0ED
02A0EE
02A0F1
02A0F3
02A0F5
02A0F8
02A0FA
02A0FC
02A0FF
02A102
02A104
02A106
02A108
02A10B
02A10D
02A110
02A112
02A114
02A117
02A11A
02A11C
02A11E
02A122
02A124
02A126
02A129
02A12B
02A12D
02A12F
02A132
02A136
02A138
02A13A
02A13D
02A13E
02A140
02A143
02A146
02A147
02A149
02A14C
02A14D
02A150
02A16B
02A16D
02A16F
02A172
02A175
02A178
02A17B
02A17D
02A180
02A183
02A185
02A186
02A187
02A189
02A18A
02A18B
02A18E
02A191
02A194
02A196
02A199
02A19A
02A19B
02A19C
02A19D
02A19F
02A1A2
02A1A3
02A1A4
02A1A7
02A1AA
02A1AC
02A1AE
02A1AF
02A1B1
02A1B4
02A1B5
02A1B7
02A1B9
02A1BC
02A1BE
02A1C0
02A1C3
02A1C4
02A1C6
02A1C8
02A1CB
02A1CD
02A1CF
02A1D1
02A1D3
02A1D5
02A1D8
02A1DA
02A1DD
02A1E0
02A1E2
02A1E4
02A1E5
02A1E6
02A1E8
02A1E9
02A1EC
02A1EF
02A1F2
02A1F4
02A1F6
02A1F9
02A1FB
02A204
02A205
02A206
02A207
02A208
02A20A
02A20D
02A210
02A211
02A213
02A216
02A219
02A21B
02A21D
02A220
02A223
02A225
02A227
02A229
02A22B
02A22D
02A22F
02A232
02A235
02A238
02A23B
02A23C
02A23D
02A23F
02A240
02A243
02A246
02A249
02A24B
02A24D
02A250
02A253
02A254
02A256
02A258
02A25B
02A25E
02A260
02A262
02A264
02A267
02A26A
02A26D
02A26F
02A271
02A274
02A275
02A277
02A279
02A27C
02A27E
02A280
02A283
02A285
02A287
02A28A
02A28C
02A28F
02A292
02A293
02A295
02A297
02A29A
02A29C
02A29E
02A2A0
02A2A3
02A2A5
02A2A8
02A2AA
02A2AB
02A2AC
02A2AD
02A2AE
02A2B0
02A2B2
02A2B5
02A2B6
02A2B7
02A2B8
02A2B9
02A2BB
02A2BE
02A2BF
02A2C2
02A2C3
02A2C6
02A2C9
02A2CB
02A2CD
02A2CF
02A2D1
02A2D4
02A2D7
02A2D9
02A2DB
02A2DE
02A2EF
02A2F1
02A2F3
02A2F6
02A2F9
02A2FC
02A2FE
02A300
02A303
02A306
02A309
02A30C
02A30F
02A311
02A313
02A316
02A317
02A31A
02A31D
02A320
02A321
02A322
02A323
02A325
02A326
02A327
02A32A
02A32D
02A330
02A332
02A334
02A336
02A339
02A33A
02A33B
02A33C
02A33D
02A33F
02A342
02A343
02A344
02A34F
02A352
02A354
02A357
02A359
02A35C
02A35E
02A360
02A362
02A365
02A367
02A369
02A36C
02A36F
02A370
02A372
02A374
02A376
02A379
02A37C
02A37D
02A37F
02A381
02A383
02A386
02A389
02A38A
02A38B
02A38C
02A38F
02A392
02A394
02A395
02A396
02A398
02A399
02A39C
02A39E
02A3A1
02A3A2
02A3A3
02A3A4
02A3A5
02A3A7
02A3AA
02A3AD
02A3AE
02A3F6
02A3F9
02A3FC
02A3FE
02A402
02A405
02A409
02A40B
02A40E
02A410
02A468
02A469
02A46C
02A46E
02A471
02A473
02A474
02A477
02A479
02A47C
02A47E
02A481
02A483
02A486
02A488
02A48A
02A48D
02A490
02A492
02A494
02A496
02A499
02A49C
02A49E
02A4A1
02A4A4
02A4A7
02A4A9
02A4AC
02A4AD
02A4AE
02A4B2
02A4B5
02A4B8
02A4BA
02A4BC
02A4BF
02A4C0
02A4C2
02A4C5
02A4C8
02A4CA
02A4CD
02A4D0
02A4D1
02A4D3
02A4D6
02A4D9
02A4DB
02A4DE
02A4E0
02A4E3
02A4E5
02A4E8
02A519
02A51C
02A51F
02A520
02A523
02A525
02A528
02A52A
02A52C
02A52F
02A531
02A534
02A535
02A538
02A53A
02A53D
02A53F
02A541
02A544
02A546
02A547
02A54A
02A54B
02A54D
02A54F
02A552
02A554
02A556
02A558
02A55A
02A55D
02A55E
02A560
02A562
02A565
02A567
02A569
02A56B
02A56D
02A56E
02A570
02A572
02A574
02A577
02A57A
02A57C
02A57F
02A581
02A583
02A592
02A595
02A596
02A598
02A59B
02A59E
02A5A0
02A5A3
02A5A6
02A5A7
02A5A9
02A5AC
02A5AF
02A5B1
02A5B4
02A5B8
02A5BB
02A5BC
02A5BF
02A5C1
02A5C4
02A5C6
02A5C8
02A5CA
02A5CC
02A5CF
02A5D0
02A5D1
02A5D3
02A5D6
02A5D9
02A5DA
02A5DC
02A5DF
02A5E2
02A5E3
02A5E4
02A5E6
02A5E9
02A5EC
02A5ED
02A5EF
02A5F2
02A5F5
02A5F7
02A5FA
02A5FC
02A5FD
02A600
02A601
02A604
02A605
02A608
02A609
02A60C
02A60E
02A610
02A611
02A613
02A614
02A616
02A618
02A61B
02A61C
02A61E
02A620
02A622
02A624
02A627
02A629
02A62B
02A62D
02A62F
02A631
02A634
02A635
02A637
02A639
02A63B
02A63E
02A640
02A642
02A644
02A646
02A648
02A64A
02A64B
02A64C
02A64D
02A64E
02A650
02A652
02A654
02A658
02A65A
02A65C
02A660
02A661
02A663
02A665
02A669
02A66B
02A66D
02A671
02A673
02A675
02A677
02A678
02A679
02A67C
02A67D
02A67F
02A681
02A683
02A685
02A688
02A68A
02A68C
02A68E
02A690
02A691
02A693
02A695
02A697
02A69A
02A69B
02A69D
02A69F
02A6A1
02A6A4
02A6A6
02A6A8
02A6AA
02A6AC
02A6AE
02A6B0
02A6B1
02A6B2
02A6B3
02A6B4
02A6B6
02A6B8
02A6BA
02A6BE
02A6C0
02A6C2
02A6C6
02A6C7
02A6C9
02A6CB
02A6CF
02A6D1
02A6D3
02A6D7
02A6D9
02A6DB
02A6DD
02A6DF
02A6E2
02A6E4
02A6E7
02A6E9
02A6EB
02A6EF
02A6F1
02A6F3
02A6F6
02A6F8
02A6FA
02A6FC
02A6FE
02A700
02A702
02A704
02A706
02A708
02A70A
02A70E
02A710
02A712
02A714
02A716
02A718
02A71A
02A71D
02A71E
02A720
02A724
02A725
02A727
02A728
02A729
02A72A
02A72B
02A72D
02A72F
02A731
02A733
02A734
02A735
02A737
02A739
02A73B
02A73D
02A740
02A741
02A743
02A746
02A749
02A74B
02A74E
02A751
02A752
02A753
02A754
02A757
02A75A
02A75D
02A75F
02A763
02A766
02A768
02A76B
02A76D
02A771
02A772
02A7FC
02A7FE
02A800
02A802
02A804
02A806
02A807
02A809
02A80B
02A80C
02A80F
02A811
02A813
02A815
02A817
02A819
02A81A
02A81D
02A81F
02A821
02A823
02A826
02A828
02A82A
02A82C
02A82E
02A830
02A832
02A834
02A835
02A836
02A837
02A839
02A83B
02A83C
02A83E
02A840
02A842
02A844
02A846
02A847
02A848
02A849
02A84B
02A84C
02A84E
02A850
02A852
02A854
02A856
02A859
02A85B
02A85D
02A860
02A861
02A863
02A865
02A866
02A868
02A86A
02A86D
02A870
02A872
02A873
02A874
02A876
02A877
02A879
02A87C
02A87D
02A87F
02A880
02A881
02A884
02A888
02A889
02A88A
02A88C
02A88E
02A890
02A891
02A892
02A893
02A895
02A898
02A899
02A89A
02A89C
02A89E
02A8A0
02A8A1
02A8A2
02A8A3
02A8A5
02A8A8
02A8A9
02A8AA
02A8AC
02A8AE
02A8B0
02A8B2
02A8B4
02A8B5
02A8B7
02A8B8
02A8BB
02A8BE
02A8C0
02A8C2
02A8C4
02A8C5
02A8C6
02A8C7
02A8C9
02A8CC
02A8CD
02A8CE
02A8D0
02A8D2
02A8D4
02A8D6
02A8D8
02A8DB
02A8DD
02A8DF
02A8E1
02A8E2
02A8E4
02A8E7
02A8EA
02A8ED
02A8EF
02A8F1
02A8F4
02A8F6
02A8F9
02A8FC
02A8FE
02A900
02A903
02A905
02A907
02A909
02A90B
02A90D
02A90F
02A912
02A914
02A916
02A918
02A91B
02A91D
02A91E
02A920
02A922
02A924
02A926
02A936
02A938
02A93B
02A93C
02A93E
02A940
02A941
02A943
02A945
02A946
02A948
02A94A
02A94B
02A94D
02A950
02A952
02A954
02A956
02A959
02A95B
02A95D
02A95E
02A960
02A962
02A963
02A965
02A968
02A96A
02A96C
02A96E
02A971
02A972
02A973
02A975
02A978
02A97A
02A97C
02A97E
02A97F
02A981
02A982
02A984
02A985
02A988
02A98A
02A98C
02A990
02A992
02A996
02A998
02A999
02A99B
02A99E
02A9A1
02A9A3
02A9A4
02A9A6
02A9A7
02A9AB
02A9AC
02A9AE
02A9B0
02A9B2
02A9B4
02A9B6
02A9B9
02A9BD
02A9C0
02A9C2
02A9C4
02A9C7
02A9C9
02A9CD
02A9CF
02A9D2
02A9D4
02A9D7
02A9D8
02A9DA
02A9DB
02A9DE
02A9E0
02A9E2
02A9E4
02A9E6
02A9E7
02A9E8
02A9E9
02A9EC
02A9ED
02A9EE
02A9EF
02A9F2
02A9F5
02A9F7
02A9FA
02A9FB
02A9FD
02A9FE
02AA01
02AA03
02AA04
02AA06
02AA08
02AA0A
02AA6C
02AA6E
02AA71
02AA73
02AA75
02AA78
02AA7B
02AA7E
02AA80
02AA83
02AA84
02AA85
02AA86
02AA89
02AA8A
02AA8C
02AA8D
02AA90
02AA92
02AA94
02AA97
02AA9A
02AA9B
02AA9D
02AAA0
02AAA1
02AAA2
02AAA3
02AAA4
02AAA5
02AAA8
02AAAB
02AAAC
02AAAE
02AAB1
02AAB2
02AAB3
02AAB4
02AAB5
02AAB6
02AAB9
02AABA
02AABC
02AAC0
02AAC2
02AAC5
02AAC7
02AAC9
02AACB
02AACD
02AACF
02AAD1
02AAD3
02AAD5
02AAD7
02AADA
02AADD
02AADF
02AAE2
02AAE6
02AAE7
02AAE9
02AAEC
02AAEF
02AAF1
02AAF3
02AAF6
02AAF9
02AAFB
02AAFD
02AAFE
02AB00
02AB03
02AB05
02AB07
02AB0A
02AB0B
02AB0D
02AB10
02AB11
02AB14
02AB16
02AB18
02AB1A
02AB1C
02AB1E
02AB20
02AB22
02AB24
02AB26
02AB28
02AB2B
02AB2D
02AB2F
02AB32
02AB35
02AB38
02AB3A
02AB3D
02AB3F
02AB42
02AB44
02AB46
02AB48
02AB4A
02AB4D
02AB4E
02AB50
02AB53
02AB54
02AB56
02AB59
02AB5B
02AB5E
02AB60
02AB63
02AB65
02AB68
02AB6A
02AB6D
02AB6F
02AB71
02AB72
02AB74
02AB77
02AB78
02AB7A
02AB7B
02AB7D
02AB7F
02AB81
02AB84
02AB86
02AB87
02AB89
02AB8C
02AB8E
02AB90
02AB93
02AB96
02AB99
02AB9B
02AB9E
02ABA0
02ABA2
02ABA3
02ABA5
02ABA8
02ABAA
02ABAB
02ABC7
02ABC9
02ABCA
02ABCC
02ABCF
02ABD0
02ABD2
02ABD5
02ABD7
02ABDA
02ABDC
02ABDF
02ABE1
02ABE4
02ABE6
02ABE9
02ABEA
02ABEB
02ABEC
02ABEE
02ABEF
02ABF2
02ABF4
02ABF7
02ABF8
02ABFA
02ABFC
02ABFE
02AC00
02AC02
02AC05
02AC08
02AC0A
02AC0C
02AC0F
02AC11
02AC13
02AC14
02AC16
02AC18
02AC1A
02AC1D
02AC1F
02AC22
02AC24
02AC26
02AC28
02AC2A
02AC2D
02AC30
02AC32
02AC34
02AC37
02AC3A
02AC3D
02AC3E
02AC40
02AC44
02AC45
02AC48
02AC4A
02AC4D
02AC50
02AC51
02AC53
02AC55
02AC58
02AC5B
02AC5C
02AC5E
02AC5F
02AC61
02AC63
02AC64
02AC66
02AC68
02AC6A
02AC6B
02AC6C
02AC6E
02AC70
02AC72
02AC73
02AC75
02AC77
02AC7A
02AC7D
02AC80
02AC82
02AC83
02AC85
02AC87
02AC89
02AC8B
02AC8D
02AC90
02AC93
02AC95
02AC97
02AC98
02AC9A
02AC9B
02AC9D
02AC9E
02ACA0
02ACA1
02ACA3
02ACA4
02ACA6
02ACA8
02ACAA
02ACAB
02ACAC
02ACAE
02ACB0
02ACB2
02ACB3
02ACB5
02ACB7
02ACBA
02ACBD
02ACC0
02ACC2
02ACC3
02ACC5
02ACC7
02ACC9
02ACCB
02ACCD
02ACD0
02ACD3
02ACD5
02ACD7
02ACD8
02ACDA
02ACDB
02ACDD
02ACDE
02ACE0
02ACE1
02ACE2
02ACE3
02ACE5
02ACE6
02ACE7
02ACE9
02ACED
02ACEE
02ACEF
02ACF0
02ACF1
02ACF5
02ACF6
02ACF9
02ACFB
02ACFC
02ACFE
02AD01
02AD02
02AD05
02AD07
02AD0A
02AD0B
02AD0C
02AD0E
02AD10
02AD12
02AD15
02AD17
02AD1A
02AD1D
02AD1F
02AD22
02AD24
02AD27
02AD2A
02AD2D
02AD2F
02AD32
02AD33
02AD34
02AD36
02AD39
02AD3B
02AD3C
02AD3E
02AD41
02AD43
02AD45
02AD48
02AD4B
02ADA4
02ADA7
02ADA9
02ADAC
02ADAE
02ADB0
02ADB2
02ADB5
02ADB8
02ADBA
02ADBD
02ADC0
02ADC2
02ADC5
02ADC6
02ADC8
02ADC9
02ADCB
02ADCD
02ADD0
02ADD3
02ADD5
02ADD8
02ADE4
02ADE7
02ADE9
02ADEB
02ADEE
02ADF0
02ADF2
02ADF4
02AE03
02AE06
02AE07
02AE0A
02AE0D
02AE10
02AE12
02AE15
02AE16
02AE19
02AE1A
02AE1D
02AE1E
02AE21
02AE24
02AE27
02AE2A
02AE2D
02AE30
02AE32
02AE35
02AE38
02AE3B
02AE3C
02AE3D
02AE3E
02AE3F
02AE40
02AE42
02AE45
02AE47
02AE4A
02AE4B
02AE4C
02AE4E
02AE50
02AE52
02AE55
02AE56
02AE58
02AE5B
02AE5E
02AE5F
02AE60
02AE61
02AE63
02AE66
02AE68
02AE6B
02AE6D
02AE6F
02AE72
02AE73
02AE75
02AE76
02AE77
02AE79
02AE7C
02AE7E
02AE7F
02AE81
02AE83
02AE86
02AE88
02AE8B
02AE8D
02AE8F
02AE92
02AE94
02AE97
02AE99
02AE9B
02AE9E
02AEA1
02AEA3
02AEA5
02AEA8
02AEA9
02AEAB
02AEAE
02AEB1
02AEB4
02AEB5
02AEB7
02AEBA
02AEBB
02AEBD
02AEC0
02AEC1
02AEC4
02AEC5
02AEC8
02AECB
02AECE
02AED1
02AED2
02AED3
02AED6
02AED8
02AEDA
02AEDC
02AEDF
02AEE0
02AEE2
02AEE5
02AEE8
02AEE9
02AEEA
02AEEB
02AEEC
02AEEE
02AEF1
02AEF4
02AEF7
02AEF9
02AEFB
02AF33
02AF35
02AF37
02AF38
02AF3A
02AF3C
02AF3D
02AF3F
02AF41
02AF43
02AF45
02AF49
02AF4B
02AF4C
02AF4E
02AF51
02AF53
02AF55
02AF59
02AF5B
02AF5D
02AF5F
02AF62
02AF64
02AF66
02AF68
02AF6B
02AF6D
02AF70
02AF73
02AF76
02AF79
02AF7B
02AF7D
02AF7F
02AF82
02AF84
02AF86
02AF9D
02AF9F
02AFA1
02AFA2
02AFA4
02AFA6
02AFA7
02AFA9
02AFAB
02AFAD
02AFAF
02AFB3
02AFB5
02AFB6
02AFB8
02AFBB
02AFBD
02AFBF
02AFC3
02AFC5
02AFC7
02AFC8
02AFCB
02AFCD
02AFCF
02AFD2
02AFD5
02AFD7
02AFD9
02AFDB
02AFDE
02AFE1
02AFE3
02AFE6
02AFE8
02AFEA
02AFEC
02AFEE
02AFF1
02AFF4
02AFF7
02AFF9
02AFFB
02AFFD
02AFFE
02B001
02B003
02B005
02B007
02B008
02B02A
02B02B
02B02E
02B031
02B032
02B035
02B036
02B038
02B03A
02B03C
02B040
02B042
02B043
02B045
02B048
02B04A
02B04D
02B04F
02B051
02B055
02B059
02B05B
02B05D
02B05F
02B061
02B063
02B065
02B067
02B06A
02B06C
02B06D
02B06F
02B071
02B073
02B075
02B078
02B07B
02B07C
02B07E
02B080
02B082
02B086
02B088
02B08A
02B08D
02B08E
02B090
02B093
02B095
02B097
02B09B
02B09F
02B0A0
02B0A2
02B0A4
02B0A6
02B0A8
02B0AA
02B0AC
02B0AE
02B0B1
02B0B2
02B0B4
02B0B5
02B0B7
02B0B8
02B0BB
02B0BD
02B0BF
02B0C2
02B0C5
02B0C6
02B0C8
02B0CD
02B0CF
02B0D0
02B0D2
02B0D5
02B0D8
02B0DA
02B0DC
02B0DF
02B0E1
02B0E4
02B0E7
02B0EA
02B0ED
02B0EF
02B0F0
02B0F3
02B0F5
02B0F6
02B0F7
02B0F9
02B115
02B119
02B11B
02B11D
02B120
02B122
02B125
02B126
02B12A
02B12C
02B12F
02B130
02B132
02B135
02B137
02B139
02B13C
02B13F
02B140
02B142
02B145
02B147
02B149
02B14C
02B14F
02B152
02B15B
02B15D
02B15F
02B161
02B165
02B167
02B168
02B16A
02B16D
02B16F
02B171
02B175
02B177
02B178
02B17A
02B17C
02B17E
02B180
02B183
02B187
02B189
02B18A
02B18B
02B18D
02B18E
02B191
02B192
02B194
02B196
02B197
02B199
02B19B
02B19D
02B19F
02B1A2
02B1A5
02B1A7
02B1A8
02B1AB
02B1AC
02B1AE
02B1B0
02B1B1
02B1B3
02B1B5
02B1B7
02B1BC
02B1BE
02B1C0
02B1C2
02B1C6
02B1C8
02B1C9
02B1CB
02B1CE
02B1D0
02B1D2
02B1D6
02B1DA
02B1DB
02B1DD
02B1DF
02B1E1
02B1E3
02B1E5
02B1E7
02B1EA
02B1EC
02B1EE
02B1EF
02B1F1
02B1F2
02B1F4
02B1F5
02B1F8
02B1FA
02B1FC
02B1FF
02B202
02B203
02B206
02B207
02B209
02B20B
02B20D
02B211
02B213
02B214
02B216
02B219
02B21B
02B21D
02B221
02B225
02B226
02B228
02B22A
02B22C
02B22E
02B230
02B232
02B235
02B236
02B238
02B239
02B23B
02B23C
02B23F
02B241
02B243
02B246
02B249
02B24A
02B24D
02B251
02B253
02B254
02B257
02B259
02B26C
02B26E
02B270
02B272
02B275
02B278
02B27B
02B27D
02B280
02B282
02B283
02B285
02B287
02B288
02B28A
02B28D
02B28F
02B291
02B295
02B299
02B29B
02B29D
02B29F
02B2A1
02B2A3
02B2A5
02B2A8
02B2AC
02B2AE
02B2AF
02B2B2
02B2B4
02B2B7
02B2B9
02B2BA
02B2BD
02B2BF
02B2C1
02B2C4
02B2C7
02B2CA
02B2CC
02B2CF
02B329
02B32B
02B32D
02B32F
02B333
02B335
02B336
02B338
02B33B
02B33F
02B340
02B343
02B345
02B346
02B347
02B348
02B34B
02B34D
02B351
02B353
02B354
02B356
02B358
02B35A
02B35C
02B35F
02B362
02B364
02B365
02B367
02B368
02B36A
02B36C
02B36D
02B36F
02B372
02B373
02B375
02B376
02B379
02B37B
02B37D
02B37E
02B380
02B381
02B383
02B386
02B387
02B389
02B38B
02B38D
02B390
02B393
02B395
02B398
02B39A
02B39B
02B39D
02B39E
02B3A0
02B3A3
02B3A4
02B3A7
02B3A8
02B3AA
02B3AB
02B3AC
02B3B6
02B3B9
02B3BB
02B3BD
02B3C0
02B3C3
02B3C5
02B3C8
02B3CA
02B3CC
02B3CF
02B3D1
02B3D4
02B3D6
02B3D8
02B3DB
02B3DC
02B3DE
02B3DF
02B3E1
02B3E3
02B3E5
02B3E9
02B3EB
02B3ED
02B3F0
02B3F2
02B3F5
02B3F8
02B3FB
02B3FE
02B401
02B404
02B407
02B40A
02B40D
02B40E
02B40F
02B413
02B416
02B417
02B41A
02B41C
02B41E
02B421
02B422
02B424
02B427
02B429
02B42A
02B42C
02B42D
02B42F
02B432
02B435
02B436
02B438
02B43B
02B43E
02B440
02B443
02B446
02B447
02B449
02B44C
02B44F
02B451
02B454
02B456
02B459
02B45A
02B45C
02B45F
02B462
02B463
02B466
02B469
02B46B
02B46D
02B470
02B473
02B475
02B478
02B47A
02B47C
02B47F
02B481
02B484
02B486
02B488
02B48B
02B48C
02B48E
02B48F
02B491
02B493
02B495
02B497
02B49A
02B49B
02B49D
02B49F
02B4A1
02B4A5
02B4A7
02B4A9
02B4AC
02B4AE
02B4B1
02B4B3
02B4B6
02B4B9
02B4BC
02B4BF
02B4C2
02B4C5
02B4C6
02B4C8
02B4CB
02B4CE
02B4D0
02B4D3
02B4D4
02B4D5
02B4D9
02B4DA
02B4DD
02B4DE
02B4E0
02B4E3
02B4E5
02B4E6
02B4EB
02B4ED
02B4F0
02B4F3
02B4F6
02B4F8
02B4FB
02B4FE
02B4FF
02B501
02B504
02B506
02B509
02B50B
02B50D
02B50E
02B50F
02B510
02B513
02B516
02B519
02B51A
02B51B
02B51C
02B51E
02B51F
02B522
02B525
02B526
02B529
02B52A
02B52B
02B52C
02B52D
02B52E
02B531
02B534
02B535
02B538
02B539
02B53A
02B53B
02B53C
02B53E
02B540
02B542
02B544
02B545
02B546
02B549
02B54C
02B54D
02B550
02B553
02B554
02B555
02B556
02B558
02B559
02B55C
02B55F
02B560
02B563
02B564
02B565
02B566
02B567
02B568
02B56B
02B56E
02B56F
02B571
02B574
02B575
02B576
02B577
02B578
02B57A
02B57C
02B57E
02B57F
02B580
02B583
02B586
02B587
02B58A
02B58D
02B58E
02B591
02B592
02B593
02B594
02B595
02B596
02B599
02B59C
02B59D
02B59F
02B5A2
02B5A3
02B5A4
02B5A5
02B5A6
02B5A8
02B5AA
02B5AC
02B5AD
02B5AE
02B5B1
02B5B4
02B5B5
02B5B8
02B5BB
02B5BC
02B5BD
02B5BE
02B5C0
02B5C1
02B5C4
02B5C7
02B5C8
02B5CB
02B5CC
02B5CD
02B5CE
02B5CF
02B5D0
02B5D3
02B5D6
02B5D7
02B5DA
02B5DB
02B5DC
02B5DD
02B5DE
02B5E0
02B5E2
02B5E4
02B5E5
02B5E8
02B5EB
02B636
02B637
02B638
02B639
02B63C
02B63E
02B63F
02B641
02B643
02B644
02B646
02B647
02B648
02B64A
02B64B
02B64E
02B651
02B652
02B672
02B675
02B677
02B67A
02B67C
02B67E
02B681
02B685
02B688
02B68A
02B68C
02B68E
02B690
02B692
02B695
02B698
02B69A
02B69C
02B69F
02B6A1
02B6A3
02B6A6
02B6A7
02B6A9
02B6AB
02B6AE
02B6AF
02B6B1
02B6B3
02B6B5
02B6B7
02B6BA
02B6BE
02B6C1
02B6C4
02B6C6
02B6C8
02B6CB
02B6CC
02B6CF
02B6D2
02B6D5
02B6D7
02B6DA
02B6DD
02B6DF
02B6E1
02B6E3
02B6E4
02B6E6
02B6E8
02B6EC
02B6EF
02B6F1
02B6F3
02B6F5
02B6F8
02B6FA
02B704
02B707
02B709
02B70B
02B70E
02B710
02B712
02B713
02B716
02B718
02B719
02B71A
02B71D
02B71F
02B721
02B722
02B724
02B726
02B729
02B72B
02B72C
02B72E
02B730
02B732
02B734
02B736
02B739
02B73B
02B73E
02B741
02B743
02B745
02B748
02B749
02B74B
02B74D
02B74F
02B750
02B751
02B752
02B753
02B755
02B757
02B758
02B75A
02B75C
02B75E
02B760
02B762
02B763
02B766
02B769
02B76B
02B76D
02B76F
02B771
02B773
02B775
02B776
02B778
02B77A
02B77B
02B77C
02B77E
02B781
02B783
02B784
02B786
02B788
02B78A
02B78B
02B78D
02B78F
02B791
02B794
02B796
02B798
02B79B
02B79C
02B79D
02B79E
02B79F
02B7A0
02B7A2
02B7A3
02B7A5
02B7A7
02B7AB
02B7AC
02B7AE
02B7AF
02B7B1
02B7B2
02B7B4
02B7B7
02B7B9
02B7BB
02B7BC
02B7BE
02B7BF
02B7C0
02B7C1
02B7C2
02B7C6
02B7C7
02B7CB
02B7CF
02B7D0
02B7D2
02B7D3
02B7D5
02B7D6
02B7D9
02B7DB
02B7DE
02B7DF
02B7E1
02B7E2
02B7E5
02B7E8
02B7E9
02B7EC
02B7ED
02B7EF
02B7F1
02B7F3
02B7F4
02B7F6
02B7F8
02B7F9
02B7FB
02B7FD
02B7FE
02B800
02B802
02B803
02B805
02B808
02B80A
02B80D
02B810
02B812
02B814
02B817
02B818
02B81B
02B81C
02B81D
02B81E
02B81F
02B822
02B823
02B82E
02B832
02B834
02B836
02B839
02B83B
02B83E
02B840
02B843
02B846
02B849
02B84A
02B84B
02B84F
02B852
02B854
02B857
02B85A
02B85D
02B85F
02B861
02B862
02B864
02B866
02B869
02B86B
02B86E
02B86F
02B871
02B873
02B876
02B878
02B87B
02B87D
02B881
02B882
02B883
02B884
02B885
02B888
02B889
02B88A
02B88C
02B88D
02B890
02B892
02B894
02B896
02B899
02B89A
02B89C
02B89E
02B8A0
02B8A3
02B8A7
02B8AA
02B8AC
02B8AE
02B8B0
02B8B3
02B8B5
02B8B7
02B8BC
02B8BE
02B8C0
02B8C2
02B8C5
02B8C7
02B8CA
02B8CC
02B8CD
02B8D0
02B8D2
02B8D5
02B8D8
02B8DA
02B8DC
02B8DE
02B8E0
02B8E2
02B8E4
02B8E5
02B8E6
02B8E8
02B8EA
02B8EC
02B8EF
02B8F7
02B8FA
02B8FC
02B8FF
02B902
02B903
02B906
02B908
02B90A
02B90D
02B90E
02B910
02B911
02B914
02B917
02B919
02B91A
02B91D
02B920
02B923
02B925
02B928
02B92B
02B92C
02B92E
02B931
02B934
02B936
02B938
02B93A
02B93C
02B93D
02B93E
02B940
02B942
02B944
02B947
02B949
02B94B
02B952
02B954
02B957
02B959
02B95A
02B95C
02B95F
02B961
02B963
02B966
02B969
02B96B
02B96D
02B970
02B972
02B973
02B976
02B977
02B979
02B97A
02B97D
02B97F
02B981
02B984
02B985
02B987
02B989
02B98A
02B98B
02B98D
02B98F
02B991
02B994
02B996
02B999
02B99B
02B99E
02B9A0
02B9A3
02B9BD
02B9BF
02B9C2
02B9C4
02B9C7
02B9C9
02B9CB
02B9CE
02B9D0
02B9D2
02B9D5
02B9D6
02B9D8
02B9D9
02B9DB
02B9DE
02B9E0
02B9E3
02B9E4
02B9E5
02B9E9
02B9EC
02B9EE
02B9F0
02B9F3
02B9F5
02B9F8
02B9F9
02B9FA
02B9FC
02BA47
02BA48
02BA4A
02BA4C
02BA4E
02BA50
02BA52
02BA54
02BA56
02BA59
02BA5B
02BA5D
02BA5F
02BA61
02BA63
02BA65
02BA67
02BA68
02BA69
02BA6A
02BA6B
02BA6D
02BA6F
02BA71
02BA75
02BA77
02BA7D
02BA7E
02BA80
02BA82
02BA86
02BA88
02BA8E
02BA90
02BA92
02BA95
02BA97
02BA99
02BA9B
02BA9E
02BAA0
02BAA2
02BAA4
02BAA7
02BAA9
02BAAB
02BAAD
02BAAF
02BAB0
02BAB2
02BAB5
02BAB7
02BABA
02BABF
02BAC0
02BAC2
02BAC5
02BAC7
02BACA
02BACC
02BACF
02BAD1
02BAD3
02BAD6
02BAD8
02BADA
02BADD
02BADF
02BAE1
02BAE4
02BAE6
02BAE7
02BAE8
02BAEC
02BAEF
02BAF2
02BAF4
02BAF6
02BAF9
02BAFC
02BAFE
02BB01
02BB02
02BB04
02BB06
02BB0A
02BB23
02BB25
02BB28
02BB2A
02BB2C
02BB2E
02BB31
02BB33
02BB35
02BB37
02BB39
02BB3A
02BB3D
02BB3E
02BB40
02BB41
02BB43
02BB44
02BB48
02BB4A
02BB4C
02BB50
02BB51
02BB53
02BB54
02BB56
02BB59
02BB5A
02BB5C
02BB5E
02BB60
02BB61
02BB63
02BB64
02BB68
02BB6B
02BB6F
02BB72
02BB74
02BB78
02BB7B
02BB7C
02BB7D
02BB7E
02BB7F
02BB83
02BB86
02BB87
02BB94
02BB97
02BB99
02BB9B
02BB9E
02BBA1
02BBA4
02BBA7
02BBA9
02BBAB
02BBAD
02BBAF
02BBB1
02BBB3
02BBB5
02BBB7
02BBB8
02BBBA
02BBBB
02BBBD
02BBC1
02BBC3
02BBC5
02BBC8
02BBCA
02BBCC
02BBCE
02BBCF
02BBD1
02BBD3
02BBD5
02BBD7
02BBDA
02BBDC
02BBDE
02BBDF
02BBE0
02BBE2
02BBE3
02BBE5
02BBE6
02BBE7
02BBE8
02BBEA
02BBEB
02BBEE
02BBF0
02BBF3
02BBF5
02BBF7
02BBF9
02BBFB
02BBFF
02BC00
02BC02
02BC04
02BC05
02BC06
02BC09
02BC0D
02BC14
02BC16
02BC18
02BC1A
02BC1D
02BC20
02BC22
02BC24
02BC26
02BC28
02BC29
02BC2B
02BC2E
02BC2F
02BC31
02BC34
02BC35
02BC37
02BC3A
02BC3C
02BC3D
02BC3F
02BC42
02BC43
02BC45
02BC48
02BC49
02BC4B
02BC4E
02BC50
02BC53
02BC56
02BC59
02BC5A
02BC5C
02BC5E
02BC5F
02BC60
02BC61
02BC62
02BC65
02BC68
02BC6B
02BC6E
02BC71
02BC74
02BC75
02BC78
02BC7A
02BC7B
02BC7D
02BC7F
02BC82
02BC85
02BC88
02BC8A
02BC8C
02BCDB
02BCDF
02BCE3
02BCE5
02BCE7
02BCE9
02BCEB
02BCEE
02BCF0
02BCF2
02BCF4
02BCF6
02BCF9
02BCFB
02BCFC
02BCFD
02BCFF
02BD00
02BD02
02BD04
02BD06
02BD07
02BD08
02BD09
02BD0B
02BD0C
02BD0F
02BD12
02BD15
02BD17
02BD1A
02BD1D
02BD21
02BD23
02BD25
02BD27
02BD2A
02BD2C
02BD2F
02BD32
02BD34
02BD36
02BD39
02BD3B
02BD3E
02BD3F
02BD41
02BD43
02BD46
02BD4A
02BD4C
02BD4E
02BD50
02BD52
02BD54
02BD56
02BD58
02BD5A
02BD5C
02BD5E
02BD60
02BD68
02BD6B
02BD6D
02BD6F
02BD72
02BD74
02BD75
02BD77
02BD79
02BD7B
02BD7E
02BD80
02BD83
02BD86
02BD8A
02BD8D
02BD8F
02BD91
02BD93
02BD95
02BD96
02BD98
02BD9A
02BD9C
02BD9D
02BD9F
02BDA1
02BDA4
02BDA6
02BDA7
02BDA9
02BDAA
02BDAC
02BDAE
02BDB0
02BDB3
02BDB6
02BDB8
02BDBA
02BDBD
02BDBF
02BDC2
02BDC4
02BDC8
02BDCB
02BDCD
02BDCF
02BDD1
02BDD4
02BDD6
02BDD8
02BDDA
02BDDC
02BDDE
02BDE0
02BDE2
02BDE3
02BDE4
02BDE7
02BDE9
02BDEB
02BDED
02BDEF
02BDF1
02BDF3
02BDF5
02BDF6
02BDF7
02BDFA
02BDFC
02BDFE
02BE00
02BE02
02BE04
02BE06
02BE08
02BE0A
02BE0C
02BE0E
02BE10
02BE13
02BE16
02BE18
02BE1A
02BE1D
02BE1F
02BE21
02BE23
02BE25
02BE27
02BE29
02BE2B
02BE2D
02BE2F
02BE31
02BE34
02BE36
02BE39
02BE3B
02BE3D
02BE3F
02BE41
02BE43
02BE45
02BE48
02BE4B
02BE4E
02BE50
02BE52
02BE54
02BE58
02BE5B
02BE5E
02BE60
02BE62
02BE63
02BE65
02BE66
02BE67
02BE69
02BE6A
02BE6C
02BE6F
02BE72
02BE74
02BE77
02BE78
02BE79
02BE7B
02BE7E
02BE80
02BE82
02BE83
02BE84
02BE85
02BE86
02BE89
02BE8C
02BEB5
02BEB8
02BEB9
02BEBA
02BEBC
02BEBF
02BEC0
02BEC2
02BEC4
02BEC6
02BEC7
02BEC9
02BECB
02BECC
02BECF
02BED2
02BED4
02BED5
02BED8
02BEDB
02BEDC
02BEDD
02BEDF
02BEE0
02BEE3
02BEE6
02BEE9
02BEEB
02BEEE
02BEEF
02BEF0
02BEF1
02BEF2
02BEF3
02BEF4
02BEF6
02BEF7
02BEF9
02BEFA
02BEFC
02BEFD
02BEFF
02BF01
02BF04
02BF05
02BF07
02BF08
02BF0A
02BF0C
02BF0F
02BF11
02BF13
02BF15
02BF18
02BF19
02BF1B
02BF1E
02BF1F
02BF20
02BF22
02BF23
02BF25
02BF26
02BF29
02BF2C
02BF2E
02BF2F
02BF32
02BF35
02BF37
02BF3A
02BF3C
02BF3E
02BF41
02BF42
02BF44
02BF46
02BF5C
02BF5F
02BF61
02BF64
02BF66
02BF69
02BF6C
02BF6E
02BF6F
02BF72
02BF75
02BF78
02BF7A
02BF7D
02BF7F
02BF82
02BF84
02BF86
02BF88
02BF89
02BF8C
02BF8F
02BF91
02BF92
02BF95
02BF98
02BF9B
02BF9E
02BFA0
02BFA2
02BFA4
02BFA6
02BFA8
02BFAA
02BFAC
02BFAE
02BFB1
02BFB4
02BFB5
02BFB6
02BFB7
02BFB8
02BFBA
02BFBC
02BFBE
02BFC0
02BFC3
02BFC5
02BFCC
02BFCD
02BFD1
02BFD3
02BFD5
02BFD8
02BFDC
02BFDE
02BFDF
02BFE1
02BFE2
02BFE5
02BFE7
02BFE9
02BFEA
02BFEC
02BFEE
02BFF0
02BFF1
02BFF3
02BFF6
02BFF9
02BFFC
02C000
02C001
02C003
02C004
02C006
02C009
02C00C
02C00E
02C010
02C012
02C015
02C017
02C019
02C01B
02C01E
02C024
02C026
02C02E
02C030
02C032
02C034
02C036
02C038
02C03A
02C03C
02C03E
02C040
02C042
02C044
02C047
02C049
02C04B
02C04D
02C04F
02C051
02C053
02C057
02C05A
02C05C
02C05F
02C061
02C063
02C065
02C067
02C06A
02C06C
02C06E
02C070
02C072
02C074
02C076
02C079
02C07B
02C07D
02C080
02C082
02C084
02C085
02C086
02C089
02C08A
02C08C
02C08E
02C090
02C093
02C095
02C097
02C099
02C09B
02C09E
02C0A0
02C0A3
02C0A5
02C0A6
02C0A9
02C0AB
02C0AE
02C0B0
02C0B3
02C0B5
02C0B6
02C0B9
02C0BB
02C0BD
02C0C0
02C0C2
02C0C4
02C0C5
02C0C6
02C0C9
02C0CA
02C0CC
02C0D9
02C0DB
02C0DC
02C0DF
02C0E2
02C0E4
02C0E5
02C0E8
02C0EA
02C0EB
02C0ED
02C0F0
02C0F2
02C0F5
02C0F7
02C0F8
02C0FA
02C0FD
02C0FF
02C101
02C104
02C107
02C108
02C10B
02C10D
02C10E
02C110
02C113
02C115
02C116
02C118
02C11B
02C11D
02C120
02C122
02C125
02C126
02C128
02C12A
02C12C
02C12D
02C12E
02C131
02C13A
02C13D
02C13F
02C141
02C143
02C145
02C148
02C14A
02C14D
02C150
02C152
02C155
02C156
02C159
02C15B
02C15E
02C161
02C163
02C166
02C167
02C16A
02C16D
02C16F
02C171
02C174
02C176
02C178
02C17A
02C17D
02C17E
02C181
02C184
02C187
02C18A
02C18D
02C190
02C193
02C19A
02C19E
02C1A0
02C1A2
02C1A5
02C1A7
02C1AA
02C1AD
02C1AF
02C1B1
02C1B3
02C1B6
02C1B8
02C1B9
02C1BA
02C1BE
02C1C0
02C1C2
02C1C3
02C1C6
02C1C9
02C1CB
02C1CE
02C1D1
02C1D4
02C1D7
02C1D8
02C1DA
02C1DB
02C1DD
02C1E0
02C1E3
02C1E5
02C1E8
02C1EA
02C1ED
02C1EF
02C1F2
02C1F5
02C1F6
02C1F7
02C1F8
02C1FB
02C1FC
02C1FF
02C200
02C202
02C205
02C207
02C20A
02C20C
02C20E
02C211
02C212
02C217
02C219
02C21A
02C21B
02C21D
02C21E
02C221
02C224
02C227
02C22C
02C22F
02C231
02C233
02C236
02C238
02C23A
02C23D
02C240
02C242
02C244
02C246
02C248
02C24A
02C24C
02C24E
02C250
02C253
02C256
02C258
02C25A
02C25B
02C25E
02C261
02C265
02C269
02C26C
02C26E
02C270
02C272
02C274
02C277
02C279
02C27B
02C27E
02C281
02C283
02C286
02C288
02C28A
02C28B
02C28D
02C28E
02C290
02C292
02C294
02C297
02C299
02C29B
02C29E
02C2A0
02C2A2
02C2A4
02C2A6
02C2A9
02C2AB
02C2AD
02C2AF
02C2B0
02C2B2
02C2B3
02C2B5
02C2B6
02C2B8
02C2B9
02C2BD
02C2BF
02C2C1
02C2C5
02C2C6
02C2C7
02C2C9
02C2CB
02C2CC
02C2CE
02C2D0
02C2D1
02C2D3
02C2D4
02C2D6
02C2DA
02C2DC
02C2DE
02C2E2
02C2E4
02C2E7
02C2E9
02C2EB
02C2ED
02C2EF
02C2F2
02C2F4
02C2F7
02C2FA
02C2FC
02C2FE
02C301
02C304
02C307
02C309
02C30B
02C30D
02C30F
02C310
02C312
02C31A
02C31B
02C31E
02C320
02C323
02C325
02C328
02C329
02C32B
02C32D
02C32F
02C331
02C332
02C334
02C336
02C338
02C356
02C358
02C35B
02C35E
02C360
02C363
02C365
02C366
02C368
02C36A
02C36C
02C36E
02C370
02C37B
02C37D
02C37F
02C381
02C383
02C386
02C388
02C38A
02C38C
02C38E
02C390
02C391
02C394
02C396
02C397
02C398
02C39A
02C39B
02C39E
02C3A1
02C3A3
02C3A4
02C3A5
02C3A6
02C3A7
02C3A8
02C3AA
02C3AC
02C3AF
02C3B2
02C3CB
02C3CE
02C3D0
02C3D3
02C3D5
02C3D7
02C3D9
02C3DB
02C3DD
02C3DF
02C3E1
02C3E4
02C3E7
02C3E9
02C3EB
02C3ED
02C3F0
02C3F2
02C3F5
02C3F7
02C3F9
02C3FB
02C3FE
02C401
02C403
02C406
02C409
02C40C
02C40F
02C411
02C413
02C415
02C418
02C419
02C41A
02C41C
02C41D
02C41E
02C41F
02C421
02C422
02C425
02C428
02C42B
02C42D
02C42F
02C431
02C434
02C436
02C439
02C43A
02C43D
02C43F
02C440
02C442
02C444
02C446
02C448
02C44A
02C44B
02C44C
02C44D
02C450
02C453
02C454
02C456
02C458
02C45B
02C45C
02C45F
02C466
02C469
02C46C
02C46E
02C470
02C473
02C475
02C476
02C479
02C47B
02C47E
02C480
02C482
02C485
02C487
02C489
02C48A
02C48C
02C48F
02C492
02C494
02C497
02C498
02C49B
02C49C
02C49E
02C49F
02C4A2
02C4A5
02C4A7
02C4AA
02C4AD
02C4B0
02C4B3
02C4B4
02C4BD
02C4C0
02C4C1
02C4C2
02C4C3
02C4C4
02C4C6
02C4C8
02C4CA
02C4CC
02C4CD
02C4D0
02C4D4
02C4D5
02C4D7
02C4D9
02C4DA
02C4DB
02C4DC
02C4DF
02C4E2
02C4E3
02C4E6
02C4E8
02C4EA
02C4EC
02C4EE
02C4F1
02C4F3
02C4F6
02C4F8
02C4FA
02C4FD
02C4FF
02C502
02C504
02C507
02C50A
02C50C
02C50E
02C511
02C513
02C516
02C519
02C51B
02C51D
02C520
02C522
02C524
02C527
02C529
02C52B
02C52D
02C52F
02C531
02C533
02C536
02C538
02C53B
02C53C
02C53E
02C541
02C544
02C546
02C548
02C54B
02C54E
02C550
02C553
02C555
02C556
02C559
02C55A
02C55D
02C560
02C563
02C564
02C566
02C569
02C56C
02C56E
02C571
02C573
02C575
02C577
02C579
02C57B
02C57D
02C582
02C585
02C588
02C58A
02C58C
02C58E
02C590
02C592
02C594
02C597
02C59A
02C59C
02C59E
02C5A0
02C5A2
02C5A4
02C5A7
02C5A9
02C5AB
02C5AE
02C5B0
02C5B3
02C5B6
02C5B9
02C5BC
02C5C0
02C5C2
02C5C4
02C5C7
02C5C9
02C5CC
02C5CE
02C5D1
02C5D4
02C5D7
02C5D9
02C5DC
02C5DF
02C5E2
02C5E3
02C5E4
02C5E8
02C5EB
02C5EE
02C5F1
02C5F2
02C5F4
02C5F7
02C5F9
02C5FC
02C5FE
02C601
02C602
02C605
02C606
02C609
02C60B
02C60C
02C60E
02C610
02C612
02C614
02C617
02C618
02C61A
02C61D
02C61F
02C621
02C623
02C625
02C627
02C628
02C62A
02C62D
02C63B
02C63D
02C640
02C643
02C646
02C648
02C64A
02C64D
02C64F
02C650
02C652
02C654
02C656
02C659
02C65C
02C65E
02C660
02C662
02C665
02C668
02C66B
02C66D
02C670
02C672
02C675
02C677
02C679
02C67B
02C67D
02C680
02C682
02C683
02C686
02C687
02C68A
02C68C
02C68E
02C691
02C694
02C697
02C69A
02C69B
02C69E
02C6A7
02C6AA
02C6AC
02C6AE
02C6B1
02C6B3
02C6BA
02C6BD
02C6BF
02C6C0
02C6C2
02C6C4
02C6C6
02C6C9
02C6CA
02C6CD
02C6CF
02C6D1
02C6D4
02C6D7
02C6DA
02C6DC
02C6DE
02C6E1
02C6E5
02C6E7
02C6E9
02C6EC
02C6EF
02C6F2
02C6F5
02C6F8
02C6FA
02C6FC
02C6FF
02C701
02C703
02C705
02C707
02C709
02C70C
02C70D
02C70E
02C711
02C713
02C715
02C718
02C71A
02C71B
02C71C
02C71E
02C71F
02C722
02C725
02C726
02C728
02C72B
02C72E
02C730
02C733
02C735
02C737
02C739
02C73C
02C74A
02C74D
02C750
02C752
02C755
02C756
02C758
02C75A
02C75D
02C760
02C763
02C766
02C768
02C76A
02C76C
02C76E
02C76F
02C770
02C772
02C773
02C776
02C777
02C779
02C77B
02C77D
02C77F
02C781
02C783
02C785
02C787
02C78A
02C78C
02C78E
02C791
02C794
02C796
02C798
02C79D
02C7A0
02C7A2
02C7A6
02C7A8
02C7AB
02C7AD
02C7AF
02C7B1
02C7B3
02C7B5
02C7B8
02C7BA
02C7BD
02C7BF
02C7C3
02C7C4
02C7C7
02C7C9
02C7CB
02C7CD
02C7CF
02C7D2
02C7D4
02C7D7
02C7DB
02C7DF
02C7E2
02C7E4
02C7E6
02C7E8
02C7EB
02C7EE
02C7F0
02C7F2
02C7F4
02C7F6
02C7F8
02C7FB
02C7FD
02C7FF
02C801
02C804
02C807
02C80A
02C80D
02C80F
02C810
02C813
02C815
02C819
02C81A
02C81D
02C820
02C823
02C826
02C829
02C82B
02C82D
02C88C
02C88E
02C891
02C893
02C895
02C896
02C898
02C89B
02C89C
02C89E
02C8A0
02C8A1
02C8A2
02C8A3
02C8A4
02C8A5
02C8A6
02C8A8
02C8A9
02C8AA
02C8AB
02C8AD
02C8AF
02C8B1
02C8B4
02C8B6
02C8B9
02C8BB
02C8BE
02C8C0
02C8C2
02C8C5
02C8C7
02C8C8
02C8CB
02C8CC
02C8CE
02C8D1
02C8D3
02C8D5
02C8D7
02C8D8
02C8D9
02C8DB
02C8DE
02C8E0
02C8E2
02C8E3
02C8E6
02C8E7
02C8E9
02C8EC
02C8EE
02C8F1
02C8F3
02C8F6
02C8F9
02C8FC
02C8FD
02C8FE
02C8FF
02C900
02C902
02C905
02C908
02CA27
02CA29
02CA2B
02CA2D
02CA2F
02CA30
02CA32
02CA34
02CA36
02CA37
02CA39
02CA3C
02CA3D
02CA3F
02CA40
02CA42
02CA43
02CA46
02CA49
02CA4B
02CA4C
02CA4F
02CA52
02CA54
02CA56
02CA57
02CA5A
02CA5D
02CA5F
02CA62
02CA65
02CA68
02CA6B
02CA6E
02CA70
02CA72
02CA73
02CA76
02CA79
02CA7A
02CA7D
02CA80
02CA81
02CA82
02CA83
02CA84
02CA87
02CA8A
02CA8C
02CA8F
02CA92
02CA9D
02CA9F
02CAA1
02CAA3
02CAA6
02CAA8
02CAAA
02CAAC
02CAAE
02CAAF
02CAB1
02CAB3
02CAB5
02CAB6
02CAB8
02CABA
02CABB
02CABE
02CAC1
02CAC3
02CAC4
02CAC7
02CACA
02CACC
02CACD
02CAD0
02CAD3
02CAD6
02CAD9
02CADC
02CADF
02CAE1
02CAE4
02CAE6
02CAE9
02CAEA
02CAEB
02CAEC
02CAED
02CAF0
02CAF3
02CAF6
02CAF9
02CAFC
02CAFE
02CB01
02CB02
02CB03
02CB04
02CB05
02CB06
02CB07
02CB09
02CB0A
02CB0C
02CB0F
02CB10
02CB11
02CB13
02CB16
02CB18
02CB1B
02CB1C
02CB1F
02CB21
02CB22
02CB24
02CB27
02CB2A
02CB2D
02CB2F
02CB32
02CB35
02CB36
02CB37
02CB38
02CB39
02CB3C
02CB3F
02CB40
02CB53
02CB54
02CB56
02CB59
02CB5B
02CB5C
02CB5E
02CB5F
02CB61
02CB62
02CB64
02CB65
02CB67
02CB68
02CB6B
02CB6E
02CB70
02CB73
02CB75
02CB76
02CB78
02CB7B
02CB7D
02CB80
02CB82
02CB84
02CB87
02CB88
02CB89
02CB8A
02CB8B
02CB8E
02CB8F
02CBA1
02CBA3
02CBA5
02CBA7
02CBAA
02CBAC
02CBAE
02CBB0
02CBB2
02CBB4
02CBB6
02CBB7
02CBB9
02CBBB
02CBBE
02CBBF
02CBC1
02CBC2
02CBC3
02CBC5
02CBC6
02CBC9
02CBCA
02CBCC
02CBCD
02CBD0
02CBD3
02CBD4
02CBD6
02CBD7
02CBDA
02CBDC
02CBDF
02CBE1
02CBE3
02CBE4
02CBE7
02CBEA
02CBED
02CBF0
02CBF1
02CBF2
02CBF3
02CBF4
02CBF7
02CBFA
02CBFB
02CD2D
02CD2E
02CD2F
02CD30
02CD33
02CD34
02CD59
02CD5C
02CD5E
02CD60
02CD62
02CD64
02CD66
02CD68
02CD6B
02CD6D
02CD6F
02CD70
02CD72
02CD74
02CD77
02CD79
02CD7B
02CD7F
02CD83
02CD86
02CD87
02CD8A
02CD8D
02CD8F
02CD91
02CD93
02CD94
02CD97
02CD9A
02CD9C
02CD9D
02CDA0
02CDA3
02CDA6
02CDA9
02CDAC
02CDAE
02CDB0
02CDB2
02CDB5
02CDB6
02CDB7
02CDB8
02CDB9
02CDBA
02CDBC
02CDBD
02CDBF
02CDC1
02CDCB
02CDCE
02CDD1
02CDD3
02CDD5
02CDD8
02CDDA
02CDDD
02CDDF
02CDE1
02CDE4
02CDE7
02CDEA
02CDEC
02CDEE
02CDF1
02CDF4
02CDFE
02CE0F
02CE12
02CE14
02CE15
02CE17
02CE1A
02CE1C
02CE1F
02CE20
02CE22
02CE24
02CE27
02CE29
02CE2A
02CE2C
02CE2E
02CE2F
02CE32
02CE34
02CE36
02CE39
02CE3A
02CE3D
02CE40
02CE42
02CE44
02CE47
02CE49
02CE4C
02CE4E
02CE4F
02CE51
02CE54
02CE56
02CE58
02CE5A
02CE5B
02CE5D
02CE5F
02CE61
02CE64
02CE66
02CE67
02CE6A
02CE6C
02CE6F
02CE70
02CE72
02CE73
02CE75
02CE77
02CE79
02CE7B
02CE7D
02CE7E
02CE80
02CE82
02CE85
02CE86
02CE88
02CE8B
02CEE0
02CEE3
02CEE5
02CEE7
02CEE9
02CEEA
02CEEC
02CEEE
02CEF0
02CEF2
02CEF4
02CEF6
02CEF7
02CEF9
02CEFC
02CEFE
02CEFF
02CF00
02CF02
02CF04
02CF05
02CF07
02CF08
02CF0B
02CF0D
02CF0F
02CF10
02CF12
02CF13
02CF15
02CF18
02CF1A
02CF1B
02CF1E
02CF20
02CF22
02CF23
02CF25
02CF26
02CF28
02CF2B
02CF2D
02CF30
02CF32
02CF34
02CF37
02CF3A
02CF3B
02CF3E
02CF3F
02CF40
02CF41
02CF42
02CF43
02CF45
02CF47
02CF4A
02CF4C
02CF4E
02CF51
02CF52
02CF54
02CF56
02CF58
02CF5A
02CF5C
02CF5F
02CF62
02CF64
02CF66
02CF67
02CF69
02CF6B
02CF6E
02CF70
02CF72
02CF74
02CF76
02CF77
02CF79
02CF7B
02CF7E
02CF7F
02CF81
02CF82
02CF84
02CF86
02CF88
02CF8A
02CF8C
02CF8E
02CF90
02CF92
02CF94
02CF97
02CF98
02CF9A
02CF9B
02CF9D
02CF9F
02CFA1
02CFA3
02CFA5
02CFA7
02CFA8
02CFAB
02CFAF
02CFB1
02CFB2
02CFB5
02CFB6
02CFB8
02CFB9
02CFBA
02CFBC
02CFBE
02CFC0
02CFC2
02CFC3
02CFC5
02CFC7
02CFC9
02CFCB
02CFCE
02CFD1
02CFD3
02CFD5
02CFD7
02CFDA
02CFDC
02CFDE
02CFE0
02CFE3
02CFE5
02CFE8
02CFEA
02CFEB
02CFED
02CFEF
02CFF2
02CFF5
02CFF7
02CFFA
02CFFD
02D017
02D019
02D01B
02D01D
02D01F
02D021
02D023
02D025
02D027
02D02A
02D02C
02D02E
02D030
02D032
02D034
02D036
02D038
02D03A
02D03B
02D03D
02D040
02D042
02D044
02D046
02D049
02D04B
02D04D
02D04F
02D051
02D053
02D055
02D056
02D058
02D059
02D05C
02D05E
02D060
02D061
02D063
02D065
02D068
02D069
02D06C
02D06E
02D070
02D072
02D074
02D076
02D078
02D07A
02D07D
02D07F
02D081
02D084
02D086
02D088
02D08A
02D08D
02D090
02D091
02D094
02D096
02D098
02D09A
02D09B
02D09D
02D09F
02D0A1
02D0A2
02D0A4
02D0A5
02D0A8
02D0AA
02D0AC
02D0AD
02D0B0
02D0B2
02D0B5
02D0B6
02D0B9
02D0BB
02D0BD
02D0BF
02D0C1
02D0C3
02D0C5
02D0C7
02D0C9
02D0CC
02D0CF
02D0D4
02D0D7
02D0D9
02D0DC
02D0DE
02D0DF
02D0E0
02D0E1
02D0E4
02D0E5
02D0E6
02D0E8
02D148
02D149
02D14B
02D14C
02D14E
02D151
02D153
02D155
02D158
02D15A
02D15C
02D15E
02D160
02D163
02D166
02D168
02D169
02D16C
02D16E
02D171
02D174
02D177
02D179
02D17B
02D17E
02D180
02D182
02D183
02D184
02D185
02D186
02D188
02D18A
02D18C
02D190
02D192
02D198
02D199
02D19B
02D19D
02D1A1
02D1A3
02D1A9
02D1AB
02D1AD
02D1AF
02D1B1
02D1B4
02D1B6
02D1B9
02D1BB
02D1BD
02D1BF
02D1C2
02D1C4
02D1C6
02D1C8
02D1CA
02D1CB
02D1CD
02D1D0
02D1D3
02D1D6
02D1D9
02D1DC
02D1DE
02D1E1
02D1E3
02D1E4
02D1E6
02D1E8
02D1EA
02D1EC
02D1EE
02D1F0
02D1F3
02D1F6
02D1F8
02D1FB
02D1FD
02D200
02D202
02D205
02D207
02D209
02D20B
02D20F
02D214
02D216
02D218
02D21A
02D21C
02D21E
02D220
02D222
02D224
02D226
02D228
02D229
02D22B
02D22D
02D22F
02D232
02D234
02D236
02D238
02D23A
02D23D
02D23F
02D241
02D242
02D245
02D247
02D249
02D24B
02D24D
02D24F
02D251
02D253
02D255
02D257
02D259
02D25B
02D25D
02D25F
02D261
02D263
02D265
02D267
02D269
02D26B
02D26D
02D26F
02D271
02D273
02D275
02D277
02D279
02D27B
02D27D
02D27F
02D281
02D283
02D285
02D287
02D288
02D289
02D28A
02D28C
02D28D
02D290
02D293
02D294
02D296
02D297
02D298
02D299
02D29A
02D29B
02D29E
02D2A1
02D2A2
02D2A3
02D2A5
02D2A7
02D2A8
02D2A9
02D2AA
02D2AB
02D2AD
02D2AF
02D2B1
02D2B2
02D2B3
02D2B4
02D2B6
02D2B8
02D2B9
02D2BC
02D2BF
02D2C0
02D2C1
02D2C3
02D2C6
02D2FB
02D2FD
02D2FE
02D2FF
02D302
02D304
02D306
02D308
02D30A
02D30B
02D30D
02D30F
02D312
02D314
02D316
02D318
02D31A
02D31B
02D31D
02D31F
02D321
02D323
02D325
02D327
02D328
02D329
02D32B
02D32D
02D32E
02D330
02D332
02D334
02D336
02D338
02D33A
02D33B
02D33D
02D33F
02D341
02D343
02D345
02D347
02D348
02D34A
02D34B
02D34D
02D34F
02D350
02D352
02D354
02D355
02D357
02D359
02D35B
02D35D
02D35F
02D360
02D362
02D364
02D366
02D368
02D36A
02D36C
02D36D
02D36F
02D371
02D372
02D373
02D378
02D37B
02D37E
02D380
02D382
02D385
02D387
02D389
02D38C
02D38F
02D390
02D392
02D394
02D395
02D397
02D398
02D39B
02D39E
02D3A0
02D3A1
02D3A3
02D3A6
02D3A8
02D3AA
02D3AD
02D3AF
02D3B1
02D3B2
02D3B4
02D3B5
02D3B8
02D3B9
02D3BB
02D3BD
02D3BE
02D3C1
02D3C3
02D3C5
02D3C7
02D3C9
02D3CC
02D3CF
02D3D2
02D3D3
02D3D5
02D3D8
02D3DA
02D3DB
02D3DD
02D3DF
02D3E1
02D3E2
02D3E4
02D3E6
02D3E7
02D3E8
02D3E9
02D3EA
02D3EE
02D3F0
02D3F2
02D3F5
02D3F7
02D3FA
02D3FD
02D3FE
02D400
02D402
02D403
02D406
02D409
02D40B
02D419
02D41C
02D422
02D425
02D427
02D429
02D42B
02D42E
02D432
02D434
02D436
02D438
02D43A
02D43D
02D43F
02D442
02D444
02D445
02D448
02D44A
02D44C
02D44E
02D451
02D452
02D454
02D455
02D458
02D45A
02D45C
02D45E
02D460
02D461
02D463
02D465
02D467
02D469
02D46B
02D46D
02D46F
02D471
02D474
02D476
02D479
02D47B
02D47E
02D480
02D481
02D484
02D486
02D488
02D489
02D48B
02D48D
02D490
02D492
02D494
02D496
02D498
02D49B
02D49C
02D49E
02D4A0
02D4A2
02D4A4
02D4A6
02D4A8
02D4A9
02D4AB
02D4AD
02D4AF
02D4B1
02D4B3
02D4B6
02D4B8
02D4BA
02D4BC
02D4BD
02D4BF
02D4C0
02D4C3
02D4C6
02D4C8
02D4C9
02D4CC
02D4CF
02D4D1
02D4D3
02D4D5
02D4D7
02D4DB
02D4DC
02D4DE
02D4E0
02D4E2
02D4E4
02D4E5
02D4E6
02D4E8
02D4E9
02D4EB
02D4ED
02D4EF
02D4F1
02D4FA
02D4FC
02D4FE
02D4FF
02D501
02D503
02D505
02D508
02D50A
02D50B
02D50C
02D50E
02D510
02D511
02D513
02D515
02D517
02D51A
02D51C
02D51D
02D587
02D58A
02D58D
02D58F
02D591
02D593
02D595
02D598
02D59A
02D59C
02D59F
02D5A3
02D5E4
02D5E7
02D5E8
02D5EA
02D5EC
02D5ED
02D5F0
02D5F3
02D5F5
02D5F6
02D5F9
02D5FC
02D5FF
02D602
02D605
02D608
02D609
02D60A
02D60B
02D60C
02D60D
02D60F
02D610
02D612
02D614
02D617
02D618
02D619
02D61A
02D61C
02D61E
02D620
02D623
02D625
02D628
02D629
02D62A
02D62D
02D62F
02D631
02D633
02D635
02D637
02D639
02D63B
02D63C
02D63E
02D640
02D642
02D643
02D644
02D647
02D64A
02D64B
02D64E
02D650
02D653
02D656
02D658
02D65B
02D65D
02D65F
02D661
02D662
02D665
02D668
02D66A
02D66C
02D66F
02D670
02D671
02D675
02D677
02D679
02D67C
02D67D
02D67E
02D682
02D684
02D686
02D689
02D68B
02D68E
02D691
02D693
02D695
02D698
02D69B
02D69E
02D6A1
02D6A3
02D6A5
02D6A7
02D6A9
02D6AA
02D6AC
02D6AE
02D6B1
02D6B4
02D6B6
02D6B8
02D6BB
02D6BE
02D6C1
02D6C4
02D6C6
02D6C8
02D6CA
02D6CC
02D6CD
02D6CF
02D6D1
02D6D2
02D6D5
02D6D6
02D6D8
02D6D9
02D6DC
02D6DD
02D6E0
02D6E2
02D6E4
02D6E6
02D6E8
02D6E9
02D6EB
02D6ED
02D6EE
02D6EF
02D6F0
02D6F3
02D6F6
02D6F7
02D6FA
02D6FB
02D6FE
02D700
02D703
02D705
02D707
02D709
02D70B
02D70C
02D70E
02D710
02D713
02D715
02D718
02D71A
02D71C
02D71E
02D722
02D724
02D726
02D729
02D72C
02D72F
02D731
02D732
02D736
02D737
02D739
02D73B
02D73D
02D740
02D742
02D745
02D746
02D74A
02D74B
02D74E
02D750
02D754
02D757
02D758
02D75B
02D75C
02D75E
02D75F
02D762
02D763
02D765
02D767
02D768
02D76A
02D76B
02D76D
02D770
02D771
02D773
02D774
02D776
02D778
02D77A
02D77B
02D77D
02D77E
02D780
02D783
02D784
02D786
02D787
02D789
02D78B
02D78E
02D790
02D793
02D794
02D796
02D797
02D798
02D79A
02D79C
02D79E
02D7A0
02D7A2
02D7A3
02D7A5
02D7A7
02D7A9
02D7AB
02D7AD
02D7AF
02D7B1
02D7B4
02D7B6
02D7B9
02D7BB
02D7BE
02D7C0
02D7C3
02D7C5
02D7C6
02D7C8
02D7C9
02D7CB
02D7CD
02D7CE
02D7D0
02D7D2
02D7D3
02D7D5
02D7D6
02D7D8
02D7DA
02D7DC
02D7DD
02D7DF
02D7E0
02D7E2
02D7E4
02D7E5
02D7E7
02D7E9
02D7EA
02D7EC
02D7ED
02D7EF
02D7F1
02D7F2
02D7F3
02D7F4
02D7F5
02D7F6
02D7F8
02D7F9
02D7FB
02D7FD
02D800
02D801
02D802
02D803
02D804
02D805
02D806
02D813
02D816
02D817
02D819
02D81B
02D81C
02D81F
02D822
02D824
02D825
02D828
02D82B
02D82E
02D831
02D834
02D837
02D838
02D839
02D83A
02D83B
02D83C
02D83E
02D83F
02D848
02D84B
02D84C
02D84E
02D850
02D851
02D854
02D857
02D859
02D85C
02D85F
02D862
02D864
02D867
02D868
02D869
02D86A
02D86B
02D86C
02D86E
02D86F
02D870
02D871
02D873
02D875
02D876
02D879
02D87C
02D87F
02D880
02D883
02D886
02D889
02D88B
02D88E
02D890
02D891
02D893
02D894
02D896
02D897
02D899
02D89A
02D89B
02D89D
02D89F
02D8A0
02D8AD
02D8AE
02D8AF
02D8B0
02D8B3
02D8B4
02D8BB
02D8BE
02D8BF
02D8C1
02D8C4
02D8C8
02D8C9
02D8CB
02D8CE
02D8CF
02D8D2
02D8D4
02D8D7
02D8D9
02D8DA
02D8DB
02D8DC
02D8DF
02D8E1
02D8E4
02D8E7
02D8E8
02D8EB
02D8ED
02D8EF
02D8F1
02D8F3
02D8F6
02D8F9
02D8FB
02D904
02D906
02D908
02D90A
02D90C
02D90E
02D911
02D914
02D916
02D918
02D91A
02D91D
02D920
02D921
02D923
02D925
02D927
02D92A
02D92D
02D930
02D934
02D937
02D93A
02D93C
02D93E
02D940
02D942
02D945
02D947
02D948
02D94A
02D94B
02D94E
02D950
02D953
02D955
02D958
02D95B
02D95D
02D961
02D965
02D967
02D969
02D96B
02D96E
02D970
02D972
02D974
02D977
02D978
02D97A
02D97D
02D97F
02D980
02D984
02D985
02D987
02D989
02D98B
02D98D
02D990
02D992
02D994
02D996
02D999
02D99C
02D99D
02D9A0
02D9D6
02D9D9
02D9DB
02D9DC
02D9DD
02D9DE
02D9E0
02D9E1
02D9E4
02D9E6
02D9E9
02D9EA
02D9EC
02D9EF
02D9F0
02D9F1
02D9F4
02D9F6
02D9F8
02D9F9
02D9FA
02D9FB
02D9FD
02D9FE
02DA00
02DA01
02DA04
02DA07
02DA09
02DA0A
02DA0D
02DA10
02DA11
02DA14
02DA17
02DA1A
02DA1C
02DA1F
02DA21
02DA23
02DA25
02DA27
02DA29
02DA2B
02DA2E
02DA30
02DA32
02DA34
02DA37
02DA38
02DA39
02DA3A
02DA3B
02DA3C
02DA3F
02DA42
02DA43
02DA44
02DA45
02DA46
02DA47
02DA48
02DA4A
02DA4B
02DA4D
02DA4F
02DA52
02DA53
02DA54
02DA55
02DA58
02DA59
02DA5A
02DA5D
02DA60
02DA62
02DA64
02DA6E
02DA70
02DA72
02DA76
02DA79
02DA7C
02DA7F
02DA80
02DA82
02DA84
02DA86
02DA89
02DA8C
02DA8D
02DA8F
02DA91
02DA92
02DA94
02DA97
02DA9A
02DA9D
02DAA0
02DAA3
02DAA6
02DAA8
02DAAA
02DAAD
02DAAF
02DAB2
02DAB4
02DAB6
02DAB8
02DABA
02DABD
02DABF
02DAC0
02DAC3
02DAC5
02DAC8
02DACA
02DACD
02DAD0
02DAD3
02DAD5
02DAD8
02DADB
02DADE
02DAE0
02DAE3
02DAE5
02DAE8
02DAFD
02DB00
02DB03
02DB05
02DB06
02DB08
02DB0A
02DB0B
02DB0E
02DB11
02DB13
02DB14
02DB17
02DB1A
02DB1B
02DB1D
02DB1E
02DB20
02DB23
02DB24
02DB26
02DB27
02DB28
02DB29
02DB2A
02DB2D
02DB30
02DB31
02DB32
02DB33
02DB34
02DB35
02DB36
02DB39
02DB3C
02DB3D
02DB3E
02DB3F
02DB40
02DB41
02DB42
02DB44
02DB45
02DB47
02DB49
02DB4C
02DB4D
02DB4E
02DB4F
02DB52
02DB53
02DB5C
02DB5F
02DB61
02DB64
02DB66
02DB69
02DB6B
02DB6D
02DB70
02DB72
02DB74
02DB75
02DB77
02DB79
02DB7A
02DB7D
02DB7F
02DB82
02DB85
02DB88
02DB8A
02DB8B
02DB8D
02DB90
02DB93
02DB95
02DB98
02DB99
02DB9A
02DB9D
02DB9E
02DBA0
02DBA2
02DBA5
02DBA7
02DBA9
02DBAB
02DBAE
02DBB0
02DBB1
02DBB3
02DBB4
02DBB7
02DBB9
02DBBC
02DBBE
02DBC1
02DBC4
02DBC6
02DBC7
02DBC9
02DBCA
02DBCD
02DBCF
02DBD2
02DBD4
02DBD7
02DBDA
02DBDD
02DBE0
02DBE4
02DBE7
02DBE9
02DBEB
02DBED
02DBF0
02DBF2
02DBF4
02DBF6
02DBF8
02DBFB
02DBFD
02DBFF
02DC02
02DC04
02DC07
02DC08
02DC09
02DC0D
02DC0E
02DC3F
02DC42
02DC44
02DC46
02DC49
02DC4A
02DC4B
02DC4E
02DC50
02DC53
02DC54
02DC56
02DC57
02DC59
02DC5B
02DC5D
02DC5F
02DC60
02DC62
02DC63
02DC65
02DC66
02DC69
02DC6C
02DC6E
02DC6F
02DC72
02DC75
02DC76
02DC78
02DC7A
02DC7C
02DC7D
02DC7F
02DC81
02DC84
02DC85
02DC87
02DC8A
02DC8B
02DC8E
02DC91
02DC94
02DC97
02DC98
02DC99
02DC9A
02DC9B
02DC9C
02DC9F
02DCA2
02DCA3
02DCA4
02DCA5
02DCA6
02DCA7
02DCA9
02DCAA
02DCAC
02DCAF
02DCB0
02DCB1
02DCB2
02DCB5
02DCB6
02DCB7
02DCBA
02DCBC
02DCBE
02DCC1
02DCC3
02DCC5
02DCC8
02DCCC
02DCD0
02DCD3
02DCD5
02DCD7
02DCD9
02DCDB
02DCDD
02DCE9
02DCEA
02DCEC
02DCEF
02DCF2
02DCF4
02DCF7
02DCF9
02DCFC
02DCFE
02DCFF
02DD02
02DD04
02DD07
02DD09
02DD0B
02DD0E
02DD11
02DD13
02DD16
02DD19
02DD1B
02DD1E
02DD20
02DD23
02DD26
02DD28
02DD2A
02DD2C
02DD2F
02DD32
02DD34
02DD36
02DD39
02DD3B
02DD3D
02DD3F
02DD42
02DD44
02DD45
02DD47
02DD4A
02DD4B
02DD4D
02DD50
02DD52
02DD54
02DD56
02DD57
02DD5A
02DD5D
02DD5F
02DD61
02DD64
02DD66
02DD69
02DD6A
02DD6D
02DD6E
02DD6F
02DD71
02DD73
02DD75
02DD77
02DD78
02DD7A
02DD7C
02DD7D
02DD80
02DD81
02DD84
02DD86
02DD89
02DD8B
02DD8E
02DD8F
02DD93
02DD95
02DD97
02DD9A
02DD9C
02DD9F
02DDA1
02DDA3
02DDA6
02DDA9
02DDAB
02DDAE
02DDB0
02DDB3
02DDB6
02DDB9
02DDBA
02DDBB
02DDBF
02DDC1
02DDC4
02DDC5
02DE3E
02DE41
02DE44
02DE45
02DE46
02DE47
02DE49
02DE4B
02DE4D
02DE50
02DE53
02DE54
02DE55
02DE56
02DE57
02DE59
02DE5B
02DE5C
02DE5E
02DE60
02DE61
02DE62
02DE64
02DE65
02DE67
02DE68
02DE6B
02DE6E
02DE6F
02DE71
02DE72
02DE75
02DE78
02DE7B
02DE7E
02DE80
02DE81
02DE84
02DE86
02DE88
02DE8B
02DE8C
02DE8D
02DE8E
02DE8F
02DE90
02DE93
02DE96
02DE97
02DE98
02DE99
02DE9A
02DE9B
02DE9C
02DE9E
02DEA0
02DEA1
02DEA3
02DEA5
02DEA8
02DEA9
02DEAA
02DEAB
02DEAE
02DEAF
02DEB0
02DEB3
02DEB5
02DEB7
02DEB9
02DEBC
02DEBF
02DEC1
02DEC5
02DEC8
02DECA
02DECC
02DECE
02DED1
02DED3
02DED6
02DED9
02DEDC
02DEDE
02DEE0
02DEE2
02DEE4
02DEE6
02DEEA
02DEEC
02DEF0
02DEF3
02DEF6
02DEF8
02DEFB
02DEFC
02DEFE
02DF00
02DF02
02DF05
02DF07
02DF09
02DF0B
02DF0E
02DF11
02DF14
02DF17
02DF19
02DF1B
02DF1E
02DF21
02DF2C
02DF2E
02DF30
02DF33
02DF35
02DF37
02DF3A
02DF3C
02DF3D
02DF3F
02DF42
02DF44
02DF46
02DF49
02DF4C
02DF4D
02DF50
02DF51
02DF53
02DF54
02DF57
02DF5A
02DF5C
02DF5F
02DF62
02DF63
02DF65
02DF66
02DF68
02DF6B
02DF6E
02DF6F
02DF71
02DF74
02DF76
02DF79
02DF7C
02DF7E
02DF81
02DF83
02DF85
02DF87
02DF8A
02DF8B
02DF8C
02DF8D
02DF8E
02DF91
02DF92
02DF93
02DF96
02DF98
02DF9A
02DF9D
02DFA1
02DFA4
02DFA7
02DFA9
02DFAB
02DFAD
02DFAF
02DFB3
02DFB6
02DFB8
02DFBA
02DFBC
02DFBE
02DFC8
02DFC9
02DFCC
02DFCE
02DFD0
02DFD3
02DFD5
02DFD6
02DFD7
02DFD8
02DFD9
02DFDB
02DFDE
02DFDF
02DFE2
02DFE4
02DFE6
02DFE8
02DFE9
02DFEB
02DFEE
02DFEF
02DFF2
02DFF4
02DFF6
02DFF9
02DFFB
02DFFD
02DFFF
02E002
02E004
02E007
02E00B
02E00E
02E011
02E013
02E016
02E019
02E01C
02E01E
02E020
02E023
02E025
02E028
02E02B
02E02C
02E02E
02E031
02E032
02E034
02E037
02E03A
02E03D
02E040
02E041
02E044
02E045
02E048
02E04B
02E04C
02E04F
02E050
02E053
02E055
02E057
02E059
02E05B
02E05E
02E061
02E064
02E065
02E067
02E06A
02E06C
02E06E
02E079
02E07C
02E07F
02E081
02E083
02E085
02E087
02E08A
02E08C
02E08D
02E08F
02E090
02E092
02E095
02E097
02E098
02E09A
02E09D
02E0A0
02E0A2
02E0A5
02E0A7
02E0AA
02E0AD
02E0B0
02E0B1
02E0B3
02E0B6
02E0B9
02E0BC
02E0BF
02E0C0
02E0C2
02E0C4
02E0C5
02E0C6
02E0C7
02E0C8
02E0CB
02E0CC
02E0CD
02E0D1
02E0D3
02E0D4
02E0D6
02E0D8
02E0DB
02E0DD
02E0DE
02E0DF
02E0E1
02E0E4
02E0E8
02E0EB
02E0EC
02E0EE
02E0F1
02E0F4
02E0F6
02E0F7
02E0F8
02E0F9
02E0FC
02E0FE
02E0FF
02E100
02E102
02E104
02E107
02E108
02E10A
02E10D
02E10F
02E112
02E114
02E118
02E119
02E11C
02E11D
02E11F
02E120
02E122
02E124
02E126
02E129
02E12D
02E130
02E132
02E13C
02E13E
02E141
02E143
02E146
02E148
02E149
02E14B
02E14D
02E14F
02E151
02E153
02E155
02E158
02E159
02E15B
02E161
02E162
02E164
02E166
02E169
02E16B
02E16D
02E16F
02E171
02E174
02E176
02E177
02E17A
02E17D
02E17F
02E182
02E184
02E186
02E188
02E18A
02E18C
02E18E
02E18F
02E191
02E195
02E198
02E19A
02E19C
02E19E
02E1A0
02E1A3
02E1A4
02E1A6
02E1A8
02E1AA
02E1AD
02E1AF
02E1B1
02E1B4
02E1B7
02E1B9
02E1BB
02E1BE
02E1C0
02E1C2
02E1C4
02E1C7
02E1C9
02E1CA
02E1CD
02E1CF
02E1D2
02E1D4
02E1D5
02E1D7
02E1DA
02E1DD
02E1DF
02E1E2
02E1E4
02E1E7
02E1EA
02E1ED
02E1EF
02E1F2
02E1F4
02E1F7
02E215
02E216
02E217
02E218
02E21B
02E21C
02E21D
02E21F
02E220
02E223
02E225
02E227
02E229
02E22B
02E22D
02E22E
02E22F
02E231
02E233
02E235
02E236
02E238
02E23A
02E23D
02E23F
02E243
02E245
02E249
02E24C
02E24E
02E251
02E254
02E256
02E259
02E25A
02E25C
02E25D
02E25F
02E260
02E262
02E264
02E266
02E268
02E26A
02E26C
02E26F
02E271
02E274
02E277
02E27A
02E27D
02E27F
02E282
02E284
02E287
02E288
02E28A
02E28D
02E28F
02E292
02E294
02E297
02E29A
02E29C
02E29E
02E2A0
02E2A1
02E2A4
02E2A5
02E2A8
02E2AA
02E2AC
02E2AD
02E2B0
02E2B2
02E2B4
02E2B6
02E2B8
02E2BA
02E2BC
02E2BE
02E2C1
02E2C3
02E2C5
02E2C7
02E2CA
02E2CC
02E2CE
02E2D0
02E2D3
02E2D5
02E2D7
02E2D9
02E2DD
02E2DE
02E2E2
02E2E4
02E2E6
02E2E9
02E2EB
02E2EE
02E2F0
02E2F2
02E2F3
02E2F6
02E2F8
02E2FB
02E2FD
02E2FF
02E302
02E303
02E304
02E305
02E306
02E309
02E30A
02E311
02E314
02E316
02E318
02E31B
02E31D
02E31F
02E322
02E325
02E327
02E32A
02E32C
02E32E
02E330
02E332
02E334
02E335
02E337
02E338
02E33B
02E33D
02E340
02E342
02E344
02E347
02E34A
02E34D
02E351
02E3AA
02E3AD
02E3B0
02E3B1
02E3B2
02E3B3
02E3B5
02E3B6
02E3B9
02E3BB
02E3BE
02E3C0
02E3C3
02E3C4
02E3C6
02E3C8
02E3C9
02E3CC
02E3CD
02E3D0
02E3D2
02E3D4
02E3D5
02E3D6
02E3D8
02E3DA
02E3DB
02E3DC
02E3DE
02E3E1
02E3E3
02E3E4
02E3E7
02E3E8
02E3EB
02E3ED
02E3EF
02E3F0
02E3F1
02E3F3
02E3F5
02E3F6
02E3F7
02E3F9
02E3FC
02E3FF
02E402
02E405
02E408
02E409
02E40A
02E40B
02E40C
02E40D
02E40F
02E410
02E412
02E414
02E417
02E418
02E419
02E41A
02E41D
02E41E
02E41F
02E423
02E425
02E427
02E42D
02E42F
02E432
02E435
02E437
02E439
02E43B
02E43E
02E440
02E442
02E444
02E446
02E449
02E44D
02E450
02E452
02E453
02E455
02E457
02E459
02E45C
02E45E
02E462
02E463
02E465
02E467
02E46B
02E46D
02E46F
02E472
02E473
02E476
02E478
02E47A
02E47D
02E47F
02E481
02E483
02E486
02E488
02E489
02E48B
02E48C
02E48D
02E48F
02E493
02E494
02E495
02E498
02E499
02E49A
02E49B
02E49C
02E49F
02E4A0
02E4A1
02E4A4
02E4A5
02E4A8
02E4AB
02E4AD
02E4AE
02E4B1
02E4B2
02E4B4
02E4B5
02E4B8
02E4B9
02E4BC
02E4BF
02E4C2
02E4C4
02E4C6
02E4C8
02E4CB
02E4CE
02E4D0
02E4D3
02E4D4
02E4D7
02E4D8
02E4DA
02E4DB
02E4DE
02E4DF
02E4E1
02E4E3
02E4E6
02E4E8
02E4EB
02E4EE
02E4EF
02E4F1
02E4F4
02E4F6
02E4F9
02E4FB
02E4FE
02E500
02E503
02E506
02E508
02E50A
02E50C
02E50F
02E511
02E514
02E517
02E519
02E51B
02E51C
02E51F
02E524
02E526
02E528
02E52A
02E52C
02E52E
02E530
02E532
02E533
02E536
02E538
02E53A
02E53C
02E53F
02E541
02E543
02E545
02E548
02E54A
02E54E
02E551
02E554
02E558
02E559
02E55B
02E55D
02E55E
02E561
02E562
02E564
02E566
02E569
02E56B
02E56C
02E56E
02E56F
02E570
02E573
02E576
02E577
02E57A
02E57D
02E57E
02E581
02E583
02E584
02E586
02E589
02E58A
02E58C
02E58F
02E591
02E592
02E595
02E598
02E59A
02E59D
02E5A0
02E5A3
02E5A5
02E5A8
02E5AA
02E5AD
02E5AF
02E5B1
02E5B4
02E5B5
02E5B6
02E5B7
02E5BA
02E5BB
02E5BC
02E5BF
02E5C1
02E5C3
02E5C6
02E5C8
02E5CB
02E5CD
02E5CF
02E5D1
02E5D2
02E5D4
02E5D7
02E5DA
02E5DD
02E5E0
02E5E8
02E5EC
02E5EF
02E5F6
02E5F7
02E5F9
02E5FC
02E5FE
02E5FF
02E601
02E603
02E605
02E608
02E60A
02E60C
02E60F
02E611
02E612
02E615
02E617
02E618
02E61C
02E61F
02E623
02E627
02E629
02E62C
02E62E
02E62F
02E630
02E633
02E634
02E636
02E637
02E63A
02E63B
02E63D
02E63F
02E640
02E643
02E646
02E648
02E64B
02E64E
02E651
02E654
02E657
02E658
02E659
02E65A
02E65B
02E65C
02E65E
02E65F
02E661
02E663
02E672
02E673
02E674
02E675
02E678
02E679
02E67A
02E67D
02E67E
02E67F
02E681
02E684
02E685
02E687
02E688
02E68A
02E68D
02E68E
02E690
02E693
02E696
02E698
02E699
02E69B
02E69E
02E6A1
02E6A2
02E6A4
02E6A7
02E6A9
02E6AC
02E6AE
02E6B1
02E6B3
02E6B6
02E6B8
02E6BB
02E6BD
02E6BF
02E6C2
02E6C5
02E6C7
02E6CA
02E6CC
02E6CD
02E6D0
02E6D1
02E6D3
02E6D5
02E6D7
02E6D9
02E6DA
02E6DD
02E6DE
02E6E0
02E6E2
02E6E4
02E6E7
02E6EB
02E6EC
02E6EE
02E6F1
02E6F2
02E6F4
02E6F7
02E6FA
02E6FD
02E700
02E701
02E703
02E706
02E708
02E70B
02E70D
02E710
02E711
02E712
02E713
02E714
02E715
02E717
02E718
02E71A
02E71C
02E71F
02E720
02E721
02E722
02E725
02E726
02E727
02E72B
02E72D
02E72F
02E732
02E736
02E73A
02E73C
02E73F
02E741
02E743
02E74E
02E751
02E754
02E756
02E759
02E75C
02E75E
02E761
02E764
02E766
02E768
02E76B
02E76D
02E770
02E772
02E774
02E776
02E778
02E77B
02E77C
02E77E
02E780
02E783
02E785
02E787
02E788
02E78B
02E78D
02E78F
02E791
02E793
02E796
02E798
02E79A
02E79C
02E79E
02E79F
02E7A1
02E7A3
02E7A4
02E7A6
02E7A8
02E7AA
02E7AC
02E7AF
02E7B1
02E7B4
02E7B5
02E7B6
02E7B7
02E7B8
02E7BB
02E7BC
02E7BD
02E7BF
02E7C0
02E7C3
02E7C5
02E7C7
02E7C9
02E7CD
02E7CE
02E7D0
02E7D2
02E7D4
02E7D7
02E7D9
02E7DB
02E7DD
02E7DF
02E7E0
02E7E3
02E7E6
02E7EA
02E7ED
02E7EF
02E7F2
02E7F4
02E7FD
02E800
02E802
02E804
02E806
02E808
02E80B
02E80D
02E80F
02E811
02E813
02E815
02E817
02E819
02E81B
02E81D
02E820
02E822
02E824
02E826
02E828
02E82C
02E82D
02E82E
02E82F
02E830
02E833
02E834
02E845
02E848
02E84A
02E84C
02E84D
02E84E
02E851
02E853
02E856
02E857
02E859
02E85C
02E85E
02E861
02E862
02E865
02E866
02E868
02E86B
02E86C
02E86E
02E871
02E872
02E875
02E878
02E87A
02E87D
02E87F
02E882
02E884
02E885
02E887
02E889
02E88B
02E88D
02E88F
02E890
02E893
02E896
02E899
02E89B
02E89E
02E8A0
02E8A2
02E8A5
02E8A7
02E8A9
02E8AB
02E8AD
02E8AF
02E8B2
02E8B5
02E8B9
02E8BA
02E8BD
02E8C0
02E8C3
02E8C6
02E8C9
02E8CB
02E8CD
02E8CF
02E8D2
02E8D4
02E8D6
02E8D8
02E8DB
02E8DD
02E8E1
02E8E4
02E8E6
02E8E8
02E8E9
02E8EB
02E8ED
02E8F0
02E8F2
02E8F4
02E8F6
02E8F8
02E8FB
02E8FD
02E901
02E902
02E905
02E907
02E90A
02E90B
02E90D
02E910
02E912
02E913
02E916
02E919
02E91B
02E91E
02E920
02E923
02E926
02E928
02E92B
02E92E
02E930
02E932
02E935
02E936
02E937
02E938
02E93B
02E93C
02E93D
02E940
02E942
02E944
02E946
02E949
02E94C
02E94F
02E951
02E953
02E956
02E959
02E95D
02E95F
02E96D
02E970
02E972
02E975
02E977
02E978
02E97A
02E97C
02E97E
02E980
02E983
02E985
02E986
02E989
02E98B
02E98E
02E98F
02E992
02E994
02E996
02E998
02E99A
02E99C
02E99E
02E9A1
02E9A2
02E9A4
02E9A6
02E9A8
02E9AA
02E9AC
02E9AE
02E9AF
02E9B0
02E9B3
02E9B4
02E9B7
02E9B9
02E9BB
02E9BD
02E9C0
02E9C2
02E9C4
02E9C6
02E9C8
02E9CA
02E9CE
02E9CF
02E9D1
02E9D4
02E9D5
02E9D8
02E9DA
02E9DC
02E9DF
02E9E1
02E9E2
02E9E4
02E9EC
02E9EF
02E9F1
02E9F4
02E9F7
02E9F9
02E9FC
02E9FD
02E9FF
02EA02
02EA03
02EA06
02EA07
02EA0A
02EA0D
02EA10
02EA13
02EA14
02EA17
02EA18
02EA19
02EA1A
02EA1C
02EA1F
02EA22
02EA25
02EA28
02EA2B
02EA2D
02EA2F
02EA31
02EA34
02EA36
02EA38
02EA39
02EA3A
02EA3B
02EA3C
02EA3D
02EA3E
02EA41
02EA44
02EA45
02EA48
02EA4B
02EA4D
02EA4E
02EA50
02EA51
02EA54
02EA56
02EA58
02EA59
02EA5B
02EA5E
02EA60
02EA63
02EA66
02EA68
02EA6A
02EA6D
02EA6F
02EA71
02EA73
02EA75
02EA77
02EA79
02EA7C
02EA7E
02EA81
02EA83
02EA86
02EA87
02EA89
02EA8A
02EA8B
02EA8C
02EA90
02EA91
02EA95
02EA99
02EA9B
02EA9E
02EAA0
02EAA4
02EAA7
02EAA9
02EAAB
02EAAE
02EAB1
02EAB4
02EAB7
02EABA
02EABD
02EABF
02EAC2
02EAC5
02EAC8
02EACA
02EACD
02EAD2
02EAD3
02EAD4
02EAD5
02EAD8
02EAD9
02EADA
02EADE
02EAF0
02EAF2
02EAF6
02EAF8
02EAFA
02EAFD
02EAFF
02EB02
02EB04
02EB07
02EB0A
02EB0D
02EB0F
02EB12
02EB15
02EB18
02EB19
02EB1D
02EB1F
02EB22
02EB24
02EB26
02EB27
02EB28
02EB29
02EB2A
02EB2D
02EB2E
02EB31
02EB34
02EB37
02EB39
02EB3B
02EB3D
02EB3F
02EB41
02EB43
02EB44
02EB45
02EB48
02EB49
02EB4B
02EB4D
02EB50
02EB54
02EB57
02EB5A
02EB5C
02EB5E
02EB60
02EB63
02EB66
02EB68
02EB6B
02EB6D
02EB6F
02EB71
02EB73
02EB75
02EB77
02EB78
02EB7A
02EB7C
02EB7D
02EB7F
02EB8D
02EB8F
02EB91
02EB93
02EB95
02EB98
02EB9A
02EB9D
02EB9F
02EBA0
02EBA3
02EBA5
02EBA7
02EBA9
02EBAB
02EBAE
02EBB1
02EBB3
02EBB5
02EBB7
02EBB9
02EBBB
02EBBD
02EBBE
02EBBF
02EBC1
02EBC3
02EBC4
02EBC6
02EBC9
02EBCA
02EBCC
02EBCE
02EBD0
02EBD1
02EBD3
02EBD4
02EBD6
02EBD8
02EBDA
02EBDC
02EBDE
02EBE0
02EBE3
02EBE6
02EBE7
02EBEA
02EBED
02EBEF
02EBF1
02EBF3
02EBF4
02EBF6
02EBF8
02EBFA
02EBFC
02EBFE
02EC00
02EC01
02EC02
02EC05
02ECDE
02ECE1
02ECE4
02ECE6
02ECE9
02ECEB
02ECED
02ECF0
02ECF1
02ECF2
02ECF4
02ECF5
02ECF7
02ECF9
02ECFA
02ECFC
02ECFD
02ECFF
02ED00
02ED03
02ED06
02ED09
02ED0C
02ED0D
02ED0E
02ED0F
02ED10
02ED11
02ED14
02ED17
02ED18
02ED1A
02ED1B
02ED1E
02ED20
02ED22
02ED23
02ED24
02ED27
02ED2A
02ED2C
02ED2E
02ED2F
02ED31
02ED32
02ED33
02ED36
02ED37
02ED3B
02ED3D
02ED3F
02ED41
02ED43
02ED44
02ED45
02ED46
02ED49
02ED4B
02ED4D
02ED50
02ED52
02ED54
02ED56
02ED57
02ED58
02ED59
02ED5B
02ED5C
02ED5D
02ED5F
02ED62
02ED64
02ED65
02ED68
02ED6B
02ED6C
02ED6D
02ED6E
02ED6F
02ED71
02ED73
02ED75
02ED77
02ED78
02ED7A
02ED7C
02ED82
02ED83
02ED84
02ED85
02ED88
02ED89
02ED8A
02ED8D
02ED8F
02ED91
02ED93
02ED97
02ED99
02ED9B
02ED9E
02EDA0
02EDA3
02EDA5
02EDA8
02EDAB
02EDAE
02EDB0
02EDB3
02EDB6
02EDB7
02EDB9
02EDBC
02EDBF
02EDC1
02EDC4
02EDC5
02EDC6
02EDCA
02EDCB
02EDCD
02EDCF
02EDD0
02EDD1
02EDD2
02EDD3
02EDD6
02EDD7
02EDD8
02EDDA
02EDDC
02EDDF
02EDE2
02EDE4
02EDE6
02EDE9
02EDEB
02EDED
02EDEF
02EDF2
02EDF3
02EDF5
02EDF6
02EDFA
02EDFD
02EDFF
02EE00
02EE01
02EE02
02EE03
02EE05
02EE07
02EE09
02EE0C
02EE0F
02EE11
02EE13
02EE14
02EE16
02EE19
02EE1B
02EE1D
02EE1F
02EE21
02EE24
02EE26
02EE29
02EE2B
02EE2D
02EE30
02EE32
02EE34
02EE36
02EE37
02EE39
02EE3C
02EE3E
02EE40
02EE42
02EE44
02EE46
02EE48
02EE4C
02EE4F
02EE51
02EE53
02EE55
02EE57
02EE5B
02EE5D
02EE5F
02EE61
02EE63
02EE66
02EE69
02EE6A
02EE6D
02EE70
02EE72
02EE75
02EE77
02EE79
02EE7C
02EE7E
02EE80
02EE82
02EE84
02EE85
02EE87
02EE89
02EE8C
02EE8E
02EE90
02EE92
02EE94
02EE96
02EE98
02EE9B
02EE9E
02EE9F
02EEA1
02EEA3
02EEA4
02EEA6
02EEA8
02EFF2
02EFF3
02EFF4
02EFF5
02EFF8
02EFFA
02EFFC
02EFFE
02F000
02F001
02F003
02F004
02F005
02F006
02F008
02F00B
02F00C
02F00F
02F010
02F011
02F012
02F014
02F015
02F017
02F018
02F01B
02F01D
02F01F
02F022
02F024
02F026
02F028
02F029
02F02A
02F02B
02F02C
02F02F
02F030
02F035
02F038
02F03A
02F03C
02F03F
02F043
02F046
02F048
02F04A
02F04C
02F04E
02F050
02F052
02F054
02F057
02F059
02F05B
02F05E
02F061
02F064
02F067
02F06A
02F06D
02F070
02F072
02F075
02F078
02F07B
02F07D
02F07F
02F082
02F083
02F086
02F089
02F08C
02F08E
02F08F
02F090
02F093
02F095
02F097
02F09B
02F09E
02F0A0
02F0A2
02F0A5
02F0A7
02F0A9
02F0AC
02F0AE
02F0B1
02F0B3
02F0B6
02F0B8
02F0BB
02F0BE
02F0C0
02F0C3
02F0C6
02F0C9
02F0CC
02F0CE
02F0D0
02F0D2
02F0D3
02F0D6
02F0D8
02F0DB
02F0DC
02F0DD
02F0DF
02F0E1
02F0E2
02F0E5
02F0E6
02F0E8
02F0E9
02F0EC
02F0ED
02F0F0
02F0F3
02F0F5
02F0F6
02F0F7
02F0F9
02F0FB
02F0FD
02F0FF
02F100
02F102
02F110
02F113
02F116
02F118
02F11B
02F11D
02F120
02F122
02F124
02F126
02F127
02F128
02F12A
02F12B
02F12D
02F12E
02F130
02F132
02F133
02F134
02F135
02F136
02F137
02F138
02F139
02F13A
02F13C
02F13E
02F140
02F141
02F144
02F146
02F148
02F149
02F14A
02F14C
02F14D
02F14F
02F151
02F152
02F153
02F155
02F158
02F159
02F15B
02F15C
02F15E
02F15F
02F160
02F162
02F164
02F165
02F168
02F16B
02F16C
02F16D
02F16F
02F171
02F173
02F175
02F178
02F17B
02F17C
02F17E
02F180
02F182
02F184
02F186
02F189
02F18A
02F18B
02F18C
02F18D
02F18E
02F190
02F193
02F194
02F195
02F196
02F197
02F198
02F199
02F19B
02F19D
02F1A0
02F1A2
02F1A4
02F1A5
02F1A8
02F1AB
02F1AC
02F1AF
02F1B0
02F1B3
02F1B4
02F1B7
02F1BA
02F1BD
02F1BF
02F1C2
02F1C5
02F1C7
02F1C8
02F1CB
02F1CE
02F1CF
02F1D2
02F1D3
02F1D6
02F1D7
02F1DA
02F1DD
02F1DE
02F1E0
02F1E3
02F1E5
02F1E8
02F1EB
02F1ED
02F1EF
02F1F2
02F1F3
02F1F4
02F1F5
02F1F6
02F1F8
02F1FB
02F1FD
02F1FF
02F202
02F204
02F206
02F209
02F20B
02F20D
02F20F
02F210
02F212
02F213
02F216
02F219
02F21B
02F21D
02F220
02F222
02F224
02F226
02F228
02F22B
02F22E
02F22F
02F231
02F233
02F235
02F237
02F23A
02F23B
02F23D
02F23F
02F240
02F243
02F245
02F247
02F248
02F249
02F24B
02F24D
02F24F
02F252
02F254
02F257
02F259
02F25B
02F25D
02F260
02F263
02F265
02F267
02F269
02F26B
02F26D
02F270
02F274
02F277
02F27A
02F27C
02F280
02F283
02F286
02F28A
02F28C
02F28F
02F292
02F295
02F296
02F29A
02F29B
02F2C7
02F2C8
02F2C9
02F2CA
02F2CB
02F2CD
02F2CF
02F2D2
02F2D7
02F2D9
02F2DC
02F2DE
02F2DF
02F2E2
02F2E4
02F2E7
02F2E9
02F2EC
02F2EE
02F2F1
02F2F4
02F2F7
02F2F9
02F2FC
02F2FE
02F301
02F303
02F306
02F308
02F30A
02F30B
02F30E
02F30F
02F310
02F311
02F312
02F315
02F316
02F317
02F31A
02F31C
02F31E
02F321
02F324
02F327
02F32A
02F32C
02F32D
02F32F
02F331
02F333
02F342
02F345
02F348
02F34A
02F34D
02F34F
02F351
02F353
02F355
02F357
02F359
02F35B
02F35D
02F35F
02F361
02F362
02F364
02F366
02F368
02F36B
02F36D
02F370
02F371
02F373
02F377
02F379
02F37A
02F37D
02F380
02F381
02F384
02F386
02F389
02F38B
02F38E
02F38F
02F391
02F393
02F396
02F399
02F39B
02F39D
02F39F
02F3A2
02F3A3
02F3A6
02F3A8
02F3AB
02F3AF
02F3B1
02F3B3
02F3B6
02F3B7
02F3B9
02F3BD
02F3BF
02F3C1
02F3C4
02F3C6
02F3C9
02F3CB
02F3CE
02F3D2
02F3D4
02F3D5
02F3D7
02F3DA
02F3EA
02F3EB
02F3ED
02F3EE
02F3F1
02F3F4
02F3F7
02F3F9
02F3FA
02F3FC
02F3FD
02F400
02F401
02F403
02F404
02F406
02F409
02F40B
02F40C
02F40E
02F411
02F412
02F415
02F416
02F419
02F41C
02F41D
02F41F
02F422
02F423
02F424
02F425
02F426
02F428
02F42B
02F42C
02F42D
02F42E
02F42F
02F432
02F433
02F434
02F437
02F439
02F43C
02F43E
02F440
02F442
02F444
02F446
02F448
02F44B
02F44E
02F450
02F453
02F456
02F458
02F459
02F45B
02F45D
02F45F
02F462
02F47C
02F47E
02F480
02F482
02F485
02F488
02F48B
02F48D
02F490
02F492
02F493
02F495
02F496
02F497
02F499
02F49C
02F49D
02F49E
02F4A0
02F4A3
02F4A5
02F4A6
02F4A8
02F4AB
02F4AE
02F4B0
02F4B3
02F4B6
02F4B8
02F4BB
02F4BD
02F4C0
02F4C1
02F4C2
02F4C3
02F4C4
02F4C6
02F4C9
02F4CC
02F4CD
02F4CE
02F4CF
02F4D0
02F4D3
02F4D4
02F4D5
02F4D7
02F4DA
02F4DC
02F4DE
02F4E0
02F4E3
02F4E6
02F4EB
02F4EE
02F4EF
02F4F1
02F4F2
02F4F4
02F4F7
02F4FA
02F4FC
02F4FF
02F501
02F504
02F506
02F508
02F50A
02F50B
02F50F
02F510
02F512
02F514
02F516
02F517
02F519
02F51B
02F51C
02F51F
02F522
02F525
02F528
02F52A
02F52D
02F530
02F531
02F532
02F533
02F534
02F536
02F539
02F53C
02F53D
02F53E
02F540
02F542
02F544
02F547
02F548
02F54A
02F54D
02F54F
02F550
02F553
02F555
02F558
02F55A
02F55D
02F55E
02F55F
02F563
02F565
02F567
02F569
02F56C
02F56E
02F571
02F573
02F575
02F577
02F57A
02F57B
02F57C
02F57D
02F57E
02F57F
02F582
02F583
02F584
02F585
02F586
02F587
02F58A
02F58B
02F594
02F595
02F596
02F597
02F598
02F59B
02F59C
02F59D
02F5D0
02F5D2
02F5D4
02F5D6
02F5D8
02F5DA
02F5DC
02F5DF
02F5E0
02F5E2
02F5E4
02F5E7
02F5E9
02F5EB
02F5ED
02F5EF
02F5F2
02F5F5
02F5F8
02F5FB
02F5FE
02F601
02F604
02F605
02F606
02F607
02F608
02F609
02F60B
02F60D
02F610
02F611
02F612
02F613
02F614
02F615
02F616
02F618
02F66E
02F671
02F673
02F676
02F678
02F67A
02F67C
02F67F
02F681
02F683
02F685
02F688
02F68A
02F68C
02F68E
02F690
02F691
02F693
02F695
02F696
02F698
02F69A
02F69C
02F69F
02F6B8
02F6BA
02F6BC
02F6BE
02F6BF
02F6C2
02F6C5
02F6C7
02F6C8
02F6CA
02F6CB
02F6CD
02F6CE
02F6D1
02F6D4
02F6D6
02F6D9
02F6DB
02F6DE
02F6DF
02F6E0
02F6E1
02F6E2
02F6E3
02F6E5
02F6E8
02F6E9
02F6EA
02F6EB
02F6EC
02F6ED
02F6EE
02F6F0
02F759
02F75C
02F75E
02F761
02F763
02F765
02F767
02F76A
02F76C
02F76E
02F770
02F773
02F774
02F775
02F776
02F777
02F77A
02F77C
02F77E
02F780
02F781
02F783
02F785
02F787
02F788
02F78A
02F78C
02F78E
02F791
02F793
02F794
02F795
02F796
02F797
02F799
02F79A
02F79B
02F79D
02F79F
02F7A0
02F7A3
02F7A6
02F7A9
02F7AC
02F7AE
02F7B0
02F7B1
02F7B4
02F7B7
02F7B9
02F7BB
02F7BE
02F7C0
02F7C2
02F7C5
02F7C6
02F7C7
02F7C8
02F7C9
02F7CB
02F7CE
02F7D0
02F7D2
02F7D3
02F7D6
02F7D9
02F7DC
02F7DF
02F7E1
02F7E3
02F7E4
02F7E7
02F7EA
02F7EC
02F7EE
02F7F1
02F7F3
02F7F5
02F7F8
02F7F9
02F7FA
02F7FB
02F7FC
02F7FE
02F801
02F802
02F804
02F807
02F808
02F809
02F80A
02F80B
02F80E
02F80F
02F810
02F812
02F815
02F818
02F81A
02F81D
02F81E
02F820
02F821
02F83D
02F840
02F843
02F844
02F846
02F849
02F84B
02F84D
02F850
02F852
02F855
02F857
02F859
02F85C
02F85E
02F861
02F864
02F865
02F868
02F86A
02F86D
02F86F
02F872
02F874
02F876
02F879
02F87B
02F87E
02F880
02F882
02F883
02F885
02F888
02F88A
02F88C
02F88F
02F891
02F892
02F894
02F897
02F899
02F89B
02F89E
02F89F
02F8A0
02F8A1
02F8A3
02F8A5
02F8A7
02F8A9
02F8AB
02F8AD
02F8AF
02F8B0
02F8B1
02F8B2
02F8B3
02F8B4
02F8B5
02F8B8
02F8B9
02F8BC
02F8BF
02F8C2
02F8C5
02F8C8
02F8CB
02F8CD
02F8CF
02F8D1
02F8D3
02F8D4
02F8D6
02F8D8
02F8DA
02F8DC
02F8DD
02F8DF
02F8E1
02F8E2
02F8E3
02F8E4
02F8E6
02F8E9
02F8EB
02F8EE
02F8F0
02F8F2
02F8F6
02F8F8
02F8FB
02F91C
02F91F
02F921
02F923
02F925
02F928
02F929
02F92A
02F92B
02F92C
02F92F
02F930
02F933
02F936
02F937
02F93A
02F93B
02F93C
02F93F
02F940
02F941
02F942
02F943
02F946
02F949
02F94C
02F94E
02F951
02F954
02F957
02F959
02F95C
02F95F
02F960
02F962
02F965
02F967
02F968
02F96A
02F96D
02F96E
02F971
02F972
02F975
02F977
02F978
02F97A
02F97D
02F980
02F983
02F985
02F987
02F988
02F989
02F98A
02F98B
02F98C
02F98E
02F990
02F993
02F994
02F995
02F996
02F997
02F998
02F999
02F99B
02F99D
02F99F
02F9A1
02F9A5
02F9AE
02F9AF
02F9B1
02F9B3
02F9B5
02F9B8
02F9BA
02F9BC
02F9BF
02F9C0
02F9C2
02F9C4
02F9C7
02F9C9
02F9CB
02F9CD
02F9CF
02F9D2
02F9D5
02F9D6
02F9D9
02F9DB
02F9DD
02F9DF
02F9E2
02F9E4
02F9E6
02F9EA
02F9EE
02F9F0
02F9F3
02F9F5
02F9F8
02F9FA
02F9FE
02F9FF
02FA16
02FA18
02FA1A
02FA1E
02FA20
02FA21
02FA23
02FA26
02FA28
02FA2B
02FA2E
02FA31
02FA32
02FA34
02FA37
02FA3A
02FA3B
02FA3D
02FA40
02FA41
02FA42
02FA45
02FA47
02FA48
02FA4B
02FA4E
02FA51
02FA54
02FA55
02FA56
02FA57
02FA58
02FA59
02FA5B
02FA5E
02FA5F
02FA62
02FA64
02FA66
02FA69
02FA6C
02FA6F
02FA72
02FA75
02FA78
02FA7B
02FA7E
02FA80
02FA83
02FA98
02FA9B
02FA9E
02FAA0
02FAA3
02FAA4
02FAA6
02FAA8
02FAAB
02FAAD
02FAAF
02FAB1
02FAB3
02FAB4
02FAB7
02FABA
02FABD
02FABF
02FAC1
02FAC4
02FAC7
02FAC9
02FACC
02FACE
02FAD0
02FAD2
02FAD3
02FAD5
02FAD6
02FAD9
02FADC
02FADE
02FAE0
02FAE2
02FAE5
02FAE6
02FAE9
02FAEC
02FAED
02FAF0
02FAF1
02FAF4
02FAF5
02FAF6
02FAF9
02FAFA
02FAFD
02FAFF
02FB02
02FB05
02FB07
02FB09
02FB0A
02FB0C
02FB0E
02FB0F
02FB12
02FB15
02FB17
02FB19
02FB1C
02FB1D
02FB1E
02FB22
02FB24
02FB26
02FB29
02FB2A
02FB2B
02FB2F
02FB31
02FB33
02FB35
02FB38
02FB3A
02FB3C
02FB3E
02FB41
02FB42
02FB43
02FB44
02FB45
02FB48
02FB4B
02FB4D
02FB4F
02FB51
02FB53
02FB54
02FB56
02FB58
02FB5B
02FB5D
02FB5F
02FB61
02FB64
02FB65
02FB66
02FB67
02FB68
02FB6B
02FB6E
02FB70
02FB72
02FB74
02FB76
02FB77
02FB79
02FB7C
02FB7F
02FB81
02FB83
02FB85
02FB87
02FB88
02FB8B
02FB8E
02FB91
02FB93
02FB96
02FB98
02FB9A
02FB9C
02FB9E
02FB9F
02FBA2
02FBA5
02FBA8
02FBAA
02FBAD
02FBB0
02FBB1
02FBB3
02FBB5
02FBB7
02FBBA
02FBC7
02FBC9
02FBCB
02FBCE
02FBD0
02FBD2
02FBD4
02FBD6
02FBDA
02FBDC
02FBDE
02FBE0
02FBE2
02FBE3
02FBE6
02FBE8
02FBEB
02FBED
02FBF0
02FBF2
02FBF5
02FBF7
02FBF9
02FBFA
02FBFC
02FBFF
02FC01
02FC03
02FC05
02FC06
02FC08
02FC0B
02FC0E
02FC11
02FC13
02FC15
02FC18
02FC1A
02FC1C
02FC1F
02FC21
02FC23
02FC26
02FC29
02FC2A
02FC2C
02FC2E
02FC31
02FC32
02FC34
02FC36
02FC39
02FC3B
02FC3E
02FC41
02FC43
02FC45
02FC48
02FC4A
02FC4D
02FC50
02FC52
02FC55
02FC57
02FC59
02FC5C
02FC5E
02FC61
02FC64
02FC65
02FC67
02FC69
02FC6B
02FC6E
02FC71
02FC73
02FC75
02FC78
02FC7B
02FC7D
02FC80
02FC82
02FC85
02FC87
02FC8A
02FC8D
02FC90
02FC92
02FC95
02FC97
02FC99
02FC9B
02FC9C
02FC9E
02FC9F
02FCA2
02FCA5
02FCA7
02FCA9
02FCAB
02FCAE
02FCB1
02FCB2
02FCB4
02FCB5
02FCB7
02FCBA
02FCBC
02FCBD
02FCBF
02FCC1
02FCC4
02FCC6
02FCC9
02FCCB
02FCCD
02FCD0
02FCD1
02FCD2
02FCD3
02FCD5
02FCD8
02FCD9
02FCDC
02FCDE
02FCE1
02FCE2
02FCE4
02FCE6
02FCE9
02FCEB
02FCED
02FCF0
02FCF2
02FCF4
02FCF6
02FCF8
02FCFB
02FCFD
02FCFE
02FD01
02FD02
02FD05
02FD08
02FD0B
02FD0D
02FD10
02FD13
02FD15
02FD17
02FD1A
02FD1D
02FD1E
02FD20
02FD22
02FD24
02FD26
02FD28
02FD29
02FD2A
02FD2B
02FD2C
02FD2E
02FD30
02FD32
02FD34
02FD36
02FD37
02FD38
02FD3B
02FD3E
02FD40
02FD43
02FD46
02FD48
02FD4A
02FD4D
02FD50
02FD51
02FD53
02FD56
02FD59
02FD5A
02FD5C
02FD5F
02FD61
02FD62
02FD63
02FD64
02FD66
02FD68
02FD69
02FD6B
02FD6C
02FD6E
02FD6F
02FD70
02FD73
02FD76
02FD77
02FD7A
02FD7B
02FD7D
02FD7F
02FD81
02FD83
02FD85
02FD88
02FD89
02FD8A
02FD8B
02FD8C
02FD8E
02FD91
02FD94
02FD96
02FDB7
02FDBC
02FDBF
02FDC2
02FDC4
02FDC6
02FDC7
02FDC9
02FDCC
02FDCF
02FDD1
02FDD4
02FDD6
02FDD8
02FDDA
02FDDD
02FDE0
02FDE1
02FDE3
02FDE4
02FDE6
02FDE9
02FDEB
02FDEE
02FDEF
02FDF2
02FDF5
02FDF8
02FDFB
02FDFD
02FE00
02FE01
02FE03
02FE05
02FE07
02FE0A
02FE0C
02FE0D
02FE10
02FE12
02FE13
02FE16
02FE17
02FE19
02FE1B
02FE1D
02FE1F
02FE21
02FE23
02FE25
02FE27
02FE29
02FE2B
02FE2D
02FE2E
02FE31
02FE32
02FE34
02FE36
02FE38
02FE3B
02FE3E
02FE41
02FE43
02FE45
02FE48
02FE4B
02FE4E
02FE4F
02FE51
02FE54
02FE57
02FE58
02FE5A
02FE5D
02FE5F
02FE62
02FE64
02FE67
02FE68
02FE69
02FE6A
02FE6B
02FE6D
02FE70
02FE71
02FE73
02FE77
02FE79
02FE7B
02FE7E
02FE80
02FE83
02FE85
02FE87
02FE89
02FE8A
02FE8C
02FE8D
02FE90
02FE92
02FE94
02FE96
02FE99
02FE9B
02FE9D
02FEA0
02FEA2
02FEA4
02FEA6
02FEA9
02FEAB
02FEAD
02FEB0
02FEB2
02FEB4
02FEB5
02FEB7
02FEB8
02FEBB
02FEBD
02FEBF
02FEC1
02FEC4
02FF6C
02FF70
02FF72
02FF75
02FF78
02FF79
02FF7B
02FF7E
02FF81
02FF83
02FF86
02FF89
02FF8C
02FF8F
02FF92
02FF94
02FF97
02FF98
02FF99
02FF9A
02FF9B
02FF9D
02FF9E
02FFA1
02FFA2
02FFA3
02FFA6
02FFA7
02FFA8
02FFA9
02FFAA
02FFAB
02FFAE
02FFB1
02FFB2
02FFB5
02FFB6
02FFB7
02FFB8
02FFB9
02FFBB
02FFBD
02FFBF
02FFC1
02FFC2
02FFC3
02FFC6
02FFC9
02FFCA
02FFCD
02FFD0
02FFD1
02FFD4
02FFD6
02FFD8
02FFDB
02FFDF
02FFE1
